<?xml version="1.0" encoding="utf-8"?>
<testsuites disabled="0" errors="0" failures="0" tests="7583" time="0.0">
	<testsuite disabled="0" errors="0" failures="0" name="test/fixtures/test-eslint1" skipped="0" tests="7583" time="0" hostname="{HOSTNAME}">
		<testcase name=".eslintrc.js" classname="- .usr.home.iojs.build.workspace.node-test-linter"/>
		<testcase name="_benchmark_progress.js" classname="- .usr.home.iojs.build.workspace.node-test-linter.benchmark"/>
		<testcase name="_cli.js" classname="- .usr.home.iojs.build.workspace.node-test-linter.benchmark"/>
		<testcase name="_http-benchmarkers.js" classname="- .usr.home.iojs.build.workspace.node-test-linter.benchmark"/>
		<testcase name="_test-double-benchmarker.js" classname="- .usr.home.iojs.build.workspace.node-test-linter.benchmark"/>
		<testcase name="deepequal-buffer.js" classname="- .usr.home.iojs.build.workspace.node-test-linter.benchmark.assert"/>
		<testcase name="deepequal-map.js" classname="- .usr.home.iojs.build.workspace.node-test-linter.benchmark.assert"/>
		<testcase name="deepequal-object.js" classname="- .usr.home.iojs.build.workspace.node-test-linter.benchmark.assert"/>
		<testcase name="deepequal-prims-and-objs-big-array-set.js" classname="- .usr.home.iojs.build.workspace.node-test-linter.benchmark.assert"/>
		<testcase name="deepequal-prims-and-objs-big-loop.js" classname="- .usr.home.iojs.build.workspace.node-test-linter.benchmark.assert"/>
		<testcase name="deepequal-set.js" classname="- .usr.home.iojs.build.workspace.node-test-linter.benchmark.assert"/>
		<testcase name="deepequal-typedarrays.js" classname="- .usr.home.iojs.build.workspace.node-test-linter.benchmark.assert"/>
		<testcase name="ok.js" classname="- .usr.home.iojs.build.workspace.node-test-linter.benchmark.assert"/>
		<testcase name="throws.js" classname="- .usr.home.iojs.build.workspace.node-test-linter.benchmark.assert"/>
		<testcase name="gc-tracking.js" classname="- .usr.home.iojs.build.workspace.node-test-linter.benchmark.async_hooks"/>
		<testcase name="buffer-base64-decode-wrapped.js" classname="- .usr.home.iojs.build.workspace.node-test-linter.benchmark.buffers"/>
		<testcase name="buffer-base64-decode.js" classname="- .usr.home.iojs.build.workspace.node-test-linter.benchmark.buffers"/>
		<testcase name="buffer-base64-encode.js" classname="- .usr.home.iojs.build.workspace.node-test-linter.benchmark.buffers"/>
		<testcase name="buffer-bytelength.js" classname="- .usr.home.iojs.build.workspace.node-test-linter.benchmark.buffers"/>
		<testcase name="buffer-compare-instance-method.js" classname="- .usr.home.iojs.build.workspace.node-test-linter.benchmark.buffers"/>
		<testcase name="buffer-compare-offset.js" classname="- .usr.home.iojs.build.workspace.node-test-linter.benchmark.buffers"/>
		<testcase name="buffer-compare.js" classname="- .usr.home.iojs.build.workspace.node-test-linter.benchmark.buffers"/>
		<testcase name="buffer-concat.js" classname="- .usr.home.iojs.build.workspace.node-test-linter.benchmark.buffers"/>
		<testcase name="buffer-creation.js" classname="- .usr.home.iojs.build.workspace.node-test-linter.benchmark.buffers"/>
		<testcase name="buffer-fill.js" classname="- .usr.home.iojs.build.workspace.node-test-linter.benchmark.buffers"/>
		<testcase name="buffer-from.js" classname="- .usr.home.iojs.build.workspace.node-test-linter.benchmark.buffers"/>
		<testcase name="buffer-hex.js" classname="- .usr.home.iojs.build.workspace.node-test-linter.benchmark.buffers"/>
		<testcase name="buffer-indexof-number.js" classname="- .usr.home.iojs.build.workspace.node-test-linter.benchmark.buffers"/>
		<testcase name="buffer-indexof.js" classname="- .usr.home.iojs.build.workspace.node-test-linter.benchmark.buffers"/>
		<testcase name="buffer-iterate.js" classname="- .usr.home.iojs.build.workspace.node-test-linter.benchmark.buffers"/>
		<testcase name="buffer-normalize-encoding.js" classname="- .usr.home.iojs.build.workspace.node-test-linter.benchmark.buffers"/>
		<testcase name="buffer-read-float.js" classname="- .usr.home.iojs.build.workspace.node-test-linter.benchmark.buffers"/>
		<testcase name="buffer-read-with-byteLength.js" classname="- .usr.home.iojs.build.workspace.node-test-linter.benchmark.buffers"/>
		<testcase name="buffer-read.js" classname="- .usr.home.iojs.build.workspace.node-test-linter.benchmark.buffers"/>
		<testcase name="buffer-slice.js" classname="- .usr.home.iojs.build.workspace.node-test-linter.benchmark.buffers"/>
		<testcase name="buffer-swap.js" classname="- .usr.home.iojs.build.workspace.node-test-linter.benchmark.buffers"/>
		<testcase name="buffer-tojson.js" classname="- .usr.home.iojs.build.workspace.node-test-linter.benchmark.buffers"/>
		<testcase name="buffer-tostring.js" classname="- .usr.home.iojs.build.workspace.node-test-linter.benchmark.buffers"/>
		<testcase name="buffer-write-string.js" classname="- .usr.home.iojs.build.workspace.node-test-linter.benchmark.buffers"/>
		<testcase name="buffer-write.js" classname="- .usr.home.iojs.build.workspace.node-test-linter.benchmark.buffers"/>
		<testcase name="buffer-zero.js" classname="- .usr.home.iojs.build.workspace.node-test-linter.benchmark.buffers"/>
		<testcase name="dataview-set.js" classname="- .usr.home.iojs.build.workspace.node-test-linter.benchmark.buffers"/>
		<testcase name="child-process-exec-stdout.js" classname="- .usr.home.iojs.build.workspace.node-test-linter.benchmark.child_process"/>
		<testcase name="child-process-params.js" classname="- .usr.home.iojs.build.workspace.node-test-linter.benchmark.child_process"/>
		<testcase name="child-process-read-ipc.js" classname="- .usr.home.iojs.build.workspace.node-test-linter.benchmark.child_process"/>
		<testcase name="child-process-read.js" classname="- .usr.home.iojs.build.workspace.node-test-linter.benchmark.child_process"/>
		<testcase name="spawn-echo.js" classname="- .usr.home.iojs.build.workspace.node-test-linter.benchmark.child_process"/>
		<testcase name="echo.js" classname="- .usr.home.iojs.build.workspace.node-test-linter.benchmark.cluster"/>
		<testcase name="common.js" classname="- .usr.home.iojs.build.workspace.node-test-linter.benchmark"/>
		<testcase name="compare.js" classname="- .usr.home.iojs.build.workspace.node-test-linter.benchmark"/>
		<testcase name="aes-gcm-throughput.js" classname="- .usr.home.iojs.build.workspace.node-test-linter.benchmark.crypto"/>
		<testcase name="cipher-stream.js" classname="- .usr.home.iojs.build.workspace.node-test-linter.benchmark.crypto"/>
		<testcase name="get-ciphers.js" classname="- .usr.home.iojs.build.workspace.node-test-linter.benchmark.crypto"/>
		<testcase name="hash-stream-creation.js" classname="- .usr.home.iojs.build.workspace.node-test-linter.benchmark.crypto"/>
		<testcase name="hash-stream-throughput.js" classname="- .usr.home.iojs.build.workspace.node-test-linter.benchmark.crypto"/>
		<testcase name="rsa-encrypt-decrypt-throughput.js" classname="- .usr.home.iojs.build.workspace.node-test-linter.benchmark.crypto"/>
		<testcase name="rsa-sign-verify-throughput.js" classname="- .usr.home.iojs.build.workspace.node-test-linter.benchmark.crypto"/>
		<testcase name="array-vs-concat.js" classname="- .usr.home.iojs.build.workspace.node-test-linter.benchmark.dgram"/>
		<testcase name="bind-params.js" classname="- .usr.home.iojs.build.workspace.node-test-linter.benchmark.dgram"/>
		<testcase name="multi-buffer.js" classname="- .usr.home.iojs.build.workspace.node-test-linter.benchmark.dgram"/>
		<testcase name="offset-length.js" classname="- .usr.home.iojs.build.workspace.node-test-linter.benchmark.dgram"/>
		<testcase name="single-buffer.js" classname="- .usr.home.iojs.build.workspace.node-test-linter.benchmark.dgram"/>
		<testcase name="lookup.js" classname="- .usr.home.iojs.build.workspace.node-test-linter.benchmark.dns"/>
		<testcase name="domain-fn-args.js" classname="- .usr.home.iojs.build.workspace.node-test-linter.benchmark.domain"/>
		<testcase name="defaultparams-bench.js" classname="- .usr.home.iojs.build.workspace.node-test-linter.benchmark.es"/>
		<testcase name="destructuring-bench.js" classname="- .usr.home.iojs.build.workspace.node-test-linter.benchmark.es"/>
		<testcase name="destructuring-object-bench.js" classname="- .usr.home.iojs.build.workspace.node-test-linter.benchmark.es"/>
		<testcase name="foreach-bench.js" classname="- .usr.home.iojs.build.workspace.node-test-linter.benchmark.es"/>
		<testcase name="map-bench.js" classname="- .usr.home.iojs.build.workspace.node-test-linter.benchmark.es"/>
		<testcase name="restparams-bench.js" classname="- .usr.home.iojs.build.workspace.node-test-linter.benchmark.es"/>
		<testcase name="spread-assign.js" classname="- .usr.home.iojs.build.workspace.node-test-linter.benchmark.es"/>
		<testcase name="spread-bench.js" classname="- .usr.home.iojs.build.workspace.node-test-linter.benchmark.es"/>
		<testcase name="string-concatenations.js" classname="- .usr.home.iojs.build.workspace.node-test-linter.benchmark.es"/>
		<testcase name="string-repeat.js" classname="- .usr.home.iojs.build.workspace.node-test-linter.benchmark.es"/>
		<testcase name="ee-add-remove.js" classname="- .usr.home.iojs.build.workspace.node-test-linter.benchmark.events"/>
		<testcase name="ee-emit.js" classname="- .usr.home.iojs.build.workspace.node-test-linter.benchmark.events"/>
		<testcase name="ee-listener-count-on-prototype.js" classname="- .usr.home.iojs.build.workspace.node-test-linter.benchmark.events"/>
		<testcase name="ee-listeners-many.js" classname="- .usr.home.iojs.build.workspace.node-test-linter.benchmark.events"/>
		<testcase name="ee-listeners.js" classname="- .usr.home.iojs.build.workspace.node-test-linter.benchmark.events"/>
		<testcase name="ee-once.js" classname="- .usr.home.iojs.build.workspace.node-test-linter.benchmark.events"/>
		<testcase name="echo.worker.js" classname="- .usr.home.iojs.build.workspace.node-test-linter.benchmark.fixtures"/>
		<testcase name="simple-http-server.js" classname="- .usr.home.iojs.build.workspace.node-test-linter.benchmark.fixtures"/>
		<testcase name="url-inputs.js" classname="- .usr.home.iojs.build.workspace.node-test-linter.benchmark.fixtures"/>
		<testcase name="bench-mkdirp.js" classname="- .usr.home.iojs.build.workspace.node-test-linter.benchmark.fs"/>
		<testcase name="bench-readdir.js" classname="- .usr.home.iojs.build.workspace.node-test-linter.benchmark.fs"/>
		<testcase name="bench-readdirSync.js" classname="- .usr.home.iojs.build.workspace.node-test-linter.benchmark.fs"/>
		<testcase name="bench-realpath.js" classname="- .usr.home.iojs.build.workspace.node-test-linter.benchmark.fs"/>
		<testcase name="bench-realpathSync.js" classname="- .usr.home.iojs.build.workspace.node-test-linter.benchmark.fs"/>
		<testcase name="bench-stat-promise.js" classname="- .usr.home.iojs.build.workspace.node-test-linter.benchmark.fs"/>
		<testcase name="bench-stat.js" classname="- .usr.home.iojs.build.workspace.node-test-linter.benchmark.fs"/>
		<testcase name="bench-statSync.js" classname="- .usr.home.iojs.build.workspace.node-test-linter.benchmark.fs"/>
		<testcase name="read-stream-throughput.js" classname="- .usr.home.iojs.build.workspace.node-test-linter.benchmark.fs"/>
		<testcase name="readfile-partitioned.js" classname="- .usr.home.iojs.build.workspace.node-test-linter.benchmark.fs"/>
		<testcase name="readfile.js" classname="- .usr.home.iojs.build.workspace.node-test-linter.benchmark.fs"/>
		<testcase name="readFileSync.js" classname="- .usr.home.iojs.build.workspace.node-test-linter.benchmark.fs"/>
		<testcase name="write-stream-throughput.js" classname="- .usr.home.iojs.build.workspace.node-test-linter.benchmark.fs"/>
		<testcase name="_chunky_http_client.js" classname="- .usr.home.iojs.build.workspace.node-test-linter.benchmark.http"/>
		<testcase name="bench-parser.js" classname="- .usr.home.iojs.build.workspace.node-test-linter.benchmark.http"/>
		<testcase name="check_invalid_header_char.js" classname="- .usr.home.iojs.build.workspace.node-test-linter.benchmark.http"/>
		<testcase name="check_is_http_token.js" classname="- .usr.home.iojs.build.workspace.node-test-linter.benchmark.http"/>
		<testcase name="chunked.js" classname="- .usr.home.iojs.build.workspace.node-test-linter.benchmark.http"/>
		<testcase name="client-request-body.js" classname="- .usr.home.iojs.build.workspace.node-test-linter.benchmark.http"/>
		<testcase name="cluster.js" classname="- .usr.home.iojs.build.workspace.node-test-linter.benchmark.http"/>
		<testcase name="create-clientrequest.js" classname="- .usr.home.iojs.build.workspace.node-test-linter.benchmark.http"/>
		<testcase name="end-vs-write-end.js" classname="- .usr.home.iojs.build.workspace.node-test-linter.benchmark.http"/>
		<testcase name="headers.js" classname="- .usr.home.iojs.build.workspace.node-test-linter.benchmark.http"/>
		<testcase name="http_server_for_chunky_client.js" classname="- .usr.home.iojs.build.workspace.node-test-linter.benchmark.http"/>
		<testcase name="set_header.js" classname="- .usr.home.iojs.build.workspace.node-test-linter.benchmark.http"/>
		<testcase name="set-header.js" classname="- .usr.home.iojs.build.workspace.node-test-linter.benchmark.http"/>
		<testcase name="simple.js" classname="- .usr.home.iojs.build.workspace.node-test-linter.benchmark.http"/>
		<testcase name="upgrade.js" classname="- .usr.home.iojs.build.workspace.node-test-linter.benchmark.http"/>
		<testcase name="headers.js" classname="- .usr.home.iojs.build.workspace.node-test-linter.benchmark.http2"/>
		<testcase name="respond-with-fd.js" classname="- .usr.home.iojs.build.workspace.node-test-linter.benchmark.http2"/>
		<testcase name="simple.js" classname="- .usr.home.iojs.build.workspace.node-test-linter.benchmark.http2"/>
		<testcase name="write.js" classname="- .usr.home.iojs.build.workspace.node-test-linter.benchmark.http2"/>
		<testcase name="arguments.js" classname="- .usr.home.iojs.build.workspace.node-test-linter.benchmark.misc"/>
		<testcase name="freelist.js" classname="- .usr.home.iojs.build.workspace.node-test-linter.benchmark.misc"/>
		<testcase name="object-property-bench.js" classname="- .usr.home.iojs.build.workspace.node-test-linter.benchmark.misc"/>
		<testcase name="punycode.js" classname="- .usr.home.iojs.build.workspace.node-test-linter.benchmark.misc"/>
		<testcase name="startup.js" classname="- .usr.home.iojs.build.workspace.node-test-linter.benchmark.misc"/>
		<testcase name="trace.js" classname="- .usr.home.iojs.build.workspace.node-test-linter.benchmark.misc"/>
		<testcase name="util-extend-vs-object-assign.js" classname="- .usr.home.iojs.build.workspace.node-test-linter.benchmark.misc"/>
		<testcase name="module-loader.js" classname="- .usr.home.iojs.build.workspace.node-test-linter.benchmark.module"/>
		<testcase name="index.js" classname="- .usr.home.iojs.build.workspace.node-test-linter.benchmark.napi.function_args"/>
		<testcase name="index.js" classname="- .usr.home.iojs.build.workspace.node-test-linter.benchmark.napi.function_call"/>
		<testcase name="net-c2s-cork.js" classname="- .usr.home.iojs.build.workspace.node-test-linter.benchmark.net"/>
		<testcase name="net-c2s.js" classname="- .usr.home.iojs.build.workspace.node-test-linter.benchmark.net"/>
		<testcase name="net-pipe.js" classname="- .usr.home.iojs.build.workspace.node-test-linter.benchmark.net"/>
		<testcase name="net-s2c.js" classname="- .usr.home.iojs.build.workspace.node-test-linter.benchmark.net"/>
		<testcase name="net-wrap-js-stream-passthrough.js" classname="- .usr.home.iojs.build.workspace.node-test-linter.benchmark.net"/>
		<testcase name="tcp-raw-c2s.js" classname="- .usr.home.iojs.build.workspace.node-test-linter.benchmark.net"/>
		<testcase name="tcp-raw-pipe.js" classname="- .usr.home.iojs.build.workspace.node-test-linter.benchmark.net"/>
		<testcase name="tcp-raw-s2c.js" classname="- .usr.home.iojs.build.workspace.node-test-linter.benchmark.net"/>
		<testcase name="cpus.js" classname="- .usr.home.iojs.build.workspace.node-test-linter.benchmark.os"/>
		<testcase name="loadavg.js" classname="- .usr.home.iojs.build.workspace.node-test-linter.benchmark.os"/>
		<testcase name="basename-posix.js" classname="- .usr.home.iojs.build.workspace.node-test-linter.benchmark.path"/>
		<testcase name="basename-win32.js" classname="- .usr.home.iojs.build.workspace.node-test-linter.benchmark.path"/>
		<testcase name="dirname-posix.js" classname="- .usr.home.iojs.build.workspace.node-test-linter.benchmark.path"/>
		<testcase name="dirname-win32.js" classname="- .usr.home.iojs.build.workspace.node-test-linter.benchmark.path"/>
		<testcase name="extname-posix.js" classname="- .usr.home.iojs.build.workspace.node-test-linter.benchmark.path"/>
		<testcase name="extname-win32.js" classname="- .usr.home.iojs.build.workspace.node-test-linter.benchmark.path"/>
		<testcase name="format-posix.js" classname="- .usr.home.iojs.build.workspace.node-test-linter.benchmark.path"/>
		<testcase name="format-win32.js" classname="- .usr.home.iojs.build.workspace.node-test-linter.benchmark.path"/>
		<testcase name="isAbsolute-posix.js" classname="- .usr.home.iojs.build.workspace.node-test-linter.benchmark.path"/>
		<testcase name="isAbsolute-win32.js" classname="- .usr.home.iojs.build.workspace.node-test-linter.benchmark.path"/>
		<testcase name="join-posix.js" classname="- .usr.home.iojs.build.workspace.node-test-linter.benchmark.path"/>
		<testcase name="join-win32.js" classname="- .usr.home.iojs.build.workspace.node-test-linter.benchmark.path"/>
		<testcase name="makeLong-win32.js" classname="- .usr.home.iojs.build.workspace.node-test-linter.benchmark.path"/>
		<testcase name="normalize-posix.js" classname="- .usr.home.iojs.build.workspace.node-test-linter.benchmark.path"/>
		<testcase name="normalize-win32.js" classname="- .usr.home.iojs.build.workspace.node-test-linter.benchmark.path"/>
		<testcase name="parse-posix.js" classname="- .usr.home.iojs.build.workspace.node-test-linter.benchmark.path"/>
		<testcase name="parse-win32.js" classname="- .usr.home.iojs.build.workspace.node-test-linter.benchmark.path"/>
		<testcase name="relative-posix.js" classname="- .usr.home.iojs.build.workspace.node-test-linter.benchmark.path"/>
		<testcase name="relative-win32.js" classname="- .usr.home.iojs.build.workspace.node-test-linter.benchmark.path"/>
		<testcase name="resolve-posix.js" classname="- .usr.home.iojs.build.workspace.node-test-linter.benchmark.path"/>
		<testcase name="resolve-win32.js" classname="- .usr.home.iojs.build.workspace.node-test-linter.benchmark.path"/>
		<testcase name="bench-env.js" classname="- .usr.home.iojs.build.workspace.node-test-linter.benchmark.process"/>
		<testcase name="bench-hrtime.js" classname="- .usr.home.iojs.build.workspace.node-test-linter.benchmark.process"/>
		<testcase name="memoryUsage.js" classname="- .usr.home.iojs.build.workspace.node-test-linter.benchmark.process"/>
		<testcase name="next-tick-breadth-args.js" classname="- .usr.home.iojs.build.workspace.node-test-linter.benchmark.process"/>
		<testcase name="next-tick-breadth.js" classname="- .usr.home.iojs.build.workspace.node-test-linter.benchmark.process"/>
		<testcase name="convertprotocols.js" classname="- .usr.home.iojs.build.workspace.node-test-linter.benchmark.tls"/>
		<testcase name="secure-pair.js" classname="- .usr.home.iojs.build.workspace.node-test-linter.benchmark.tls"/>
		<testcase name="throughput.js" classname="- .usr.home.iojs.build.workspace.node-test-linter.benchmark.tls"/>
		<testcase name="tls-connect.js" classname="- .usr.home.iojs.build.workspace.node-test-linter.benchmark.tls"/>
		<testcase name="legacy-vs-whatwg-url-get-prop.js" classname="- .usr.home.iojs.build.workspace.node-test-linter.benchmark.url"/>
		<testcase name="legacy-vs-whatwg-url-parse.js" classname="- .usr.home.iojs.build.workspace.node-test-linter.benchmark.url"/>
		<testcase name="legacy-vs-whatwg-url-searchparams-parse.js" classname="- .usr.home.iojs.build.workspace.node-test-linter.benchmark.url"/>
		<testcase name="legacy-vs-whatwg-url-searchparams-serialize.js" classname="- .usr.home.iojs.build.workspace.node-test-linter.benchmark.url"/>
		<testcase name="legacy-vs-whatwg-url-serialize.js" classname="- .usr.home.iojs.build.workspace.node-test-linter.benchmark.url"/>
		<testcase name="url-format.js" classname="- .usr.home.iojs.build.workspace.node-test-linter.benchmark.url"/>
		<testcase name="url-parse.js" classname="- .usr.home.iojs.build.workspace.node-test-linter.benchmark.url"/>
		<testcase name="url-resolve.js" classname="- .usr.home.iojs.build.workspace.node-test-linter.benchmark.url"/>
		<testcase name="url-searchparams-iteration.js" classname="- .usr.home.iojs.build.workspace.node-test-linter.benchmark.url"/>
		<testcase name="url-searchparams-read.js" classname="- .usr.home.iojs.build.workspace.node-test-linter.benchmark.url"/>
		<testcase name="url-searchparams-sort.js" classname="- .usr.home.iojs.build.workspace.node-test-linter.benchmark.url"/>
		<testcase name="usvstring.js" classname="- .usr.home.iojs.build.workspace.node-test-linter.benchmark.url"/>
		<testcase name="whatwg-url-idna.js" classname="- .usr.home.iojs.build.workspace.node-test-linter.benchmark.url"/>
		<testcase name="next-tick-depth-args.js" classname="- .usr.home.iojs.build.workspace.node-test-linter.benchmark.process"/>
		<testcase name="next-tick-depth.js" classname="- .usr.home.iojs.build.workspace.node-test-linter.benchmark.process"/>
		<testcase name="next-tick-exec-args.js" classname="- .usr.home.iojs.build.workspace.node-test-linter.benchmark.process"/>
		<testcase name="next-tick-exec.js" classname="- .usr.home.iojs.build.workspace.node-test-linter.benchmark.process"/>
		<testcase name="querystring-parse.js" classname="- .usr.home.iojs.build.workspace.node-test-linter.benchmark.querystring"/>
		<testcase name="querystring-stringify.js" classname="- .usr.home.iojs.build.workspace.node-test-linter.benchmark.querystring"/>
		<testcase name="querystring-unescapebuffer.js" classname="- .usr.home.iojs.build.workspace.node-test-linter.benchmark.querystring"/>
		<testcase name="README.md" classname="- .usr.home.iojs.build.workspace.node-test-linter.benchmark"/>
		<testcase name="run.js" classname="- .usr.home.iojs.build.workspace.node-test-linter.benchmark"/>
		<testcase name="scatter.js" classname="- .usr.home.iojs.build.workspace.node-test-linter.benchmark"/>
		<testcase name="creation.js" classname="- .usr.home.iojs.build.workspace.node-test-linter.benchmark.streams"/>
		<testcase name="pipe-object-mode.js" classname="- .usr.home.iojs.build.workspace.node-test-linter.benchmark.streams"/>
		<testcase name="pipe.js" classname="- .usr.home.iojs.build.workspace.node-test-linter.benchmark.streams"/>
		<testcase name="readable-bigread.js" classname="- .usr.home.iojs.build.workspace.node-test-linter.benchmark.streams"/>
		<testcase name="readable-bigunevenread.js" classname="- .usr.home.iojs.build.workspace.node-test-linter.benchmark.streams"/>
		<testcase name="readable-boundaryread.js" classname="- .usr.home.iojs.build.workspace.node-test-linter.benchmark.streams"/>
		<testcase name="readable-readall.js" classname="- .usr.home.iojs.build.workspace.node-test-linter.benchmark.streams"/>
		<testcase name="readable-unevenread.js" classname="- .usr.home.iojs.build.workspace.node-test-linter.benchmark.streams"/>
		<testcase name="writable-manywrites.js" classname="- .usr.home.iojs.build.workspace.node-test-linter.benchmark.streams"/>
		<testcase name="string-decoder-create.js" classname="- .usr.home.iojs.build.workspace.node-test-linter.benchmark.string_decoder"/>
		<testcase name="string-decoder.js" classname="- .usr.home.iojs.build.workspace.node-test-linter.benchmark.string_decoder"/>
		<testcase name="immediate.js" classname="- .usr.home.iojs.build.workspace.node-test-linter.benchmark.timers"/>
		<testcase name="set-immediate-breadth-args.js" classname="- .usr.home.iojs.build.workspace.node-test-linter.benchmark.timers"/>
		<testcase name="set-immediate-breadth.js" classname="- .usr.home.iojs.build.workspace.node-test-linter.benchmark.timers"/>
		<testcase name="set-immediate-depth-args.js" classname="- .usr.home.iojs.build.workspace.node-test-linter.benchmark.timers"/>
		<testcase name="timers-breadth.js" classname="- .usr.home.iojs.build.workspace.node-test-linter.benchmark.timers"/>
		<testcase name="timers-cancel-pooled.js" classname="- .usr.home.iojs.build.workspace.node-test-linter.benchmark.timers"/>
		<testcase name="timers-cancel-unpooled.js" classname="- .usr.home.iojs.build.workspace.node-test-linter.benchmark.timers"/>
		<testcase name="timers-depth.js" classname="- .usr.home.iojs.build.workspace.node-test-linter.benchmark.timers"/>
		<testcase name="timers-insert-pooled.js" classname="- .usr.home.iojs.build.workspace.node-test-linter.benchmark.timers"/>
		<testcase name="timers-insert-unpooled.js" classname="- .usr.home.iojs.build.workspace.node-test-linter.benchmark.timers"/>
		<testcase name="timers-timeout-pooled.js" classname="- .usr.home.iojs.build.workspace.node-test-linter.benchmark.timers"/>
		<testcase name="timers-timeout-unpooled.js" classname="- .usr.home.iojs.build.workspace.node-test-linter.benchmark.timers"/>
		<testcase name="type-check.js" classname="- .usr.home.iojs.build.workspace.node-test-linter.benchmark.util"/>
		<testcase name="get-stats.js" classname="- .usr.home.iojs.build.workspace.node-test-linter.benchmark.v8"/>
		<testcase name="run-in-context.js" classname="- .usr.home.iojs.build.workspace.node-test-linter.benchmark.vm"/>
		<testcase name="run-in-this-context.js" classname="- .usr.home.iojs.build.workspace.node-test-linter.benchmark.vm"/>
		<testcase name="whatwg-url-properties.js" classname="- .usr.home.iojs.build.workspace.node-test-linter.benchmark.url"/>
		<testcase name="format.js" classname="- .usr.home.iojs.build.workspace.node-test-linter.benchmark.util"/>
		<testcase name="inspect-array.js" classname="- .usr.home.iojs.build.workspace.node-test-linter.benchmark.util"/>
		<testcase name="inspect-proxy.js" classname="- .usr.home.iojs.build.workspace.node-test-linter.benchmark.util"/>
		<testcase name="inspect.js" classname="- .usr.home.iojs.build.workspace.node-test-linter.benchmark.util"/>
		<testcase name="normalize-encoding.js" classname="- .usr.home.iojs.build.workspace.node-test-linter.benchmark.util"/>
		<testcase name="priority-queue.js" classname="- .usr.home.iojs.build.workspace.node-test-linter.benchmark.util"/>
		<testcase name="splice-one.js" classname="- .usr.home.iojs.build.workspace.node-test-linter.benchmark.util"/>
		<testcase name="echo.js" classname="- .usr.home.iojs.build.workspace.node-test-linter.benchmark.worker"/>
		<testcase name="creation.js" classname="- .usr.home.iojs.build.workspace.node-test-linter.benchmark.zlib"/>
		<testcase name="deflate.js" classname="- .usr.home.iojs.build.workspace.node-test-linter.benchmark.zlib"/>
		<testcase name="pipe.js" classname="- .usr.home.iojs.build.workspace.node-test-linter.benchmark.zlib"/>
		<testcase name="sh_javascript.min.js" classname="- .usr.home.iojs.build.workspace.node-test-linter.doc.api_assets"/>
		<testcase name="sh_main.js" classname="- .usr.home.iojs.build.workspace.node-test-linter.doc.api_assets"/>
		<testcase name="addons.md" classname="- .usr.home.iojs.build.workspace.node-test-linter.doc.api"/>
		<testcase name="assert.md" classname="- .usr.home.iojs.build.workspace.node-test-linter.doc.api"/>
		<testcase name="async_hooks.md" classname="- .usr.home.iojs.build.workspace.node-test-linter.doc.api"/>
		<testcase name="buffer.md" classname="- .usr.home.iojs.build.workspace.node-test-linter.doc.api"/>
		<testcase name="child_process.md" classname="- .usr.home.iojs.build.workspace.node-test-linter.doc.api"/>
		<testcase name="cli.md" classname="- .usr.home.iojs.build.workspace.node-test-linter.doc.api"/>
		<testcase name="cluster.md" classname="- .usr.home.iojs.build.workspace.node-test-linter.doc.api"/>
		<testcase name="console.md" classname="- .usr.home.iojs.build.workspace.node-test-linter.doc.api"/>
		<testcase name="crypto.md" classname="- .usr.home.iojs.build.workspace.node-test-linter.doc.api"/>
		<testcase name="debugger.md" classname="- .usr.home.iojs.build.workspace.node-test-linter.doc.api"/>
		<testcase name="deprecations.md" classname="- .usr.home.iojs.build.workspace.node-test-linter.doc.api"/>
		<testcase name="dgram.md" classname="- .usr.home.iojs.build.workspace.node-test-linter.doc.api"/>
		<testcase name="dns.md" classname="- .usr.home.iojs.build.workspace.node-test-linter.doc.api"/>
		<testcase name="documentation.md" classname="- .usr.home.iojs.build.workspace.node-test-linter.doc.api"/>
		<testcase name="domain.md" classname="- .usr.home.iojs.build.workspace.node-test-linter.doc.api"/>
		<testcase name="errors.md" classname="- .usr.home.iojs.build.workspace.node-test-linter.doc.api"/>
		<testcase name="esm.md" classname="- .usr.home.iojs.build.workspace.node-test-linter.doc.api"/>
		<testcase name="events.md" classname="- .usr.home.iojs.build.workspace.node-test-linter.doc.api"/>
		<testcase name="fs.md" classname="- .usr.home.iojs.build.workspace.node-test-linter.doc.api"/>
		<testcase name="globals.md" classname="- .usr.home.iojs.build.workspace.node-test-linter.doc.api"/>
		<testcase name="http.md" classname="- .usr.home.iojs.build.workspace.node-test-linter.doc.api"/>
		<testcase name="http2.md" classname="- .usr.home.iojs.build.workspace.node-test-linter.doc.api"/>
		<testcase name="https.md" classname="- .usr.home.iojs.build.workspace.node-test-linter.doc.api"/>
		<testcase name="index.md" classname="- .usr.home.iojs.build.workspace.node-test-linter.doc.api"/>
		<testcase name="inspector.md" classname="- .usr.home.iojs.build.workspace.node-test-linter.doc.api"/>
		<testcase name="intl.md" classname="- .usr.home.iojs.build.workspace.node-test-linter.doc.api"/>
		<testcase name="modules.md" classname="- .usr.home.iojs.build.workspace.node-test-linter.doc.api"/>
		<testcase name="n-api.md" classname="- .usr.home.iojs.build.workspace.node-test-linter.doc.api"/>
		<testcase name="net.md" classname="- .usr.home.iojs.build.workspace.node-test-linter.doc.api"/>
		<testcase name="os.md" classname="- .usr.home.iojs.build.workspace.node-test-linter.doc.api"/>
		<testcase name="path.md" classname="- .usr.home.iojs.build.workspace.node-test-linter.doc.api"/>
		<testcase name="perf_hooks.md" classname="- .usr.home.iojs.build.workspace.node-test-linter.doc.api"/>
		<testcase name="process.md" classname="- .usr.home.iojs.build.workspace.node-test-linter.doc.api"/>
		<testcase name="punycode.md" classname="- .usr.home.iojs.build.workspace.node-test-linter.doc.api"/>
		<testcase name="querystring.md" classname="- .usr.home.iojs.build.workspace.node-test-linter.doc.api"/>
		<testcase name="readline.md" classname="- .usr.home.iojs.build.workspace.node-test-linter.doc.api"/>
		<testcase name="repl.md" classname="- .usr.home.iojs.build.workspace.node-test-linter.doc.api"/>
		<testcase name="stream.md" classname="- .usr.home.iojs.build.workspace.node-test-linter.doc.api"/>
		<testcase name="CHANGELOG_V9.md" classname="- .usr.home.iojs.build.workspace.node-test-linter.doc.changelogs"/>
		<testcase name="adding-new-napi-api.md" classname="- .usr.home.iojs.build.workspace.node-test-linter.doc.guides"/>
		<testcase name="backporting-to-release-lines.md" classname="- .usr.home.iojs.build.workspace.node-test-linter.doc.guides"/>
		<testcase name="building-node-with-ninja.md" classname="- .usr.home.iojs.build.workspace.node-test-linter.doc.guides"/>
		<testcase name="coc.md" classname="- .usr.home.iojs.build.workspace.node-test-linter.doc.guides.contributing"/>
		<testcase name="issues.md" classname="- .usr.home.iojs.build.workspace.node-test-linter.doc.guides.contributing"/>
		<testcase name="pull-requests.md" classname="- .usr.home.iojs.build.workspace.node-test-linter.doc.guides.contributing"/>
		<testcase name="diagnostic-tooling-support-tiers.md" classname="- .usr.home.iojs.build.workspace.node-test-linter.doc.guides"/>
		<testcase name="maintaining-npm.md" classname="- .usr.home.iojs.build.workspace.node-test-linter.doc.guides"/>
		<testcase name="maintaining-the-build-files.md" classname="- .usr.home.iojs.build.workspace.node-test-linter.doc.guides"/>
		<testcase name="maintaining-V8.md" classname="- .usr.home.iojs.build.workspace.node-test-linter.doc.guides"/>
		<testcase name="node-postmortem-support.md" classname="- .usr.home.iojs.build.workspace.node-test-linter.doc.guides"/>
		<testcase name="using-internal-errors.md" classname="- .usr.home.iojs.build.workspace.node-test-linter.doc.guides"/>
		<testcase name="using-symbols.md" classname="- .usr.home.iojs.build.workspace.node-test-linter.doc.guides"/>
		<testcase name="writing-and-running-benchmarks.md" classname="- .usr.home.iojs.build.workspace.node-test-linter.doc.guides"/>
		<testcase name="writing-tests.md" classname="- .usr.home.iojs.build.workspace.node-test-linter.doc.guides"/>
		<testcase name="offboarding.md" classname="- .usr.home.iojs.build.workspace.node-test-linter.doc"/>
		<testcase name="onboarding-extras.md" classname="- .usr.home.iojs.build.workspace.node-test-linter.doc"/>
		<testcase name="onboarding.md" classname="- .usr.home.iojs.build.workspace.node-test-linter.doc"/>
		<testcase name="releases.md" classname="- .usr.home.iojs.build.workspace.node-test-linter.doc"/>
		<testcase name="STYLE_GUIDE.md" classname="- .usr.home.iojs.build.workspace.node-test-linter.doc"/>
		<testcase name="string_decoder.md" classname="- .usr.home.iojs.build.workspace.node-test-linter.doc.api"/>
		<testcase name="synopsis.md" classname="- .usr.home.iojs.build.workspace.node-test-linter.doc.api"/>
		<testcase name="timers.md" classname="- .usr.home.iojs.build.workspace.node-test-linter.doc.api"/>
		<testcase name="tls.md" classname="- .usr.home.iojs.build.workspace.node-test-linter.doc.api"/>
		<testcase name="tracing.md" classname="- .usr.home.iojs.build.workspace.node-test-linter.doc.api"/>
		<testcase name="tty.md" classname="- .usr.home.iojs.build.workspace.node-test-linter.doc.api"/>
		<testcase name="url.md" classname="- .usr.home.iojs.build.workspace.node-test-linter.doc.api"/>
		<testcase name="util.md" classname="- .usr.home.iojs.build.workspace.node-test-linter.doc.api"/>
		<testcase name="v8.md" classname="- .usr.home.iojs.build.workspace.node-test-linter.doc.api"/>
		<testcase name="vm.md" classname="- .usr.home.iojs.build.workspace.node-test-linter.doc.api"/>
		<testcase name="worker_threads.md" classname="- .usr.home.iojs.build.workspace.node-test-linter.doc.api"/>
		<testcase name="zlib.md" classname="- .usr.home.iojs.build.workspace.node-test-linter.doc.api"/>
		<testcase name="CHANGELOG_ARCHIVE.md" classname="- .usr.home.iojs.build.workspace.node-test-linter.doc.changelogs"/>
		<testcase name="CHANGELOG_IOJS.md" classname="- .usr.home.iojs.build.workspace.node-test-linter.doc.changelogs"/>
		<testcase name="CHANGELOG_V010.md" classname="- .usr.home.iojs.build.workspace.node-test-linter.doc.changelogs"/>
		<testcase name="CHANGELOG_V012.md" classname="- .usr.home.iojs.build.workspace.node-test-linter.doc.changelogs"/>
		<testcase name="CHANGELOG_V10.md" classname="- .usr.home.iojs.build.workspace.node-test-linter.doc.changelogs"/>
		<testcase name="CHANGELOG_V4.md" classname="- .usr.home.iojs.build.workspace.node-test-linter.doc.changelogs"/>
		<testcase name="CHANGELOG_V5.md" classname="- .usr.home.iojs.build.workspace.node-test-linter.doc.changelogs"/>
		<testcase name="CHANGELOG_V6.md" classname="- .usr.home.iojs.build.workspace.node-test-linter.doc.changelogs"/>
		<testcase name="CHANGELOG_V7.md" classname="- .usr.home.iojs.build.workspace.node-test-linter.doc.changelogs"/>
		<testcase name="CHANGELOG_V8.md" classname="- .usr.home.iojs.build.workspace.node-test-linter.doc.changelogs"/>
		<testcase name="master.js" classname="- .usr.home.iojs.build.workspace.node-test-linter.lib.internal.cluster"/>
		<testcase name="round_robin_handle.js" classname="- .usr.home.iojs.build.workspace.node-test-linter.lib.internal.cluster"/>
		<testcase name="shared_handle.js" classname="- .usr.home.iojs.build.workspace.node-test-linter.lib.internal.cluster"/>
		<testcase name="utils.js" classname="- .usr.home.iojs.build.workspace.node-test-linter.lib.internal.cluster"/>
		<testcase name="worker.js" classname="- .usr.home.iojs.build.workspace.node-test-linter.lib.internal.cluster"/>
		<testcase name="constants.js" classname="- .usr.home.iojs.build.workspace.node-test-linter.lib.internal"/>
		<testcase name="certificate.js" classname="- .usr.home.iojs.build.workspace.node-test-linter.lib.internal.crypto"/>
		<testcase name="cipher.js" classname="- .usr.home.iojs.build.workspace.node-test-linter.lib.internal.crypto"/>
		<testcase name="diffiehellman.js" classname="- .usr.home.iojs.build.workspace.node-test-linter.lib.internal.crypto"/>
		<testcase name="hash.js" classname="- .usr.home.iojs.build.workspace.node-test-linter.lib.internal.crypto"/>
		<testcase name="pbkdf2.js" classname="- .usr.home.iojs.build.workspace.node-test-linter.lib.internal.crypto"/>
		<testcase name="random.js" classname="- .usr.home.iojs.build.workspace.node-test-linter.lib.internal.crypto"/>
		<testcase name="scrypt.js" classname="- .usr.home.iojs.build.workspace.node-test-linter.lib.internal.crypto"/>
		<testcase name="sig.js" classname="- .usr.home.iojs.build.workspace.node-test-linter.lib.internal.crypto"/>
		<testcase name="util.js" classname="- .usr.home.iojs.build.workspace.node-test-linter.lib.internal.crypto"/>
		<testcase name="dgram.js" classname="- .usr.home.iojs.build.workspace.node-test-linter.lib.internal"/>
		<testcase name="promises.js" classname="- .usr.home.iojs.build.workspace.node-test-linter.lib.internal.dns"/>
		<testcase name="utils.js" classname="- .usr.home.iojs.build.workspace.node-test-linter.lib.internal.dns"/>
		<testcase name="domexception.js" classname="- .usr.home.iojs.build.workspace.node-test-linter.lib.internal"/>
		<testcase name="encoding.js" classname="- .usr.home.iojs.build.workspace.node-test-linter.lib.internal"/>
		<testcase name="error-serdes.js" classname="- .usr.home.iojs.build.workspace.node-test-linter.lib.internal"/>
		<testcase name="errors.js" classname="- .usr.home.iojs.build.workspace.node-test-linter.lib.internal"/>
		<testcase name="fixed_queue.js" classname="- .usr.home.iojs.build.workspace.node-test-linter.lib.internal"/>
		<testcase name="freelist.js" classname="- .usr.home.iojs.build.workspace.node-test-linter.lib.internal"/>
		<testcase name="promises.js" classname="- .usr.home.iojs.build.workspace.node-test-linter.lib.internal.fs"/>
		<testcase name="read_file_context.js" classname="- .usr.home.iojs.build.workspace.node-test-linter.lib.internal.fs"/>
		<testcase name="streams.js" classname="- .usr.home.iojs.build.workspace.node-test-linter.lib.internal.fs"/>
		<testcase name="sync_write_stream.js" classname="- .usr.home.iojs.build.workspace.node-test-linter.lib.internal.fs"/>
		<testcase name="utils.js" classname="- .usr.home.iojs.build.workspace.node-test-linter.lib.internal.fs"/>
		<testcase name="watchers.js" classname="- .usr.home.iojs.build.workspace.node-test-linter.lib.internal.fs"/>
		<testcase name="http.js" classname="- .usr.home.iojs.build.workspace.node-test-linter.lib.internal"/>
		<testcase name="compat.js" classname="- .usr.home.iojs.build.workspace.node-test-linter.lib.internal.http2"/>
		<testcase name="core.js" classname="- .usr.home.iojs.build.workspace.node-test-linter.lib.internal.http2"/>
		<testcase name="util.js" classname="- .usr.home.iojs.build.workspace.node-test-linter.lib.internal.http2"/>
		<testcase name="inspector_async_hook.js" classname="- .usr.home.iojs.build.workspace.node-test-linter.lib.internal"/>
		<testcase name="linkedlist.js" classname="- .usr.home.iojs.build.workspace.node-test-linter.lib.internal"/>
		<testcase name="helpers.js" classname="- .usr.home.iojs.build.workspace.node-test-linter.lib.internal.modules.cjs"/>
		<testcase name="loader.js" classname="- .usr.home.iojs.build.workspace.node-test-linter.lib.internal.modules.cjs"/>
		<testcase name="create_dynamic_module.js" classname="- .usr.home.iojs.build.workspace.node-test-linter.lib.internal.modules.esm"/>
		<testcase name="default_resolve.js" classname="- .usr.home.iojs.build.workspace.node-test-linter.lib.internal.modules.esm"/>
		<testcase name="loader.js" classname="- .usr.home.iojs.build.workspace.node-test-linter.lib.internal.modules.esm"/>
		<testcase name="module_job.js" classname="- .usr.home.iojs.build.workspace.node-test-linter.lib.internal.modules.esm"/>
		<testcase name="module_map.js" classname="- .usr.home.iojs.build.workspace.node-test-linter.lib.internal.modules.esm"/>
		<testcase name="translators.js" classname="- .usr.home.iojs.build.workspace.node-test-linter.lib.internal.modules.esm"/>
		<testcase name="net.js" classname="- .usr.home.iojs.build.workspace.node-test-linter.lib.internal"/>
		<testcase name="per_context.js" classname="- .usr.home.iojs.build.workspace.node-test-linter.lib.internal"/>
		<testcase name="print_help.js" classname="- .usr.home.iojs.build.workspace.node-test-linter.lib.internal"/>
		<testcase name="priority_queue.js" classname="- .usr.home.iojs.build.workspace.node-test-linter.lib.internal"/>
		<testcase name="coverage.js" classname="- .usr.home.iojs.build.workspace.node-test-linter.lib.internal.process"/>
		<testcase name="esm_loader.js" classname="- .usr.home.iojs.build.workspace.node-test-linter.lib.internal.process"/>
		<testcase name="main_thread_only.js" classname="- .usr.home.iojs.build.workspace.node-test-linter.lib.internal.process"/>
		<testcase name="next_tick.js" classname="- .usr.home.iojs.build.workspace.node-test-linter.lib.internal.process"/>
		<testcase name="per_thread.js" classname="- .usr.home.iojs.build.workspace.node-test-linter.lib.internal.process"/>
		<testcase name="promises.js" classname="- .usr.home.iojs.build.workspace.node-test-linter.lib.internal.process"/>
		<testcase name="stdio.js" classname="- .usr.home.iojs.build.workspace.node-test-linter.lib.internal.process"/>
		<testcase name="warning.js" classname="- .usr.home.iojs.build.workspace.node-test-linter.lib.internal.process"/>
		<testcase name="worker_thread_only.js" classname="- .usr.home.iojs.build.workspace.node-test-linter.lib.internal.process"/>
		<testcase name="write-coverage.js" classname="- .usr.home.iojs.build.workspace.node-test-linter.lib.internal.process"/>
		<testcase name="querystring.js" classname="- .usr.home.iojs.build.workspace.node-test-linter.lib.internal"/>
		<testcase name="readline.js" classname="- .usr.home.iojs.build.workspace.node-test-linter.lib.internal"/>
		<testcase name="readme.md" classname="- .usr.home.iojs.build.workspace.node-test-linter.lib.internal"/>
		<testcase name="repl.js" classname="- .usr.home.iojs.build.workspace.node-test-linter.lib.internal"/>
		<testcase name="await.js" classname="- .usr.home.iojs.build.workspace.node-test-linter.lib.internal.repl"/>
		<testcase name="recoverable.js" classname="- .usr.home.iojs.build.workspace.node-test-linter.lib.internal.repl"/>
		<testcase name="safe_globals.js" classname="- .usr.home.iojs.build.workspace.node-test-linter.lib.internal"/>
		<testcase name="socket_list.js" classname="- .usr.home.iojs.build.workspace.node-test-linter.lib.internal"/>
		<testcase name="stream_base_commons.js" classname="- .usr.home.iojs.build.workspace.node-test-linter.lib.internal"/>
		<testcase name="async_iterator.js" classname="- .usr.home.iojs.build.workspace.node-test-linter.lib.internal.streams"/>
		<testcase name="buffer_list.js" classname="- .usr.home.iojs.build.workspace.node-test-linter.lib.internal.streams"/>
		<testcase name="destroy.js" classname="- .usr.home.iojs.build.workspace.node-test-linter.lib.internal.streams"/>
		<testcase name="duplexpair.js" classname="- .usr.home.iojs.build.workspace.node-test-linter.lib.internal.streams"/>
		<testcase name="end-of-stream.js" classname="- .usr.home.iojs.build.workspace.node-test-linter.lib.internal.streams"/>
		<testcase name="lazy_transform.js" classname="- .usr.home.iojs.build.workspace.node-test-linter.lib.internal.streams"/>
		<testcase name="legacy.js" classname="- .usr.home.iojs.build.workspace.node-test-linter.lib.internal.streams"/>
		<testcase name="pipeline.js" classname="- .usr.home.iojs.build.workspace.node-test-linter.lib.internal.streams"/>
		<testcase name="state.js" classname="- .usr.home.iojs.build.workspace.node-test-linter.lib.internal.streams"/>
		<testcase name="binding.js" classname="- .usr.home.iojs.build.workspace.node-test-linter.lib.internal.test"/>
		<testcase name="heap.js" classname="- .usr.home.iojs.build.workspace.node-test-linter.lib.internal.test"/>
		<testcase name="unicode.js" classname="- .usr.home.iojs.build.workspace.node-test-linter.lib.internal.test"/>
		<testcase name="_http_agent.js" classname="- .usr.home.iojs.build.workspace.node-test-linter.lib"/>
		<testcase name="_http_client.js" classname="- .usr.home.iojs.build.workspace.node-test-linter.lib"/>
		<testcase name="_http_common.js" classname="- .usr.home.iojs.build.workspace.node-test-linter.lib"/>
		<testcase name="_http_incoming.js" classname="- .usr.home.iojs.build.workspace.node-test-linter.lib"/>
		<testcase name="_http_outgoing.js" classname="- .usr.home.iojs.build.workspace.node-test-linter.lib"/>
		<testcase name="_http_server.js" classname="- .usr.home.iojs.build.workspace.node-test-linter.lib"/>
		<testcase name="_stream_duplex.js" classname="- .usr.home.iojs.build.workspace.node-test-linter.lib"/>
		<testcase name="_stream_passthrough.js" classname="- .usr.home.iojs.build.workspace.node-test-linter.lib"/>
		<testcase name="_stream_readable.js" classname="- .usr.home.iojs.build.workspace.node-test-linter.lib"/>
		<testcase name="_stream_transform.js" classname="- .usr.home.iojs.build.workspace.node-test-linter.lib"/>
		<testcase name="_stream_wrap.js" classname="- .usr.home.iojs.build.workspace.node-test-linter.lib"/>
		<testcase name="_stream_writable.js" classname="- .usr.home.iojs.build.workspace.node-test-linter.lib"/>
		<testcase name="_tls_common.js" classname="- .usr.home.iojs.build.workspace.node-test-linter.lib"/>
		<testcase name="_tls_wrap.js" classname="- .usr.home.iojs.build.workspace.node-test-linter.lib"/>
		<testcase name="assert.js" classname="- .usr.home.iojs.build.workspace.node-test-linter.lib"/>
		<testcase name="async_hooks.js" classname="- .usr.home.iojs.build.workspace.node-test-linter.lib"/>
		<testcase name="buffer.js" classname="- .usr.home.iojs.build.workspace.node-test-linter.lib"/>
		<testcase name="child_process.js" classname="- .usr.home.iojs.build.workspace.node-test-linter.lib"/>
		<testcase name="cluster.js" classname="- .usr.home.iojs.build.workspace.node-test-linter.lib"/>
		<testcase name="console.js" classname="- .usr.home.iojs.build.workspace.node-test-linter.lib"/>
		<testcase name="constants.js" classname="- .usr.home.iojs.build.workspace.node-test-linter.lib"/>
		<testcase name="crypto.js" classname="- .usr.home.iojs.build.workspace.node-test-linter.lib"/>
		<testcase name="dgram.js" classname="- .usr.home.iojs.build.workspace.node-test-linter.lib"/>
		<testcase name="dns.js" classname="- .usr.home.iojs.build.workspace.node-test-linter.lib"/>
		<testcase name="domain.js" classname="- .usr.home.iojs.build.workspace.node-test-linter.lib"/>
		<testcase name="events.js" classname="- .usr.home.iojs.build.workspace.node-test-linter.lib"/>
		<testcase name="fs.js" classname="- .usr.home.iojs.build.workspace.node-test-linter.lib"/>
		<testcase name="http.js" classname="- .usr.home.iojs.build.workspace.node-test-linter.lib"/>
		<testcase name="http2.js" classname="- .usr.home.iojs.build.workspace.node-test-linter.lib"/>
		<testcase name="https.js" classname="- .usr.home.iojs.build.workspace.node-test-linter.lib"/>
		<testcase name="inspector.js" classname="- .usr.home.iojs.build.workspace.node-test-linter.lib"/>
		<testcase name="assert.js" classname="- .usr.home.iojs.build.workspace.node-test-linter.lib.internal"/>
		<testcase name="async_hooks.js" classname="- .usr.home.iojs.build.workspace.node-test-linter.lib.internal"/>
		<testcase name="cache.js" classname="- .usr.home.iojs.build.workspace.node-test-linter.lib.internal.bootstrap"/>
		<testcase name="loaders.js" classname="- .usr.home.iojs.build.workspace.node-test-linter.lib.internal.bootstrap"/>
		<testcase name="node.js" classname="- .usr.home.iojs.build.workspace.node-test-linter.lib.internal.bootstrap"/>
		<testcase name="buffer.js" classname="- .usr.home.iojs.build.workspace.node-test-linter.lib.internal"/>
		<testcase name="child_process.js" classname="- .usr.home.iojs.build.workspace.node-test-linter.lib.internal"/>
		<testcase name="cli_table.js" classname="- .usr.home.iojs.build.workspace.node-test-linter.lib.internal"/>
		<testcase name="child.js" classname="- .usr.home.iojs.build.workspace.node-test-linter.lib.internal.cluster"/>
		<testcase name="perf_hooks.js" classname="- .usr.home.iojs.build.workspace.node-test-linter.lib"/>
		<testcase name="process.js" classname="- .usr.home.iojs.build.workspace.node-test-linter.lib"/>
		<testcase name="punycode.js" classname="- .usr.home.iojs.build.workspace.node-test-linter.lib"/>
		<testcase name="querystring.js" classname="- .usr.home.iojs.build.workspace.node-test-linter.lib"/>
		<testcase name="readline.js" classname="- .usr.home.iojs.build.workspace.node-test-linter.lib"/>
		<testcase name="repl.js" classname="- .usr.home.iojs.build.workspace.node-test-linter.lib"/>
		<testcase name="stream.js" classname="- .usr.home.iojs.build.workspace.node-test-linter.lib"/>
		<testcase name="string_decoder.js" classname="- .usr.home.iojs.build.workspace.node-test-linter.lib"/>
		<testcase name="sys.js" classname="- .usr.home.iojs.build.workspace.node-test-linter.lib"/>
		<testcase name="timers.js" classname="- .usr.home.iojs.build.workspace.node-test-linter.lib"/>
		<testcase name="timers.js" classname="- .usr.home.iojs.build.workspace.node-test-linter.lib.internal"/>
		<testcase name="tls.js" classname="- .usr.home.iojs.build.workspace.node-test-linter.lib.internal"/>
		<testcase name="trace_events_async_hooks.js" classname="- .usr.home.iojs.build.workspace.node-test-linter.lib.internal"/>
		<testcase name="tty.js" classname="- .usr.home.iojs.build.workspace.node-test-linter.lib.internal"/>
		<testcase name="url.js" classname="- .usr.home.iojs.build.workspace.node-test-linter.lib.internal"/>
		<testcase name="util.js" classname="- .usr.home.iojs.build.workspace.node-test-linter.lib.internal"/>
		<testcase name="comparisons.js" classname="- .usr.home.iojs.build.workspace.node-test-linter.lib.internal.util"/>
		<testcase name="inspector.js" classname="- .usr.home.iojs.build.workspace.node-test-linter.lib.internal.util"/>
		<testcase name="types.js" classname="- .usr.home.iojs.build.workspace.node-test-linter.lib.internal.util"/>
		<testcase name="v8_prof_polyfill.js" classname="- .usr.home.iojs.build.workspace.node-test-linter.lib.internal"/>
		<testcase name="v8_prof_processor.js" classname="- .usr.home.iojs.build.workspace.node-test-linter.lib.internal"/>
		<testcase name="validators.js" classname="- .usr.home.iojs.build.workspace.node-test-linter.lib.internal"/>
		<testcase name="source_text_module.js" classname="- .usr.home.iojs.build.workspace.node-test-linter.lib.internal.vm"/>
		<testcase name="worker.js" classname="- .usr.home.iojs.build.workspace.node-test-linter.lib.internal"/>
		<testcase name="wrap_js_stream.js" classname="- .usr.home.iojs.build.workspace.node-test-linter.lib.internal"/>
		<testcase name="module.js" classname="- .usr.home.iojs.build.workspace.node-test-linter.lib"/>
		<testcase name="net.js" classname="- .usr.home.iojs.build.workspace.node-test-linter.lib"/>
		<testcase name="os.js" classname="- .usr.home.iojs.build.workspace.node-test-linter.lib"/>
		<testcase name="path.js" classname="- .usr.home.iojs.build.workspace.node-test-linter.lib"/>
		<testcase name="tls.js" classname="- .usr.home.iojs.build.workspace.node-test-linter.lib"/>
		<testcase name="trace_events.js" classname="- .usr.home.iojs.build.workspace.node-test-linter.lib"/>
		<testcase name="tty.js" classname="- .usr.home.iojs.build.workspace.node-test-linter.lib"/>
		<testcase name="url.js" classname="- .usr.home.iojs.build.workspace.node-test-linter.lib"/>
		<testcase name="util.js" classname="- .usr.home.iojs.build.workspace.node-test-linter.lib"/>
		<testcase name="v8.js" classname="- .usr.home.iojs.build.workspace.node-test-linter.lib"/>
		<testcase name="vm.js" classname="- .usr.home.iojs.build.workspace.node-test-linter.lib"/>
		<testcase name="worker_threads.js" classname="- .usr.home.iojs.build.workspace.node-test-linter.lib"/>
		<testcase name="zlib.js" classname="- .usr.home.iojs.build.workspace.node-test-linter.lib"/>
		<testcase name="test-abort-backtrace.js" classname="- .usr.home.iojs.build.workspace.node-test-linter.test.abort"/>
		<testcase name="test-abort-uncaught-exception.js" classname="- .usr.home.iojs.build.workspace.node-test-linter.test.abort"/>
		<testcase name="test-addon-uv-handle-leak.js" classname="- .usr.home.iojs.build.workspace.node-test-linter.test.abort"/>
		<testcase name="test-http-parser-consume.js" classname="- .usr.home.iojs.build.workspace.node-test-linter.test.abort"/>
		<testcase name="test-process-abort-exitcode.js" classname="- .usr.home.iojs.build.workspace.node-test-linter.test.abort"/>
		<testcase name="test-zlib-invalid-internals-usage.js" classname="- .usr.home.iojs.build.workspace.node-test-linter.test.abort"/>
		<testcase name="test.js" classname="- .usr.home.iojs.build.workspace.node-test-linter.test.addons-napi.1_hello_world"/>
		<testcase name="test.js" classname="- .usr.home.iojs.build.workspace.node-test-linter.test.addons-napi.2_function_arguments"/>
		<testcase name="test.js" classname="- .usr.home.iojs.build.workspace.node-test-linter.test.addons-napi.3_callbacks"/>
		<testcase name="test.js" classname="- .usr.home.iojs.build.workspace.node-test-linter.test.addons-napi.4_object_factory"/>
		<testcase name="test.js" classname="- .usr.home.iojs.build.workspace.node-test-linter.test.addons-napi.5_function_factory"/>
		<testcase name="test.js" classname="- .usr.home.iojs.build.workspace.node-test-linter.test.addons-napi.6_object_wrap"/>
		<testcase name="test.js" classname="- .usr.home.iojs.build.workspace.node-test-linter.test.addons-napi.7_factory_wrap"/>
		<testcase name="test.js" classname="- .usr.home.iojs.build.workspace.node-test-linter.test.addons-napi.8_passing_wrapped"/>
		<testcase name="test.js" classname="- .usr.home.iojs.build.workspace.node-test-linter.test.addons-napi.test_array"/>
		<testcase name="test-async-hooks.js" classname="- .usr.home.iojs.build.workspace.node-test-linter.test.addons-napi.test_async"/>
		<testcase name="test-loop.js" classname="- .usr.home.iojs.build.workspace.node-test-linter.test.addons-napi.test_async"/>
		<testcase name="test-uncaught.js" classname="- .usr.home.iojs.build.workspace.node-test-linter.test.addons-napi.test_async"/>
		<testcase name="test.js" classname="- .usr.home.iojs.build.workspace.node-test-linter.test.addons-napi.test_async"/>
		<testcase name="test.js" classname="- .usr.home.iojs.build.workspace.node-test-linter.test.addons-napi.test_bigint"/>
		<testcase name="test.js" classname="- .usr.home.iojs.build.workspace.node-test-linter.test.addons-napi.test_buffer"/>
		<testcase name="test-async-hooks.js" classname="- .usr.home.iojs.build.workspace.node-test-linter.test.addons-napi.test_callback_scope"/>
		<testcase name="test-resolve-async.js" classname="- .usr.home.iojs.build.workspace.node-test-linter.test.addons-napi.test_callback_scope"/>
		<testcase name="test.js" classname="- .usr.home.iojs.build.workspace.node-test-linter.test.addons-napi.test_callback_scope"/>
		<testcase name="test.js" classname="- .usr.home.iojs.build.workspace.node-test-linter.test.addons-napi.test_cleanup_hook"/>
		<testcase name="test.js" classname="- .usr.home.iojs.build.workspace.node-test-linter.test.addons-napi.test_constructor"/>
		<testcase name="test2.js" classname="- .usr.home.iojs.build.workspace.node-test-linter.test.addons-napi.test_constructor"/>
		<testcase name="test.js" classname="- .usr.home.iojs.build.workspace.node-test-linter.test.addons-napi.test_conversions"/>
		<testcase name="test.js" classname="- .usr.home.iojs.build.workspace.node-test-linter.test.addons-napi.test_dataview"/>
		<testcase name="test.js" classname="- .usr.home.iojs.build.workspace.node-test-linter.test.addons-napi.test_env_sharing"/>
		<testcase name="test.js" classname="- .usr.home.iojs.build.workspace.node-test-linter.test.addons-napi.test_error"/>
		<testcase name="test.js" classname="- .usr.home.iojs.build.workspace.node-test-linter.test.addons-napi.test_exception"/>
		<testcase name="test.js" classname="- .usr.home.iojs.build.workspace.node-test-linter.test.addons-napi.test_fatal_exception"/>
		<testcase name="test.js" classname="- .usr.home.iojs.build.workspace.node-test-linter.test.addons-napi.test_fatal"/>
		<testcase name="test2.js" classname="- .usr.home.iojs.build.workspace.node-test-linter.test.addons-napi.test_fatal"/>
		<testcase name="test.js" classname="- .usr.home.iojs.build.workspace.node-test-linter.test.addons-napi.test_function"/>
		<testcase name="test.js" classname="- .usr.home.iojs.build.workspace.node-test-linter.test.addons-napi.test_general"/>
		<testcase name="testFinalizer.js" classname="- .usr.home.iojs.build.workspace.node-test-linter.test.addons-napi.test_general"/>
		<testcase name="testGlobals.js" classname="- .usr.home.iojs.build.workspace.node-test-linter.test.addons-napi.test_general"/>
		<testcase name="testInstanceOf.js" classname="- .usr.home.iojs.build.workspace.node-test-linter.test.addons-napi.test_general"/>
		<testcase name="testNapiRun.js" classname="- .usr.home.iojs.build.workspace.node-test-linter.test.addons-napi.test_general"/>
		<testcase name="testNapiStatus.js" classname="- .usr.home.iojs.build.workspace.node-test-linter.test.addons-napi.test_general"/>
		<testcase name="test.js" classname="- .usr.home.iojs.build.workspace.node-test-linter.test.addons-napi.test_handle_scope"/>
		<testcase name="test.js" classname="- .usr.home.iojs.build.workspace.node-test-linter.test.addons-napi.test_make_callback_recurse"/>
		<testcase name="test-async-hooks.js" classname="- .usr.home.iojs.build.workspace.node-test-linter.test.addons-napi.test_make_callback"/>
		<testcase name="test.js" classname="- .usr.home.iojs.build.workspace.node-test-linter.test.addons-napi.test_make_callback"/>
		<testcase name="test.js" classname="- .usr.home.iojs.build.workspace.node-test-linter.test.addons-napi.test_new_target"/>
		<testcase name="test.js" classname="- .usr.home.iojs.build.workspace.node-test-linter.test.addons-napi.test_null_init"/>
		<testcase name="test.js" classname="- .usr.home.iojs.build.workspace.node-test-linter.test.addons-napi.test_number"/>
		<testcase name="test.js" classname="- .usr.home.iojs.build.workspace.node-test-linter.test.addons-napi.test_object"/>
		<testcase name="test.js" classname="- .usr.home.iojs.build.workspace.node-test-linter.test.addons-napi.test_promise"/>
		<testcase name="test.js" classname="- .usr.home.iojs.build.workspace.node-test-linter.test.addons-napi.test_properties"/>
		<testcase name="test.js" classname="- .usr.home.iojs.build.workspace.node-test-linter.test.addons-napi.test_reference"/>
		<testcase name="test.js" classname="- .usr.home.iojs.build.workspace.node-test-linter.test.addons-napi.test_string"/>
		<testcase name="test1.js" classname="- .usr.home.iojs.build.workspace.node-test-linter.test.addons-napi.test_symbol"/>
		<testcase name="test2.js" classname="- .usr.home.iojs.build.workspace.node-test-linter.test.addons-napi.test_symbol"/>
		<testcase name="test3.js" classname="- .usr.home.iojs.build.workspace.node-test-linter.test.addons-napi.test_symbol"/>
		<testcase name="test.js" classname="- .usr.home.iojs.build.workspace.node-test-linter.test.addons-napi.test_threadsafe_function"/>
		<testcase name="test.js" classname="- .usr.home.iojs.build.workspace.node-test-linter.test.addons-napi.test_typedarray"/>
		<testcase name="test.js" classname="- .usr.home.iojs.build.workspace.node-test-linter.test.addons-napi.test_uv_loop"/>
		<testcase name="test-makecallback-uncaught.js" classname="- .usr.home.iojs.build.workspace.node-test-linter.test.addons.async-hello-world"/>
		<testcase name="test-makecallback.js" classname="- .usr.home.iojs.build.workspace.node-test-linter.test.addons.async-hello-world"/>
		<testcase name="test.js" classname="- .usr.home.iojs.build.workspace.node-test-linter.test.addons.async-hello-world"/>
		<testcase name="test.js" classname="- .usr.home.iojs.build.workspace.node-test-linter.test.addons.async-hooks-id"/>
		<testcase name="test.js" classname="- .usr.home.iojs.build.workspace.node-test-linter.test.addons.async-hooks-promise"/>
		<testcase name="test.js" classname="- .usr.home.iojs.build.workspace.node-test-linter.test.addons.async-resource"/>
		<testcase name="test.js" classname="- .usr.home.iojs.build.workspace.node-test-linter.test.addons.at-exit"/>
		<testcase name="test.js" classname="- .usr.home.iojs.build.workspace.node-test-linter.test.addons.buffer-free-callback"/>
		<testcase name="test-async-hooks.js" classname="- .usr.home.iojs.build.workspace.node-test-linter.test.addons.callback-scope"/>
		<testcase name="test-resolve-async.js" classname="- .usr.home.iojs.build.workspace.node-test-linter.test.addons.callback-scope"/>
		<testcase name="test.js" classname="- .usr.home.iojs.build.workspace.node-test-linter.test.addons.callback-scope"/>
		<testcase name="test.js" classname="- .usr.home.iojs.build.workspace.node-test-linter.test.addons.dlopen-ping-pong"/>
		<testcase name="test.js" classname="- .usr.home.iojs.build.workspace.node-test-linter.test.addons.errno-exception"/>
		<testcase name="test.js" classname="- .usr.home.iojs.build.workspace.node-test-linter.test.addons.heap-profiler"/>
		<testcase name="test.js" classname="- .usr.home.iojs.build.workspace.node-test-linter.test.addons.hello-world-esm"/>
		<testcase name="test.js" classname="- .usr.home.iojs.build.workspace.node-test-linter.test.addons.hello-world-function-export"/>
		<testcase name="test.js" classname="- .usr.home.iojs.build.workspace.node-test-linter.test.addons.hello-world"/>
		<testcase name="test.js" classname="- .usr.home.iojs.build.workspace.node-test-linter.test.addons.load-long-path"/>
		<testcase name="test.js" classname="- .usr.home.iojs.build.workspace.node-test-linter.test.addons.make-callback-domain-warning"/>
		<testcase name="test.js" classname="- .usr.home.iojs.build.workspace.node-test-linter.test.addons.make-callback-recurse"/>
		<testcase name="test.js" classname="- .usr.home.iojs.build.workspace.node-test-linter.test.addons.make-callback"/>
		<testcase name="test.js" classname="- .usr.home.iojs.build.workspace.node-test-linter.test.addons.new-target"/>
		<testcase name="test.js" classname="- .usr.home.iojs.build.workspace.node-test-linter.test.addons.node-module-version"/>
		<testcase name="test.js" classname="- .usr.home.iojs.build.workspace.node-test-linter.test.addons.not-a-binding"/>
		<testcase name="test.js" classname="- .usr.home.iojs.build.workspace.node-test-linter.test.addons.null-buffer-neuter"/>
		<testcase name="test.js" classname="- .usr.home.iojs.build.workspace.node-test-linter.test.addons.openssl-binding"/>
		<testcase name="test.js" classname="- .usr.home.iojs.build.workspace.node-test-linter.test.addons.openssl-client-cert-engine"/>
		<testcase name="test.js" classname="- .usr.home.iojs.build.workspace.node-test-linter.test.addons.parse-encoding"/>
		<testcase name="test.js" classname="- .usr.home.iojs.build.workspace.node-test-linter.test.addons.repl-domain-abort"/>
		<testcase name="test-stringbytes-external-at-max.js" classname="- .usr.home.iojs.build.workspace.node-test-linter.test.addons.stringbytes-external-exceed-max"/>
		<testcase name="test-stringbytes-external-exceed-max-by-1-ascii.js" classname="- .usr.home.iojs.build.workspace.node-test-linter.test.addons.stringbytes-external-exceed-max"/>
		<testcase name="test-stringbytes-external-exceed-max-by-1-base64.js" classname="- .usr.home.iojs.build.workspace.node-test-linter.test.addons.stringbytes-external-exceed-max"/>
		<testcase name="test-stringbytes-external-exceed-max-by-1-binary.js" classname="- .usr.home.iojs.build.workspace.node-test-linter.test.addons.stringbytes-external-exceed-max"/>
		<testcase name="test-stringbytes-external-exceed-max-by-1-hex.js" classname="- .usr.home.iojs.build.workspace.node-test-linter.test.addons.stringbytes-external-exceed-max"/>
		<testcase name="test-stringbytes-external-exceed-max-by-1-utf8.js" classname="- .usr.home.iojs.build.workspace.node-test-linter.test.addons.stringbytes-external-exceed-max"/>
		<testcase name="test-stringbytes-external-exceed-max-by-2.js" classname="- .usr.home.iojs.build.workspace.node-test-linter.test.addons.stringbytes-external-exceed-max"/>
		<testcase name="test-stringbytes-external-exceed-max.js" classname="- .usr.home.iojs.build.workspace.node-test-linter.test.addons.stringbytes-external-exceed-max"/>
		<testcase name="submodule.js" classname="- .usr.home.iojs.build.workspace.node-test-linter.test.addons.symlinked-module"/>
		<testcase name="test.js" classname="- .usr.home.iojs.build.workspace.node-test-linter.test.addons.symlinked-module"/>
		<testcase name="test.js" classname="- .usr.home.iojs.build.workspace.node-test-linter.test.addons.uv-handle-leak"/>
		<testcase name="test.js" classname="- .usr.home.iojs.build.workspace.node-test-linter.test.addons.zlib-binding"/>
		<testcase name="coverage.md" classname="- .usr.home.iojs.build.workspace.node-test-linter.test.async-hooks"/>
		<testcase name="hook-checks.js" classname="- .usr.home.iojs.build.workspace.node-test-linter.test.async-hooks"/>
		<testcase name="init-hooks.js" classname="- .usr.home.iojs.build.workspace.node-test-linter.test.async-hooks"/>
		<testcase name="test-async-await.js" classname="- .usr.home.iojs.build.workspace.node-test-linter.test.async-hooks"/>
		<testcase name="test-callback-error.js" classname="- .usr.home.iojs.build.workspace.node-test-linter.test.async-hooks"/>
		<testcase name="test-crypto-pbkdf2.js" classname="- .usr.home.iojs.build.workspace.node-test-linter.test.async-hooks"/>
		<testcase name="test-crypto-randomBytes.js" classname="- .usr.home.iojs.build.workspace.node-test-linter.test.async-hooks"/>
		<testcase name="test-disable-in-init.js" classname="- .usr.home.iojs.build.workspace.node-test-linter.test.async-hooks"/>
		<testcase name="test-embedder.api.async-resource-no-type.js" classname="- .usr.home.iojs.build.workspace.node-test-linter.test.async-hooks"/>
		<testcase name="test-embedder.api.async-resource.after-on-destroyed.js" classname="- .usr.home.iojs.build.workspace.node-test-linter.test.async-hooks"/>
		<testcase name="test-embedder.api.async-resource.before-on-destroyed.js" classname="- .usr.home.iojs.build.workspace.node-test-linter.test.async-hooks"/>
		<testcase name="test-embedder.api.async-resource.improper-order.js" classname="- .usr.home.iojs.build.workspace.node-test-linter.test.async-hooks"/>
		<testcase name="test-embedder.api.async-resource.improper-unwind.js" classname="- .usr.home.iojs.build.workspace.node-test-linter.test.async-hooks"/>
		<testcase name="test-embedder.api.async-resource.js" classname="- .usr.home.iojs.build.workspace.node-test-linter.test.async-hooks"/>
		<testcase name="test-embedder.api.async-resource.runInAsyncScope.js" classname="- .usr.home.iojs.build.workspace.node-test-linter.test.async-hooks"/>
		<testcase name="test-emit-before-after.js" classname="- .usr.home.iojs.build.workspace.node-test-linter.test.async-hooks"/>
		<testcase name="test-emit-init.js" classname="- .usr.home.iojs.build.workspace.node-test-linter.test.async-hooks"/>
		<testcase name="test-enable-disable.js" classname="- .usr.home.iojs.build.workspace.node-test-linter.test.async-hooks"/>
		<testcase name="test-enable-in-init.js" classname="- .usr.home.iojs.build.workspace.node-test-linter.test.async-hooks"/>
		<testcase name="test-fseventwrap.js" classname="- .usr.home.iojs.build.workspace.node-test-linter.test.async-hooks"/>
		<testcase name="test-fsreqcallback-access.js" classname="- .usr.home.iojs.build.workspace.node-test-linter.test.async-hooks"/>
		<testcase name="test-fsreqcallback-readFile.js" classname="- .usr.home.iojs.build.workspace.node-test-linter.test.async-hooks"/>
		<testcase name="test-getaddrinforeqwrap.js" classname="- .usr.home.iojs.build.workspace.node-test-linter.test.async-hooks"/>
		<testcase name="test-getnameinforeqwrap.js" classname="- .usr.home.iojs.build.workspace.node-test-linter.test.async-hooks"/>
		<testcase name="test-graph.fsreq-readFile.js" classname="- .usr.home.iojs.build.workspace.node-test-linter.test.async-hooks"/>
		<testcase name="test-graph.http.js" classname="- .usr.home.iojs.build.workspace.node-test-linter.test.async-hooks"/>
		<testcase name="test-graph.intervals.js" classname="- .usr.home.iojs.build.workspace.node-test-linter.test.async-hooks"/>
		<testcase name="test-graph.pipe.js" classname="- .usr.home.iojs.build.workspace.node-test-linter.test.async-hooks"/>
		<testcase name="test-graph.pipeconnect.js" classname="- .usr.home.iojs.build.workspace.node-test-linter.test.async-hooks"/>
		<testcase name="test-graph.shutdown.js" classname="- .usr.home.iojs.build.workspace.node-test-linter.test.async-hooks"/>
		<testcase name="test-graph.signal.js" classname="- .usr.home.iojs.build.workspace.node-test-linter.test.async-hooks"/>
		<testcase name="test-graph.statwatcher.js" classname="- .usr.home.iojs.build.workspace.node-test-linter.test.async-hooks"/>
		<testcase name="test-graph.tcp.js" classname="- .usr.home.iojs.build.workspace.node-test-linter.test.async-hooks"/>
		<testcase name="test-graph.timeouts.js" classname="- .usr.home.iojs.build.workspace.node-test-linter.test.async-hooks"/>
		<testcase name="test-graph.tls-write.js" classname="- .usr.home.iojs.build.workspace.node-test-linter.test.async-hooks"/>
		<testcase name="test-httpparser.request.js" classname="- .usr.home.iojs.build.workspace.node-test-linter.test.async-hooks"/>
		<testcase name="test-httpparser.response.js" classname="- .usr.home.iojs.build.workspace.node-test-linter.test.async-hooks"/>
		<testcase name="test-immediate.js" classname="- .usr.home.iojs.build.workspace.node-test-linter.test.async-hooks"/>
		<testcase name="test-net-get-connections.js" classname="- .usr.home.iojs.build.workspace.node-test-linter.test.async-hooks"/>
		<testcase name="test-nexttick-default-trigger.js" classname="- .usr.home.iojs.build.workspace.node-test-linter.test.async-hooks"/>
		<testcase name="test-no-assert-when-disabled.js" classname="- .usr.home.iojs.build.workspace.node-test-linter.test.async-hooks"/>
		<testcase name="test-pipeconnectwrap.js" classname="- .usr.home.iojs.build.workspace.node-test-linter.test.async-hooks"/>
		<testcase name="test-pipewrap.js" classname="- .usr.home.iojs.build.workspace.node-test-linter.test.async-hooks"/>
		<testcase name="test-promise.chain-promise-before-init-hooks.js" classname="- .usr.home.iojs.build.workspace.node-test-linter.test.async-hooks"/>
		<testcase name="test-promise.js" classname="- .usr.home.iojs.build.workspace.node-test-linter.test.async-hooks"/>
		<testcase name="test-promise.promise-before-init-hooks.js" classname="- .usr.home.iojs.build.workspace.node-test-linter.test.async-hooks"/>
		<testcase name="test-querywrap.js" classname="- .usr.home.iojs.build.workspace.node-test-linter.test.async-hooks"/>
		<testcase name="test-shutdownwrap.js" classname="- .usr.home.iojs.build.workspace.node-test-linter.test.async-hooks"/>
		<testcase name="test-signalwrap.js" classname="- .usr.home.iojs.build.workspace.node-test-linter.test.async-hooks"/>
		<testcase name="test-statwatcher.js" classname="- .usr.home.iojs.build.workspace.node-test-linter.test.async-hooks"/>
		<testcase name="test-tcpwrap.js" classname="- .usr.home.iojs.build.workspace.node-test-linter.test.async-hooks"/>
		<testcase name="test-timers.setInterval.js" classname="- .usr.home.iojs.build.workspace.node-test-linter.test.async-hooks"/>
		<testcase name="test-timers.setTimeout.js" classname="- .usr.home.iojs.build.workspace.node-test-linter.test.async-hooks"/>
		<testcase name="test-tlswrap.js" classname="- .usr.home.iojs.build.workspace.node-test-linter.test.async-hooks"/>
		<testcase name="test-ttywrap.readstream.js" classname="- .usr.home.iojs.build.workspace.node-test-linter.test.async-hooks"/>
		<testcase name="test-ttywrap.writestream.js" classname="- .usr.home.iojs.build.workspace.node-test-linter.test.async-hooks"/>
		<testcase name="test-udpsendwrap.js" classname="- .usr.home.iojs.build.workspace.node-test-linter.test.async-hooks"/>
		<testcase name="test-udpwrap.js" classname="- .usr.home.iojs.build.workspace.node-test-linter.test.async-hooks"/>
		<testcase name="test-writewrap.js" classname="- .usr.home.iojs.build.workspace.node-test-linter.test.async-hooks"/>
		<testcase name="aead-vectors.js" classname="- .usr.home.iojs.build.workspace.node-test-linter.test.fixtures"/>
		<testcase name="buffer.js" classname="- .usr.home.iojs.build.workspace.node-test-linter.test.fixtures.apilinks"/>
		<testcase name="class.js" classname="- .usr.home.iojs.build.workspace.node-test-linter.test.fixtures.apilinks"/>
		<testcase name="exports.js" classname="- .usr.home.iojs.build.workspace.node-test-linter.test.fixtures.apilinks"/>
		<testcase name="mod.js" classname="- .usr.home.iojs.build.workspace.node-test-linter.test.fixtures.apilinks"/>
		<testcase name="prototype.js" classname="- .usr.home.iojs.build.workspace.node-test-linter.test.fixtures.apilinks"/>
		<testcase name="reverse.js" classname="- .usr.home.iojs.build.workspace.node-test-linter.test.fixtures.apilinks"/>
		<testcase name="root.js" classname="- .usr.home.iojs.build.workspace.node-test-linter.test.fixtures.apilinks"/>
		<testcase name="assert-first-line.js" classname="- .usr.home.iojs.build.workspace.node-test-linter.test.fixtures"/>
		<testcase name="assert-long-line.js" classname="- .usr.home.iojs.build.workspace.node-test-linter.test.fixtures"/>
		<testcase name="c.js" classname="- .usr.home.iojs.build.workspace.node-test-linter.test.fixtures.b"/>
		<testcase name="d.js" classname="- .usr.home.iojs.build.workspace.node-test-linter.test.fixtures.b"/>
		<testcase name="index.js" classname="- .usr.home.iojs.build.workspace.node-test-linter.test.fixtures.b.package"/>
		<testcase name="baz.js" classname="- .usr.home.iojs.build.workspace.node-test-linter.test.fixtures"/>
		<testcase name="catch-stdout-error.js" classname="- .usr.home.iojs.build.workspace.node-test-linter.test.fixtures"/>
		<testcase name="child_process_should_emit_error.js" classname="- .usr.home.iojs.build.workspace.node-test-linter.test.fixtures"/>
		<testcase name="child-process-message-and-exit.js" classname="- .usr.home.iojs.build.workspace.node-test-linter.test.fixtures"/>
		<testcase name="child-process-persistent.js" classname="- .usr.home.iojs.build.workspace.node-test-linter.test.fixtures"/>
		<testcase name="child-process-spawn-node.js" classname="- .usr.home.iojs.build.workspace.node-test-linter.test.fixtures"/>
		<testcase name="cluster-preload-test.js" classname="- .usr.home.iojs.build.workspace.node-test-linter.test.fixtures"/>
		<testcase name="cluster-preload.js" classname="- .usr.home.iojs.build.workspace.node-test-linter.test.fixtures"/>
		<testcase name="app.js" classname="- .usr.home.iojs.build.workspace.node-test-linter.test.fixtures.clustered-server"/>
		<testcase name="create-file.js" classname="- .usr.home.iojs.build.workspace.node-test-linter.test.fixtures"/>
		<testcase name="crypto-timing-safe-equal-benchmark-func.js" classname="- .usr.home.iojs.build.workspace.node-test-linter.test.fixtures"/>
		<testcase name="foo.js" classname="- .usr.home.iojs.build.workspace.node-test-linter.test.fixtures.cycles.folder"/>
		<testcase name="root.js" classname="- .usr.home.iojs.build.workspace.node-test-linter.test.fixtures.cycles"/>
		<testcase name="debugger-repeat-last.js" classname="- .usr.home.iojs.build.workspace.node-test-linter.test.fixtures"/>
		<testcase name="debugger-util-regression-fixture.js" classname="- .usr.home.iojs.build.workspace.node-test-linter.test.fixtures"/>
		<testcase name="define-global.js" classname="- .usr.home.iojs.build.workspace.node-test-linter.test.fixtures"/>
		<testcase name="deprecated-userland-class.js" classname="- .usr.home.iojs.build.workspace.node-test-linter.test.fixtures"/>
		<testcase name="deprecated-userland-function.js" classname="- .usr.home.iojs.build.workspace.node-test-linter.test.fixtures"/>
		<testcase name="deprecated-userland-subclass.js" classname="- .usr.home.iojs.build.workspace.node-test-linter.test.fixtures"/>
		<testcase name="deprecated.js" classname="- .usr.home.iojs.build.workspace.node-test-linter.test.fixtures"/>
		<testcase name="destroy-stdin.js" classname="- .usr.home.iojs.build.workspace.node-test-linter.test.fixtures"/>
		<testcase name="doc_inc_1.md" classname="- .usr.home.iojs.build.workspace.node-test-linter.test.fixtures"/>
		<testcase name="doc_inc_2.md" classname="- .usr.home.iojs.build.workspace.node-test-linter.test.fixtures"/>
		<testcase name="doc_with_yaml.md" classname="- .usr.home.iojs.build.workspace.node-test-linter.test.fixtures"/>
		<testcase name="echo-close-check.js" classname="- .usr.home.iojs.build.workspace.node-test-linter.test.fixtures"/>
		<testcase name="echo.js" classname="- .usr.home.iojs.build.workspace.node-test-linter.test.fixtures"/>
		<testcase name="empty.js" classname="- .usr.home.iojs.build.workspace.node-test-linter.test.fixtures"/>
		<testcase name="js-as-esm.js" classname="- .usr.home.iojs.build.workspace.node-test-linter.test.fixtures.es-module-loaders"/>
		<testcase name="loader-dep.js" classname="- .usr.home.iojs.build.workspace.node-test-linter.test.fixtures.es-module-loaders"/>
		<testcase name="counter.js" classname="- .usr.home.iojs.build.workspace.node-test-linter.test.fixtures.es-module-require-cache"/>
		<testcase name="preload.js" classname="- .usr.home.iojs.build.workspace.node-test-linter.test.fixtures.es-module-require-cache"/>
		<testcase name="empty.js" classname="- .usr.home.iojs.build.workspace.node-test-linter.test.fixtures.es-module-url"/>
		<testcase name="cjs.js" classname="- .usr.home.iojs.build.workspace.node-test-linter.test.fixtures.es-modules"/>
		<testcase name="esm-snapshot-mutator.js" classname="- .usr.home.iojs.build.workspace.node-test-linter.test.fixtures.es-modules"/>
		<testcase name="esm-snapshot.js" classname="- .usr.home.iojs.build.workspace.node-test-linter.test.fixtures.es-modules"/>
		<testcase name="main.js" classname="- .usr.home.iojs.build.workspace.node-test-linter.test.fixtures.es-modules.pjson-main"/>
		<testcase name="test-esm-double-encoding-native%20.js" classname="- .usr.home.iojs.build.workspace.node-test-linter.test.fixtures.es-modules"/>
		<testcase name="exit.js" classname="- .usr.home.iojs.build.workspace.node-test-linter.test.fixtures"/>
		<testcase name="exports-function-with-param.js" classname="- .usr.home.iojs.build.workspace.node-test-linter.test.fixtures"/>
		<testcase name="failcounter.js" classname="- .usr.home.iojs.build.workspace.node-test-linter.test.fixtures"/>
		<testcase name="failmustcall1.js" classname="- .usr.home.iojs.build.workspace.node-test-linter.test.fixtures"/>
		<testcase name="failmustcall2.js" classname="- .usr.home.iojs.build.workspace.node-test-linter.test.fixtures"/>
		<testcase name="GH-1899-output.js" classname="- .usr.home.iojs.build.workspace.node-test-linter.test.fixtures"/>
		<testcase name="a.js" classname="- .usr.home.iojs.build.workspace.node-test-linter.test.fixtures.GH-7131"/>
		<testcase name="b.js" classname="- .usr.home.iojs.build.workspace.node-test-linter.test.fixtures.GH-7131"/>
		<testcase name="GH-892-request.js" classname="- .usr.home.iojs.build.workspace.node-test-linter.test.fixtures"/>
		<testcase name="plain.js" classname="- .usr.home.iojs.build.workspace.node-test-linter.test.fixtures.global"/>
		<testcase name="guess-hash-seed.js" classname="- .usr.home.iojs.build.workspace.node-test-linter.test.fixtures"/>
		<testcase name="inspector-global-function.js" classname="- .usr.home.iojs.build.workspace.node-test-linter.test.fixtures"/>
		<testcase name="index.js" classname="- .usr.home.iojs.build.workspace.node-test-linter.test.fixtures.internal-modules"/>
		<testcase name="freelist.js" classname="- .usr.home.iojs.build.workspace.node-test-linter.test.fixtures.internal-modules.node_modules.internal"/>
		<testcase name="is-object.js" classname="- .usr.home.iojs.build.workspace.node-test-linter.test.fixtures"/>
		<testcase name="index.js" classname="- .usr.home.iojs.build.workspace.node-test-linter.test.fixtures.json-with-directory-name-module.module-stub"/>
		<testcase name="three.js" classname="- .usr.home.iojs.build.workspace.node-test-linter.test.fixtures.json-with-directory-name-module.module-stub.one-trailing-slash.two"/>
		<testcase name="three.js" classname="- .usr.home.iojs.build.workspace.node-test-linter.test.fixtures.json-with-directory-name-module.module-stub.one.two"/>
		<testcase name="linux-perf.js" classname="- .usr.home.iojs.build.workspace.node-test-linter.test.fixtures"/>
		<testcase name="loop.js" classname="- .usr.home.iojs.build.workspace.node-test-linter.test.fixtures"/>
		<testcase name="inner.js" classname="- .usr.home.iojs.build.workspace.node-test-linter.test.fixtures.module-extension-over-directory"/>
		<testcase name="file1.js" classname="- .usr.home.iojs.build.workspace.node-test-linter.test.fixtures.module-load-order"/>
		<testcase name="file2.js" classname="- .usr.home.iojs.build.workspace.node-test-linter.test.fixtures.module-load-order"/>
		<testcase name="index.js" classname="- .usr.home.iojs.build.workspace.node-test-linter.test.fixtures.module-load-order.file2"/>
		<testcase name="index.js" classname="- .usr.home.iojs.build.workspace.node-test-linter.test.fixtures.module-load-order.file3"/>
		<testcase name="index.js" classname="- .usr.home.iojs.build.workspace.node-test-linter.test.fixtures.module-load-order.file4"/>
		<testcase name="index.js" classname="- .usr.home.iojs.build.workspace.node-test-linter.test.fixtures.module-load-order.file5"/>
		<testcase name="index.js" classname="- .usr.home.iojs.build.workspace.node-test-linter.test.fixtures.module-load-order.file6"/>
		<testcase name="one.js" classname="- .usr.home.iojs.build.workspace.node-test-linter.test.fixtures.module-require-depth"/>
		<testcase name="two.js" classname="- .usr.home.iojs.build.workspace.node-test-linter.test.fixtures.module-require-depth"/>
		<testcase name="foo.js" classname="- .usr.home.iojs.build.workspace.node-test-linter.test.fixtures.module-require-symlink"/>
		<testcase name="index.js" classname="- .usr.home.iojs.build.workspace.node-test-linter.test.fixtures.module-require-symlink.node_modules.bar"/>
		<testcase name="index.js" classname="- .usr.home.iojs.build.workspace.node-test-linter.test.fixtures.module-require-symlink.node_modules.dep1"/>
		<testcase name="index.js" classname="- .usr.home.iojs.build.workspace.node-test-linter.test.fixtures.module-require-symlink.node_modules.dep1.node_modules.bar"/>
		<testcase name="index.js" classname="- .usr.home.iojs.build.workspace.node-test-linter.test.fixtures.module-require-symlink.node_modules.dep2"/>
		<testcase name="symlinked.js" classname="- .usr.home.iojs.build.workspace.node-test-linter.test.fixtures.module-require-symlink"/>
		<testcase name="index.js" classname="- .usr.home.iojs.build.workspace.node-test-linter.test.fixtures.module-require.child"/>
		<testcase name="target.js" classname="- .usr.home.iojs.build.workspace.node-test-linter.test.fixtures.module-require.child.node_modules"/>
		<testcase name="trailingSlash.js" classname="- .usr.home.iojs.build.workspace.node-test-linter.test.fixtures.module-require.not-found"/>
		<testcase name="index.js" classname="- .usr.home.iojs.build.workspace.node-test-linter.test.fixtures.module-require.parent"/>
		<testcase name="target.js" classname="- .usr.home.iojs.build.workspace.node-test-linter.test.fixtures.module-require.parent.node_modules"/>
		<testcase name="dot-slash.js" classname="- .usr.home.iojs.build.workspace.node-test-linter.test.fixtures.module-require.relative"/>
		<testcase name="dot.js" classname="- .usr.home.iojs.build.workspace.node-test-linter.test.fixtures.module-require.relative"/>
		<testcase name="index.js" classname="- .usr.home.iojs.build.workspace.node-test-linter.test.fixtures.module-require.relative"/>
		<testcase name="hello.js" classname="- .usr.home.iojs.build.workspace.node-test-linter.test.fixtures.nested-index.one"/>
		<testcase name="index.js" classname="- .usr.home.iojs.build.workspace.node-test-linter.test.fixtures.nested-index.one"/>
		<testcase name="three.js" classname="- .usr.home.iojs.build.workspace.node-test-linter.test.fixtures.nested-index"/>
		<testcase name="index.js" classname="- .usr.home.iojs.build.workspace.node-test-linter.test.fixtures.nested-index.three"/>
		<testcase name="hello.js" classname="- .usr.home.iojs.build.workspace.node-test-linter.test.fixtures.nested-index.two"/>
		<testcase name="index.js" classname="- .usr.home.iojs.build.workspace.node-test-linter.test.fixtures.nested-index.two"/>
		<testcase name="net-fd-passing-receiver.js" classname="- .usr.home.iojs.build.workspace.node-test-linter.test.fixtures"/>
		<testcase name="no-wrapper.js" classname="- .usr.home.iojs.build.workspace.node-test-linter.test.fixtures"/>
		<testcase name="index.js" classname="- .usr.home.iojs.build.workspace.node-test-linter.test.fixtures.node_modules.@nodejsscope"/>
		<testcase name="asdf.js" classname="- .usr.home.iojs.build.workspace.node-test-linter.test.fixtures.node_modules"/>
		<testcase name="bar.js" classname="- .usr.home.iojs.build.workspace.node-test-linter.test.fixtures.node_modules"/>
		<testcase name="index.js" classname="- .usr.home.iojs.build.workspace.node-test-linter.test.fixtures.node_modules.baz"/>
		<testcase name="asdf.js" classname="- .usr.home.iojs.build.workspace.node-test-linter.test.fixtures.node_modules.baz.node_modules"/>
		<testcase name="foo.js" classname="- .usr.home.iojs.build.workspace.node-test-linter.test.fixtures.node_modules"/>
		<testcase name="bar.js" classname="- .usr.home.iojs.build.workspace.node-test-linter.test.fixtures.node_modules.node_modules"/>
		<testcase name="not-main-module.js" classname="- .usr.home.iojs.build.workspace.node-test-linter.test.fixtures"/>
		<testcase name="order_of_end_tags_5873.md" classname="- .usr.home.iojs.build.workspace.node-test-linter.test.fixtures"/>
		<testcase name="overwrite-config-preload-module.js" classname="- .usr.home.iojs.build.workspace.node-test-linter.test.fixtures"/>
		<testcase name="index.js" classname="- .usr.home.iojs.build.workspace.node-test-linter.test.fixtures.packages.index"/>
		<testcase name="index.js" classname="- .usr.home.iojs.build.workspace.node-test-linter.test.fixtures.packages.main-index.package-main-module"/>
		<testcase name="package-main-module.js" classname="- .usr.home.iojs.build.workspace.node-test-linter.test.fixtures.packages.main"/>
		<testcase name="parent-process-nonpersistent.js" classname="- .usr.home.iojs.build.workspace.node-test-linter.test.fixtures"/>
		<testcase name="path-resolve.js" classname="- .usr.home.iojs.build.workspace.node-test-linter.test.fixtures"/>
		<testcase name="path.js" classname="- .usr.home.iojs.build.workspace.node-test-linter.test.fixtures"/>
		<testcase name="print-10-lines.js" classname="- .usr.home.iojs.build.workspace.node-test-linter.test.fixtures"/>
		<testcase name="print-chars-from-buffer.js" classname="- .usr.home.iojs.build.workspace.node-test-linter.test.fixtures"/>
		<testcase name="print-chars.js" classname="- .usr.home.iojs.build.workspace.node-test-linter.test.fixtures"/>
		<testcase name="printA.js" classname="- .usr.home.iojs.build.workspace.node-test-linter.test.fixtures"/>
		<testcase name="printB.js" classname="- .usr.home.iojs.build.workspace.node-test-linter.test.fixtures"/>
		<testcase name="printC.js" classname="- .usr.home.iojs.build.workspace.node-test-linter.test.fixtures"/>
		<testcase name="process-exit-code-cases.js" classname="- .usr.home.iojs.build.workspace.node-test-linter.test.fixtures"/>
		<testcase name="recvfd.js" classname="- .usr.home.iojs.build.workspace.node-test-linter.test.fixtures"/>
		<testcase name="index.js" classname="- .usr.home.iojs.build.workspace.node-test-linter.test.fixtures.repl-folder-extensions.foo.js"/>
		<testcase name="repl-load-multiline.js" classname="- .usr.home.iojs.build.workspace.node-test-linter.test.fixtures"/>
		<testcase name="repl-pretty-stack.js" classname="- .usr.home.iojs.build.workspace.node-test-linter.test.fixtures"/>
		<testcase name="req.js" classname="- .usr.home.iojs.build.workspace.node-test-linter.test.fixtures.require-bin.bin"/>
		<testcase name="req.js" classname="- .usr.home.iojs.build.workspace.node-test-linter.test.fixtures.require-bin.lib"/>
		<testcase name="require-resolve.js" classname="- .usr.home.iojs.build.workspace.node-test-linter.test.fixtures"/>
		<testcase name="index.js" classname="- .usr.home.iojs.build.workspace.node-test-linter.test.fixtures.resolve-paths.default.node_modules.dep"/>
		<testcase name="verify-paths.js" classname="- .usr.home.iojs.build.workspace.node-test-linter.test.fixtures.resolve-paths.default"/>
		<testcase name="index.js" classname="- .usr.home.iojs.build.workspace.node-test-linter.test.fixtures.resolve-paths.defined.node_modules.dep"/>
		<testcase name="sample_document.md" classname="- .usr.home.iojs.build.workspace.node-test-linter.test.fixtures"/>
		<testcase name="semicolon.js" classname="- .usr.home.iojs.build.workspace.node-test-linter.test.fixtures"/>
		<testcase name="should_exit.js" classname="- .usr.home.iojs.build.workspace.node-test-linter.test.fixtures"/>
		<testcase name="bad_syntax_shebang.js" classname="- .usr.home.iojs.build.workspace.node-test-linter.test.fixtures.syntax"/>
		<testcase name="bad_syntax.js" classname="- .usr.home.iojs.build.workspace.node-test-linter.test.fixtures.syntax"/>
		<testcase name="good_syntax_shebang.js" classname="- .usr.home.iojs.build.workspace.node-test-linter.test.fixtures.syntax"/>
		<testcase name="good_syntax.js" classname="- .usr.home.iojs.build.workspace.node-test-linter.test.fixtures.syntax"/>
		<testcase name="illegal_if_not_wrapped.js" classname="- .usr.home.iojs.build.workspace.node-test-linter.test.fixtures.syntax"/>
		<testcase name="test-error-first-line-offset.js" classname="- .usr.home.iojs.build.workspace.node-test-linter.test.fixtures"/>
		<testcase name="test-fs-readfile-error.js" classname="- .usr.home.iojs.build.workspace.node-test-linter.test.fixtures"/>
		<testcase name="test-fs-stat-sync-overflow.js" classname="- .usr.home.iojs.build.workspace.node-test-linter.test.fixtures"/>
		<testcase name="index.js" classname="- .usr.home.iojs.build.workspace.node-test-linter.test.fixtures.test-init-index"/>
		<testcase name="fs.js" classname="- .usr.home.iojs.build.workspace.node-test-linter.test.fixtures.test-init-native"/>
		<testcase name="foo.js" classname="- .usr.home.iojs.build.workspace.node-test-linter.test.fixtures.test-module-loading-globalpaths.local-pkg.node_modules"/>
		<testcase name="test.js" classname="- .usr.home.iojs.build.workspace.node-test-linter.test.fixtures.test-module-loading-globalpaths.local-pkg"/>
		<testcase name="foo.js" classname="- .usr.home.iojs.build.workspace.node-test-linter.test.fixtures.test-module-loading-globalpaths.node_path"/>
		<testcase name="throws_error.js" classname="- .usr.home.iojs.build.workspace.node-test-linter.test.fixtures"/>
		<testcase name="throws_error1.js" classname="- .usr.home.iojs.build.workspace.node-test-linter.test.fixtures"/>
		<testcase name="throws_error2.js" classname="- .usr.home.iojs.build.workspace.node-test-linter.test.fixtures"/>
		<testcase name="throws_error3.js" classname="- .usr.home.iojs.build.workspace.node-test-linter.test.fixtures"/>
		<testcase name="throws_error4.js" classname="- .usr.home.iojs.build.workspace.node-test-linter.test.fixtures"/>
		<testcase name="throws_error5.js" classname="- .usr.home.iojs.build.workspace.node-test-linter.test.fixtures"/>
		<testcase name="throws_error6.js" classname="- .usr.home.iojs.build.workspace.node-test-linter.test.fixtures"/>
		<testcase name="throws_error7.js" classname="- .usr.home.iojs.build.workspace.node-test-linter.test.fixtures"/>
		<testcase name="tls-connect.js" classname="- .usr.home.iojs.build.workspace.node-test-linter.test.fixtures"/>
		<testcase name="callbackify1.js" classname="- .usr.home.iojs.build.workspace.node-test-linter.test.fixtures.uncaught-exceptions"/>
		<testcase name="callbackify2.js" classname="- .usr.home.iojs.build.workspace.node-test-linter.test.fixtures.uncaught-exceptions"/>
		<testcase name="domain.js" classname="- .usr.home.iojs.build.workspace.node-test-linter.test.fixtures.uncaught-exceptions"/>
		<testcase name="global.js" classname="- .usr.home.iojs.build.workspace.node-test-linter.test.fixtures.uncaught-exceptions"/>
		<testcase name="parse-error-mod.js" classname="- .usr.home.iojs.build.workspace.node-test-linter.test.fixtures.uncaught-exceptions"/>
		<testcase name="parse-error.js" classname="- .usr.home.iojs.build.workspace.node-test-linter.test.fixtures.uncaught-exceptions"/>
		<testcase name="timeout.js" classname="- .usr.home.iojs.build.workspace.node-test-linter.test.fixtures.uncaught-exceptions"/>
		<testcase name="url-idna.js" classname="- .usr.home.iojs.build.workspace.node-test-linter.test.fixtures"/>
		<testcase name="url-searchparams.js" classname="- .usr.home.iojs.build.workspace.node-test-linter.test.fixtures"/>
		<testcase name="url-setter-tests-additional.js" classname="- .usr.home.iojs.build.workspace.node-test-linter.test.fixtures"/>
		<testcase name="url-setter-tests.js" classname="- .usr.home.iojs.build.workspace.node-test-linter.test.fixtures"/>
		<testcase name="url-tests-additional.js" classname="- .usr.home.iojs.build.workspace.node-test-linter.test.fixtures"/>
		<testcase name="url-tests.js" classname="- .usr.home.iojs.build.workspace.node-test-linter.test.fixtures"/>
		<testcase name="url-toascii.js" classname="- .usr.home.iojs.build.workspace.node-test-linter.test.fixtures"/>
		<testcase name="utf8-bom.js" classname="- .usr.home.iojs.build.workspace.node-test-linter.test.fixtures"/>
		<testcase name="basic.js" classname="- .usr.home.iojs.build.workspace.node-test-linter.test.fixtures.v8-coverage"/>
		<testcase name="exit-1.js" classname="- .usr.home.iojs.build.workspace.node-test-linter.test.fixtures.v8-coverage"/>
		<testcase name="sigint.js" classname="- .usr.home.iojs.build.workspace.node-test-linter.test.fixtures.v8-coverage"/>
		<testcase name="spawn-subprocess-no-cov.js" classname="- .usr.home.iojs.build.workspace.node-test-linter.test.fixtures.v8-coverage"/>
		<testcase name="spawn-subprocess.js" classname="- .usr.home.iojs.build.workspace.node-test-linter.test.fixtures.v8-coverage"/>
		<testcase name="subprocess.js" classname="- .usr.home.iojs.build.workspace.node-test-linter.test.fixtures.v8-coverage"/>
		<testcase name="warnings.js" classname="- .usr.home.iojs.build.workspace.node-test-linter.test.fixtures"/>
		<testcase name="test-dgram-broadcast-multi-process.js" classname="- .usr.home.iojs.build.workspace.node-test-linter.test.internet"/>
		<testcase name="test-dgram-membership.js" classname="- .usr.home.iojs.build.workspace.node-test-linter.test.internet"/>
		<testcase name="test-dgram-multicast-multi-process.js" classname="- .usr.home.iojs.build.workspace.node-test-linter.test.internet"/>
		<testcase name="test-dgram-multicast-set-interface-lo.js" classname="- .usr.home.iojs.build.workspace.node-test-linter.test.internet"/>
		<testcase name="test-dgram-send-cb-quelches-error.js" classname="- .usr.home.iojs.build.workspace.node-test-linter.test.internet"/>
		<testcase name="test-dns-any.js" classname="- .usr.home.iojs.build.workspace.node-test-linter.test.internet"/>
		<testcase name="test-dns-cares-domains.js" classname="- .usr.home.iojs.build.workspace.node-test-linter.test.internet"/>
		<testcase name="test-dns-ipv4.js" classname="- .usr.home.iojs.build.workspace.node-test-linter.test.internet"/>
		<testcase name="test-dns-ipv6.js" classname="- .usr.home.iojs.build.workspace.node-test-linter.test.internet"/>
		<testcase name="test-dns-lookup.js" classname="- .usr.home.iojs.build.workspace.node-test-linter.test.internet"/>
		<testcase name="test-dns-promises-resolve.js" classname="- .usr.home.iojs.build.workspace.node-test-linter.test.internet"/>
		<testcase name="test-dns-regress-6244.js" classname="- .usr.home.iojs.build.workspace.node-test-linter.test.internet"/>
		<testcase name="test-dns-setserver-in-callback-of-resolve4.js" classname="- .usr.home.iojs.build.workspace.node-test-linter.test.internet"/>
		<testcase name="test-dns-txt-sigsegv.js" classname="- .usr.home.iojs.build.workspace.node-test-linter.test.internet"/>
		<testcase name="test-dns.js" classname="- .usr.home.iojs.build.workspace.node-test-linter.test.internet"/>
		<testcase name="test-http-dns-fail.js" classname="- .usr.home.iojs.build.workspace.node-test-linter.test.internet"/>
		<testcase name="test-http-https-default-ports.js" classname="- .usr.home.iojs.build.workspace.node-test-linter.test.internet"/>
		<testcase name="test-inspector-help-page.js" classname="- .usr.home.iojs.build.workspace.node-test-linter.test.internet"/>
		<testcase name="test-zlib.zlib-binding.deflate.js" classname="- .usr.home.iojs.build.workspace.node-test-linter.test.async-hooks"/>
		<testcase name="tick.js" classname="- .usr.home.iojs.build.workspace.node-test-linter.test.async-hooks"/>
		<testcase name="verify-graph.js" classname="- .usr.home.iojs.build.workspace.node-test-linter.test.async-hooks"/>
		<testcase name="test-code-cache.js" classname="- .usr.home.iojs.build.workspace.node-test-linter.test.code-cache"/>
		<testcase name="arraystream.js" classname="- .usr.home.iojs.build.workspace.node-test-linter.test.common"/>
		<testcase name="benchmark.js" classname="- .usr.home.iojs.build.workspace.node-test-linter.test.common"/>
		<testcase name="countdown.js" classname="- .usr.home.iojs.build.workspace.node-test-linter.test.common"/>
		<testcase name="dns.js" classname="- .usr.home.iojs.build.workspace.node-test-linter.test.common"/>
		<testcase name="duplexpair.js" classname="- .usr.home.iojs.build.workspace.node-test-linter.test.common"/>
		<testcase name="fixtures.js" classname="- .usr.home.iojs.build.workspace.node-test-linter.test.common"/>
		<testcase name="heap.js" classname="- .usr.home.iojs.build.workspace.node-test-linter.test.common"/>
		<testcase name="hijackstdio.js" classname="- .usr.home.iojs.build.workspace.node-test-linter.test.common"/>
		<testcase name="http2.js" classname="- .usr.home.iojs.build.workspace.node-test-linter.test.common"/>
		<testcase name="index.js" classname="- .usr.home.iojs.build.workspace.node-test-linter.test.common"/>
		<testcase name="inspector-helper.js" classname="- .usr.home.iojs.build.workspace.node-test-linter.test.common"/>
		<testcase name="internet.js" classname="- .usr.home.iojs.build.workspace.node-test-linter.test.common"/>
		<testcase name="ongc.js" classname="- .usr.home.iojs.build.workspace.node-test-linter.test.common"/>
		<testcase name="README.md" classname="- .usr.home.iojs.build.workspace.node-test-linter.test.common"/>
		<testcase name="shared-lib-util.js" classname="- .usr.home.iojs.build.workspace.node-test-linter.test.common"/>
		<testcase name="tls.js" classname="- .usr.home.iojs.build.workspace.node-test-linter.test.common"/>
		<testcase name="tmpdir.js" classname="- .usr.home.iojs.build.workspace.node-test-linter.test.common"/>
		<testcase name="wpt.js" classname="- .usr.home.iojs.build.workspace.node-test-linter.test.common"/>
		<testcase name="test-apilinks.js" classname="- .usr.home.iojs.build.workspace.node-test-linter.test.doctool"/>
		<testcase name="test-doctool-html.js" classname="- .usr.home.iojs.build.workspace.node-test-linter.test.doctool"/>
		<testcase name="test-doctool-json.js" classname="- .usr.home.iojs.build.workspace.node-test-linter.test.doctool"/>
		<testcase name="test-make-doc.js" classname="- .usr.home.iojs.build.workspace.node-test-linter.test.doctool"/>
		<testcase name="test-esm-cjs-main.js" classname="- .usr.home.iojs.build.workspace.node-test-linter.test.es-module"/>
		<testcase name="test-esm-dynamic-import.js" classname="- .usr.home.iojs.build.workspace.node-test-linter.test.es-module"/>
		<testcase name="test-esm-encoded-path-native.js" classname="- .usr.home.iojs.build.workspace.node-test-linter.test.es-module"/>
		<testcase name="test-esm-error-cache.js" classname="- .usr.home.iojs.build.workspace.node-test-linter.test.es-module"/>
		<testcase name="test-esm-example-loader.js" classname="- .usr.home.iojs.build.workspace.node-test-linter.test.es-module"/>
		<testcase name="test-esm-loader-modulemap.js" classname="- .usr.home.iojs.build.workspace.node-test-linter.test.es-module"/>
		<testcase name="test-esm-loader-search.js" classname="- .usr.home.iojs.build.workspace.node-test-linter.test.es-module"/>
		<testcase name="test-esm-preserve-symlinks-main.js" classname="- .usr.home.iojs.build.workspace.node-test-linter.test.es-module"/>
		<testcase name="test-esm-preserve-symlinks.js" classname="- .usr.home.iojs.build.workspace.node-test-linter.test.es-module"/>
		<testcase name="test-esm-symlink-main.js" classname="- .usr.home.iojs.build.workspace.node-test-linter.test.es-module"/>
		<testcase name="test-esm-symlink.js" classname="- .usr.home.iojs.build.workspace.node-test-linter.test.es-module"/>
		<testcase name="create-cert.js" classname="- .usr.home.iojs.build.workspace.node-test-linter.test.fixtures.0-dns"/>
		<testcase name="README.md" classname="- .usr.home.iojs.build.workspace.node-test-linter.test.fixtures.0-dns"/>
		<testcase name="a.js" classname="- .usr.home.iojs.build.workspace.node-test-linter.test.fixtures"/>
		<testcase name="test-net-connect-timeout.js" classname="- .usr.home.iojs.build.workspace.node-test-linter.test.internet"/>
		<testcase name="test-net-connect-unref.js" classname="- .usr.home.iojs.build.workspace.node-test-linter.test.internet"/>
		<testcase name="test-tls-add-ca-cert.js" classname="- .usr.home.iojs.build.workspace.node-test-linter.test.internet"/>
		<testcase name="test-tls-connnect-melissadata.js" classname="- .usr.home.iojs.build.workspace.node-test-linter.test.internet"/>
		<testcase name="test-tls-reuse-host-from-socket.js" classname="- .usr.home.iojs.build.workspace.node-test-linter.test.internet"/>
		<testcase name="test-trace-events-dns.js" classname="- .usr.home.iojs.build.workspace.node-test-linter.test.internet"/>
		<testcase name="test-cwd-enoent-file.js" classname="- .usr.home.iojs.build.workspace.node-test-linter.test.known_issues"/>
		<testcase name="test-dgram-bind-shared-ports-after-port-0.js" classname="- .usr.home.iojs.build.workspace.node-test-linter.test.known_issues"/>
		<testcase name="test-http-path-contains-unicode.js" classname="- .usr.home.iojs.build.workspace.node-test-linter.test.known_issues"/>
		<testcase name="test-inspector-cluster-port-clash.js" classname="- .usr.home.iojs.build.workspace.node-test-linter.test.known_issues"/>
		<testcase name="test-module-deleted-extensions.js" classname="- .usr.home.iojs.build.workspace.node-test-linter.test.known_issues"/>
		<testcase name="test-path-parse-6229.js" classname="- .usr.home.iojs.build.workspace.node-test-linter.test.known_issues"/>
		<testcase name="test-repl-require-context.js" classname="- .usr.home.iojs.build.workspace.node-test-linter.test.known_issues"/>
		<testcase name="test-stdin-is-always-net.socket.js" classname="- .usr.home.iojs.build.workspace.node-test-linter.test.known_issues"/>
		<testcase name="test-url-parse-conformance.js" classname="- .usr.home.iojs.build.workspace.node-test-linter.test.known_issues"/>
		<testcase name="test-vm-ownkeys.js" classname="- .usr.home.iojs.build.workspace.node-test-linter.test.known_issues"/>
		<testcase name="test-vm-ownpropertynames.js" classname="- .usr.home.iojs.build.workspace.node-test-linter.test.known_issues"/>
		<testcase name="test-vm-ownpropertysymbols.js" classname="- .usr.home.iojs.build.workspace.node-test-linter.test.known_issues"/>
		<testcase name="2100bytes.js" classname="- .usr.home.iojs.build.workspace.node-test-linter.test.message"/>
		<testcase name="assert_throws_stack.js" classname="- .usr.home.iojs.build.workspace.node-test-linter.test.message"/>
		<testcase name="console_low_stack_space.js" classname="- .usr.home.iojs.build.workspace.node-test-linter.test.message"/>
		<testcase name="core_line_numbers.js" classname="- .usr.home.iojs.build.workspace.node-test-linter.test.message"/>
		<testcase name="error_exit.js" classname="- .usr.home.iojs.build.workspace.node-test-linter.test.message"/>
		<testcase name="eval_messages.js" classname="- .usr.home.iojs.build.workspace.node-test-linter.test.message"/>
		<testcase name="events_unhandled_error_common_trace.js" classname="- .usr.home.iojs.build.workspace.node-test-linter.test.message"/>
		<testcase name="events_unhandled_error_nexttick.js" classname="- .usr.home.iojs.build.workspace.node-test-linter.test.message"/>
		<testcase name="events_unhandled_error_sameline.js" classname="- .usr.home.iojs.build.workspace.node-test-linter.test.message"/>
		<testcase name="hello_world.js" classname="- .usr.home.iojs.build.workspace.node-test-linter.test.message"/>
		<testcase name="if-error-has-good-stack.js" classname="- .usr.home.iojs.build.workspace.node-test-linter.test.message"/>
		<testcase name="max_tick_depth.js" classname="- .usr.home.iojs.build.workspace.node-test-linter.test.message"/>
		<testcase name="nexttick_throw.js" classname="- .usr.home.iojs.build.workspace.node-test-linter.test.message"/>
		<testcase name="stack_overflow.js" classname="- .usr.home.iojs.build.workspace.node-test-linter.test.message"/>
		<testcase name="stdin_messages.js" classname="- .usr.home.iojs.build.workspace.node-test-linter.test.message"/>
		<testcase name="throw_custom_error.js" classname="- .usr.home.iojs.build.workspace.node-test-linter.test.message"/>
		<testcase name="throw_in_line_with_tabs.js" classname="- .usr.home.iojs.build.workspace.node-test-linter.test.message"/>
		<testcase name="throw_non_error.js" classname="- .usr.home.iojs.build.workspace.node-test-linter.test.message"/>
		<testcase name="throw_null.js" classname="- .usr.home.iojs.build.workspace.node-test-linter.test.message"/>
		<testcase name="throw_undefined.js" classname="- .usr.home.iojs.build.workspace.node-test-linter.test.message"/>
		<testcase name="timeout_throw.js" classname="- .usr.home.iojs.build.workspace.node-test-linter.test.message"/>
		<testcase name="undefined_reference_in_new_context.js" classname="- .usr.home.iojs.build.workspace.node-test-linter.test.message"/>
		<testcase name="unhandled_promise_trace_warnings.js" classname="- .usr.home.iojs.build.workspace.node-test-linter.test.message"/>
		<testcase name="util_inspect_error.js" classname="- .usr.home.iojs.build.workspace.node-test-linter.test.message"/>
		<testcase name="vm_caught_custom_runtime_error.js" classname="- .usr.home.iojs.build.workspace.node-test-linter.test.message"/>
		<testcase name="vm_display_runtime_error.js" classname="- .usr.home.iojs.build.workspace.node-test-linter.test.message"/>
		<testcase name="vm_display_syntax_error.js" classname="- .usr.home.iojs.build.workspace.node-test-linter.test.message"/>
		<testcase name="vm_dont_display_runtime_error.js" classname="- .usr.home.iojs.build.workspace.node-test-linter.test.message"/>
		<testcase name="vm_dont_display_syntax_error.js" classname="- .usr.home.iojs.build.workspace.node-test-linter.test.message"/>
		<testcase name="test-accessor-properties.js" classname="- .usr.home.iojs.build.workspace.node-test-linter.test.parallel"/>
		<testcase name="test-arm-math-illegal-instruction.js" classname="- .usr.home.iojs.build.workspace.node-test-linter.test.parallel"/>
		<testcase name="test-assert-async.js" classname="- .usr.home.iojs.build.workspace.node-test-linter.test.parallel"/>
		<testcase name="test-assert-builtins-not-read-from-filesystem.js" classname="- .usr.home.iojs.build.workspace.node-test-linter.test.parallel"/>
		<testcase name="test-assert-checktag.js" classname="- .usr.home.iojs.build.workspace.node-test-linter.test.parallel"/>
		<testcase name="test-assert-deep.js" classname="- .usr.home.iojs.build.workspace.node-test-linter.test.parallel"/>
		<testcase name="test-assert-fail-deprecation.js" classname="- .usr.home.iojs.build.workspace.node-test-linter.test.parallel"/>
		<testcase name="test-assert-fail.js" classname="- .usr.home.iojs.build.workspace.node-test-linter.test.parallel"/>
		<testcase name="test-assert-first-line.js" classname="- .usr.home.iojs.build.workspace.node-test-linter.test.parallel"/>
		<testcase name="test-assert-if-error.js" classname="- .usr.home.iojs.build.workspace.node-test-linter.test.parallel"/>
		<testcase name="test-assert-typedarray-deepequal.js" classname="- .usr.home.iojs.build.workspace.node-test-linter.test.parallel"/>
		<testcase name="test-assert.js" classname="- .usr.home.iojs.build.workspace.node-test-linter.test.parallel"/>
		<testcase name="test-async-hooks-async-await.js" classname="- .usr.home.iojs.build.workspace.node-test-linter.test.parallel"/>
		<testcase name="test-async-hooks-asyncresource-constructor.js" classname="- .usr.home.iojs.build.workspace.node-test-linter.test.parallel"/>
		<testcase name="test-async-hooks-close-during-destroy.js" classname="- .usr.home.iojs.build.workspace.node-test-linter.test.parallel"/>
		<testcase name="test-async-hooks-constructor.js" classname="- .usr.home.iojs.build.workspace.node-test-linter.test.parallel"/>
		<testcase name="test-async-hooks-destroy-on-gc.js" classname="- .usr.home.iojs.build.workspace.node-test-linter.test.parallel"/>
		<testcase name="test-async-hooks-disable-during-promise.js" classname="- .usr.home.iojs.build.workspace.node-test-linter.test.parallel"/>
		<testcase name="test-async-hooks-disable-gc-tracking.js" classname="- .usr.home.iojs.build.workspace.node-test-linter.test.parallel"/>
		<testcase name="test-async-hooks-enable-disable.js" classname="- .usr.home.iojs.build.workspace.node-test-linter.test.parallel"/>
		<testcase name="test-async-hooks-enable-during-promise.js" classname="- .usr.home.iojs.build.workspace.node-test-linter.test.parallel"/>
		<testcase name="test-async-hooks-enable-recursive.js" classname="- .usr.home.iojs.build.workspace.node-test-linter.test.parallel"/>
		<testcase name="test-async-hooks-http-agent.js" classname="- .usr.home.iojs.build.workspace.node-test-linter.test.parallel"/>
		<testcase name="test-async-hooks-prevent-double-destroy.js" classname="- .usr.home.iojs.build.workspace.node-test-linter.test.parallel"/>
		<testcase name="test-async-hooks-promise-enable-disable.js" classname="- .usr.home.iojs.build.workspace.node-test-linter.test.parallel"/>
		<testcase name="test-async-hooks-promise-triggerid.js" classname="- .usr.home.iojs.build.workspace.node-test-linter.test.parallel"/>
		<testcase name="test-async-hooks-promise.js" classname="- .usr.home.iojs.build.workspace.node-test-linter.test.parallel"/>
		<testcase name="test-async-hooks-recursive-stack-runInAsyncScope.js" classname="- .usr.home.iojs.build.workspace.node-test-linter.test.parallel"/>
		<testcase name="test-async-hooks-recursive-stack.js" classname="- .usr.home.iojs.build.workspace.node-test-linter.test.parallel"/>
		<testcase name="test-async-hooks-top-level-clearimmediate.js" classname="- .usr.home.iojs.build.workspace.node-test-linter.test.parallel"/>
		<testcase name="test-async-wrap-constructor.js" classname="- .usr.home.iojs.build.workspace.node-test-linter.test.parallel"/>
		<testcase name="test-async-wrap-destroyid.js" classname="- .usr.home.iojs.build.workspace.node-test-linter.test.parallel"/>
		<testcase name="test-async-wrap-missing-method.js" classname="- .usr.home.iojs.build.workspace.node-test-linter.test.parallel"/>
		<testcase name="test-async-wrap-pop-id-during-load.js" classname="- .usr.home.iojs.build.workspace.node-test-linter.test.parallel"/>
		<testcase name="test-async-wrap-promise-after-enabled.js" classname="- .usr.home.iojs.build.workspace.node-test-linter.test.parallel"/>
		<testcase name="test-async-wrap-tlssocket-asyncreset.js" classname="- .usr.home.iojs.build.workspace.node-test-linter.test.parallel"/>
		<testcase name="test-async-wrap-trigger-id.js" classname="- .usr.home.iojs.build.workspace.node-test-linter.test.parallel"/>
		<testcase name="test-async-wrap-uncaughtexception.js" classname="- .usr.home.iojs.build.workspace.node-test-linter.test.parallel"/>
		<testcase name="test-atomics-notify.js" classname="- .usr.home.iojs.build.workspace.node-test-linter.test.parallel"/>
		<testcase name="test-bad-unicode.js" classname="- .usr.home.iojs.build.workspace.node-test-linter.test.parallel"/>
		<testcase name="test-beforeexit-event-exit.js" classname="- .usr.home.iojs.build.workspace.node-test-linter.test.parallel"/>
		<testcase name="test-benchmark-assert.js" classname="- .usr.home.iojs.build.workspace.node-test-linter.test.parallel"/>
		<testcase name="test-benchmark-cluster.js" classname="- .usr.home.iojs.build.workspace.node-test-linter.test.parallel"/>
		<testcase name="test-benchmark-crypto.js" classname="- .usr.home.iojs.build.workspace.node-test-linter.test.parallel"/>
		<testcase name="test-benchmark-dns.js" classname="- .usr.home.iojs.build.workspace.node-test-linter.test.parallel"/>
		<testcase name="test-benchmark-domain.js" classname="- .usr.home.iojs.build.workspace.node-test-linter.test.parallel"/>
		<testcase name="test-benchmark-es.js" classname="- .usr.home.iojs.build.workspace.node-test-linter.test.parallel"/>
		<testcase name="test-benchmark-events.js" classname="- .usr.home.iojs.build.workspace.node-test-linter.test.parallel"/>
		<testcase name="test-benchmark-fs.js" classname="- .usr.home.iojs.build.workspace.node-test-linter.test.parallel"/>
		<testcase name="test-benchmark-misc.js" classname="- .usr.home.iojs.build.workspace.node-test-linter.test.parallel"/>
		<testcase name="test-benchmark-module.js" classname="- .usr.home.iojs.build.workspace.node-test-linter.test.parallel"/>
		<testcase name="test-benchmark-os.js" classname="- .usr.home.iojs.build.workspace.node-test-linter.test.parallel"/>
		<testcase name="test-benchmark-process.js" classname="- .usr.home.iojs.build.workspace.node-test-linter.test.parallel"/>
		<testcase name="test-benchmark-querystring.js" classname="- .usr.home.iojs.build.workspace.node-test-linter.test.parallel"/>
		<testcase name="test-benchmark-streams.js" classname="- .usr.home.iojs.build.workspace.node-test-linter.test.parallel"/>
		<testcase name="test-benchmark-string_decoder.js" classname="- .usr.home.iojs.build.workspace.node-test-linter.test.parallel"/>
		<testcase name="test-benchmark-timers.js" classname="- .usr.home.iojs.build.workspace.node-test-linter.test.parallel"/>
		<testcase name="test-benchmark-url.js" classname="- .usr.home.iojs.build.workspace.node-test-linter.test.parallel"/>
		<testcase name="test-benchmark-util.js" classname="- .usr.home.iojs.build.workspace.node-test-linter.test.parallel"/>
		<testcase name="test-benchmark-v8.js" classname="- .usr.home.iojs.build.workspace.node-test-linter.test.parallel"/>
		<testcase name="test-benchmark-vm.js" classname="- .usr.home.iojs.build.workspace.node-test-linter.test.parallel"/>
		<testcase name="test-benchmark-zlib.js" classname="- .usr.home.iojs.build.workspace.node-test-linter.test.parallel"/>
		<testcase name="test-binding-constants.js" classname="- .usr.home.iojs.build.workspace.node-test-linter.test.parallel"/>
		<testcase name="test-bootstrap-modules.js" classname="- .usr.home.iojs.build.workspace.node-test-linter.test.parallel"/>
		<testcase name="test-buffer-alloc.js" classname="- .usr.home.iojs.build.workspace.node-test-linter.test.parallel"/>
		<testcase name="test-buffer-arraybuffer.js" classname="- .usr.home.iojs.build.workspace.node-test-linter.test.parallel"/>
		<testcase name="test-buffer-ascii.js" classname="- .usr.home.iojs.build.workspace.node-test-linter.test.parallel"/>
		<testcase name="test-buffer-bad-overload.js" classname="- .usr.home.iojs.build.workspace.node-test-linter.test.parallel"/>
		<testcase name="test-buffer-badhex.js" classname="- .usr.home.iojs.build.workspace.node-test-linter.test.parallel"/>
		<testcase name="test-buffer-bindingobj-no-zerofill.js" classname="- .usr.home.iojs.build.workspace.node-test-linter.test.parallel"/>
		<testcase name="test-buffer-bytelength.js" classname="- .usr.home.iojs.build.workspace.node-test-linter.test.parallel"/>
		<testcase name="test-buffer-compare-offset.js" classname="- .usr.home.iojs.build.workspace.node-test-linter.test.parallel"/>
		<testcase name="test-buffer-compare.js" classname="- .usr.home.iojs.build.workspace.node-test-linter.test.parallel"/>
		<testcase name="test-buffer-write.js" classname="- .usr.home.iojs.build.workspace.node-test-linter.test.parallel"/>
		<testcase name="test-buffer-writedouble.js" classname="- .usr.home.iojs.build.workspace.node-test-linter.test.parallel"/>
		<testcase name="test-buffer-writefloat.js" classname="- .usr.home.iojs.build.workspace.node-test-linter.test.parallel"/>
		<testcase name="test-buffer-writeint.js" classname="- .usr.home.iojs.build.workspace.node-test-linter.test.parallel"/>
		<testcase name="test-buffer-writeuint.js" classname="- .usr.home.iojs.build.workspace.node-test-linter.test.parallel"/>
		<testcase name="test-buffer-zero-fill-cli.js" classname="- .usr.home.iojs.build.workspace.node-test-linter.test.parallel"/>
		<testcase name="test-buffer-zero-fill-reset.js" classname="- .usr.home.iojs.build.workspace.node-test-linter.test.parallel"/>
		<testcase name="test-buffer-zero-fill.js" classname="- .usr.home.iojs.build.workspace.node-test-linter.test.parallel"/>
		<testcase name="test-c-ares.js" classname="- .usr.home.iojs.build.workspace.node-test-linter.test.parallel"/>
		<testcase name="test-child-process-bad-stdio.js" classname="- .usr.home.iojs.build.workspace.node-test-linter.test.parallel"/>
		<testcase name="test-child-process-can-write-to-stdout.js" classname="- .usr.home.iojs.build.workspace.node-test-linter.test.parallel"/>
		<testcase name="test-child-process-constructor.js" classname="- .usr.home.iojs.build.workspace.node-test-linter.test.parallel"/>
		<testcase name="test-child-process-custom-fds.js" classname="- .usr.home.iojs.build.workspace.node-test-linter.test.parallel"/>
		<testcase name="test-child-process-cwd.js" classname="- .usr.home.iojs.build.workspace.node-test-linter.test.parallel"/>
		<testcase name="test-child-process-default-options.js" classname="- .usr.home.iojs.build.workspace.node-test-linter.test.parallel"/>
		<testcase name="test-child-process-detached.js" classname="- .usr.home.iojs.build.workspace.node-test-linter.test.parallel"/>
		<testcase name="test-child-process-disconnect.js" classname="- .usr.home.iojs.build.workspace.node-test-linter.test.parallel"/>
		<testcase name="test-child-process-double-pipe.js" classname="- .usr.home.iojs.build.workspace.node-test-linter.test.parallel"/>
		<testcase name="test-child-process-env.js" classname="- .usr.home.iojs.build.workspace.node-test-linter.test.parallel"/>
		<testcase name="test-child-process-exec-any-shells-windows.js" classname="- .usr.home.iojs.build.workspace.node-test-linter.test.parallel"/>
		<testcase name="test-child-process-exec-cwd.js" classname="- .usr.home.iojs.build.workspace.node-test-linter.test.parallel"/>
		<testcase name="test-child-process-exec-encoding.js" classname="- .usr.home.iojs.build.workspace.node-test-linter.test.parallel"/>
		<testcase name="test-child-process-exec-env.js" classname="- .usr.home.iojs.build.workspace.node-test-linter.test.parallel"/>
		<testcase name="test-child-process-exec-error.js" classname="- .usr.home.iojs.build.workspace.node-test-linter.test.parallel"/>
		<testcase name="test-child-process-exec-kill-throws.js" classname="- .usr.home.iojs.build.workspace.node-test-linter.test.parallel"/>
		<testcase name="test-child-process-exec-maxBuffer.js" classname="- .usr.home.iojs.build.workspace.node-test-linter.test.parallel"/>
		<testcase name="test-child-process-exec-std-encoding.js" classname="- .usr.home.iojs.build.workspace.node-test-linter.test.parallel"/>
		<testcase name="test-child-process-exec-stdout-stderr-data-string.js" classname="- .usr.home.iojs.build.workspace.node-test-linter.test.parallel"/>
		<testcase name="test-child-process-exec-timeout.js" classname="- .usr.home.iojs.build.workspace.node-test-linter.test.parallel"/>
		<testcase name="test-child-process-execfile.js" classname="- .usr.home.iojs.build.workspace.node-test-linter.test.parallel"/>
		<testcase name="test-child-process-exit-code.js" classname="- .usr.home.iojs.build.workspace.node-test-linter.test.parallel"/>
		<testcase name="test-child-process-flush-stdio.js" classname="- .usr.home.iojs.build.workspace.node-test-linter.test.parallel"/>
		<testcase name="test-child-process-fork-and-spawn.js" classname="- .usr.home.iojs.build.workspace.node-test-linter.test.parallel"/>
		<testcase name="test-child-process-fork-close.js" classname="- .usr.home.iojs.build.workspace.node-test-linter.test.parallel"/>
		<testcase name="test-child-process-fork-closed-channel-segfault.js" classname="- .usr.home.iojs.build.workspace.node-test-linter.test.parallel"/>
		<testcase name="test-child-process-fork-dgram.js" classname="- .usr.home.iojs.build.workspace.node-test-linter.test.parallel"/>
		<testcase name="test-child-process-fork-exec-argv.js" classname="- .usr.home.iojs.build.workspace.node-test-linter.test.parallel"/>
		<testcase name="test-child-process-fork-exec-path.js" classname="- .usr.home.iojs.build.workspace.node-test-linter.test.parallel"/>
		<testcase name="test-child-process-fork-net-server.js" classname="- .usr.home.iojs.build.workspace.node-test-linter.test.parallel"/>
		<testcase name="test-child-process-fork-net-socket.js" classname="- .usr.home.iojs.build.workspace.node-test-linter.test.parallel"/>
		<testcase name="test-buffer-concat.js" classname="- .usr.home.iojs.build.workspace.node-test-linter.test.parallel"/>
		<testcase name="test-buffer-constants.js" classname="- .usr.home.iojs.build.workspace.node-test-linter.test.parallel"/>
		<testcase name="test-buffer-constructor-deprecation-error.js" classname="- .usr.home.iojs.build.workspace.node-test-linter.test.parallel"/>
		<testcase name="test-buffer-constructor-node-modules-paths.js" classname="- .usr.home.iojs.build.workspace.node-test-linter.test.parallel"/>
		<testcase name="test-buffer-constructor-outside-node-modules.js" classname="- .usr.home.iojs.build.workspace.node-test-linter.test.parallel"/>
		<testcase name="test-buffer-copy.js" classname="- .usr.home.iojs.build.workspace.node-test-linter.test.parallel"/>
		<testcase name="test-buffer-equals.js" classname="- .usr.home.iojs.build.workspace.node-test-linter.test.parallel"/>
		<testcase name="test-buffer-failed-alloc-typed-arrays.js" classname="- .usr.home.iojs.build.workspace.node-test-linter.test.parallel"/>
		<testcase name="test-buffer-fakes.js" classname="- .usr.home.iojs.build.workspace.node-test-linter.test.parallel"/>
		<testcase name="test-buffer-fill.js" classname="- .usr.home.iojs.build.workspace.node-test-linter.test.parallel"/>
		<testcase name="test-buffer-from.js" classname="- .usr.home.iojs.build.workspace.node-test-linter.test.parallel"/>
		<testcase name="test-buffer-includes.js" classname="- .usr.home.iojs.build.workspace.node-test-linter.test.parallel"/>
		<testcase name="test-buffer-indexof.js" classname="- .usr.home.iojs.build.workspace.node-test-linter.test.parallel"/>
		<testcase name="test-buffer-inheritance.js" classname="- .usr.home.iojs.build.workspace.node-test-linter.test.parallel"/>
		<testcase name="test-buffer-inspect.js" classname="- .usr.home.iojs.build.workspace.node-test-linter.test.parallel"/>
		<testcase name="test-buffer-isencoding.js" classname="- .usr.home.iojs.build.workspace.node-test-linter.test.parallel"/>
		<testcase name="test-buffer-iterator.js" classname="- .usr.home.iojs.build.workspace.node-test-linter.test.parallel"/>
		<testcase name="test-buffer-negative-length.js" classname="- .usr.home.iojs.build.workspace.node-test-linter.test.parallel"/>
		<testcase name="test-buffer-new.js" classname="- .usr.home.iojs.build.workspace.node-test-linter.test.parallel"/>
		<testcase name="test-buffer-no-negative-allocation.js" classname="- .usr.home.iojs.build.workspace.node-test-linter.test.parallel"/>
		<testcase name="test-buffer-nopendingdep-map.js" classname="- .usr.home.iojs.build.workspace.node-test-linter.test.parallel"/>
		<testcase name="test-buffer-of-no-deprecation.js" classname="- .usr.home.iojs.build.workspace.node-test-linter.test.parallel"/>
		<testcase name="test-buffer-over-max-length.js" classname="- .usr.home.iojs.build.workspace.node-test-linter.test.parallel"/>
		<testcase name="test-buffer-parent-property.js" classname="- .usr.home.iojs.build.workspace.node-test-linter.test.parallel"/>
		<testcase name="test-buffer-pending-deprecation.js" classname="- .usr.home.iojs.build.workspace.node-test-linter.test.parallel"/>
		<testcase name="test-buffer-prototype-inspect.js" classname="- .usr.home.iojs.build.workspace.node-test-linter.test.parallel"/>
		<testcase name="test-buffer-read.js" classname="- .usr.home.iojs.build.workspace.node-test-linter.test.parallel"/>
		<testcase name="test-buffer-readdouble.js" classname="- .usr.home.iojs.build.workspace.node-test-linter.test.parallel"/>
		<testcase name="test-buffer-readfloat.js" classname="- .usr.home.iojs.build.workspace.node-test-linter.test.parallel"/>
		<testcase name="test-buffer-readint.js" classname="- .usr.home.iojs.build.workspace.node-test-linter.test.parallel"/>
		<testcase name="test-buffer-readuint.js" classname="- .usr.home.iojs.build.workspace.node-test-linter.test.parallel"/>
		<testcase name="test-buffer-safe-unsafe.js" classname="- .usr.home.iojs.build.workspace.node-test-linter.test.parallel"/>
		<testcase name="test-buffer-sharedarraybuffer.js" classname="- .usr.home.iojs.build.workspace.node-test-linter.test.parallel"/>
		<testcase name="test-buffer-slice.js" classname="- .usr.home.iojs.build.workspace.node-test-linter.test.parallel"/>
		<testcase name="test-buffer-slow.js" classname="- .usr.home.iojs.build.workspace.node-test-linter.test.parallel"/>
		<testcase name="test-buffer-swap.js" classname="- .usr.home.iojs.build.workspace.node-test-linter.test.parallel"/>
		<testcase name="test-buffer-tojson.js" classname="- .usr.home.iojs.build.workspace.node-test-linter.test.parallel"/>
		<testcase name="test-buffer-tostring-range.js" classname="- .usr.home.iojs.build.workspace.node-test-linter.test.parallel"/>
		<testcase name="test-buffer-tostring-rangeerror.js" classname="- .usr.home.iojs.build.workspace.node-test-linter.test.parallel"/>
		<testcase name="test-buffer-tostring.js" classname="- .usr.home.iojs.build.workspace.node-test-linter.test.parallel"/>
		<testcase name="test-child-process-fork-net.js" classname="- .usr.home.iojs.build.workspace.node-test-linter.test.parallel"/>
		<testcase name="test-child-process-fork-no-shell.js" classname="- .usr.home.iojs.build.workspace.node-test-linter.test.parallel"/>
		<testcase name="test-child-process-fork-ref.js" classname="- .usr.home.iojs.build.workspace.node-test-linter.test.parallel"/>
		<testcase name="test-child-process-fork-ref2.js" classname="- .usr.home.iojs.build.workspace.node-test-linter.test.parallel"/>
		<testcase name="test-child-process-fork-stdio-string-variant.js" classname="- .usr.home.iojs.build.workspace.node-test-linter.test.parallel"/>
		<testcase name="test-child-process-fork-stdio.js" classname="- .usr.home.iojs.build.workspace.node-test-linter.test.parallel"/>
		<testcase name="test-child-process-fork.js" classname="- .usr.home.iojs.build.workspace.node-test-linter.test.parallel"/>
		<testcase name="test-child-process-fork3.js" classname="- .usr.home.iojs.build.workspace.node-test-linter.test.parallel"/>
		<testcase name="test-child-process-http-socket-leak.js" classname="- .usr.home.iojs.build.workspace.node-test-linter.test.parallel"/>
		<testcase name="test-child-process-internal.js" classname="- .usr.home.iojs.build.workspace.node-test-linter.test.parallel"/>
		<testcase name="test-child-process-ipc-next-tick.js" classname="- .usr.home.iojs.build.workspace.node-test-linter.test.parallel"/>
		<testcase name="test-child-process-ipc.js" classname="- .usr.home.iojs.build.workspace.node-test-linter.test.parallel"/>
		<testcase name="test-child-process-kill.js" classname="- .usr.home.iojs.build.workspace.node-test-linter.test.parallel"/>
		<testcase name="test-child-process-promisified.js" classname="- .usr.home.iojs.build.workspace.node-test-linter.test.parallel"/>
		<testcase name="test-child-process-recv-handle.js" classname="- .usr.home.iojs.build.workspace.node-test-linter.test.parallel"/>
		<testcase name="test-child-process-send-after-close.js" classname="- .usr.home.iojs.build.workspace.node-test-linter.test.parallel"/>
		<testcase name="test-child-process-send-cb.js" classname="- .usr.home.iojs.build.workspace.node-test-linter.test.parallel"/>
		<testcase name="test-child-process-send-keep-open.js" classname="- .usr.home.iojs.build.workspace.node-test-linter.test.parallel"/>
		<testcase name="test-child-process-send-returns-boolean.js" classname="- .usr.home.iojs.build.workspace.node-test-linter.test.parallel"/>
		<testcase name="test-child-process-send-type-error.js" classname="- .usr.home.iojs.build.workspace.node-test-linter.test.parallel"/>
		<testcase name="test-child-process-send-utf8.js" classname="- .usr.home.iojs.build.workspace.node-test-linter.test.parallel"/>
		<testcase name="test-child-process-set-blocking.js" classname="- .usr.home.iojs.build.workspace.node-test-linter.test.parallel"/>
		<testcase name="test-child-process-silent.js" classname="- .usr.home.iojs.build.workspace.node-test-linter.test.parallel"/>
		<testcase name="test-child-process-spawn-argv0.js" classname="- .usr.home.iojs.build.workspace.node-test-linter.test.parallel"/>
		<testcase name="test-child-process-spawn-error.js" classname="- .usr.home.iojs.build.workspace.node-test-linter.test.parallel"/>
		<testcase name="test-child-process-spawn-shell.js" classname="- .usr.home.iojs.build.workspace.node-test-linter.test.parallel"/>
		<testcase name="test-child-process-spawn-typeerror.js" classname="- .usr.home.iojs.build.workspace.node-test-linter.test.parallel"/>
		<testcase name="test-child-process-spawnsync-env.js" classname="- .usr.home.iojs.build.workspace.node-test-linter.test.parallel"/>
		<testcase name="test-child-process-spawnsync-input.js" classname="- .usr.home.iojs.build.workspace.node-test-linter.test.parallel"/>
		<testcase name="test-child-process-spawnsync-kill-signal.js" classname="- .usr.home.iojs.build.workspace.node-test-linter.test.parallel"/>
		<testcase name="test-child-process-spawnsync-maxbuf.js" classname="- .usr.home.iojs.build.workspace.node-test-linter.test.parallel"/>
		<testcase name="test-child-process-spawnsync-shell.js" classname="- .usr.home.iojs.build.workspace.node-test-linter.test.parallel"/>
		<testcase name="test-child-process-spawnsync-timeout.js" classname="- .usr.home.iojs.build.workspace.node-test-linter.test.parallel"/>
		<testcase name="test-child-process-spawnsync-validation-errors.js" classname="- .usr.home.iojs.build.workspace.node-test-linter.test.parallel"/>
		<testcase name="test-child-process-spawnsync.js" classname="- .usr.home.iojs.build.workspace.node-test-linter.test.parallel"/>
		<testcase name="test-child-process-stdin-ipc.js" classname="- .usr.home.iojs.build.workspace.node-test-linter.test.parallel"/>
		<testcase name="test-child-process-stdin.js" classname="- .usr.home.iojs.build.workspace.node-test-linter.test.parallel"/>
		<testcase name="test-child-process-stdio-big-write-end.js" classname="- .usr.home.iojs.build.workspace.node-test-linter.test.parallel"/>
		<testcase name="test-child-process-stdio-inherit.js" classname="- .usr.home.iojs.build.workspace.node-test-linter.test.parallel"/>
		<testcase name="test-child-process-stdio.js" classname="- .usr.home.iojs.build.workspace.node-test-linter.test.parallel"/>
		<testcase name="test-child-process-stdout-flush-exit.js" classname="- .usr.home.iojs.build.workspace.node-test-linter.test.parallel"/>
		<testcase name="test-child-process-stdout-flush.js" classname="- .usr.home.iojs.build.workspace.node-test-linter.test.parallel"/>
		<testcase name="test-child-process-stdout-ipc.js" classname="- .usr.home.iojs.build.workspace.node-test-linter.test.parallel"/>
		<testcase name="test-child-process-uid-gid.js" classname="- .usr.home.iojs.build.workspace.node-test-linter.test.parallel"/>
		<testcase name="test-child-process-validate-stdio.js" classname="- .usr.home.iojs.build.workspace.node-test-linter.test.parallel"/>
		<testcase name="test-child-process-windows-hide.js" classname="- .usr.home.iojs.build.workspace.node-test-linter.test.parallel"/>
		<testcase name="test-cli-bad-options.js" classname="- .usr.home.iojs.build.workspace.node-test-linter.test.parallel"/>
		<testcase name="test-cli-eval-event.js" classname="- .usr.home.iojs.build.workspace.node-test-linter.test.parallel"/>
		<testcase name="test-cli-eval.js" classname="- .usr.home.iojs.build.workspace.node-test-linter.test.parallel"/>
		<testcase name="test-cli-node-options-disallowed.js" classname="- .usr.home.iojs.build.workspace.node-test-linter.test.parallel"/>
		<testcase name="test-cli-node-options.js" classname="- .usr.home.iojs.build.workspace.node-test-linter.test.parallel"/>
		<testcase name="test-cli-node-print-help.js" classname="- .usr.home.iojs.build.workspace.node-test-linter.test.parallel"/>
		<testcase name="test-cli-syntax.js" classname="- .usr.home.iojs.build.workspace.node-test-linter.test.parallel"/>
		<testcase name="test-cluster-basic.js" classname="- .usr.home.iojs.build.workspace.node-test-linter.test.parallel"/>
		<testcase name="test-cluster-bind-privileged-port.js" classname="- .usr.home.iojs.build.workspace.node-test-linter.test.parallel"/>
		<testcase name="test-cluster-bind-twice.js" classname="- .usr.home.iojs.build.workspace.node-test-linter.test.parallel"/>
		<testcase name="test-cluster-cwd.js" classname="- .usr.home.iojs.build.workspace.node-test-linter.test.parallel"/>
		<testcase name="test-cluster-dgram-1.js" classname="- .usr.home.iojs.build.workspace.node-test-linter.test.parallel"/>
		<testcase name="test-cluster-dgram-2.js" classname="- .usr.home.iojs.build.workspace.node-test-linter.test.parallel"/>
		<testcase name="test-cluster-dgram-bind-fd.js" classname="- .usr.home.iojs.build.workspace.node-test-linter.test.parallel"/>
		<testcase name="test-cluster-dgram-reuse.js" classname="- .usr.home.iojs.build.workspace.node-test-linter.test.parallel"/>
		<testcase name="test-cluster-disconnect-before-exit.js" classname="- .usr.home.iojs.build.workspace.node-test-linter.test.parallel"/>
		<testcase name="test-cluster-disconnect-exitedAfterDisconnect-race.js" classname="- .usr.home.iojs.build.workspace.node-test-linter.test.parallel"/>
		<testcase name="test-cluster-disconnect-idle-worker.js" classname="- .usr.home.iojs.build.workspace.node-test-linter.test.parallel"/>
		<testcase name="test-cluster-disconnect-leak.js" classname="- .usr.home.iojs.build.workspace.node-test-linter.test.parallel"/>
		<testcase name="test-cluster-disconnect-race.js" classname="- .usr.home.iojs.build.workspace.node-test-linter.test.parallel"/>
		<testcase name="test-cluster-disconnect-unshared-tcp.js" classname="- .usr.home.iojs.build.workspace.node-test-linter.test.parallel"/>
		<testcase name="test-cluster-disconnect-unshared-udp.js" classname="- .usr.home.iojs.build.workspace.node-test-linter.test.parallel"/>
		<testcase name="test-cluster-disconnect-with-no-workers.js" classname="- .usr.home.iojs.build.workspace.node-test-linter.test.parallel"/>
		<testcase name="test-cluster-disconnect.js" classname="- .usr.home.iojs.build.workspace.node-test-linter.test.parallel"/>
		<testcase name="test-cluster-eaccess.js" classname="- .usr.home.iojs.build.workspace.node-test-linter.test.parallel"/>
		<testcase name="test-cluster-eaddrinuse.js" classname="- .usr.home.iojs.build.workspace.node-test-linter.test.parallel"/>
		<testcase name="test-cluster-fork-env.js" classname="- .usr.home.iojs.build.workspace.node-test-linter.test.parallel"/>
		<testcase name="test-cluster-fork-stdio.js" classname="- .usr.home.iojs.build.workspace.node-test-linter.test.parallel"/>
		<testcase name="test-cluster-fork-windowsHide.js" classname="- .usr.home.iojs.build.workspace.node-test-linter.test.parallel"/>
		<testcase name="test-cluster-http-pipe.js" classname="- .usr.home.iojs.build.workspace.node-test-linter.test.parallel"/>
		<testcase name="test-cluster-invalid-message.js" classname="- .usr.home.iojs.build.workspace.node-test-linter.test.parallel"/>
		<testcase name="test-cluster-ipc-throw.js" classname="- .usr.home.iojs.build.workspace.node-test-linter.test.parallel"/>
		<testcase name="test-cluster-kill-disconnect.js" classname="- .usr.home.iojs.build.workspace.node-test-linter.test.parallel"/>
		<testcase name="test-cluster-listening-port.js" classname="- .usr.home.iojs.build.workspace.node-test-linter.test.parallel"/>
		<testcase name="test-cluster-master-error.js" classname="- .usr.home.iojs.build.workspace.node-test-linter.test.parallel"/>
		<testcase name="test-cluster-master-kill.js" classname="- .usr.home.iojs.build.workspace.node-test-linter.test.parallel"/>
		<testcase name="test-cluster-message.js" classname="- .usr.home.iojs.build.workspace.node-test-linter.test.parallel"/>
		<testcase name="test-cluster-net-listen-relative-path.js" classname="- .usr.home.iojs.build.workspace.node-test-linter.test.parallel"/>
		<testcase name="test-cluster-net-listen.js" classname="- .usr.home.iojs.build.workspace.node-test-linter.test.parallel"/>
		<testcase name="test-cluster-net-send.js" classname="- .usr.home.iojs.build.workspace.node-test-linter.test.parallel"/>
		<testcase name="test-cluster-process-disconnect.js" classname="- .usr.home.iojs.build.workspace.node-test-linter.test.parallel"/>
		<testcase name="test-cluster-rr-domain-listen.js" classname="- .usr.home.iojs.build.workspace.node-test-linter.test.parallel"/>
		<testcase name="test-cluster-rr-ref.js" classname="- .usr.home.iojs.build.workspace.node-test-linter.test.parallel"/>
		<testcase name="test-cluster-send-deadlock.js" classname="- .usr.home.iojs.build.workspace.node-test-linter.test.parallel"/>
		<testcase name="test-cluster-send-handle-twice.js" classname="- .usr.home.iojs.build.workspace.node-test-linter.test.parallel"/>
		<testcase name="test-cluster-send-socket-to-worker-http-server.js" classname="- .usr.home.iojs.build.workspace.node-test-linter.test.parallel"/>
		<testcase name="test-cluster-server-restart-none.js" classname="- .usr.home.iojs.build.workspace.node-test-linter.test.parallel"/>
		<testcase name="test-cluster-server-restart-rr.js" classname="- .usr.home.iojs.build.workspace.node-test-linter.test.parallel"/>
		<testcase name="test-cluster-setup-master-argv.js" classname="- .usr.home.iojs.build.workspace.node-test-linter.test.parallel"/>
		<testcase name="test-cluster-setup-master-cumulative.js" classname="- .usr.home.iojs.build.workspace.node-test-linter.test.parallel"/>
		<testcase name="test-cluster-setup-master-emit.js" classname="- .usr.home.iojs.build.workspace.node-test-linter.test.parallel"/>
		<testcase name="test-cluster-setup-master-multiple.js" classname="- .usr.home.iojs.build.workspace.node-test-linter.test.parallel"/>
		<testcase name="test-cluster-setup-master.js" classname="- .usr.home.iojs.build.workspace.node-test-linter.test.parallel"/>
		<testcase name="test-cluster-shared-handle-bind-error.js" classname="- .usr.home.iojs.build.workspace.node-test-linter.test.parallel"/>
		<testcase name="test-cluster-shared-handle-bind-privileged-port.js" classname="- .usr.home.iojs.build.workspace.node-test-linter.test.parallel"/>
		<testcase name="test-cluster-shared-leak.js" classname="- .usr.home.iojs.build.workspace.node-test-linter.test.parallel"/>
		<testcase name="test-cluster-uncaught-exception.js" classname="- .usr.home.iojs.build.workspace.node-test-linter.test.parallel"/>
		<testcase name="test-cluster-worker-constructor.js" classname="- .usr.home.iojs.build.workspace.node-test-linter.test.parallel"/>
		<testcase name="test-cluster-worker-death.js" classname="- .usr.home.iojs.build.workspace.node-test-linter.test.parallel"/>
		<testcase name="test-cluster-worker-destroy.js" classname="- .usr.home.iojs.build.workspace.node-test-linter.test.parallel"/>
		<testcase name="test-cluster-worker-disconnect-on-error.js" classname="- .usr.home.iojs.build.workspace.node-test-linter.test.parallel"/>
		<testcase name="test-cluster-worker-disconnect.js" classname="- .usr.home.iojs.build.workspace.node-test-linter.test.parallel"/>
		<testcase name="test-cluster-worker-events.js" classname="- .usr.home.iojs.build.workspace.node-test-linter.test.parallel"/>
		<testcase name="test-cluster-worker-exit.js" classname="- .usr.home.iojs.build.workspace.node-test-linter.test.parallel"/>
		<testcase name="test-cluster-worker-forced-exit.js" classname="- .usr.home.iojs.build.workspace.node-test-linter.test.parallel"/>
		<testcase name="test-cluster-worker-init.js" classname="- .usr.home.iojs.build.workspace.node-test-linter.test.parallel"/>
		<testcase name="test-cluster-worker-isconnected.js" classname="- .usr.home.iojs.build.workspace.node-test-linter.test.parallel"/>
		<testcase name="test-cluster-worker-isdead.js" classname="- .usr.home.iojs.build.workspace.node-test-linter.test.parallel"/>
		<testcase name="test-cluster-worker-kill.js" classname="- .usr.home.iojs.build.workspace.node-test-linter.test.parallel"/>
		<testcase name="test-cluster-worker-no-exit.js" classname="- .usr.home.iojs.build.workspace.node-test-linter.test.parallel"/>
		<testcase name="test-cluster-worker-wait-server-close.js" classname="- .usr.home.iojs.build.workspace.node-test-linter.test.parallel"/>
		<testcase name="test-common-countdown.js" classname="- .usr.home.iojs.build.workspace.node-test-linter.test.parallel"/>
		<testcase name="test-common-gc.js" classname="- .usr.home.iojs.build.workspace.node-test-linter.test.parallel"/>
		<testcase name="test-common-must-not-call.js" classname="- .usr.home.iojs.build.workspace.node-test-linter.test.parallel"/>
		<testcase name="test-common.js" classname="- .usr.home.iojs.build.workspace.node-test-linter.test.parallel"/>
		<testcase name="test-console-assign-undefined.js" classname="- .usr.home.iojs.build.workspace.node-test-linter.test.parallel"/>
		<testcase name="test-console-async-write-error.js" classname="- .usr.home.iojs.build.workspace.node-test-linter.test.parallel"/>
		<testcase name="test-console-clear.js" classname="- .usr.home.iojs.build.workspace.node-test-linter.test.parallel"/>
		<testcase name="test-console-count.js" classname="- .usr.home.iojs.build.workspace.node-test-linter.test.parallel"/>
		<testcase name="test-console-group.js" classname="- .usr.home.iojs.build.workspace.node-test-linter.test.parallel"/>
		<testcase name="test-console-instance.js" classname="- .usr.home.iojs.build.workspace.node-test-linter.test.parallel"/>
		<testcase name="test-console-is-a-namespace.js" classname="- .usr.home.iojs.build.workspace.node-test-linter.test.parallel"/>
		<testcase name="test-console-log-stdio-broken-dest.js" classname="- .usr.home.iojs.build.workspace.node-test-linter.test.parallel"/>
		<testcase name="test-console-no-swallow-stack-overflow.js" classname="- .usr.home.iojs.build.workspace.node-test-linter.test.parallel"/>
		<testcase name="test-console-not-call-toString.js" classname="- .usr.home.iojs.build.workspace.node-test-linter.test.parallel"/>
		<testcase name="test-console-sync-write-error.js" classname="- .usr.home.iojs.build.workspace.node-test-linter.test.parallel"/>
		<testcase name="test-console-table.js" classname="- .usr.home.iojs.build.workspace.node-test-linter.test.parallel"/>
		<testcase name="test-console-tty-colors.js" classname="- .usr.home.iojs.build.workspace.node-test-linter.test.parallel"/>
		<testcase name="test-console.js" classname="- .usr.home.iojs.build.workspace.node-test-linter.test.parallel"/>
		<testcase name="test-constants.js" classname="- .usr.home.iojs.build.workspace.node-test-linter.test.parallel"/>
		<testcase name="test-crypto-aes-wrap.js" classname="- .usr.home.iojs.build.workspace.node-test-linter.test.parallel"/>
		<testcase name="test-crypto-authenticated.js" classname="- .usr.home.iojs.build.workspace.node-test-linter.test.parallel"/>
		<testcase name="test-crypto-binary-default.js" classname="- .usr.home.iojs.build.workspace.node-test-linter.test.parallel"/>
		<testcase name="test-crypto-certificate.js" classname="- .usr.home.iojs.build.workspace.node-test-linter.test.parallel"/>
		<testcase name="test-crypto-cipher-decipher.js" classname="- .usr.home.iojs.build.workspace.node-test-linter.test.parallel"/>
		<testcase name="test-crypto-cipheriv-decipheriv.js" classname="- .usr.home.iojs.build.workspace.node-test-linter.test.parallel"/>
		<testcase name="test-crypto-classes.js" classname="- .usr.home.iojs.build.workspace.node-test-linter.test.parallel"/>
		<testcase name="test-crypto-des3-wrap.js" classname="- .usr.home.iojs.build.workspace.node-test-linter.test.parallel"/>
		<testcase name="test-crypto-dh-leak.js" classname="- .usr.home.iojs.build.workspace.node-test-linter.test.parallel"/>
		<testcase name="test-crypto-dh-odd-key.js" classname="- .usr.home.iojs.build.workspace.node-test-linter.test.parallel"/>
		<testcase name="test-crypto-dh-padding.js" classname="- .usr.home.iojs.build.workspace.node-test-linter.test.parallel"/>
		<testcase name="test-crypto-dh.js" classname="- .usr.home.iojs.build.workspace.node-test-linter.test.parallel"/>
		<testcase name="test-crypto-domain.js" classname="- .usr.home.iojs.build.workspace.node-test-linter.test.parallel"/>
		<testcase name="test-crypto-domains.js" classname="- .usr.home.iojs.build.workspace.node-test-linter.test.parallel"/>
		<testcase name="test-crypto-ecb.js" classname="- .usr.home.iojs.build.workspace.node-test-linter.test.parallel"/>
		<testcase name="test-crypto-ecdh-convert-key.js" classname="- .usr.home.iojs.build.workspace.node-test-linter.test.parallel"/>
		<testcase name="test-crypto-engine.js" classname="- .usr.home.iojs.build.workspace.node-test-linter.test.parallel"/>
		<testcase name="test-crypto-fips.js" classname="- .usr.home.iojs.build.workspace.node-test-linter.test.parallel"/>
		<testcase name="test-crypto-from-binary.js" classname="- .usr.home.iojs.build.workspace.node-test-linter.test.parallel"/>
		<testcase name="test-crypto-hash-stream-pipe.js" classname="- .usr.home.iojs.build.workspace.node-test-linter.test.parallel"/>
		<testcase name="test-crypto-hash.js" classname="- .usr.home.iojs.build.workspace.node-test-linter.test.parallel"/>
		<testcase name="test-crypto-hmac.js" classname="- .usr.home.iojs.build.workspace.node-test-linter.test.parallel"/>
		<testcase name="test-crypto-lazy-transform-writable.js" classname="- .usr.home.iojs.build.workspace.node-test-linter.test.parallel"/>
		<testcase name="test-crypto-padding-aes256.js" classname="- .usr.home.iojs.build.workspace.node-test-linter.test.parallel"/>
		<testcase name="test-crypto-padding.js" classname="- .usr.home.iojs.build.workspace.node-test-linter.test.parallel"/>
		<testcase name="test-crypto-pbkdf2.js" classname="- .usr.home.iojs.build.workspace.node-test-linter.test.parallel"/>
		<testcase name="test-crypto-random.js" classname="- .usr.home.iojs.build.workspace.node-test-linter.test.parallel"/>
		<testcase name="test-crypto-rsa-dsa.js" classname="- .usr.home.iojs.build.workspace.node-test-linter.test.parallel"/>
		<testcase name="test-crypto-scrypt.js" classname="- .usr.home.iojs.build.workspace.node-test-linter.test.parallel"/>
		<testcase name="test-crypto-sign-verify.js" classname="- .usr.home.iojs.build.workspace.node-test-linter.test.parallel"/>
		<testcase name="test-crypto-stream.js" classname="- .usr.home.iojs.build.workspace.node-test-linter.test.parallel"/>
		<testcase name="test-crypto-tostring-segfault.js" classname="- .usr.home.iojs.build.workspace.node-test-linter.test.parallel"/>
		<testcase name="test-crypto-verify-failure.js" classname="- .usr.home.iojs.build.workspace.node-test-linter.test.parallel"/>
		<testcase name="test-crypto.js" classname="- .usr.home.iojs.build.workspace.node-test-linter.test.parallel"/>
		<testcase name="test-cwd-enoent-preload.js" classname="- .usr.home.iojs.build.workspace.node-test-linter.test.parallel"/>
		<testcase name="test-cwd-enoent-repl.js" classname="- .usr.home.iojs.build.workspace.node-test-linter.test.parallel"/>
		<testcase name="test-cwd-enoent.js" classname="- .usr.home.iojs.build.workspace.node-test-linter.test.parallel"/>
		<testcase name="test-debug-args.js" classname="- .usr.home.iojs.build.workspace.node-test-linter.test.parallel"/>
		<testcase name="test-debug-usage.js" classname="- .usr.home.iojs.build.workspace.node-test-linter.test.parallel"/>
		<testcase name="test-debugger-pid.js" classname="- .usr.home.iojs.build.workspace.node-test-linter.test.parallel"/>
		<testcase name="test-delayed-require.js" classname="- .usr.home.iojs.build.workspace.node-test-linter.test.parallel"/>
		<testcase name="test-dgram-address.js" classname="- .usr.home.iojs.build.workspace.node-test-linter.test.parallel"/>
		<testcase name="test-dgram-bind-default-address.js" classname="- .usr.home.iojs.build.workspace.node-test-linter.test.parallel"/>
		<testcase name="test-dgram-bind-fd-error.js" classname="- .usr.home.iojs.build.workspace.node-test-linter.test.parallel"/>
		<testcase name="test-dgram-bind-fd.js" classname="- .usr.home.iojs.build.workspace.node-test-linter.test.parallel"/>
		<testcase name="test-dgram-bind.js" classname="- .usr.home.iojs.build.workspace.node-test-linter.test.parallel"/>
		<testcase name="test-dgram-bytes-length.js" classname="- .usr.home.iojs.build.workspace.node-test-linter.test.parallel"/>
		<testcase name="test-dgram-close-during-bind.js" classname="- .usr.home.iojs.build.workspace.node-test-linter.test.parallel"/>
		<testcase name="test-dgram-close-in-listening.js" classname="- .usr.home.iojs.build.workspace.node-test-linter.test.parallel"/>
		<testcase name="test-dgram-close-is-not-callback.js" classname="- .usr.home.iojs.build.workspace.node-test-linter.test.parallel"/>
		<testcase name="test-dgram-close.js" classname="- .usr.home.iojs.build.workspace.node-test-linter.test.parallel"/>
		<testcase name="test-dgram-cluster-bind-error.js" classname="- .usr.home.iojs.build.workspace.node-test-linter.test.parallel"/>
		<testcase name="test-dgram-cluster-close-during-bind.js" classname="- .usr.home.iojs.build.workspace.node-test-linter.test.parallel"/>
		<testcase name="test-dgram-create-socket-handle-fd.js" classname="- .usr.home.iojs.build.workspace.node-test-linter.test.parallel"/>
		<testcase name="test-dgram-create-socket-handle.js" classname="- .usr.home.iojs.build.workspace.node-test-linter.test.parallel"/>
		<testcase name="test-dgram-createSocket-type.js" classname="- .usr.home.iojs.build.workspace.node-test-linter.test.parallel"/>
		<testcase name="test-dgram-custom-lookup.js" classname="- .usr.home.iojs.build.workspace.node-test-linter.test.parallel"/>
		<testcase name="test-dgram-error-message-address.js" classname="- .usr.home.iojs.build.workspace.node-test-linter.test.parallel"/>
		<testcase name="test-dgram-exclusive-implicit-bind.js" classname="- .usr.home.iojs.build.workspace.node-test-linter.test.parallel"/>
		<testcase name="test-dgram-implicit-bind.js" classname="- .usr.home.iojs.build.workspace.node-test-linter.test.parallel"/>
		<testcase name="test-dgram-listen-after-bind.js" classname="- .usr.home.iojs.build.workspace.node-test-linter.test.parallel"/>
		<testcase name="test-dgram-membership.js" classname="- .usr.home.iojs.build.workspace.node-test-linter.test.parallel"/>
		<testcase name="test-dgram-msgsize.js" classname="- .usr.home.iojs.build.workspace.node-test-linter.test.parallel"/>
		<testcase name="test-dgram-multicast-loopback.js" classname="- .usr.home.iojs.build.workspace.node-test-linter.test.parallel"/>
		<testcase name="test-dgram-multicast-set-interface.js" classname="- .usr.home.iojs.build.workspace.node-test-linter.test.parallel"/>
		<testcase name="test-dgram-multicast-setTTL.js" classname="- .usr.home.iojs.build.workspace.node-test-linter.test.parallel"/>
		<testcase name="test-dgram-oob-buffer.js" classname="- .usr.home.iojs.build.workspace.node-test-linter.test.parallel"/>
		<testcase name="test-dgram-recv-error.js" classname="- .usr.home.iojs.build.workspace.node-test-linter.test.parallel"/>
		<testcase name="test-dgram-ref.js" classname="- .usr.home.iojs.build.workspace.node-test-linter.test.parallel"/>
		<testcase name="test-dgram-send-address-types.js" classname="- .usr.home.iojs.build.workspace.node-test-linter.test.parallel"/>
		<testcase name="test-dgram-send-bad-arguments.js" classname="- .usr.home.iojs.build.workspace.node-test-linter.test.parallel"/>
		<testcase name="test-dgram-send-callback-buffer-empty-address.js" classname="- .usr.home.iojs.build.workspace.node-test-linter.test.parallel"/>
		<testcase name="test-dgram-send-callback-buffer-length-empty-address.js" classname="- .usr.home.iojs.build.workspace.node-test-linter.test.parallel"/>
		<testcase name="test-dgram-send-callback-buffer-length.js" classname="- .usr.home.iojs.build.workspace.node-test-linter.test.parallel"/>
		<testcase name="test-dgram-send-callback-buffer.js" classname="- .usr.home.iojs.build.workspace.node-test-linter.test.parallel"/>
		<testcase name="test-dgram-send-callback-multi-buffer-empty-address.js" classname="- .usr.home.iojs.build.workspace.node-test-linter.test.parallel"/>
		<testcase name="test-dgram-send-callback-multi-buffer.js" classname="- .usr.home.iojs.build.workspace.node-test-linter.test.parallel"/>
		<testcase name="test-dgram-send-callback-recursive.js" classname="- .usr.home.iojs.build.workspace.node-test-linter.test.parallel"/>
		<testcase name="test-dgram-send-default-host.js" classname="- .usr.home.iojs.build.workspace.node-test-linter.test.parallel"/>
		<testcase name="test-dgram-send-empty-array.js" classname="- .usr.home.iojs.build.workspace.node-test-linter.test.parallel"/>
		<testcase name="test-dgram-send-empty-buffer.js" classname="- .usr.home.iojs.build.workspace.node-test-linter.test.parallel"/>
		<testcase name="test-dgram-send-empty-packet.js" classname="- .usr.home.iojs.build.workspace.node-test-linter.test.parallel"/>
		<testcase name="test-dgram-send-error.js" classname="- .usr.home.iojs.build.workspace.node-test-linter.test.parallel"/>
		<testcase name="test-dgram-send-invalid-msg-type.js" classname="- .usr.home.iojs.build.workspace.node-test-linter.test.parallel"/>
		<testcase name="test-dgram-send-multi-buffer-copy.js" classname="- .usr.home.iojs.build.workspace.node-test-linter.test.parallel"/>
		<testcase name="test-dgram-send-multi-string-array.js" classname="- .usr.home.iojs.build.workspace.node-test-linter.test.parallel"/>
		<testcase name="test-dgram-sendto.js" classname="- .usr.home.iojs.build.workspace.node-test-linter.test.parallel"/>
		<testcase name="test-dgram-setBroadcast.js" classname="- .usr.home.iojs.build.workspace.node-test-linter.test.parallel"/>
		<testcase name="test-dgram-setTTL.js" classname="- .usr.home.iojs.build.workspace.node-test-linter.test.parallel"/>
		<testcase name="test-dgram-socket-buffer-size.js" classname="- .usr.home.iojs.build.workspace.node-test-linter.test.parallel"/>
		<testcase name="test-dgram-udp4.js" classname="- .usr.home.iojs.build.workspace.node-test-linter.test.parallel"/>
		<testcase name="test-dgram-udp6-send-default-host.js" classname="- .usr.home.iojs.build.workspace.node-test-linter.test.parallel"/>
		<testcase name="test-dgram-unref.js" classname="- .usr.home.iojs.build.workspace.node-test-linter.test.parallel"/>
		<testcase name="test-dns-cancel-reverse-lookup.js" classname="- .usr.home.iojs.build.workspace.node-test-linter.test.parallel"/>
		<testcase name="test-dns-channel-cancel.js" classname="- .usr.home.iojs.build.workspace.node-test-linter.test.parallel"/>
		<testcase name="test-dns-lookup.js" classname="- .usr.home.iojs.build.workspace.node-test-linter.test.parallel"/>
		<testcase name="test-dns-memory-error.js" classname="- .usr.home.iojs.build.workspace.node-test-linter.test.parallel"/>
		<testcase name="test-dns-multi-channel.js" classname="- .usr.home.iojs.build.workspace.node-test-linter.test.parallel"/>
		<testcase name="test-dns-resolveany-bad-ancount.js" classname="- .usr.home.iojs.build.workspace.node-test-linter.test.parallel"/>
		<testcase name="test-dns-resolveany.js" classname="- .usr.home.iojs.build.workspace.node-test-linter.test.parallel"/>
		<testcase name="test-dns-resolvens-typeerror.js" classname="- .usr.home.iojs.build.workspace.node-test-linter.test.parallel"/>
		<testcase name="test-dns-setserver-when-querying.js" classname="- .usr.home.iojs.build.workspace.node-test-linter.test.parallel"/>
		<testcase name="test-dns-setservers-type-check.js" classname="- .usr.home.iojs.build.workspace.node-test-linter.test.parallel"/>
		<testcase name="test-dns.js" classname="- .usr.home.iojs.build.workspace.node-test-linter.test.parallel"/>
		<testcase name="test-domain-abort-on-uncaught.js" classname="- .usr.home.iojs.build.workspace.node-test-linter.test.parallel"/>
		<testcase name="test-domain-bind-timeout.js" classname="- .usr.home.iojs.build.workspace.node-test-linter.test.parallel"/>
		<testcase name="test-domain-crypto.js" classname="- .usr.home.iojs.build.workspace.node-test-linter.test.parallel"/>
		<testcase name="test-domain-ee-error-listener.js" classname="- .usr.home.iojs.build.workspace.node-test-linter.test.parallel"/>
		<testcase name="test-domain-ee-implicit.js" classname="- .usr.home.iojs.build.workspace.node-test-linter.test.parallel"/>
		<testcase name="test-domain-ee.js" classname="- .usr.home.iojs.build.workspace.node-test-linter.test.parallel"/>
		<testcase name="test-domain-enter-exit.js" classname="- .usr.home.iojs.build.workspace.node-test-linter.test.parallel"/>
		<testcase name="test-domain-error-types.js" classname="- .usr.home.iojs.build.workspace.node-test-linter.test.parallel"/>
		<testcase name="test-domain-from-timer.js" classname="- .usr.home.iojs.build.workspace.node-test-linter.test.parallel"/>
		<testcase name="test-domain-fs-enoent-stream.js" classname="- .usr.home.iojs.build.workspace.node-test-linter.test.parallel"/>
		<testcase name="test-domain-http-server.js" classname="- .usr.home.iojs.build.workspace.node-test-linter.test.parallel"/>
		<testcase name="test-domain-implicit-binding.js" classname="- .usr.home.iojs.build.workspace.node-test-linter.test.parallel"/>
		<testcase name="test-domain-implicit-fs.js" classname="- .usr.home.iojs.build.workspace.node-test-linter.test.parallel"/>
		<testcase name="test-domain-intercept.js" classname="- .usr.home.iojs.build.workspace.node-test-linter.test.parallel"/>
		<testcase name="test-domain-load-after-set-uncaught-exception-capture.js" classname="- .usr.home.iojs.build.workspace.node-test-linter.test.parallel"/>
		<testcase name="test-domain-multi.js" classname="- .usr.home.iojs.build.workspace.node-test-linter.test.parallel"/>
		<testcase name="test-domain-multiple-errors.js" classname="- .usr.home.iojs.build.workspace.node-test-linter.test.parallel"/>
		<testcase name="test-domain-nested-throw.js" classname="- .usr.home.iojs.build.workspace.node-test-linter.test.parallel"/>
		<testcase name="test-domain-nested.js" classname="- .usr.home.iojs.build.workspace.node-test-linter.test.parallel"/>
		<testcase name="test-domain-nexttick.js" classname="- .usr.home.iojs.build.workspace.node-test-linter.test.parallel"/>
		<testcase name="test-domain-no-error-handler-abort-on-uncaught-0.js" classname="- .usr.home.iojs.build.workspace.node-test-linter.test.parallel"/>
		<testcase name="test-domain-no-error-handler-abort-on-uncaught-1.js" classname="- .usr.home.iojs.build.workspace.node-test-linter.test.parallel"/>
		<testcase name="test-domain-no-error-handler-abort-on-uncaught-2.js" classname="- .usr.home.iojs.build.workspace.node-test-linter.test.parallel"/>
		<testcase name="test-domain-no-error-handler-abort-on-uncaught-3.js" classname="- .usr.home.iojs.build.workspace.node-test-linter.test.parallel"/>
		<testcase name="test-domain-no-error-handler-abort-on-uncaught-4.js" classname="- .usr.home.iojs.build.workspace.node-test-linter.test.parallel"/>
		<testcase name="test-domain-no-error-handler-abort-on-uncaught-5.js" classname="- .usr.home.iojs.build.workspace.node-test-linter.test.parallel"/>
		<testcase name="test-domain-no-error-handler-abort-on-uncaught-6.js" classname="- .usr.home.iojs.build.workspace.node-test-linter.test.parallel"/>
		<testcase name="test-domain-no-error-handler-abort-on-uncaught-7.js" classname="- .usr.home.iojs.build.workspace.node-test-linter.test.parallel"/>
		<testcase name="test-domain-no-error-handler-abort-on-uncaught-8.js" classname="- .usr.home.iojs.build.workspace.node-test-linter.test.parallel"/>
		<testcase name="test-domain-no-error-handler-abort-on-uncaught-9.js" classname="- .usr.home.iojs.build.workspace.node-test-linter.test.parallel"/>
		<testcase name="test-domain-promise.js" classname="- .usr.home.iojs.build.workspace.node-test-linter.test.parallel"/>
		<testcase name="test-domain-run.js" classname="- .usr.home.iojs.build.workspace.node-test-linter.test.parallel"/>
		<testcase name="test-domain-safe-exit.js" classname="- .usr.home.iojs.build.workspace.node-test-linter.test.parallel"/>
		<testcase name="test-domain-set-uncaught-exception-capture-after-load.js" classname="- .usr.home.iojs.build.workspace.node-test-linter.test.parallel"/>
		<testcase name="test-domain-stack-empty-in-process-uncaughtexception.js" classname="- .usr.home.iojs.build.workspace.node-test-linter.test.parallel"/>
		<testcase name="test-domain-stack.js" classname="- .usr.home.iojs.build.workspace.node-test-linter.test.parallel"/>
		<testcase name="test-domain-throw-error-then-throw-from-uncaught-exception-handler.js" classname="- .usr.home.iojs.build.workspace.node-test-linter.test.parallel"/>
		<testcase name="test-domain-timer.js" classname="- .usr.home.iojs.build.workspace.node-test-linter.test.parallel"/>
		<testcase name="test-domain-timers-uncaught-exception.js" classname="- .usr.home.iojs.build.workspace.node-test-linter.test.parallel"/>
		<testcase name="test-domain-timers.js" classname="- .usr.home.iojs.build.workspace.node-test-linter.test.parallel"/>
		<testcase name="test-domain-top-level-error-handler-clears-stack.js" classname="- .usr.home.iojs.build.workspace.node-test-linter.test.parallel"/>
		<testcase name="test-domain-top-level-error-handler-throw.js" classname="- .usr.home.iojs.build.workspace.node-test-linter.test.parallel"/>
		<testcase name="test-domain-uncaught-exception.js" classname="- .usr.home.iojs.build.workspace.node-test-linter.test.parallel"/>
		<testcase name="test-domain-with-abort-on-uncaught-exception.js" classname="- .usr.home.iojs.build.workspace.node-test-linter.test.parallel"/>
		<testcase name="test-dsa-fips-invalid-key.js" classname="- .usr.home.iojs.build.workspace.node-test-linter.test.parallel"/>
		<testcase name="test-emit-after-uncaught-exception-runInAsyncScope.js" classname="- .usr.home.iojs.build.workspace.node-test-linter.test.parallel"/>
		<testcase name="test-emit-after-uncaught-exception.js" classname="- .usr.home.iojs.build.workspace.node-test-linter.test.parallel"/>
		<testcase name="test-env-newprotomethod-remove-unnecessary-prototypes.js" classname="- .usr.home.iojs.build.workspace.node-test-linter.test.parallel"/>
		<testcase name="test-env-var-no-warnings.js" classname="- .usr.home.iojs.build.workspace.node-test-linter.test.parallel"/>
		<testcase name="test-error-reporting.js" classname="- .usr.home.iojs.build.workspace.node-test-linter.test.parallel"/>
		<testcase name="test-error-serdes.js" classname="- .usr.home.iojs.build.workspace.node-test-linter.test.parallel"/>
		<testcase name="test-errors-systemerror.js" classname="- .usr.home.iojs.build.workspace.node-test-linter.test.parallel"/>
		<testcase name="test-eslint-alphabetize-errors.js" classname="- .usr.home.iojs.build.workspace.node-test-linter.test.parallel"/>
		<testcase name="test-eslint-buffer-constructor.js" classname="- .usr.home.iojs.build.workspace.node-test-linter.test.parallel"/>
		<testcase name="test-eslint-crypto-check.js" classname="- .usr.home.iojs.build.workspace.node-test-linter.test.parallel"/>
		<testcase name="test-eslint-documented-errors.js" classname="- .usr.home.iojs.build.workspace.node-test-linter.test.parallel"/>
		<testcase name="test-eslint-duplicate-requires.js" classname="- .usr.home.iojs.build.workspace.node-test-linter.test.parallel"/>
		<testcase name="test-eslint-eslint-check.js" classname="- .usr.home.iojs.build.workspace.node-test-linter.test.parallel"/>
		<testcase name="test-eslint-inspector-check.js" classname="- .usr.home.iojs.build.workspace.node-test-linter.test.parallel"/>
		<testcase name="test-eslint-lowercase-name-for-primitive.js" classname="- .usr.home.iojs.build.workspace.node-test-linter.test.parallel"/>
		<testcase name="test-eslint-no-let-in-for-declaration.js" classname="- .usr.home.iojs.build.workspace.node-test-linter.test.parallel"/>
		<testcase name="test-eslint-no-unescaped-regexp-dot.js" classname="- .usr.home.iojs.build.workspace.node-test-linter.test.parallel"/>
		<testcase name="test-eslint-number-isnan.js" classname="- .usr.home.iojs.build.workspace.node-test-linter.test.parallel"/>
		<testcase name="test-eslint-prefer-assert-iferror.js" classname="- .usr.home.iojs.build.workspace.node-test-linter.test.parallel"/>
		<testcase name="test-eslint-prefer-assert-methods.js" classname="- .usr.home.iojs.build.workspace.node-test-linter.test.parallel"/>
		<testcase name="test-eslint-prefer-common-expectserror.js" classname="- .usr.home.iojs.build.workspace.node-test-linter.test.parallel"/>
		<testcase name="test-eslint-prefer-common-mustnotcall.js" classname="- .usr.home.iojs.build.workspace.node-test-linter.test.parallel"/>
		<testcase name="test-eslint-prefer-util-format-errors.js" classname="- .usr.home.iojs.build.workspace.node-test-linter.test.parallel"/>
		<testcase name="test-eslint-require-buffer.js" classname="- .usr.home.iojs.build.workspace.node-test-linter.test.parallel"/>
		<testcase name="test-eslint-required-modules.js" classname="- .usr.home.iojs.build.workspace.node-test-linter.test.parallel"/>
		<testcase name="test-eval-strict-referenceerror.js" classname="- .usr.home.iojs.build.workspace.node-test-linter.test.parallel"/>
		<testcase name="test-event-emitter-add-listeners.js" classname="- .usr.home.iojs.build.workspace.node-test-linter.test.parallel"/>
		<testcase name="test-event-emitter-check-listener-leaks.js" classname="- .usr.home.iojs.build.workspace.node-test-linter.test.parallel"/>
		<testcase name="test-event-emitter-errors.js" classname="- .usr.home.iojs.build.workspace.node-test-linter.test.parallel"/>
		<testcase name="test-event-emitter-get-max-listeners.js" classname="- .usr.home.iojs.build.workspace.node-test-linter.test.parallel"/>
		<testcase name="test-event-emitter-listener-count.js" classname="- .usr.home.iojs.build.workspace.node-test-linter.test.parallel"/>
		<testcase name="test-event-emitter-listeners-side-effects.js" classname="- .usr.home.iojs.build.workspace.node-test-linter.test.parallel"/>
		<testcase name="test-event-emitter-listeners.js" classname="- .usr.home.iojs.build.workspace.node-test-linter.test.parallel"/>
		<testcase name="test-event-emitter-max-listeners-warning-for-null.js" classname="- .usr.home.iojs.build.workspace.node-test-linter.test.parallel"/>
		<testcase name="test-event-emitter-max-listeners-warning-for-symbol.js" classname="- .usr.home.iojs.build.workspace.node-test-linter.test.parallel"/>
		<testcase name="test-event-emitter-max-listeners-warning.js" classname="- .usr.home.iojs.build.workspace.node-test-linter.test.parallel"/>
		<testcase name="test-event-emitter-max-listeners.js" classname="- .usr.home.iojs.build.workspace.node-test-linter.test.parallel"/>
		<testcase name="test-event-emitter-method-names.js" classname="- .usr.home.iojs.build.workspace.node-test-linter.test.parallel"/>
		<testcase name="test-event-emitter-modify-in-emit.js" classname="- .usr.home.iojs.build.workspace.node-test-linter.test.parallel"/>
		<testcase name="test-event-emitter-no-error-provided-to-error-event.js" classname="- .usr.home.iojs.build.workspace.node-test-linter.test.parallel"/>
		<testcase name="test-event-emitter-num-args.js" classname="- .usr.home.iojs.build.workspace.node-test-linter.test.parallel"/>
		<testcase name="test-event-emitter-once.js" classname="- .usr.home.iojs.build.workspace.node-test-linter.test.parallel"/>
		<testcase name="test-event-emitter-prepend.js" classname="- .usr.home.iojs.build.workspace.node-test-linter.test.parallel"/>
		<testcase name="test-event-emitter-remove-all-listeners.js" classname="- .usr.home.iojs.build.workspace.node-test-linter.test.parallel"/>
		<testcase name="test-event-emitter-remove-listeners.js" classname="- .usr.home.iojs.build.workspace.node-test-linter.test.parallel"/>
		<testcase name="test-event-emitter-set-max-listeners-side-effects.js" classname="- .usr.home.iojs.build.workspace.node-test-linter.test.parallel"/>
		<testcase name="test-event-emitter-special-event-names.js" classname="- .usr.home.iojs.build.workspace.node-test-linter.test.parallel"/>
		<testcase name="test-event-emitter-subclass.js" classname="- .usr.home.iojs.build.workspace.node-test-linter.test.parallel"/>
		<testcase name="test-event-emitter-symbols.js" classname="- .usr.home.iojs.build.workspace.node-test-linter.test.parallel"/>
		<testcase name="test-events-list.js" classname="- .usr.home.iojs.build.workspace.node-test-linter.test.parallel"/>
		<testcase name="test-events-uncaught-exception-stack.js" classname="- .usr.home.iojs.build.workspace.node-test-linter.test.parallel"/>
		<testcase name="test-exception-handler.js" classname="- .usr.home.iojs.build.workspace.node-test-linter.test.parallel"/>
		<testcase name="test-exception-handler2.js" classname="- .usr.home.iojs.build.workspace.node-test-linter.test.parallel"/>
		<testcase name="test-file-read-noexist.js" classname="- .usr.home.iojs.build.workspace.node-test-linter.test.parallel"/>
		<testcase name="test-file-write-stream.js" classname="- .usr.home.iojs.build.workspace.node-test-linter.test.parallel"/>
		<testcase name="test-file-write-stream2.js" classname="- .usr.home.iojs.build.workspace.node-test-linter.test.parallel"/>
		<testcase name="test-file-write-stream3.js" classname="- .usr.home.iojs.build.workspace.node-test-linter.test.parallel"/>
		<testcase name="test-fixed-queue.js" classname="- .usr.home.iojs.build.workspace.node-test-linter.test.parallel"/>
		<testcase name="test-force-repl-with-eval.js" classname="- .usr.home.iojs.build.workspace.node-test-linter.test.parallel"/>
		<testcase name="test-force-repl.js" classname="- .usr.home.iojs.build.workspace.node-test-linter.test.parallel"/>
		<testcase name="test-freelist.js" classname="- .usr.home.iojs.build.workspace.node-test-linter.test.parallel"/>
		<testcase name="test-fs-access.js" classname="- .usr.home.iojs.build.workspace.node-test-linter.test.parallel"/>
		<testcase name="test-fs-append-file-sync.js" classname="- .usr.home.iojs.build.workspace.node-test-linter.test.parallel"/>
		<testcase name="test-fs-append-file.js" classname="- .usr.home.iojs.build.workspace.node-test-linter.test.parallel"/>
		<testcase name="test-fs-assert-encoding-error.js" classname="- .usr.home.iojs.build.workspace.node-test-linter.test.parallel"/>
		<testcase name="test-fs-buffer.js" classname="- .usr.home.iojs.build.workspace.node-test-linter.test.parallel"/>
		<testcase name="test-fs-buffertype-writesync.js" classname="- .usr.home.iojs.build.workspace.node-test-linter.test.parallel"/>
		<testcase name="test-fs-chmod-mask.js" classname="- .usr.home.iojs.build.workspace.node-test-linter.test.parallel"/>
		<testcase name="test-fs-chmod.js" classname="- .usr.home.iojs.build.workspace.node-test-linter.test.parallel"/>
		<testcase name="test-fs-chown-type-check.js" classname="- .usr.home.iojs.build.workspace.node-test-linter.test.parallel"/>
		<testcase name="test-fs-close-errors.js" classname="- .usr.home.iojs.build.workspace.node-test-linter.test.parallel"/>
		<testcase name="test-fs-close.js" classname="- .usr.home.iojs.build.workspace.node-test-linter.test.parallel"/>
		<testcase name="test-fs-copyfile.js" classname="- .usr.home.iojs.build.workspace.node-test-linter.test.parallel"/>
		<testcase name="test-fs-empty-readStream.js" classname="- .usr.home.iojs.build.workspace.node-test-linter.test.parallel"/>
		<testcase name="test-fs-error-messages.js" classname="- .usr.home.iojs.build.workspace.node-test-linter.test.parallel"/>
		<testcase name="test-fs-exists.js" classname="- .usr.home.iojs.build.workspace.node-test-linter.test.parallel"/>
		<testcase name="test-fs-existssync-false.js" classname="- .usr.home.iojs.build.workspace.node-test-linter.test.parallel"/>
		<testcase name="test-fs-fchmod.js" classname="- .usr.home.iojs.build.workspace.node-test-linter.test.parallel"/>
		<testcase name="test-fs-fchown.js" classname="- .usr.home.iojs.build.workspace.node-test-linter.test.parallel"/>
		<testcase name="test-fs-filehandle.js" classname="- .usr.home.iojs.build.workspace.node-test-linter.test.parallel"/>
		<testcase name="test-fs-fsync.js" classname="- .usr.home.iojs.build.workspace.node-test-linter.test.parallel"/>
		<testcase name="test-fs-lchown.js" classname="- .usr.home.iojs.build.workspace.node-test-linter.test.parallel"/>
		<testcase name="test-fs-link.js" classname="- .usr.home.iojs.build.workspace.node-test-linter.test.parallel"/>
		<testcase name="test-fs-long-path.js" classname="- .usr.home.iojs.build.workspace.node-test-linter.test.parallel"/>
		<testcase name="test-fs-make-callback.js" classname="- .usr.home.iojs.build.workspace.node-test-linter.test.parallel"/>
		<testcase name="test-fs-makeStatsCallback.js" classname="- .usr.home.iojs.build.workspace.node-test-linter.test.parallel"/>
		<testcase name="test-fs-mkdir-mode-mask.js" classname="- .usr.home.iojs.build.workspace.node-test-linter.test.parallel"/>
		<testcase name="test-fs-mkdir-rmdir.js" classname="- .usr.home.iojs.build.workspace.node-test-linter.test.parallel"/>
		<testcase name="test-fs-mkdir.js" classname="- .usr.home.iojs.build.workspace.node-test-linter.test.parallel"/>
		<testcase name="test-fs-mkdtemp-prefix-check.js" classname="- .usr.home.iojs.build.workspace.node-test-linter.test.parallel"/>
		<testcase name="test-fs-mkdtemp.js" classname="- .usr.home.iojs.build.workspace.node-test-linter.test.parallel"/>
		<testcase name="test-fs-non-number-arguments-throw.js" classname="- .usr.home.iojs.build.workspace.node-test-linter.test.parallel"/>
		<testcase name="test-fs-null-bytes.js" classname="- .usr.home.iojs.build.workspace.node-test-linter.test.parallel"/>
		<testcase name="test-fs-open-flags.js" classname="- .usr.home.iojs.build.workspace.node-test-linter.test.parallel"/>
		<testcase name="test-fs-open-mode-mask.js" classname="- .usr.home.iojs.build.workspace.node-test-linter.test.parallel"/>
		<testcase name="test-fs-open-numeric-flags.js" classname="- .usr.home.iojs.build.workspace.node-test-linter.test.parallel"/>
		<testcase name="test-fs-open.js" classname="- .usr.home.iojs.build.workspace.node-test-linter.test.parallel"/>
		<testcase name="test-fs-options-immutable.js" classname="- .usr.home.iojs.build.workspace.node-test-linter.test.parallel"/>
		<testcase name="test-fs-promises-file-handle-append-file.js" classname="- .usr.home.iojs.build.workspace.node-test-linter.test.parallel"/>
		<testcase name="test-fs-promises-file-handle-chmod.js" classname="- .usr.home.iojs.build.workspace.node-test-linter.test.parallel"/>
		<testcase name="test-fs-promises-file-handle-read.js" classname="- .usr.home.iojs.build.workspace.node-test-linter.test.parallel"/>
		<testcase name="test-fs-promises-file-handle-readFile.js" classname="- .usr.home.iojs.build.workspace.node-test-linter.test.parallel"/>
		<testcase name="test-fs-promises-file-handle-stat.js" classname="- .usr.home.iojs.build.workspace.node-test-linter.test.parallel"/>
		<testcase name="test-fs-promises-file-handle-sync.js" classname="- .usr.home.iojs.build.workspace.node-test-linter.test.parallel"/>
		<testcase name="test-fs-promises-file-handle-truncate.js" classname="- .usr.home.iojs.build.workspace.node-test-linter.test.parallel"/>
		<testcase name="test-fs-promises-file-handle-write.js" classname="- .usr.home.iojs.build.workspace.node-test-linter.test.parallel"/>
		<testcase name="test-fs-promises-file-handle-writeFile.js" classname="- .usr.home.iojs.build.workspace.node-test-linter.test.parallel"/>
		<testcase name="test-fs-promises-readfile-empty.js" classname="- .usr.home.iojs.build.workspace.node-test-linter.test.parallel"/>
		<testcase name="test-fs-promises-readfile.js" classname="- .usr.home.iojs.build.workspace.node-test-linter.test.parallel"/>
		<testcase name="test-fs-promises-writefile.js" classname="- .usr.home.iojs.build.workspace.node-test-linter.test.parallel"/>
		<testcase name="test-fs-promises.js" classname="- .usr.home.iojs.build.workspace.node-test-linter.test.parallel"/>
		<testcase name="test-fs-promisified.js" classname="- .usr.home.iojs.build.workspace.node-test-linter.test.parallel"/>
		<testcase name="test-fs-read-empty-buffer.js" classname="- .usr.home.iojs.build.workspace.node-test-linter.test.parallel"/>
		<testcase name="test-fs-read-file-assert-encoding.js" classname="- .usr.home.iojs.build.workspace.node-test-linter.test.parallel"/>
		<testcase name="test-fs-read-file-sync-hostname.js" classname="- .usr.home.iojs.build.workspace.node-test-linter.test.parallel"/>
		<testcase name="test-fs-stream-destroy-emit-error.js" classname="- .usr.home.iojs.build.workspace.node-test-linter.test.parallel"/>
		<testcase name="test-fs-stream-double-close.js" classname="- .usr.home.iojs.build.workspace.node-test-linter.test.parallel"/>
		<testcase name="test-fs-symlink-dir-junction-relative.js" classname="- .usr.home.iojs.build.workspace.node-test-linter.test.parallel"/>
		<testcase name="test-fs-symlink-dir-junction.js" classname="- .usr.home.iojs.build.workspace.node-test-linter.test.parallel"/>
		<testcase name="test-fs-symlink.js" classname="- .usr.home.iojs.build.workspace.node-test-linter.test.parallel"/>
		<testcase name="test-fs-sync-fd-leak.js" classname="- .usr.home.iojs.build.workspace.node-test-linter.test.parallel"/>
		<testcase name="test-fs-syncwritestream.js" classname="- .usr.home.iojs.build.workspace.node-test-linter.test.parallel"/>
		<testcase name="test-fs-timestamp-parsing-error.js" classname="- .usr.home.iojs.build.workspace.node-test-linter.test.parallel"/>
		<testcase name="test-fs-truncate-clear-file-zero.js" classname="- .usr.home.iojs.build.workspace.node-test-linter.test.parallel"/>
		<testcase name="test-fs-truncate-fd.js" classname="- .usr.home.iojs.build.workspace.node-test-linter.test.parallel"/>
		<testcase name="test-fs-truncate-sync.js" classname="- .usr.home.iojs.build.workspace.node-test-linter.test.parallel"/>
		<testcase name="test-fs-truncate.js" classname="- .usr.home.iojs.build.workspace.node-test-linter.test.parallel"/>
		<testcase name="test-fs-unlink-type-check.js" classname="- .usr.home.iojs.build.workspace.node-test-linter.test.parallel"/>
		<testcase name="test-fs-util-validateoffsetlengthwrite.js" classname="- .usr.home.iojs.build.workspace.node-test-linter.test.parallel"/>
		<testcase name="test-fs-utimes.js" classname="- .usr.home.iojs.build.workspace.node-test-linter.test.parallel"/>
		<testcase name="test-fs-watch-close-when-destroyed.js" classname="- .usr.home.iojs.build.workspace.node-test-linter.test.parallel"/>
		<testcase name="test-fs-watch-encoding.js" classname="- .usr.home.iojs.build.workspace.node-test-linter.test.parallel"/>
		<testcase name="test-fs-watch-enoent.js" classname="- .usr.home.iojs.build.workspace.node-test-linter.test.parallel"/>
		<testcase name="test-fs-watch-file-enoent-after-deletion.js" classname="- .usr.home.iojs.build.workspace.node-test-linter.test.parallel"/>
		<testcase name="test-fs-watch-recursive.js" classname="- .usr.home.iojs.build.workspace.node-test-linter.test.parallel"/>
		<testcase name="test-fs-watch-stop-async.js" classname="- .usr.home.iojs.build.workspace.node-test-linter.test.parallel"/>
		<testcase name="test-fs-watch-stop-sync.js" classname="- .usr.home.iojs.build.workspace.node-test-linter.test.parallel"/>
		<testcase name="test-fs-watch.js" classname="- .usr.home.iojs.build.workspace.node-test-linter.test.parallel"/>
		<testcase name="test-fs-watchfile-bigint.js" classname="- .usr.home.iojs.build.workspace.node-test-linter.test.parallel"/>
		<testcase name="test-fs-watchfile.js" classname="- .usr.home.iojs.build.workspace.node-test-linter.test.parallel"/>
		<testcase name="test-fs-whatwg-url.js" classname="- .usr.home.iojs.build.workspace.node-test-linter.test.parallel"/>
		<testcase name="test-fs-write-buffer.js" classname="- .usr.home.iojs.build.workspace.node-test-linter.test.parallel"/>
		<testcase name="test-fs-write-file-buffer.js" classname="- .usr.home.iojs.build.workspace.node-test-linter.test.parallel"/>
		<testcase name="test-fs-write-file-invalid-path.js" classname="- .usr.home.iojs.build.workspace.node-test-linter.test.parallel"/>
		<testcase name="test-fs-write-file-sync.js" classname="- .usr.home.iojs.build.workspace.node-test-linter.test.parallel"/>
		<testcase name="test-fs-write-file-typedarrays.js" classname="- .usr.home.iojs.build.workspace.node-test-linter.test.parallel"/>
		<testcase name="test-fs-write-file.js" classname="- .usr.home.iojs.build.workspace.node-test-linter.test.parallel"/>
		<testcase name="test-fs-write-no-fd.js" classname="- .usr.home.iojs.build.workspace.node-test-linter.test.parallel"/>
		<testcase name="test-fs-write-stream-autoclose-option.js" classname="- .usr.home.iojs.build.workspace.node-test-linter.test.parallel"/>
		<testcase name="test-fs-write-stream-change-open.js" classname="- .usr.home.iojs.build.workspace.node-test-linter.test.parallel"/>
		<testcase name="test-fs-write-stream-close-without-callback.js" classname="- .usr.home.iojs.build.workspace.node-test-linter.test.parallel"/>
		<testcase name="test-fs-write-stream-double-close.js" classname="- .usr.home.iojs.build.workspace.node-test-linter.test.parallel"/>
		<testcase name="test-fs-write-stream-encoding.js" classname="- .usr.home.iojs.build.workspace.node-test-linter.test.parallel"/>
		<testcase name="test-fs-write-stream-end.js" classname="- .usr.home.iojs.build.workspace.node-test-linter.test.parallel"/>
		<testcase name="test-fs-write-stream-err.js" classname="- .usr.home.iojs.build.workspace.node-test-linter.test.parallel"/>
		<testcase name="test-fs-read-file-sync.js" classname="- .usr.home.iojs.build.workspace.node-test-linter.test.parallel"/>
		<testcase name="test-fs-read-stream-concurrent-reads.js" classname="- .usr.home.iojs.build.workspace.node-test-linter.test.parallel"/>
		<testcase name="test-fs-read-stream-double-close.js" classname="- .usr.home.iojs.build.workspace.node-test-linter.test.parallel"/>
		<testcase name="test-fs-read-stream-encoding.js" classname="- .usr.home.iojs.build.workspace.node-test-linter.test.parallel"/>
		<testcase name="test-fs-read-stream-err.js" classname="- .usr.home.iojs.build.workspace.node-test-linter.test.parallel"/>
		<testcase name="test-fs-read-stream-fd-leak.js" classname="- .usr.home.iojs.build.workspace.node-test-linter.test.parallel"/>
		<testcase name="test-fs-read-stream-fd.js" classname="- .usr.home.iojs.build.workspace.node-test-linter.test.parallel"/>
		<testcase name="test-fs-read-stream-inherit.js" classname="- .usr.home.iojs.build.workspace.node-test-linter.test.parallel"/>
		<testcase name="test-fs-read-stream-resume.js" classname="- .usr.home.iojs.build.workspace.node-test-linter.test.parallel"/>
		<testcase name="test-fs-read-stream-throw-type-error.js" classname="- .usr.home.iojs.build.workspace.node-test-linter.test.parallel"/>
		<testcase name="test-fs-read-stream.js" classname="- .usr.home.iojs.build.workspace.node-test-linter.test.parallel"/>
		<testcase name="test-fs-read-type.js" classname="- .usr.home.iojs.build.workspace.node-test-linter.test.parallel"/>
		<testcase name="test-fs-read-zero-length.js" classname="- .usr.home.iojs.build.workspace.node-test-linter.test.parallel"/>
		<testcase name="test-fs-read.js" classname="- .usr.home.iojs.build.workspace.node-test-linter.test.parallel"/>
		<testcase name="test-fs-readdir-stack-overflow.js" classname="- .usr.home.iojs.build.workspace.node-test-linter.test.parallel"/>
		<testcase name="test-fs-readdir-types.js" classname="- .usr.home.iojs.build.workspace.node-test-linter.test.parallel"/>
		<testcase name="test-fs-readdir-ucs2.js" classname="- .usr.home.iojs.build.workspace.node-test-linter.test.parallel"/>
		<testcase name="test-fs-readdir.js" classname="- .usr.home.iojs.build.workspace.node-test-linter.test.parallel"/>
		<testcase name="test-fs-readfile-empty.js" classname="- .usr.home.iojs.build.workspace.node-test-linter.test.parallel"/>
		<testcase name="test-fs-readfile-error.js" classname="- .usr.home.iojs.build.workspace.node-test-linter.test.parallel"/>
		<testcase name="test-fs-readfile-fd.js" classname="- .usr.home.iojs.build.workspace.node-test-linter.test.parallel"/>
		<testcase name="test-fs-readfile-pipe-large.js" classname="- .usr.home.iojs.build.workspace.node-test-linter.test.parallel"/>
		<testcase name="test-fs-readfile-pipe.js" classname="- .usr.home.iojs.build.workspace.node-test-linter.test.parallel"/>
		<testcase name="test-fs-readfile-unlink.js" classname="- .usr.home.iojs.build.workspace.node-test-linter.test.parallel"/>
		<testcase name="test-fs-readfile-zero-byte-liar.js" classname="- .usr.home.iojs.build.workspace.node-test-linter.test.parallel"/>
		<testcase name="test-fs-readfile.js" classname="- .usr.home.iojs.build.workspace.node-test-linter.test.parallel"/>
		<testcase name="test-fs-readfilesync-enoent.js" classname="- .usr.home.iojs.build.workspace.node-test-linter.test.parallel"/>
		<testcase name="test-fs-readfilesync-pipe-large.js" classname="- .usr.home.iojs.build.workspace.node-test-linter.test.parallel"/>
		<testcase name="test-fs-readlink-type-check.js" classname="- .usr.home.iojs.build.workspace.node-test-linter.test.parallel"/>
		<testcase name="test-fs-ready-event-stream.js" classname="- .usr.home.iojs.build.workspace.node-test-linter.test.parallel"/>
		<testcase name="test-fs-realpath-buffer-encoding.js" classname="- .usr.home.iojs.build.workspace.node-test-linter.test.parallel"/>
		<testcase name="test-fs-realpath-native.js" classname="- .usr.home.iojs.build.workspace.node-test-linter.test.parallel"/>
		<testcase name="test-fs-realpath-on-substed-drive.js" classname="- .usr.home.iojs.build.workspace.node-test-linter.test.parallel"/>
		<testcase name="test-fs-realpath-pipe.js" classname="- .usr.home.iojs.build.workspace.node-test-linter.test.parallel"/>
		<testcase name="test-fs-realpath.js" classname="- .usr.home.iojs.build.workspace.node-test-linter.test.parallel"/>
		<testcase name="test-fs-rename-type-check.js" classname="- .usr.home.iojs.build.workspace.node-test-linter.test.parallel"/>
		<testcase name="test-fs-rmdir-type-check.js" classname="- .usr.home.iojs.build.workspace.node-test-linter.test.parallel"/>
		<testcase name="test-fs-sir-writes-alot.js" classname="- .usr.home.iojs.build.workspace.node-test-linter.test.parallel"/>
		<testcase name="test-fs-stat-bigint.js" classname="- .usr.home.iojs.build.workspace.node-test-linter.test.parallel"/>
		<testcase name="test-fs-stat.js" classname="- .usr.home.iojs.build.workspace.node-test-linter.test.parallel"/>
		<testcase name="test-http-agent-remove.js" classname="- .usr.home.iojs.build.workspace.node-test-linter.test.parallel"/>
		<testcase name="test-http-agent-uninitialized-with-handle.js" classname="- .usr.home.iojs.build.workspace.node-test-linter.test.parallel"/>
		<testcase name="test-http-agent-uninitialized.js" classname="- .usr.home.iojs.build.workspace.node-test-linter.test.parallel"/>
		<testcase name="test-http-agent.js" classname="- .usr.home.iojs.build.workspace.node-test-linter.test.parallel"/>
		<testcase name="test-http-allow-req-after-204-res.js" classname="- .usr.home.iojs.build.workspace.node-test-linter.test.parallel"/>
		<testcase name="test-http-automatic-headers.js" classname="- .usr.home.iojs.build.workspace.node-test-linter.test.parallel"/>
		<testcase name="test-http-bind-twice.js" classname="- .usr.home.iojs.build.workspace.node-test-linter.test.parallel"/>
		<testcase name="test-http-blank-header.js" classname="- .usr.home.iojs.build.workspace.node-test-linter.test.parallel"/>
		<testcase name="test-http-buffer-sanity.js" classname="- .usr.home.iojs.build.workspace.node-test-linter.test.parallel"/>
		<testcase name="test-http-byteswritten.js" classname="- .usr.home.iojs.build.workspace.node-test-linter.test.parallel"/>
		<testcase name="test-http-catch-uncaughtexception.js" classname="- .usr.home.iojs.build.workspace.node-test-linter.test.parallel"/>
		<testcase name="test-http-chunk-problem.js" classname="- .usr.home.iojs.build.workspace.node-test-linter.test.parallel"/>
		<testcase name="test-http-chunked-304.js" classname="- .usr.home.iojs.build.workspace.node-test-linter.test.parallel"/>
		<testcase name="test-http-chunked.js" classname="- .usr.home.iojs.build.workspace.node-test-linter.test.parallel"/>
		<testcase name="test-http-client-abort-event.js" classname="- .usr.home.iojs.build.workspace.node-test-linter.test.parallel"/>
		<testcase name="test-http-client-abort-keep-alive-queued-tcp-socket.js" classname="- .usr.home.iojs.build.workspace.node-test-linter.test.parallel"/>
		<testcase name="test-http-client-abort-keep-alive-queued-unix-socket.js" classname="- .usr.home.iojs.build.workspace.node-test-linter.test.parallel"/>
		<testcase name="test-http-client-abort-no-agent.js" classname="- .usr.home.iojs.build.workspace.node-test-linter.test.parallel"/>
		<testcase name="test-http-client-abort-unix-socket.js" classname="- .usr.home.iojs.build.workspace.node-test-linter.test.parallel"/>
		<testcase name="test-http-client-abort.js" classname="- .usr.home.iojs.build.workspace.node-test-linter.test.parallel"/>
		<testcase name="test-http-client-abort2.js" classname="- .usr.home.iojs.build.workspace.node-test-linter.test.parallel"/>
		<testcase name="test-http-client-aborted-event.js" classname="- .usr.home.iojs.build.workspace.node-test-linter.test.parallel"/>
		<testcase name="test-http-client-agent.js" classname="- .usr.home.iojs.build.workspace.node-test-linter.test.parallel"/>
		<testcase name="test-http-client-check-http-token.js" classname="- .usr.home.iojs.build.workspace.node-test-linter.test.parallel"/>
		<testcase name="test-http-client-close-event.js" classname="- .usr.home.iojs.build.workspace.node-test-linter.test.parallel"/>
		<testcase name="test-http-client-default-headers-exist.js" classname="- .usr.home.iojs.build.workspace.node-test-linter.test.parallel"/>
		<testcase name="test-http-client-defaults.js" classname="- .usr.home.iojs.build.workspace.node-test-linter.test.parallel"/>
		<testcase name="test-http-client-encoding.js" classname="- .usr.home.iojs.build.workspace.node-test-linter.test.parallel"/>
		<testcase name="test-http-client-get-url.js" classname="- .usr.home.iojs.build.workspace.node-test-linter.test.parallel"/>
		<testcase name="test-http-client-headers-array.js" classname="- .usr.home.iojs.build.workspace.node-test-linter.test.parallel"/>
		<testcase name="test-http-client-immediate-error.js" classname="- .usr.home.iojs.build.workspace.node-test-linter.test.parallel"/>
		<testcase name="test-http-client-invalid-path.js" classname="- .usr.home.iojs.build.workspace.node-test-linter.test.parallel"/>
		<testcase name="test-http-client-keep-alive-release-before-finish.js" classname="- .usr.home.iojs.build.workspace.node-test-linter.test.parallel"/>
		<testcase name="test-http-client-parse-error.js" classname="- .usr.home.iojs.build.workspace.node-test-linter.test.parallel"/>
		<testcase name="test-http-client-pipe-end.js" classname="- .usr.home.iojs.build.workspace.node-test-linter.test.parallel"/>
		<testcase name="test-http-client-race-2.js" classname="- .usr.home.iojs.build.workspace.node-test-linter.test.parallel"/>
		<testcase name="test-http-client-race.js" classname="- .usr.home.iojs.build.workspace.node-test-linter.test.parallel"/>
		<testcase name="test-http-client-read-in-error.js" classname="- .usr.home.iojs.build.workspace.node-test-linter.test.parallel"/>
		<testcase name="test-http-client-readable.js" classname="- .usr.home.iojs.build.workspace.node-test-linter.test.parallel"/>
		<testcase name="test-http-client-reject-chunked-with-content-length.js" classname="- .usr.home.iojs.build.workspace.node-test-linter.test.parallel"/>
		<testcase name="test-fs-write-stream-throw-type-error.js" classname="- .usr.home.iojs.build.workspace.node-test-linter.test.parallel"/>
		<testcase name="test-fs-write-stream.js" classname="- .usr.home.iojs.build.workspace.node-test-linter.test.parallel"/>
		<testcase name="test-fs-write-string-coerce.js" classname="- .usr.home.iojs.build.workspace.node-test-linter.test.parallel"/>
		<testcase name="test-fs-write-sync.js" classname="- .usr.home.iojs.build.workspace.node-test-linter.test.parallel"/>
		<testcase name="test-fs-write.js" classname="- .usr.home.iojs.build.workspace.node-test-linter.test.parallel"/>
		<testcase name="test-gc-http-client-connaborted.js" classname="- .usr.home.iojs.build.workspace.node-test-linter.test.parallel"/>
		<testcase name="test-gc-http-client-onerror.js" classname="- .usr.home.iojs.build.workspace.node-test-linter.test.parallel"/>
		<testcase name="test-gc-http-client-timeout.js" classname="- .usr.home.iojs.build.workspace.node-test-linter.test.parallel"/>
		<testcase name="test-gc-http-client.js" classname="- .usr.home.iojs.build.workspace.node-test-linter.test.parallel"/>
		<testcase name="test-gc-net-timeout.js" classname="- .usr.home.iojs.build.workspace.node-test-linter.test.parallel"/>
		<testcase name="test-gc-tls-external-memory.js" classname="- .usr.home.iojs.build.workspace.node-test-linter.test.parallel"/>
		<testcase name="test-global-console-exists.js" classname="- .usr.home.iojs.build.workspace.node-test-linter.test.parallel"/>
		<testcase name="test-global.js" classname="- .usr.home.iojs.build.workspace.node-test-linter.test.parallel"/>
		<testcase name="test-handle-wrap-close-abort.js" classname="- .usr.home.iojs.build.workspace.node-test-linter.test.parallel"/>
		<testcase name="test-handle-wrap-isrefed.js" classname="- .usr.home.iojs.build.workspace.node-test-linter.test.parallel"/>
		<testcase name="test-heapdump-dns.js" classname="- .usr.home.iojs.build.workspace.node-test-linter.test.parallel"/>
		<testcase name="test-heapdump-fs-promise.js" classname="- .usr.home.iojs.build.workspace.node-test-linter.test.parallel"/>
		<testcase name="test-heapdump-http2.js" classname="- .usr.home.iojs.build.workspace.node-test-linter.test.parallel"/>
		<testcase name="test-heapdump-inspector.js" classname="- .usr.home.iojs.build.workspace.node-test-linter.test.parallel"/>
		<testcase name="test-heapdump-tls.js" classname="- .usr.home.iojs.build.workspace.node-test-linter.test.parallel"/>
		<testcase name="test-heapdump-worker.js" classname="- .usr.home.iojs.build.workspace.node-test-linter.test.parallel"/>
		<testcase name="test-heapdump-zlib.js" classname="- .usr.home.iojs.build.workspace.node-test-linter.test.parallel"/>
		<testcase name="test-http-1.0-keep-alive.js" classname="- .usr.home.iojs.build.workspace.node-test-linter.test.parallel"/>
		<testcase name="test-http-1.0.js" classname="- .usr.home.iojs.build.workspace.node-test-linter.test.parallel"/>
		<testcase name="test-http-abort-before-end.js" classname="- .usr.home.iojs.build.workspace.node-test-linter.test.parallel"/>
		<testcase name="test-http-abort-client.js" classname="- .usr.home.iojs.build.workspace.node-test-linter.test.parallel"/>
		<testcase name="test-http-abort-queued.js" classname="- .usr.home.iojs.build.workspace.node-test-linter.test.parallel"/>
		<testcase name="test-http-abort-stream-end.js" classname="- .usr.home.iojs.build.workspace.node-test-linter.test.parallel"/>
		<testcase name="test-http-aborted.js" classname="- .usr.home.iojs.build.workspace.node-test-linter.test.parallel"/>
		<testcase name="test-http-addrequest-localaddress.js" classname="- .usr.home.iojs.build.workspace.node-test-linter.test.parallel"/>
		<testcase name="test-http-after-connect.js" classname="- .usr.home.iojs.build.workspace.node-test-linter.test.parallel"/>
		<testcase name="test-http-agent-destroyed-socket.js" classname="- .usr.home.iojs.build.workspace.node-test-linter.test.parallel"/>
		<testcase name="test-http-agent-error-on-idle.js" classname="- .usr.home.iojs.build.workspace.node-test-linter.test.parallel"/>
		<testcase name="test-http-agent-false.js" classname="- .usr.home.iojs.build.workspace.node-test-linter.test.parallel"/>
		<testcase name="test-http-agent-getname.js" classname="- .usr.home.iojs.build.workspace.node-test-linter.test.parallel"/>
		<testcase name="test-http-agent-keepalive.js" classname="- .usr.home.iojs.build.workspace.node-test-linter.test.parallel"/>
		<testcase name="test-http-agent-maxsockets-respected.js" classname="- .usr.home.iojs.build.workspace.node-test-linter.test.parallel"/>
		<testcase name="test-http-agent-maxsockets.js" classname="- .usr.home.iojs.build.workspace.node-test-linter.test.parallel"/>
		<testcase name="test-http-agent-no-protocol.js" classname="- .usr.home.iojs.build.workspace.node-test-linter.test.parallel"/>
		<testcase name="test-http-agent-null.js" classname="- .usr.home.iojs.build.workspace.node-test-linter.test.parallel"/>
		<testcase name="test-http-client-reject-cr-no-lf.js" classname="- .usr.home.iojs.build.workspace.node-test-linter.test.parallel"/>
		<testcase name="test-http-client-reject-unexpected-agent.js" classname="- .usr.home.iojs.build.workspace.node-test-linter.test.parallel"/>
		<testcase name="test-http-client-req-error-dont-double-fire.js" classname="- .usr.home.iojs.build.workspace.node-test-linter.test.parallel"/>
		<testcase name="test-http-client-response-domain.js" classname="- .usr.home.iojs.build.workspace.node-test-linter.test.parallel"/>
		<testcase name="test-http-client-set-timeout.js" classname="- .usr.home.iojs.build.workspace.node-test-linter.test.parallel"/>
		<testcase name="test-http-client-spurious-aborted.js" classname="- .usr.home.iojs.build.workspace.node-test-linter.test.parallel"/>
		<testcase name="test-http-client-timeout-agent.js" classname="- .usr.home.iojs.build.workspace.node-test-linter.test.parallel"/>
		<testcase name="test-http-client-timeout-connect-listener.js" classname="- .usr.home.iojs.build.workspace.node-test-linter.test.parallel"/>
		<testcase name="test-http-client-timeout-event.js" classname="- .usr.home.iojs.build.workspace.node-test-linter.test.parallel"/>
		<testcase name="test-http-client-timeout-on-connect.js" classname="- .usr.home.iojs.build.workspace.node-test-linter.test.parallel"/>
		<testcase name="test-http-client-timeout-option-listeners.js" classname="- .usr.home.iojs.build.workspace.node-test-linter.test.parallel"/>
		<testcase name="test-http-client-timeout-option-with-agent.js" classname="- .usr.home.iojs.build.workspace.node-test-linter.test.parallel"/>
		<testcase name="test-http-client-timeout-option.js" classname="- .usr.home.iojs.build.workspace.node-test-linter.test.parallel"/>
		<testcase name="test-http-client-timeout-with-data.js" classname="- .usr.home.iojs.build.workspace.node-test-linter.test.parallel"/>
		<testcase name="test-http-client-timeout.js" classname="- .usr.home.iojs.build.workspace.node-test-linter.test.parallel"/>
		<testcase name="test-http-client-unescaped-path.js" classname="- .usr.home.iojs.build.workspace.node-test-linter.test.parallel"/>
		<testcase name="test-http-client-upload-buf.js" classname="- .usr.home.iojs.build.workspace.node-test-linter.test.parallel"/>
		<testcase name="test-http-client-upload.js" classname="- .usr.home.iojs.build.workspace.node-test-linter.test.parallel"/>
		<testcase name="test-http-common.js" classname="- .usr.home.iojs.build.workspace.node-test-linter.test.parallel"/>
		<testcase name="test-http-conn-reset.js" classname="- .usr.home.iojs.build.workspace.node-test-linter.test.parallel"/>
		<testcase name="test-http-connect-req-res.js" classname="- .usr.home.iojs.build.workspace.node-test-linter.test.parallel"/>
		<testcase name="test-http-connect.js" classname="- .usr.home.iojs.build.workspace.node-test-linter.test.parallel"/>
		<testcase name="test-http-content-length.js" classname="- .usr.home.iojs.build.workspace.node-test-linter.test.parallel"/>
		<testcase name="test-http-contentLength0.js" classname="- .usr.home.iojs.build.workspace.node-test-linter.test.parallel"/>
		<testcase name="test-http-correct-hostname.js" classname="- .usr.home.iojs.build.workspace.node-test-linter.test.parallel"/>
		<testcase name="test-http-createConnection.js" classname="- .usr.home.iojs.build.workspace.node-test-linter.test.parallel"/>
		<testcase name="test-http-date-header.js" classname="- .usr.home.iojs.build.workspace.node-test-linter.test.parallel"/>
		<testcase name="test-http-debug.js" classname="- .usr.home.iojs.build.workspace.node-test-linter.test.parallel"/>
		<testcase name="test-http-default-encoding.js" classname="- .usr.home.iojs.build.workspace.node-test-linter.test.parallel"/>
		<testcase name="test-http-default-port.js" classname="- .usr.home.iojs.build.workspace.node-test-linter.test.parallel"/>
		<testcase name="test-http-deprecated-urls.js" classname="- .usr.home.iojs.build.workspace.node-test-linter.test.parallel"/>
		<testcase name="test-http-destroyed-socket-write2.js" classname="- .usr.home.iojs.build.workspace.node-test-linter.test.parallel"/>
		<testcase name="test-http-dns-error.js" classname="- .usr.home.iojs.build.workspace.node-test-linter.test.parallel"/>
		<testcase name="test-http-double-content-length.js" classname="- .usr.home.iojs.build.workspace.node-test-linter.test.parallel"/>
		<testcase name="test-http-dump-req-when-res-ends.js" classname="- .usr.home.iojs.build.workspace.node-test-linter.test.parallel"/>
		<testcase name="test-http-end-throw-socket-handling.js" classname="- .usr.home.iojs.build.workspace.node-test-linter.test.parallel"/>
		<testcase name="test-http-eof-on-connect.js" classname="- .usr.home.iojs.build.workspace.node-test-linter.test.parallel"/>
		<testcase name="test-http-exceptions.js" classname="- .usr.home.iojs.build.workspace.node-test-linter.test.parallel"/>
		<testcase name="test-http-expect-continue.js" classname="- .usr.home.iojs.build.workspace.node-test-linter.test.parallel"/>
		<testcase name="test-http-expect-handling.js" classname="- .usr.home.iojs.build.workspace.node-test-linter.test.parallel"/>
		<testcase name="test-http-extra-response.js" classname="- .usr.home.iojs.build.workspace.node-test-linter.test.parallel"/>
		<testcase name="test-http-flush-headers.js" classname="- .usr.home.iojs.build.workspace.node-test-linter.test.parallel"/>
		<testcase name="test-http-flush-response-headers.js" classname="- .usr.home.iojs.build.workspace.node-test-linter.test.parallel"/>
		<testcase name="test-http-flush.js" classname="- .usr.home.iojs.build.workspace.node-test-linter.test.parallel"/>
		<testcase name="test-http-full-response.js" classname="- .usr.home.iojs.build.workspace.node-test-linter.test.parallel"/>
		<testcase name="test-http-generic-streams.js" classname="- .usr.home.iojs.build.workspace.node-test-linter.test.parallel"/>
		<testcase name="test-http-get-pipeline-problem.js" classname="- .usr.home.iojs.build.workspace.node-test-linter.test.parallel"/>
		<testcase name="test-http-head-request.js" classname="- .usr.home.iojs.build.workspace.node-test-linter.test.parallel"/>
		<testcase name="test-http-head-response-has-no-body-end.js" classname="- .usr.home.iojs.build.workspace.node-test-linter.test.parallel"/>
		<testcase name="test-http-head-response-has-no-body.js" classname="- .usr.home.iojs.build.workspace.node-test-linter.test.parallel"/>
		<testcase name="test-http-header-obstext.js" classname="- .usr.home.iojs.build.workspace.node-test-linter.test.parallel"/>
		<testcase name="test-http-header-read.js" classname="- .usr.home.iojs.build.workspace.node-test-linter.test.parallel"/>
		<testcase name="test-http-hex-write.js" classname="- .usr.home.iojs.build.workspace.node-test-linter.test.parallel"/>
		<testcase name="test-http-highwatermark.js" classname="- .usr.home.iojs.build.workspace.node-test-linter.test.parallel"/>
		<testcase name="test-http-host-header-ipv6-fail.js" classname="- .usr.home.iojs.build.workspace.node-test-linter.test.parallel"/>
		<testcase name="test-http-host-headers.js" classname="- .usr.home.iojs.build.workspace.node-test-linter.test.parallel"/>
		<testcase name="test-http-hostname-typechecking.js" classname="- .usr.home.iojs.build.workspace.node-test-linter.test.parallel"/>
		<testcase name="test-http-incoming-matchKnownFields.js" classname="- .usr.home.iojs.build.workspace.node-test-linter.test.parallel"/>
		<testcase name="test-http-incoming-pipelined-socket-destroy.js" classname="- .usr.home.iojs.build.workspace.node-test-linter.test.parallel"/>
		<testcase name="test-http-information-processing.js" classname="- .usr.home.iojs.build.workspace.node-test-linter.test.parallel"/>
		<testcase name="test-http-invalid-path-chars.js" classname="- .usr.home.iojs.build.workspace.node-test-linter.test.parallel"/>
		<testcase name="test-http-invalid-urls.js" classname="- .usr.home.iojs.build.workspace.node-test-linter.test.parallel"/>
		<testcase name="test-http-invalidheaderfield.js" classname="- .usr.home.iojs.build.workspace.node-test-linter.test.parallel"/>
		<testcase name="test-http-invalidheaderfield2.js" classname="- .usr.home.iojs.build.workspace.node-test-linter.test.parallel"/>
		<testcase name="test-http-keep-alive-close-on-header.js" classname="- .usr.home.iojs.build.workspace.node-test-linter.test.parallel"/>
		<testcase name="test-http-keep-alive.js" classname="- .usr.home.iojs.build.workspace.node-test-linter.test.parallel"/>
		<testcase name="test-http-keepalive-client.js" classname="- .usr.home.iojs.build.workspace.node-test-linter.test.parallel"/>
		<testcase name="test-http-keepalive-override.js" classname="- .usr.home.iojs.build.workspace.node-test-linter.test.parallel"/>
		<testcase name="test-http-keepalive-request.js" classname="- .usr.home.iojs.build.workspace.node-test-linter.test.parallel"/>
		<testcase name="test-http-listening.js" classname="- .usr.home.iojs.build.workspace.node-test-linter.test.parallel"/>
		<testcase name="test-http-localaddress-bind-error.js" classname="- .usr.home.iojs.build.workspace.node-test-linter.test.parallel"/>
		<testcase name="test-http-localaddress.js" classname="- .usr.home.iojs.build.workspace.node-test-linter.test.parallel"/>
		<testcase name="test-http-malformed-request.js" classname="- .usr.home.iojs.build.workspace.node-test-linter.test.parallel"/>
		<testcase name="test-http-many-ended-pipelines.js" classname="- .usr.home.iojs.build.workspace.node-test-linter.test.parallel"/>
		<testcase name="test-http-max-headers-count.js" classname="- .usr.home.iojs.build.workspace.node-test-linter.test.parallel"/>
		<testcase name="test-http-methods.js" classname="- .usr.home.iojs.build.workspace.node-test-linter.test.parallel"/>
		<testcase name="test-http-multi-line-headers.js" classname="- .usr.home.iojs.build.workspace.node-test-linter.test.parallel"/>
		<testcase name="test-http-mutable-headers.js" classname="- .usr.home.iojs.build.workspace.node-test-linter.test.parallel"/>
		<testcase name="test-http-no-content-length.js" classname="- .usr.home.iojs.build.workspace.node-test-linter.test.parallel"/>
		<testcase name="test-http-no-read-no-dump.js" classname="- .usr.home.iojs.build.workspace.node-test-linter.test.parallel"/>
		<testcase name="test-http-outgoing-finish-writable.js" classname="- .usr.home.iojs.build.workspace.node-test-linter.test.parallel"/>
		<testcase name="test-http-outgoing-finish.js" classname="- .usr.home.iojs.build.workspace.node-test-linter.test.parallel"/>
		<testcase name="test-http-outgoing-first-chunk-singlebyte-encoding.js" classname="- .usr.home.iojs.build.workspace.node-test-linter.test.parallel"/>
		<testcase name="test-http-outgoing-internal-headers.js" classname="- .usr.home.iojs.build.workspace.node-test-linter.test.parallel"/>
		<testcase name="test-http-outgoing-message-inheritance.js" classname="- .usr.home.iojs.build.workspace.node-test-linter.test.parallel"/>
		<testcase name="test-http-outgoing-proto.js" classname="- .usr.home.iojs.build.workspace.node-test-linter.test.parallel"/>
		<testcase name="test-http-outgoing-renderHeaders.js" classname="- .usr.home.iojs.build.workspace.node-test-linter.test.parallel"/>
		<testcase name="test-http-parser-bad-ref.js" classname="- .usr.home.iojs.build.workspace.node-test-linter.test.parallel"/>
		<testcase name="test-http-parser-free.js" classname="- .usr.home.iojs.build.workspace.node-test-linter.test.parallel"/>
		<testcase name="test-http-parser-freed-before-upgrade.js" classname="- .usr.home.iojs.build.workspace.node-test-linter.test.parallel"/>
		<testcase name="test-http-parser.js" classname="- .usr.home.iojs.build.workspace.node-test-linter.test.parallel"/>
		<testcase name="test-http-pause-no-dump.js" classname="- .usr.home.iojs.build.workspace.node-test-linter.test.parallel"/>
		<testcase name="test-http-pause-resume-one-end.js" classname="- .usr.home.iojs.build.workspace.node-test-linter.test.parallel"/>
		<testcase name="test-http-pause.js" classname="- .usr.home.iojs.build.workspace.node-test-linter.test.parallel"/>
		<testcase name="test-http-pipe-fs.js" classname="- .usr.home.iojs.build.workspace.node-test-linter.test.parallel"/>
		<testcase name="test-http-pipeline-assertionerror-finish.js" classname="- .usr.home.iojs.build.workspace.node-test-linter.test.parallel"/>
		<testcase name="test-http-pipeline-flood.js" classname="- .usr.home.iojs.build.workspace.node-test-linter.test.parallel"/>
		<testcase name="test-http-pipeline-requests-connection-leak.js" classname="- .usr.home.iojs.build.workspace.node-test-linter.test.parallel"/>
		<testcase name="test-http-pipeline-socket-parser-typeerror.js" classname="- .usr.home.iojs.build.workspace.node-test-linter.test.parallel"/>
		<testcase name="test-http-proxy.js" classname="- .usr.home.iojs.build.workspace.node-test-linter.test.parallel"/>
		<testcase name="test-http-raw-headers.js" classname="- .usr.home.iojs.build.workspace.node-test-linter.test.parallel"/>
		<testcase name="test-http-readable-data-event.js" classname="- .usr.home.iojs.build.workspace.node-test-linter.test.parallel"/>
		<testcase name="test-http-remove-header-stays-removed.js" classname="- .usr.home.iojs.build.workspace.node-test-linter.test.parallel"/>
		<testcase name="test-http-req-res-close.js" classname="- .usr.home.iojs.build.workspace.node-test-linter.test.parallel"/>
		<testcase name="test-http-request-agent.js" classname="- .usr.home.iojs.build.workspace.node-test-linter.test.parallel"/>
		<testcase name="test-http-request-arguments.js" classname="- .usr.home.iojs.build.workspace.node-test-linter.test.parallel"/>
		<testcase name="test-http-request-dont-override-options.js" classname="- .usr.home.iojs.build.workspace.node-test-linter.test.parallel"/>
		<testcase name="test-http-request-end-twice.js" classname="- .usr.home.iojs.build.workspace.node-test-linter.test.parallel"/>
		<testcase name="test-http-request-end.js" classname="- .usr.home.iojs.build.workspace.node-test-linter.test.parallel"/>
		<testcase name="test-http-request-invalid-method-error.js" classname="- .usr.home.iojs.build.workspace.node-test-linter.test.parallel"/>
		<testcase name="test-http-request-large-payload.js" classname="- .usr.home.iojs.build.workspace.node-test-linter.test.parallel"/>
		<testcase name="test-http-request-methods.js" classname="- .usr.home.iojs.build.workspace.node-test-linter.test.parallel"/>
		<testcase name="test-http-res-write-after-end.js" classname="- .usr.home.iojs.build.workspace.node-test-linter.test.parallel"/>
		<testcase name="test-http-res-write-end-dont-take-array.js" classname="- .usr.home.iojs.build.workspace.node-test-linter.test.parallel"/>
		<testcase name="test-http-response-add-header-after-sent.js" classname="- .usr.home.iojs.build.workspace.node-test-linter.test.parallel"/>
		<testcase name="test-http-response-close.js" classname="- .usr.home.iojs.build.workspace.node-test-linter.test.parallel"/>
		<testcase name="test-http-response-multi-content-length.js" classname="- .usr.home.iojs.build.workspace.node-test-linter.test.parallel"/>
		<testcase name="test-http-response-multiheaders.js" classname="- .usr.home.iojs.build.workspace.node-test-linter.test.parallel"/>
		<testcase name="test-http-response-no-headers.js" classname="- .usr.home.iojs.build.workspace.node-test-linter.test.parallel"/>
		<testcase name="test-http-response-readable.js" classname="- .usr.home.iojs.build.workspace.node-test-linter.test.parallel"/>
		<testcase name="test-http-response-remove-header-after-sent.js" classname="- .usr.home.iojs.build.workspace.node-test-linter.test.parallel"/>
		<testcase name="test-http-response-splitting.js" classname="- .usr.home.iojs.build.workspace.node-test-linter.test.parallel"/>
		<testcase name="test-http-response-status-message.js" classname="- .usr.home.iojs.build.workspace.node-test-linter.test.parallel"/>
		<testcase name="test-http-response-statuscode.js" classname="- .usr.home.iojs.build.workspace.node-test-linter.test.parallel"/>
		<testcase name="test-http-same-map.js" classname="- .usr.home.iojs.build.workspace.node-test-linter.test.parallel"/>
		<testcase name="test-http-server-client-error.js" classname="- .usr.home.iojs.build.workspace.node-test-linter.test.parallel"/>
		<testcase name="test-http-server-de-chunked-trailer.js" classname="- .usr.home.iojs.build.workspace.node-test-linter.test.parallel"/>
		<testcase name="test-http-server-keep-alive-timeout.js" classname="- .usr.home.iojs.build.workspace.node-test-linter.test.parallel"/>
		<testcase name="test-http-server-multiheaders.js" classname="- .usr.home.iojs.build.workspace.node-test-linter.test.parallel"/>
		<testcase name="test-http-server-multiheaders2.js" classname="- .usr.home.iojs.build.workspace.node-test-linter.test.parallel"/>
		<testcase name="test-http-server-options-incoming-message.js" classname="- .usr.home.iojs.build.workspace.node-test-linter.test.parallel"/>
		<testcase name="test-http-server-options-server-response.js" classname="- .usr.home.iojs.build.workspace.node-test-linter.test.parallel"/>
		<testcase name="test-http-server-reject-chunked-with-content-length.js" classname="- .usr.home.iojs.build.workspace.node-test-linter.test.parallel"/>
		<testcase name="test-http-server-reject-cr-no-lf.js" classname="- .usr.home.iojs.build.workspace.node-test-linter.test.parallel"/>
		<testcase name="test-http-server-response-standalone.js" classname="- .usr.home.iojs.build.workspace.node-test-linter.test.parallel"/>
		<testcase name="test-http-server-stale-close.js" classname="- .usr.home.iojs.build.workspace.node-test-linter.test.parallel"/>
		<testcase name="test-http-server-unconsume-consume.js" classname="- .usr.home.iojs.build.workspace.node-test-linter.test.parallel"/>
		<testcase name="test-http-server-unconsume.js" classname="- .usr.home.iojs.build.workspace.node-test-linter.test.parallel"/>
		<testcase name="test-http-server-write-after-end.js" classname="- .usr.home.iojs.build.workspace.node-test-linter.test.parallel"/>
		<testcase name="test-http-server.js" classname="- .usr.home.iojs.build.workspace.node-test-linter.test.parallel"/>
		<testcase name="test-http-set-cookies.js" classname="- .usr.home.iojs.build.workspace.node-test-linter.test.parallel"/>
		<testcase name="test-http-set-timeout-server.js" classname="- .usr.home.iojs.build.workspace.node-test-linter.test.parallel"/>
		<testcase name="test-http-set-timeout.js" classname="- .usr.home.iojs.build.workspace.node-test-linter.test.parallel"/>
		<testcase name="test-http-set-trailers.js" classname="- .usr.home.iojs.build.workspace.node-test-linter.test.parallel"/>
		<testcase name="test-http-should-keep-alive.js" classname="- .usr.home.iojs.build.workspace.node-test-linter.test.parallel"/>
		<testcase name="test-http-status-code.js" classname="- .usr.home.iojs.build.workspace.node-test-linter.test.parallel"/>
		<testcase name="test-http-status-message.js" classname="- .usr.home.iojs.build.workspace.node-test-linter.test.parallel"/>
		<testcase name="test-http-status-reason-invalid-chars.js" classname="- .usr.home.iojs.build.workspace.node-test-linter.test.parallel"/>
		<testcase name="test-http-timeout-client-warning.js" classname="- .usr.home.iojs.build.workspace.node-test-linter.test.parallel"/>
		<testcase name="test-http-timeout-overflow.js" classname="- .usr.home.iojs.build.workspace.node-test-linter.test.parallel"/>
		<testcase name="test-http-timeout.js" classname="- .usr.home.iojs.build.workspace.node-test-linter.test.parallel"/>
		<testcase name="test-http-unix-socket-keep-alive.js" classname="- .usr.home.iojs.build.workspace.node-test-linter.test.parallel"/>
		<testcase name="test-http-unix-socket.js" classname="- .usr.home.iojs.build.workspace.node-test-linter.test.parallel"/>
		<testcase name="test-http-upgrade-advertise.js" classname="- .usr.home.iojs.build.workspace.node-test-linter.test.parallel"/>
		<testcase name="test-http-upgrade-agent.js" classname="- .usr.home.iojs.build.workspace.node-test-linter.test.parallel"/>
		<testcase name="test-http-upgrade-binary.js" classname="- .usr.home.iojs.build.workspace.node-test-linter.test.parallel"/>
		<testcase name="test-http-upgrade-client.js" classname="- .usr.home.iojs.build.workspace.node-test-linter.test.parallel"/>
		<testcase name="test-http-upgrade-client2.js" classname="- .usr.home.iojs.build.workspace.node-test-linter.test.parallel"/>
		<testcase name="test-http-upgrade-reconsume-stream.js" classname="- .usr.home.iojs.build.workspace.node-test-linter.test.parallel"/>
		<testcase name="test-http-upgrade-server.js" classname="- .usr.home.iojs.build.workspace.node-test-linter.test.parallel"/>
		<testcase name="test-http-upgrade-server2.js" classname="- .usr.home.iojs.build.workspace.node-test-linter.test.parallel"/>
		<testcase name="test-http-url.parse-auth-with-header-in-request.js" classname="- .usr.home.iojs.build.workspace.node-test-linter.test.parallel"/>
		<testcase name="test-http-url.parse-auth.js" classname="- .usr.home.iojs.build.workspace.node-test-linter.test.parallel"/>
		<testcase name="test-http-url.parse-basic.js" classname="- .usr.home.iojs.build.workspace.node-test-linter.test.parallel"/>
		<testcase name="test-http-url.parse-https.request.js" classname="- .usr.home.iojs.build.workspace.node-test-linter.test.parallel"/>
		<testcase name="test-http-url.parse-only-support-http-https-protocol.js" classname="- .usr.home.iojs.build.workspace.node-test-linter.test.parallel"/>
		<testcase name="test-http-url.parse-path.js" classname="- .usr.home.iojs.build.workspace.node-test-linter.test.parallel"/>
		<testcase name="test-http-url.parse-post.js" classname="- .usr.home.iojs.build.workspace.node-test-linter.test.parallel"/>
		<testcase name="test-http-url.parse-search.js" classname="- .usr.home.iojs.build.workspace.node-test-linter.test.parallel"/>
		<testcase name="test-http-wget.js" classname="- .usr.home.iojs.build.workspace.node-test-linter.test.parallel"/>
		<testcase name="test-http-writable-true-after-close.js" classname="- .usr.home.iojs.build.workspace.node-test-linter.test.parallel"/>
		<testcase name="test-http-write-callbacks.js" classname="- .usr.home.iojs.build.workspace.node-test-linter.test.parallel"/>
		<testcase name="test-http-write-empty-string.js" classname="- .usr.home.iojs.build.workspace.node-test-linter.test.parallel"/>
		<testcase name="test-http-write-head.js" classname="- .usr.home.iojs.build.workspace.node-test-linter.test.parallel"/>
		<testcase name="test-http-zero-length-write.js" classname="- .usr.home.iojs.build.workspace.node-test-linter.test.parallel"/>
		<testcase name="test-http-zerolengthbuffer.js" classname="- .usr.home.iojs.build.workspace.node-test-linter.test.parallel"/>
		<testcase name="test-http.js" classname="- .usr.home.iojs.build.workspace.node-test-linter.test.parallel"/>
		<testcase name="test-http2-altsvc.js" classname="- .usr.home.iojs.build.workspace.node-test-linter.test.parallel"/>
		<testcase name="test-http2-backpressure.js" classname="- .usr.home.iojs.build.workspace.node-test-linter.test.parallel"/>
		<testcase name="test-http2-binding.js" classname="- .usr.home.iojs.build.workspace.node-test-linter.test.parallel"/>
		<testcase name="test-http2-client-data-end.js" classname="- .usr.home.iojs.build.workspace.node-test-linter.test.parallel"/>
		<testcase name="test-http2-client-destroy.js" classname="- .usr.home.iojs.build.workspace.node-test-linter.test.parallel"/>
		<testcase name="test-http2-client-http1-server.js" classname="- .usr.home.iojs.build.workspace.node-test-linter.test.parallel"/>
		<testcase name="test-http2-client-onconnect-errors.js" classname="- .usr.home.iojs.build.workspace.node-test-linter.test.parallel"/>
		<testcase name="test-http2-client-port-80.js" classname="- .usr.home.iojs.build.workspace.node-test-linter.test.parallel"/>
		<testcase name="test-http2-client-priority-before-connect.js" classname="- .usr.home.iojs.build.workspace.node-test-linter.test.parallel"/>
		<testcase name="test-http2-client-promisify-connect.js" classname="- .usr.home.iojs.build.workspace.node-test-linter.test.parallel"/>
		<testcase name="test-http2-client-request-options-errors.js" classname="- .usr.home.iojs.build.workspace.node-test-linter.test.parallel"/>
		<testcase name="test-http2-client-rststream-before-connect.js" classname="- .usr.home.iojs.build.workspace.node-test-linter.test.parallel"/>
		<testcase name="test-http2-client-set-priority.js" classname="- .usr.home.iojs.build.workspace.node-test-linter.test.parallel"/>
		<testcase name="test-http2-client-setNextStreamID-errors.js" classname="- .usr.home.iojs.build.workspace.node-test-linter.test.parallel"/>
		<testcase name="test-http2-client-settings-before-connect.js" classname="- .usr.home.iojs.build.workspace.node-test-linter.test.parallel"/>
		<testcase name="test-http2-client-shutdown-before-connect.js" classname="- .usr.home.iojs.build.workspace.node-test-linter.test.parallel"/>
		<testcase name="test-http2-client-socket-destroy.js" classname="- .usr.home.iojs.build.workspace.node-test-linter.test.parallel"/>
		<testcase name="test-http2-client-stream-destroy-before-connect.js" classname="- .usr.home.iojs.build.workspace.node-test-linter.test.parallel"/>
		<testcase name="test-http2-client-unescaped-path.js" classname="- .usr.home.iojs.build.workspace.node-test-linter.test.parallel"/>
		<testcase name="test-http2-client-upload-reject.js" classname="- .usr.home.iojs.build.workspace.node-test-linter.test.parallel"/>
		<testcase name="test-http2-client-upload.js" classname="- .usr.home.iojs.build.workspace.node-test-linter.test.parallel"/>
		<testcase name="test-http2-client-write-before-connect.js" classname="- .usr.home.iojs.build.workspace.node-test-linter.test.parallel"/>
		<testcase name="test-http2-client-write-empty-string.js" classname="- .usr.home.iojs.build.workspace.node-test-linter.test.parallel"/>
		<testcase name="test-http2-compat-aborted.js" classname="- .usr.home.iojs.build.workspace.node-test-linter.test.parallel"/>
		<testcase name="test-http2-compat-client-upload-reject.js" classname="- .usr.home.iojs.build.workspace.node-test-linter.test.parallel"/>
		<testcase name="test-http2-compat-errors.js" classname="- .usr.home.iojs.build.workspace.node-test-linter.test.parallel"/>
		<testcase name="test-http2-compat-expect-continue-check.js" classname="- .usr.home.iojs.build.workspace.node-test-linter.test.parallel"/>
		<testcase name="test-http2-compat-expect-continue.js" classname="- .usr.home.iojs.build.workspace.node-test-linter.test.parallel"/>
		<testcase name="test-http2-compat-expect-handling.js" classname="- .usr.home.iojs.build.workspace.node-test-linter.test.parallel"/>
		<testcase name="test-http2-compat-method-connect.js" classname="- .usr.home.iojs.build.workspace.node-test-linter.test.parallel"/>
		<testcase name="test-http2-compat-serverrequest-end.js" classname="- .usr.home.iojs.build.workspace.node-test-linter.test.parallel"/>
		<testcase name="test-http2-compat-serverrequest-headers.js" classname="- .usr.home.iojs.build.workspace.node-test-linter.test.parallel"/>
		<testcase name="test-http2-compat-serverrequest-pause.js" classname="- .usr.home.iojs.build.workspace.node-test-linter.test.parallel"/>
		<testcase name="test-http2-compat-serverrequest-pipe.js" classname="- .usr.home.iojs.build.workspace.node-test-linter.test.parallel"/>
		<testcase name="test-http2-compat-serverrequest-settimeout.js" classname="- .usr.home.iojs.build.workspace.node-test-linter.test.parallel"/>
		<testcase name="test-http2-compat-serverrequest-trailers.js" classname="- .usr.home.iojs.build.workspace.node-test-linter.test.parallel"/>
		<testcase name="test-http2-compat-serverrequest.js" classname="- .usr.home.iojs.build.workspace.node-test-linter.test.parallel"/>
		<testcase name="test-http2-compat-serverresponse-close.js" classname="- .usr.home.iojs.build.workspace.node-test-linter.test.parallel"/>
		<testcase name="test-http2-compat-serverresponse-createpushresponse.js" classname="- .usr.home.iojs.build.workspace.node-test-linter.test.parallel"/>
		<testcase name="test-http2-compat-serverresponse-destroy.js" classname="- .usr.home.iojs.build.workspace.node-test-linter.test.parallel"/>
		<testcase name="test-http2-compat-serverresponse-drain.js" classname="- .usr.home.iojs.build.workspace.node-test-linter.test.parallel"/>
		<testcase name="test-http2-compat-serverresponse-end-after-statuses-without-body.js" classname="- .usr.home.iojs.build.workspace.node-test-linter.test.parallel"/>
		<testcase name="test-http2-compat-serverresponse-end.js" classname="- .usr.home.iojs.build.workspace.node-test-linter.test.parallel"/>
		<testcase name="test-http2-compat-serverresponse-finished.js" classname="- .usr.home.iojs.build.workspace.node-test-linter.test.parallel"/>
		<testcase name="test-http2-compat-serverresponse-flushheaders.js" classname="- .usr.home.iojs.build.workspace.node-test-linter.test.parallel"/>
		<testcase name="test-http2-compat-serverresponse-headers-after-destroy.js" classname="- .usr.home.iojs.build.workspace.node-test-linter.test.parallel"/>
		<testcase name="test-http2-compat-serverresponse-headers.js" classname="- .usr.home.iojs.build.workspace.node-test-linter.test.parallel"/>
		<testcase name="test-http2-compat-serverresponse-settimeout.js" classname="- .usr.home.iojs.build.workspace.node-test-linter.test.parallel"/>
		<testcase name="test-http2-compat-serverresponse-statuscode.js" classname="- .usr.home.iojs.build.workspace.node-test-linter.test.parallel"/>
		<testcase name="test-http2-compat-serverresponse-statusmessage-property-set.js" classname="- .usr.home.iojs.build.workspace.node-test-linter.test.parallel"/>
		<testcase name="test-http2-compat-serverresponse-statusmessage-property.js" classname="- .usr.home.iojs.build.workspace.node-test-linter.test.parallel"/>
		<testcase name="test-http2-compat-serverresponse-statusmessage.js" classname="- .usr.home.iojs.build.workspace.node-test-linter.test.parallel"/>
		<testcase name="test-http2-compat-serverresponse-trailers.js" classname="- .usr.home.iojs.build.workspace.node-test-linter.test.parallel"/>
		<testcase name="test-http2-compat-serverresponse-write.js" classname="- .usr.home.iojs.build.workspace.node-test-linter.test.parallel"/>
		<testcase name="test-http2-compat-serverresponse-writehead.js" classname="- .usr.home.iojs.build.workspace.node-test-linter.test.parallel"/>
		<testcase name="test-http2-compat-short-stream-client-server.js" classname="- .usr.home.iojs.build.workspace.node-test-linter.test.parallel"/>
		<testcase name="test-http2-compat-socket-set.js" classname="- .usr.home.iojs.build.workspace.node-test-linter.test.parallel"/>
		<testcase name="test-http2-compat-socket.js" classname="- .usr.home.iojs.build.workspace.node-test-linter.test.parallel"/>
		<testcase name="test-http2-connect-method.js" classname="- .usr.home.iojs.build.workspace.node-test-linter.test.parallel"/>
		<testcase name="test-http2-connect.js" classname="- .usr.home.iojs.build.workspace.node-test-linter.test.parallel"/>
		<testcase name="test-http2-cookies.js" classname="- .usr.home.iojs.build.workspace.node-test-linter.test.parallel"/>
		<testcase name="test-http2-create-client-connect.js" classname="- .usr.home.iojs.build.workspace.node-test-linter.test.parallel"/>
		<testcase name="test-http2-create-client-secure-session.js" classname="- .usr.home.iojs.build.workspace.node-test-linter.test.parallel"/>
		<testcase name="test-http2-create-client-session.js" classname="- .usr.home.iojs.build.workspace.node-test-linter.test.parallel"/>
		<testcase name="test-http2-createsecureserver-nooptions.js" classname="- .usr.home.iojs.build.workspace.node-test-linter.test.parallel"/>
		<testcase name="test-http2-createwritereq.js" classname="- .usr.home.iojs.build.workspace.node-test-linter.test.parallel"/>
		<testcase name="test-http2-date-header.js" classname="- .usr.home.iojs.build.workspace.node-test-linter.test.parallel"/>
		<testcase name="test-http2-debug.js" classname="- .usr.home.iojs.build.workspace.node-test-linter.test.parallel"/>
		<testcase name="test-http2-dont-lose-data.js" classname="- .usr.home.iojs.build.workspace.node-test-linter.test.parallel"/>
		<testcase name="test-http2-dont-override.js" classname="- .usr.home.iojs.build.workspace.node-test-linter.test.parallel"/>
		<testcase name="test-http2-generic-streams-sendfile.js" classname="- .usr.home.iojs.build.workspace.node-test-linter.test.parallel"/>
		<testcase name="test-http2-generic-streams.js" classname="- .usr.home.iojs.build.workspace.node-test-linter.test.parallel"/>
		<testcase name="test-http2-getpackedsettings.js" classname="- .usr.home.iojs.build.workspace.node-test-linter.test.parallel"/>
		<testcase name="test-http2-goaway-opaquedata.js" classname="- .usr.home.iojs.build.workspace.node-test-linter.test.parallel"/>
		<testcase name="test-http2-head-request.js" classname="- .usr.home.iojs.build.workspace.node-test-linter.test.parallel"/>
		<testcase name="test-http2-https-fallback-http-server-options.js" classname="- .usr.home.iojs.build.workspace.node-test-linter.test.parallel"/>
		<testcase name="test-http2-https-fallback.js" classname="- .usr.home.iojs.build.workspace.node-test-linter.test.parallel"/>
		<testcase name="test-http2-info-headers-errors.js" classname="- .usr.home.iojs.build.workspace.node-test-linter.test.parallel"/>
		<testcase name="test-http2-info-headers.js" classname="- .usr.home.iojs.build.workspace.node-test-linter.test.parallel"/>
		<testcase name="test-http2-invalidargtypes-errors.js" classname="- .usr.home.iojs.build.workspace.node-test-linter.test.parallel"/>
		<testcase name="test-http2-large-write-close.js" classname="- .usr.home.iojs.build.workspace.node-test-linter.test.parallel"/>
		<testcase name="test-http2-large-write-destroy.js" classname="- .usr.home.iojs.build.workspace.node-test-linter.test.parallel"/>
		<testcase name="test-http2-malformed-altsvc.js" classname="- .usr.home.iojs.build.workspace.node-test-linter.test.parallel"/>
		<testcase name="test-http2-many-writes-and-destroy.js" classname="- .usr.home.iojs.build.workspace.node-test-linter.test.parallel"/>
		<testcase name="test-http2-max-concurrent-streams.js" classname="- .usr.home.iojs.build.workspace.node-test-linter.test.parallel"/>
		<testcase name="test-http2-methods.js" classname="- .usr.home.iojs.build.workspace.node-test-linter.test.parallel"/>
		<testcase name="test-http2-misbehaving-flow-control-paused.js" classname="- .usr.home.iojs.build.workspace.node-test-linter.test.parallel"/>
		<testcase name="test-http2-misbehaving-flow-control.js" classname="- .usr.home.iojs.build.workspace.node-test-linter.test.parallel"/>
		<testcase name="test-http2-misbehaving-multiplex.js" classname="- .usr.home.iojs.build.workspace.node-test-linter.test.parallel"/>
		<testcase name="test-http2-misc-util.js" classname="- .usr.home.iojs.build.workspace.node-test-linter.test.parallel"/>
		<testcase name="test-http2-misused-pseudoheaders.js" classname="- .usr.home.iojs.build.workspace.node-test-linter.test.parallel"/>
		<testcase name="test-http2-multi-content-length.js" classname="- .usr.home.iojs.build.workspace.node-test-linter.test.parallel"/>
		<testcase name="test-http2-multiheaders-raw.js" classname="- .usr.home.iojs.build.workspace.node-test-linter.test.parallel"/>
		<testcase name="test-http2-multiheaders.js" classname="- .usr.home.iojs.build.workspace.node-test-linter.test.parallel"/>
		<testcase name="test-http2-multiplex.js" classname="- .usr.home.iojs.build.workspace.node-test-linter.test.parallel"/>
		<testcase name="test-http2-no-more-streams.js" classname="- .usr.home.iojs.build.workspace.node-test-linter.test.parallel"/>
		<testcase name="test-http2-no-wanttrailers-listener.js" classname="- .usr.home.iojs.build.workspace.node-test-linter.test.parallel"/>
		<testcase name="test-http2-options-max-headers-block-length.js" classname="- .usr.home.iojs.build.workspace.node-test-linter.test.parallel"/>
		<testcase name="test-http2-options-max-reserved-streams.js" classname="- .usr.home.iojs.build.workspace.node-test-linter.test.parallel"/>
		<testcase name="test-http2-options-server-request.js" classname="- .usr.home.iojs.build.workspace.node-test-linter.test.parallel"/>
		<testcase name="test-http2-options-server-response.js" classname="- .usr.home.iojs.build.workspace.node-test-linter.test.parallel"/>
		<testcase name="test-http2-padding-aligned.js" classname="- .usr.home.iojs.build.workspace.node-test-linter.test.parallel"/>
		<testcase name="test-http2-padding-callback.js" classname="- .usr.home.iojs.build.workspace.node-test-linter.test.parallel"/>
		<testcase name="test-http2-perf_hooks.js" classname="- .usr.home.iojs.build.workspace.node-test-linter.test.parallel"/>
		<testcase name="test-http2-ping-unsolicited-ack.js" classname="- .usr.home.iojs.build.workspace.node-test-linter.test.parallel"/>
		<testcase name="test-http2-ping.js" classname="- .usr.home.iojs.build.workspace.node-test-linter.test.parallel"/>
		<testcase name="test-http2-pipe-named-pipe.js" classname="- .usr.home.iojs.build.workspace.node-test-linter.test.parallel"/>
		<testcase name="test-http2-pipe.js" classname="- .usr.home.iojs.build.workspace.node-test-linter.test.parallel"/>
		<testcase name="test-http2-priority-cycle-.js" classname="- .usr.home.iojs.build.workspace.node-test-linter.test.parallel"/>
		<testcase name="test-http2-priority-event.js" classname="- .usr.home.iojs.build.workspace.node-test-linter.test.parallel"/>
		<testcase name="test-http2-request-remove-connect-listener.js" classname="- .usr.home.iojs.build.workspace.node-test-linter.test.parallel"/>
		<testcase name="test-http2-request-response-proto.js" classname="- .usr.home.iojs.build.workspace.node-test-linter.test.parallel"/>
		<testcase name="test-http2-respond-errors.js" classname="- .usr.home.iojs.build.workspace.node-test-linter.test.parallel"/>
		<testcase name="test-http2-respond-file-204.js" classname="- .usr.home.iojs.build.workspace.node-test-linter.test.parallel"/>
		<testcase name="test-http2-respond-file-304.js" classname="- .usr.home.iojs.build.workspace.node-test-linter.test.parallel"/>
		<testcase name="test-http2-respond-file-404.js" classname="- .usr.home.iojs.build.workspace.node-test-linter.test.parallel"/>
		<testcase name="test-http2-respond-file-compat.js" classname="- .usr.home.iojs.build.workspace.node-test-linter.test.parallel"/>
		<testcase name="test-http2-respond-file-error-dir.js" classname="- .usr.home.iojs.build.workspace.node-test-linter.test.parallel"/>
		<testcase name="test-http2-respond-file-error-pipe-offset.js" classname="- .usr.home.iojs.build.workspace.node-test-linter.test.parallel"/>
		<testcase name="test-http2-respond-file-errors.js" classname="- .usr.home.iojs.build.workspace.node-test-linter.test.parallel"/>
		<testcase name="test-http2-respond-file-fd-errors.js" classname="- .usr.home.iojs.build.workspace.node-test-linter.test.parallel"/>
		<testcase name="test-http2-respond-file-fd-invalid.js" classname="- .usr.home.iojs.build.workspace.node-test-linter.test.parallel"/>
		<testcase name="test-http2-respond-file-fd-range.js" classname="- .usr.home.iojs.build.workspace.node-test-linter.test.parallel"/>
		<testcase name="test-http2-respond-file-fd.js" classname="- .usr.home.iojs.build.workspace.node-test-linter.test.parallel"/>
		<testcase name="test-http2-respond-file-push.js" classname="- .usr.home.iojs.build.workspace.node-test-linter.test.parallel"/>
		<testcase name="test-http2-respond-file-range.js" classname="- .usr.home.iojs.build.workspace.node-test-linter.test.parallel"/>
		<testcase name="test-http2-respond-file-with-pipe.js" classname="- .usr.home.iojs.build.workspace.node-test-linter.test.parallel"/>
		<testcase name="test-http2-respond-file.js" classname="- .usr.home.iojs.build.workspace.node-test-linter.test.parallel"/>
		<testcase name="test-http2-respond-nghttperrors.js" classname="- .usr.home.iojs.build.workspace.node-test-linter.test.parallel"/>
		<testcase name="test-http2-respond-no-data.js" classname="- .usr.home.iojs.build.workspace.node-test-linter.test.parallel"/>
		<testcase name="test-http2-respond-with-fd-errors.js" classname="- .usr.home.iojs.build.workspace.node-test-linter.test.parallel"/>
		<testcase name="test-http2-respond-with-file-connection-abort.js" classname="- .usr.home.iojs.build.workspace.node-test-linter.test.parallel"/>
		<testcase name="test-http2-response-splitting.js" classname="- .usr.home.iojs.build.workspace.node-test-linter.test.parallel"/>
		<testcase name="test-http2-sent-headers.js" classname="- .usr.home.iojs.build.workspace.node-test-linter.test.parallel"/>
		<testcase name="test-http2-serve-file.js" classname="- .usr.home.iojs.build.workspace.node-test-linter.test.parallel"/>
		<testcase name="test-http2-server-close-callback.js" classname="- .usr.home.iojs.build.workspace.node-test-linter.test.parallel"/>
		<testcase name="test-http2-server-errors.js" classname="- .usr.home.iojs.build.workspace.node-test-linter.test.parallel"/>
		<testcase name="test-http2-server-http1-client.js" classname="- .usr.home.iojs.build.workspace.node-test-linter.test.parallel"/>
		<testcase name="test-http2-server-push-disabled.js" classname="- .usr.home.iojs.build.workspace.node-test-linter.test.parallel"/>
		<testcase name="test-http2-server-push-stream-errors-args.js" classname="- .usr.home.iojs.build.workspace.node-test-linter.test.parallel"/>
		<testcase name="test-http2-server-push-stream-errors.js" classname="- .usr.home.iojs.build.workspace.node-test-linter.test.parallel"/>
		<testcase name="test-http2-server-push-stream-head.js" classname="- .usr.home.iojs.build.workspace.node-test-linter.test.parallel"/>
		<testcase name="test-http2-server-push-stream.js" classname="- .usr.home.iojs.build.workspace.node-test-linter.test.parallel"/>
		<testcase name="test-http2-server-rst-before-respond.js" classname="- .usr.home.iojs.build.workspace.node-test-linter.test.parallel"/>
		<testcase name="test-http2-server-rst-stream.js" classname="- .usr.home.iojs.build.workspace.node-test-linter.test.parallel"/>
		<testcase name="test-http2-server-sessionerror.js" classname="- .usr.home.iojs.build.workspace.node-test-linter.test.parallel"/>
		<testcase name="test-http2-server-set-header.js" classname="- .usr.home.iojs.build.workspace.node-test-linter.test.parallel"/>
		<testcase name="test-http2-server-settimeout-no-callback.js" classname="- .usr.home.iojs.build.workspace.node-test-linter.test.parallel"/>
		<testcase name="test-http2-server-shutdown-before-respond.js" classname="- .usr.home.iojs.build.workspace.node-test-linter.test.parallel"/>
		<testcase name="test-http2-server-shutdown-options-errors.js" classname="- .usr.home.iojs.build.workspace.node-test-linter.test.parallel"/>
		<testcase name="test-http2-server-shutdown-redundant.js" classname="- .usr.home.iojs.build.workspace.node-test-linter.test.parallel"/>
		<testcase name="test-http2-server-socket-destroy.js" classname="- .usr.home.iojs.build.workspace.node-test-linter.test.parallel"/>
		<testcase name="test-http2-server-startup.js" classname="- .usr.home.iojs.build.workspace.node-test-linter.test.parallel"/>
		<testcase name="test-http2-server-stream-session-destroy.js" classname="- .usr.home.iojs.build.workspace.node-test-linter.test.parallel"/>
		<testcase name="test-http2-server-timeout.js" classname="- .usr.home.iojs.build.workspace.node-test-linter.test.parallel"/>
		<testcase name="test-http2-session-gc-while-write-scheduled.js" classname="- .usr.home.iojs.build.workspace.node-test-linter.test.parallel"/>
		<testcase name="test-http2-session-settings.js" classname="- .usr.home.iojs.build.workspace.node-test-linter.test.parallel"/>
		<testcase name="test-http2-session-stream-state.js" classname="- .usr.home.iojs.build.workspace.node-test-linter.test.parallel"/>
		<testcase name="test-http2-session-unref.js" classname="- .usr.home.iojs.build.workspace.node-test-linter.test.parallel"/>
		<testcase name="test-http2-settings-unsolicited-ack.js" classname="- .usr.home.iojs.build.workspace.node-test-linter.test.parallel"/>
		<testcase name="test-http2-short-stream-client-server.js" classname="- .usr.home.iojs.build.workspace.node-test-linter.test.parallel"/>
		<testcase name="test-http2-single-headers.js" classname="- .usr.home.iojs.build.workspace.node-test-linter.test.parallel"/>
		<testcase name="test-http2-socket-proxy.js" classname="- .usr.home.iojs.build.workspace.node-test-linter.test.parallel"/>
		<testcase name="test-http2-status-code-invalid.js" classname="- .usr.home.iojs.build.workspace.node-test-linter.test.parallel"/>
		<testcase name="test-http2-status-code.js" classname="- .usr.home.iojs.build.workspace.node-test-linter.test.parallel"/>
		<testcase name="test-http2-stream-client.js" classname="- .usr.home.iojs.build.workspace.node-test-linter.test.parallel"/>
		<testcase name="test-http2-stream-destroy-event-order.js" classname="- .usr.home.iojs.build.workspace.node-test-linter.test.parallel"/>
		<testcase name="test-http2-timeouts.js" classname="- .usr.home.iojs.build.workspace.node-test-linter.test.parallel"/>
		<testcase name="test-http2-tls-disconnect.js" classname="- .usr.home.iojs.build.workspace.node-test-linter.test.parallel"/>
		<testcase name="test-http2-too-large-headers.js" classname="- .usr.home.iojs.build.workspace.node-test-linter.test.parallel"/>
		<testcase name="test-http2-too-many-headers.js" classname="- .usr.home.iojs.build.workspace.node-test-linter.test.parallel"/>
		<testcase name="test-http2-too-many-settings.js" classname="- .usr.home.iojs.build.workspace.node-test-linter.test.parallel"/>
		<testcase name="test-http2-too-many-streams.js" classname="- .usr.home.iojs.build.workspace.node-test-linter.test.parallel"/>
		<testcase name="test-http2-trailers.js" classname="- .usr.home.iojs.build.workspace.node-test-linter.test.parallel"/>
		<testcase name="test-http2-unbound-socket-proxy.js" classname="- .usr.home.iojs.build.workspace.node-test-linter.test.parallel"/>
		<testcase name="test-http2-util-assert-valid-pseudoheader.js" classname="- .usr.home.iojs.build.workspace.node-test-linter.test.parallel"/>
		<testcase name="test-http2-util-asserts.js" classname="- .usr.home.iojs.build.workspace.node-test-linter.test.parallel"/>
		<testcase name="test-http2-util-headers-list.js" classname="- .usr.home.iojs.build.workspace.node-test-linter.test.parallel"/>
		<testcase name="test-http2-util-nghttp2error.js" classname="- .usr.home.iojs.build.workspace.node-test-linter.test.parallel"/>
		<testcase name="test-http2-util-update-options-buffer.js" classname="- .usr.home.iojs.build.workspace.node-test-linter.test.parallel"/>
		<testcase name="test-http2-window-size.js" classname="- .usr.home.iojs.build.workspace.node-test-linter.test.parallel"/>
		<testcase name="test-http2-write-callbacks.js" classname="- .usr.home.iojs.build.workspace.node-test-linter.test.parallel"/>
		<testcase name="test-http2-write-empty-string.js" classname="- .usr.home.iojs.build.workspace.node-test-linter.test.parallel"/>
		<testcase name="test-http2-write-finishes-after-stream-destroy.js" classname="- .usr.home.iojs.build.workspace.node-test-linter.test.parallel"/>
		<testcase name="test-http2-zero-length-write.js" classname="- .usr.home.iojs.build.workspace.node-test-linter.test.parallel"/>
		<testcase name="test-https-agent-additional-options.js" classname="- .usr.home.iojs.build.workspace.node-test-linter.test.parallel"/>
		<testcase name="test-https-agent-constructor.js" classname="- .usr.home.iojs.build.workspace.node-test-linter.test.parallel"/>
		<testcase name="test-https-agent-create-connection.js" classname="- .usr.home.iojs.build.workspace.node-test-linter.test.parallel"/>
		<testcase name="test-https-agent-disable-session-reuse.js" classname="- .usr.home.iojs.build.workspace.node-test-linter.test.parallel"/>
		<testcase name="test-https-agent-getname.js" classname="- .usr.home.iojs.build.workspace.node-test-linter.test.parallel"/>
		<testcase name="test-https-agent-servername.js" classname="- .usr.home.iojs.build.workspace.node-test-linter.test.parallel"/>
		<testcase name="test-https-agent-session-eviction.js" classname="- .usr.home.iojs.build.workspace.node-test-linter.test.parallel"/>
		<testcase name="test-https-agent-session-reuse.js" classname="- .usr.home.iojs.build.workspace.node-test-linter.test.parallel"/>
		<testcase name="test-https-agent-sni.js" classname="- .usr.home.iojs.build.workspace.node-test-linter.test.parallel"/>
		<testcase name="test-https-agent-sockets-leak.js" classname="- .usr.home.iojs.build.workspace.node-test-linter.test.parallel"/>
		<testcase name="test-https-agent.js" classname="- .usr.home.iojs.build.workspace.node-test-linter.test.parallel"/>
		<testcase name="test-https-argument-of-creating.js" classname="- .usr.home.iojs.build.workspace.node-test-linter.test.parallel"/>
		<testcase name="test-https-byteswritten.js" classname="- .usr.home.iojs.build.workspace.node-test-linter.test.parallel"/>
		<testcase name="test-https-client-checkServerIdentity.js" classname="- .usr.home.iojs.build.workspace.node-test-linter.test.parallel"/>
		<testcase name="test-https-client-get-url.js" classname="- .usr.home.iojs.build.workspace.node-test-linter.test.parallel"/>
		<testcase name="test-https-client-reject.js" classname="- .usr.home.iojs.build.workspace.node-test-linter.test.parallel"/>
		<testcase name="test-https-client-resume.js" classname="- .usr.home.iojs.build.workspace.node-test-linter.test.parallel"/>
		<testcase name="test-https-close.js" classname="- .usr.home.iojs.build.workspace.node-test-linter.test.parallel"/>
		<testcase name="test-https-connect-address-family.js" classname="- .usr.home.iojs.build.workspace.node-test-linter.test.parallel"/>
		<testcase name="test-https-connecting-to-http.js" classname="- .usr.home.iojs.build.workspace.node-test-linter.test.parallel"/>
		<testcase name="test-https-drain.js" classname="- .usr.home.iojs.build.workspace.node-test-linter.test.parallel"/>
		<testcase name="test-https-eof-for-eom.js" classname="- .usr.home.iojs.build.workspace.node-test-linter.test.parallel"/>
		<testcase name="test-https-foafssl.js" classname="- .usr.home.iojs.build.workspace.node-test-linter.test.parallel"/>
		<testcase name="test-https-host-headers.js" classname="- .usr.home.iojs.build.workspace.node-test-linter.test.parallel"/>
		<testcase name="test-https-localaddress-bind-error.js" classname="- .usr.home.iojs.build.workspace.node-test-linter.test.parallel"/>
		<testcase name="test-https-localaddress.js" classname="- .usr.home.iojs.build.workspace.node-test-linter.test.parallel"/>
		<testcase name="test-https-max-headers-count.js" classname="- .usr.home.iojs.build.workspace.node-test-linter.test.parallel"/>
		<testcase name="test-https-options-boolean-check.js" classname="- .usr.home.iojs.build.workspace.node-test-linter.test.parallel"/>
		<testcase name="test-https-pfx.js" classname="- .usr.home.iojs.build.workspace.node-test-linter.test.parallel"/>
		<testcase name="test-https-request-arguments.js" classname="- .usr.home.iojs.build.workspace.node-test-linter.test.parallel"/>
		<testcase name="test-https-resume-after-renew.js" classname="- .usr.home.iojs.build.workspace.node-test-linter.test.parallel"/>
		<testcase name="test-https-server-options-incoming-message.js" classname="- .usr.home.iojs.build.workspace.node-test-linter.test.parallel"/>
		<testcase name="test-https-server-options-server-response.js" classname="- .usr.home.iojs.build.workspace.node-test-linter.test.parallel"/>
		<testcase name="test-https-set-timeout-server.js" classname="- .usr.home.iojs.build.workspace.node-test-linter.test.parallel"/>
		<testcase name="test-https-simple.js" classname="- .usr.home.iojs.build.workspace.node-test-linter.test.parallel"/>
		<testcase name="test-https-socket-options.js" classname="- .usr.home.iojs.build.workspace.node-test-linter.test.parallel"/>
		<testcase name="test-https-strict.js" classname="- .usr.home.iojs.build.workspace.node-test-linter.test.parallel"/>
		<testcase name="test-https-timeout-server-2.js" classname="- .usr.home.iojs.build.workspace.node-test-linter.test.parallel"/>
		<testcase name="test-https-timeout-server.js" classname="- .usr.home.iojs.build.workspace.node-test-linter.test.parallel"/>
		<testcase name="test-https-timeout.js" classname="- .usr.home.iojs.build.workspace.node-test-linter.test.parallel"/>
		<testcase name="test-https-truncate.js" classname="- .usr.home.iojs.build.workspace.node-test-linter.test.parallel"/>
		<testcase name="test-https-unix-socket-self-signed.js" classname="- .usr.home.iojs.build.workspace.node-test-linter.test.parallel"/>
		<testcase name="test-icu-data-dir.js" classname="- .usr.home.iojs.build.workspace.node-test-linter.test.parallel"/>
		<testcase name="test-icu-punycode.js" classname="- .usr.home.iojs.build.workspace.node-test-linter.test.parallel"/>
		<testcase name="test-icu-stringwidth.js" classname="- .usr.home.iojs.build.workspace.node-test-linter.test.parallel"/>
		<testcase name="test-icu-transcode.js" classname="- .usr.home.iojs.build.workspace.node-test-linter.test.parallel"/>
		<testcase name="test-inspect-async-hook-setup-at-inspect.js" classname="- .usr.home.iojs.build.workspace.node-test-linter.test.parallel"/>
		<testcase name="test-inspect-support-for-node_options.js" classname="- .usr.home.iojs.build.workspace.node-test-linter.test.parallel"/>
		<testcase name="test-inspector-esm.js" classname="- .usr.home.iojs.build.workspace.node-test-linter.test.parallel"/>
		<testcase name="test-inspector-multisession-js.js" classname="- .usr.home.iojs.build.workspace.node-test-linter.test.parallel"/>
		<testcase name="test-inspector-multisession-ws.js" classname="- .usr.home.iojs.build.workspace.node-test-linter.test.parallel"/>
		<testcase name="test-inspector-port-zero-cluster.js" classname="- .usr.home.iojs.build.workspace.node-test-linter.test.parallel"/>
		<testcase name="test-inspector-reported-host.js" classname="- .usr.home.iojs.build.workspace.node-test-linter.test.parallel"/>
		<testcase name="test-inspector-tracing-domain.js" classname="- .usr.home.iojs.build.workspace.node-test-linter.test.parallel"/>
		<testcase name="test-instanceof.js" classname="- .usr.home.iojs.build.workspace.node-test-linter.test.parallel"/>
		<testcase name="test-internal-errors.js" classname="- .usr.home.iojs.build.workspace.node-test-linter.test.parallel"/>
		<testcase name="test-internal-fs-syncwritestream.js" classname="- .usr.home.iojs.build.workspace.node-test-linter.test.parallel"/>
		<testcase name="test-internal-fs.js" classname="- .usr.home.iojs.build.workspace.node-test-linter.test.parallel"/>
		<testcase name="test-internal-module-map-asserts.js" classname="- .usr.home.iojs.build.workspace.node-test-linter.test.parallel"/>
		<testcase name="test-internal-module-wrap.js" classname="- .usr.home.iojs.build.workspace.node-test-linter.test.parallel"/>
		<testcase name="test-internal-modules-expose.js" classname="- .usr.home.iojs.build.workspace.node-test-linter.test.parallel"/>
		<testcase name="test-internal-modules-strip-shebang.js" classname="- .usr.home.iojs.build.workspace.node-test-linter.test.parallel"/>
		<testcase name="test-internal-modules.js" classname="- .usr.home.iojs.build.workspace.node-test-linter.test.parallel"/>
		<testcase name="test-internal-process-binding.js" classname="- .usr.home.iojs.build.workspace.node-test-linter.test.parallel"/>
		<testcase name="test-internal-socket-list-receive.js" classname="- .usr.home.iojs.build.workspace.node-test-linter.test.parallel"/>
		<testcase name="test-internal-socket-list-send.js" classname="- .usr.home.iojs.build.workspace.node-test-linter.test.parallel"/>
		<testcase name="test-internal-unicode.js" classname="- .usr.home.iojs.build.workspace.node-test-linter.test.parallel"/>
		<testcase name="test-internal-util-assertCrypto.js" classname="- .usr.home.iojs.build.workspace.node-test-linter.test.parallel"/>
		<testcase name="test-internal-util-classwrapper.js" classname="- .usr.home.iojs.build.workspace.node-test-linter.test.parallel"/>
		<testcase name="test-internal-util-decorate-error-stack.js" classname="- .usr.home.iojs.build.workspace.node-test-linter.test.parallel"/>
		<testcase name="test-internal-util-normalizeencoding.js" classname="- .usr.home.iojs.build.workspace.node-test-linter.test.parallel"/>
		<testcase name="test-intl-v8BreakIterator.js" classname="- .usr.home.iojs.build.workspace.node-test-linter.test.parallel"/>
		<testcase name="test-intl.js" classname="- .usr.home.iojs.build.workspace.node-test-linter.test.parallel"/>
		<testcase name="test-js-stream-call-properties.js" classname="- .usr.home.iojs.build.workspace.node-test-linter.test.parallel"/>
		<testcase name="test-kill-segfault-freebsd.js" classname="- .usr.home.iojs.build.workspace.node-test-linter.test.parallel"/>
		<testcase name="test-listen-fd-cluster.js" classname="- .usr.home.iojs.build.workspace.node-test-linter.test.parallel"/>
		<testcase name="test-listen-fd-detached-inherit.js" classname="- .usr.home.iojs.build.workspace.node-test-linter.test.parallel"/>
		<testcase name="test-listen-fd-detached.js" classname="- .usr.home.iojs.build.workspace.node-test-linter.test.parallel"/>
		<testcase name="test-listen-fd-ebadf.js" classname="- .usr.home.iojs.build.workspace.node-test-linter.test.parallel"/>
		<testcase name="test-listen-fd-server.js" classname="- .usr.home.iojs.build.workspace.node-test-linter.test.parallel"/>
		<testcase name="test-loaders-hidden-from-users.js" classname="- .usr.home.iojs.build.workspace.node-test-linter.test.parallel"/>
		<testcase name="test-memory-usage-emfile.js" classname="- .usr.home.iojs.build.workspace.node-test-linter.test.parallel"/>
		<testcase name="test-memory-usage.js" classname="- .usr.home.iojs.build.workspace.node-test-linter.test.parallel"/>
		<testcase name="test-microtask-queue-integration-domain.js" classname="- .usr.home.iojs.build.workspace.node-test-linter.test.parallel"/>
		<testcase name="test-microtask-queue-integration.js" classname="- .usr.home.iojs.build.workspace.node-test-linter.test.parallel"/>
		<testcase name="test-microtask-queue-run-domain.js" classname="- .usr.home.iojs.build.workspace.node-test-linter.test.parallel"/>
		<testcase name="test-microtask-queue-run-immediate-domain.js" classname="- .usr.home.iojs.build.workspace.node-test-linter.test.parallel"/>
		<testcase name="test-microtask-queue-run-immediate.js" classname="- .usr.home.iojs.build.workspace.node-test-linter.test.parallel"/>
		<testcase name="test-microtask-queue-run.js" classname="- .usr.home.iojs.build.workspace.node-test-linter.test.parallel"/>
		<testcase name="test-module-binding.js" classname="- .usr.home.iojs.build.workspace.node-test-linter.test.parallel"/>
		<testcase name="test-module-builtin.js" classname="- .usr.home.iojs.build.workspace.node-test-linter.test.parallel"/>
		<testcase name="test-module-children.js" classname="- .usr.home.iojs.build.workspace.node-test-linter.test.parallel"/>
		<testcase name="test-module-circular-symlinks.js" classname="- .usr.home.iojs.build.workspace.node-test-linter.test.parallel"/>
		<testcase name="test-module-cjs-helpers.js" classname="- .usr.home.iojs.build.workspace.node-test-linter.test.parallel"/>
		<testcase name="test-module-globalpaths-nodepath.js" classname="- .usr.home.iojs.build.workspace.node-test-linter.test.parallel"/>
		<testcase name="test-module-loading-error.js" classname="- .usr.home.iojs.build.workspace.node-test-linter.test.parallel"/>
		<testcase name="test-module-loading-globalpaths.js" classname="- .usr.home.iojs.build.workspace.node-test-linter.test.parallel"/>
		<testcase name="test-module-main-extension-lookup.js" classname="- .usr.home.iojs.build.workspace.node-test-linter.test.parallel"/>
		<testcase name="test-module-main-fail.js" classname="- .usr.home.iojs.build.workspace.node-test-linter.test.parallel"/>
		<testcase name="test-module-main-preserve-symlinks-fail.js" classname="- .usr.home.iojs.build.workspace.node-test-linter.test.parallel"/>
		<testcase name="test-module-nodemodulepaths.js" classname="- .usr.home.iojs.build.workspace.node-test-linter.test.parallel"/>
		<testcase name="test-module-readonly.js" classname="- .usr.home.iojs.build.workspace.node-test-linter.test.parallel"/>
		<testcase name="test-module-relative-lookup.js" classname="- .usr.home.iojs.build.workspace.node-test-linter.test.parallel"/>
		<testcase name="test-module-require-depth.js" classname="- .usr.home.iojs.build.workspace.node-test-linter.test.parallel"/>
		<testcase name="test-module-symlinked-peer-modules.js" classname="- .usr.home.iojs.build.workspace.node-test-linter.test.parallel"/>
		<testcase name="test-module-version.js" classname="- .usr.home.iojs.build.workspace.node-test-linter.test.parallel"/>
		<testcase name="test-net-access-byteswritten.js" classname="- .usr.home.iojs.build.workspace.node-test-linter.test.parallel"/>
		<testcase name="test-net-after-close.js" classname="- .usr.home.iojs.build.workspace.node-test-linter.test.parallel"/>
		<testcase name="test-net-better-error-messages-listen-path.js" classname="- .usr.home.iojs.build.workspace.node-test-linter.test.parallel"/>
		<testcase name="test-net-better-error-messages-listen.js" classname="- .usr.home.iojs.build.workspace.node-test-linter.test.parallel"/>
		<testcase name="test-net-better-error-messages-path.js" classname="- .usr.home.iojs.build.workspace.node-test-linter.test.parallel"/>
		<testcase name="test-net-better-error-messages-port-hostname.js" classname="- .usr.home.iojs.build.workspace.node-test-linter.test.parallel"/>
		<testcase name="test-net-binary.js" classname="- .usr.home.iojs.build.workspace.node-test-linter.test.parallel"/>
		<testcase name="test-net-bind-twice.js" classname="- .usr.home.iojs.build.workspace.node-test-linter.test.parallel"/>
		<testcase name="test-net-buffersize.js" classname="- .usr.home.iojs.build.workspace.node-test-linter.test.parallel"/>
		<testcase name="test-net-bytes-read.js" classname="- .usr.home.iojs.build.workspace.node-test-linter.test.parallel"/>
		<testcase name="test-net-bytes-stats.js" classname="- .usr.home.iojs.build.workspace.node-test-linter.test.parallel"/>
		<testcase name="test-net-bytes-written-large.js" classname="- .usr.home.iojs.build.workspace.node-test-linter.test.parallel"/>
		<testcase name="test-net-can-reset-timeout.js" classname="- .usr.home.iojs.build.workspace.node-test-linter.test.parallel"/>
		<testcase name="test-net-client-bind-twice.js" classname="- .usr.home.iojs.build.workspace.node-test-linter.test.parallel"/>
		<testcase name="test-net-connect-after-destroy.js" classname="- .usr.home.iojs.build.workspace.node-test-linter.test.parallel"/>
		<testcase name="test-net-connect-buffer.js" classname="- .usr.home.iojs.build.workspace.node-test-linter.test.parallel"/>
		<testcase name="test-net-connect-call-socket-connect.js" classname="- .usr.home.iojs.build.workspace.node-test-linter.test.parallel"/>
		<testcase name="test-net-connect-handle-econnrefused.js" classname="- .usr.home.iojs.build.workspace.node-test-linter.test.parallel"/>
		<testcase name="test-net-connect-immediate-destroy.js" classname="- .usr.home.iojs.build.workspace.node-test-linter.test.parallel"/>
		<testcase name="test-net-connect-immediate-finish.js" classname="- .usr.home.iojs.build.workspace.node-test-linter.test.parallel"/>
		<testcase name="test-net-connect-memleak.js" classname="- .usr.home.iojs.build.workspace.node-test-linter.test.parallel"/>
		<testcase name="test-net-connect-options-allowhalfopen.js" classname="- .usr.home.iojs.build.workspace.node-test-linter.test.parallel"/>
		<testcase name="test-net-connect-options-fd.js" classname="- .usr.home.iojs.build.workspace.node-test-linter.test.parallel"/>
		<testcase name="test-net-connect-options-ipv6.js" classname="- .usr.home.iojs.build.workspace.node-test-linter.test.parallel"/>
		<testcase name="test-net-connect-options-path.js" classname="- .usr.home.iojs.build.workspace.node-test-linter.test.parallel"/>
		<testcase name="test-net-connect-options-port.js" classname="- .usr.home.iojs.build.workspace.node-test-linter.test.parallel"/>
		<testcase name="test-net-connect-paused-connection.js" classname="- .usr.home.iojs.build.workspace.node-test-linter.test.parallel"/>
		<testcase name="test-net-dns-custom-lookup.js" classname="- .usr.home.iojs.build.workspace.node-test-linter.test.parallel"/>
		<testcase name="test-net-dns-error.js" classname="- .usr.home.iojs.build.workspace.node-test-linter.test.parallel"/>
		<testcase name="test-net-dns-lookup-skip.js" classname="- .usr.home.iojs.build.workspace.node-test-linter.test.parallel"/>
		<testcase name="test-net-dns-lookup.js" classname="- .usr.home.iojs.build.workspace.node-test-linter.test.parallel"/>
		<testcase name="test-net-during-close.js" classname="- .usr.home.iojs.build.workspace.node-test-linter.test.parallel"/>
		<testcase name="test-net-eaddrinuse.js" classname="- .usr.home.iojs.build.workspace.node-test-linter.test.parallel"/>
		<testcase name="test-net-end-close.js" classname="- .usr.home.iojs.build.workspace.node-test-linter.test.parallel"/>
		<testcase name="test-net-end-without-connect.js" classname="- .usr.home.iojs.build.workspace.node-test-linter.test.parallel"/>
		<testcase name="test-net-error-twice.js" classname="- .usr.home.iojs.build.workspace.node-test-linter.test.parallel"/>
		<testcase name="test-net-internal.js" classname="- .usr.home.iojs.build.workspace.node-test-linter.test.parallel"/>
		<testcase name="test-net-isip.js" classname="- .usr.home.iojs.build.workspace.node-test-linter.test.parallel"/>
		<testcase name="test-net-isipv4.js" classname="- .usr.home.iojs.build.workspace.node-test-linter.test.parallel"/>
		<testcase name="test-net-isipv6.js" classname="- .usr.home.iojs.build.workspace.node-test-linter.test.parallel"/>
		<testcase name="test-net-keepalive.js" classname="- .usr.home.iojs.build.workspace.node-test-linter.test.parallel"/>
		<testcase name="test-net-large-string.js" classname="- .usr.home.iojs.build.workspace.node-test-linter.test.parallel"/>
		<testcase name="test-net-listen-after-destroying-stdin.js" classname="- .usr.home.iojs.build.workspace.node-test-linter.test.parallel"/>
		<testcase name="test-net-listen-close-server-callback-is-not-function.js" classname="- .usr.home.iojs.build.workspace.node-test-linter.test.parallel"/>
		<testcase name="test-net-listen-close-server.js" classname="- .usr.home.iojs.build.workspace.node-test-linter.test.parallel"/>
		<testcase name="test-net-listen-error.js" classname="- .usr.home.iojs.build.workspace.node-test-linter.test.parallel"/>
		<testcase name="test-net-listen-exclusive-random-ports.js" classname="- .usr.home.iojs.build.workspace.node-test-linter.test.parallel"/>
		<testcase name="test-net-listen-fd0.js" classname="- .usr.home.iojs.build.workspace.node-test-linter.test.parallel"/>
		<testcase name="test-net-listen-invalid-port.js" classname="- .usr.home.iojs.build.workspace.node-test-linter.test.parallel"/>
		<testcase name="test-net-listening.js" classname="- .usr.home.iojs.build.workspace.node-test-linter.test.parallel"/>
		<testcase name="test-net-local-address-port.js" classname="- .usr.home.iojs.build.workspace.node-test-linter.test.parallel"/>
		<testcase name="test-net-localerror.js" classname="- .usr.home.iojs.build.workspace.node-test-linter.test.parallel"/>
		<testcase name="test-net-normalize-args.js" classname="- .usr.home.iojs.build.workspace.node-test-linter.test.parallel"/>
		<testcase name="test-net-options-lookup.js" classname="- .usr.home.iojs.build.workspace.node-test-linter.test.parallel"/>
		<testcase name="test-net-pause-resume-connecting.js" classname="- .usr.home.iojs.build.workspace.node-test-linter.test.parallel"/>
		<testcase name="test-net-persistent-keepalive.js" classname="- .usr.home.iojs.build.workspace.node-test-linter.test.parallel"/>
		<testcase name="test-net-persistent-nodelay.js" classname="- .usr.home.iojs.build.workspace.node-test-linter.test.parallel"/>
		<testcase name="test-net-persistent-ref-unref.js" classname="- .usr.home.iojs.build.workspace.node-test-linter.test.parallel"/>
		<testcase name="test-net-pingpong.js" classname="- .usr.home.iojs.build.workspace.node-test-linter.test.parallel"/>
		<testcase name="test-net-pipe-connect-errors.js" classname="- .usr.home.iojs.build.workspace.node-test-linter.test.parallel"/>
		<testcase name="test-net-reconnect.js" classname="- .usr.home.iojs.build.workspace.node-test-linter.test.parallel"/>
		<testcase name="test-net-remote-address-port.js" classname="- .usr.home.iojs.build.workspace.node-test-linter.test.parallel"/>
		<testcase name="test-net-server-call-listen-multiple-times.js" classname="- .usr.home.iojs.build.workspace.node-test-linter.test.parallel"/>
		<testcase name="test-net-server-close.js" classname="- .usr.home.iojs.build.workspace.node-test-linter.test.parallel"/>
		<testcase name="test-net-server-connections-child-null.js" classname="- .usr.home.iojs.build.workspace.node-test-linter.test.parallel"/>
		<testcase name="test-net-server-connections.js" classname="- .usr.home.iojs.build.workspace.node-test-linter.test.parallel"/>
		<testcase name="test-net-server-listen-handle.js" classname="- .usr.home.iojs.build.workspace.node-test-linter.test.parallel"/>
		<testcase name="test-net-server-listen-options.js" classname="- .usr.home.iojs.build.workspace.node-test-linter.test.parallel"/>
		<testcase name="test-net-server-listen-path.js" classname="- .usr.home.iojs.build.workspace.node-test-linter.test.parallel"/>
		<testcase name="test-net-server-listen-remove-callback.js" classname="- .usr.home.iojs.build.workspace.node-test-linter.test.parallel"/>
		<testcase name="test-net-server-max-connections-close-makes-more-available.js" classname="- .usr.home.iojs.build.workspace.node-test-linter.test.parallel"/>
		<testcase name="test-net-server-max-connections.js" classname="- .usr.home.iojs.build.workspace.node-test-linter.test.parallel"/>
		<testcase name="test-net-server-options.js" classname="- .usr.home.iojs.build.workspace.node-test-linter.test.parallel"/>
		<testcase name="test-net-server-pause-on-connect.js" classname="- .usr.home.iojs.build.workspace.node-test-linter.test.parallel"/>
		<testcase name="test-net-server-try-ports.js" classname="- .usr.home.iojs.build.workspace.node-test-linter.test.parallel"/>
		<testcase name="test-net-server-unref-persistent.js" classname="- .usr.home.iojs.build.workspace.node-test-linter.test.parallel"/>
		<testcase name="test-net-server-unref.js" classname="- .usr.home.iojs.build.workspace.node-test-linter.test.parallel"/>
		<testcase name="test-net-settimeout.js" classname="- .usr.home.iojs.build.workspace.node-test-linter.test.parallel"/>
		<testcase name="test-net-socket-byteswritten.js" classname="- .usr.home.iojs.build.workspace.node-test-linter.test.parallel"/>
		<testcase name="test-net-socket-close-after-end.js" classname="- .usr.home.iojs.build.workspace.node-test-linter.test.parallel"/>
		<testcase name="test-net-socket-connect-without-cb.js" classname="- .usr.home.iojs.build.workspace.node-test-linter.test.parallel"/>
		<testcase name="test-net-socket-connecting.js" classname="- .usr.home.iojs.build.workspace.node-test-linter.test.parallel"/>
		<testcase name="test-net-socket-constructor.js" classname="- .usr.home.iojs.build.workspace.node-test-linter.test.parallel"/>
		<testcase name="test-net-socket-destroy-send.js" classname="- .usr.home.iojs.build.workspace.node-test-linter.test.parallel"/>
		<testcase name="test-net-socket-destroy-twice.js" classname="- .usr.home.iojs.build.workspace.node-test-linter.test.parallel"/>
		<testcase name="test-net-socket-end-before-connect.js" classname="- .usr.home.iojs.build.workspace.node-test-linter.test.parallel"/>
		<testcase name="test-net-socket-local-address.js" classname="- .usr.home.iojs.build.workspace.node-test-linter.test.parallel"/>
		<testcase name="test-net-socket-no-halfopen-enforcer.js" classname="- .usr.home.iojs.build.workspace.node-test-linter.test.parallel"/>
		<testcase name="test-net-socket-ready-without-cb.js" classname="- .usr.home.iojs.build.workspace.node-test-linter.test.parallel"/>
		<testcase name="test-net-socket-timeout-unref.js" classname="- .usr.home.iojs.build.workspace.node-test-linter.test.parallel"/>
		<testcase name="test-net-socket-timeout.js" classname="- .usr.home.iojs.build.workspace.node-test-linter.test.parallel"/>
		<testcase name="test-net-socket-write-after-close.js" classname="- .usr.home.iojs.build.workspace.node-test-linter.test.parallel"/>
		<testcase name="test-performance-function.js" classname="- .usr.home.iojs.build.workspace.node-test-linter.test.parallel"/>
		<testcase name="test-performance-gc.js" classname="- .usr.home.iojs.build.workspace.node-test-linter.test.parallel"/>
		<testcase name="test-performanceobserver.js" classname="- .usr.home.iojs.build.workspace.node-test-linter.test.parallel"/>
		<testcase name="test-pipe-address.js" classname="- .usr.home.iojs.build.workspace.node-test-linter.test.parallel"/>
		<testcase name="test-pipe-file-to-http.js" classname="- .usr.home.iojs.build.workspace.node-test-linter.test.parallel"/>
		<testcase name="test-pipe-head.js" classname="- .usr.home.iojs.build.workspace.node-test-linter.test.parallel"/>
		<testcase name="test-pipe-outgoing-message-data-emitted-after-ended.js" classname="- .usr.home.iojs.build.workspace.node-test-linter.test.parallel"/>
		<testcase name="test-pipe-return-val.js" classname="- .usr.home.iojs.build.workspace.node-test-linter.test.parallel"/>
		<testcase name="test-pipe-stream.js" classname="- .usr.home.iojs.build.workspace.node-test-linter.test.parallel"/>
		<testcase name="test-pipe-unref.js" classname="- .usr.home.iojs.build.workspace.node-test-linter.test.parallel"/>
		<testcase name="test-pipe-writev.js" classname="- .usr.home.iojs.build.workspace.node-test-linter.test.parallel"/>
		<testcase name="test-preload.js" classname="- .usr.home.iojs.build.workspace.node-test-linter.test.parallel"/>
		<testcase name="test-priority-queue.js" classname="- .usr.home.iojs.build.workspace.node-test-linter.test.parallel"/>
		<testcase name="test-process-argv-0.js" classname="- .usr.home.iojs.build.workspace.node-test-linter.test.parallel"/>
		<testcase name="test-process-assert.js" classname="- .usr.home.iojs.build.workspace.node-test-linter.test.parallel"/>
		<testcase name="test-process-beforeexit.js" classname="- .usr.home.iojs.build.workspace.node-test-linter.test.parallel"/>
		<testcase name="test-process-binding-internalbinding-whitelist.js" classname="- .usr.home.iojs.build.workspace.node-test-linter.test.parallel"/>
		<testcase name="test-process-binding.js" classname="- .usr.home.iojs.build.workspace.node-test-linter.test.parallel"/>
		<testcase name="test-process-chdir-errormessage.js" classname="- .usr.home.iojs.build.workspace.node-test-linter.test.parallel"/>
		<testcase name="test-process-chdir.js" classname="- .usr.home.iojs.build.workspace.node-test-linter.test.parallel"/>
		<testcase name="test-process-config.js" classname="- .usr.home.iojs.build.workspace.node-test-linter.test.parallel"/>
		<testcase name="test-process-constants-noatime.js" classname="- .usr.home.iojs.build.workspace.node-test-linter.test.parallel"/>
		<testcase name="test-process-cpuUsage.js" classname="- .usr.home.iojs.build.workspace.node-test-linter.test.parallel"/>
		<testcase name="test-process-dlopen-undefined-exports.js" classname="- .usr.home.iojs.build.workspace.node-test-linter.test.parallel"/>
		<testcase name="test-process-domain-segfault.js" classname="- .usr.home.iojs.build.workspace.node-test-linter.test.parallel"/>
		<testcase name="test-process-emit-warning-from-native.js" classname="- .usr.home.iojs.build.workspace.node-test-linter.test.parallel"/>
		<testcase name="test-process-emit.js" classname="- .usr.home.iojs.build.workspace.node-test-linter.test.parallel"/>
		<testcase name="test-process-emitwarning.js" classname="- .usr.home.iojs.build.workspace.node-test-linter.test.parallel"/>
		<testcase name="test-process-env-allowed-flags.js" classname="- .usr.home.iojs.build.workspace.node-test-linter.test.parallel"/>
		<testcase name="test-process-env-deprecation.js" classname="- .usr.home.iojs.build.workspace.node-test-linter.test.parallel"/>
		<testcase name="test-process-env-symbols.js" classname="- .usr.home.iojs.build.workspace.node-test-linter.test.parallel"/>
		<testcase name="test-process-env-windows-error-reset.js" classname="- .usr.home.iojs.build.workspace.node-test-linter.test.parallel"/>
		<testcase name="test-process-env.js" classname="- .usr.home.iojs.build.workspace.node-test-linter.test.parallel"/>
		<testcase name="test-process-euid-egid.js" classname="- .usr.home.iojs.build.workspace.node-test-linter.test.parallel"/>
		<testcase name="test-process-exception-capture-errors.js" classname="- .usr.home.iojs.build.workspace.node-test-linter.test.parallel"/>
		<testcase name="test-process-exception-capture-should-abort-on-uncaught-setflagsfromstring.js" classname="- .usr.home.iojs.build.workspace.node-test-linter.test.parallel"/>
		<testcase name="test-process-exception-capture-should-abort-on-uncaught.js" classname="- .usr.home.iojs.build.workspace.node-test-linter.test.parallel"/>
		<testcase name="test-process-exception-capture.js" classname="- .usr.home.iojs.build.workspace.node-test-linter.test.parallel"/>
		<testcase name="test-process-exec-argv.js" classname="- .usr.home.iojs.build.workspace.node-test-linter.test.parallel"/>
		<testcase name="test-process-execpath.js" classname="- .usr.home.iojs.build.workspace.node-test-linter.test.parallel"/>
		<testcase name="test-net-socket-write-error.js" classname="- .usr.home.iojs.build.workspace.node-test-linter.test.parallel"/>
		<testcase name="test-net-stream.js" classname="- .usr.home.iojs.build.workspace.node-test-linter.test.parallel"/>
		<testcase name="test-net-sync-cork.js" classname="- .usr.home.iojs.build.workspace.node-test-linter.test.parallel"/>
		<testcase name="test-net-timeout-no-handle.js" classname="- .usr.home.iojs.build.workspace.node-test-linter.test.parallel"/>
		<testcase name="test-net-write-after-close.js" classname="- .usr.home.iojs.build.workspace.node-test-linter.test.parallel"/>
		<testcase name="test-net-write-connect-write.js" classname="- .usr.home.iojs.build.workspace.node-test-linter.test.parallel"/>
		<testcase name="test-net-write-fully-async-buffer.js" classname="- .usr.home.iojs.build.workspace.node-test-linter.test.parallel"/>
		<testcase name="test-net-write-fully-async-hex-string.js" classname="- .usr.home.iojs.build.workspace.node-test-linter.test.parallel"/>
		<testcase name="test-net-write-slow.js" classname="- .usr.home.iojs.build.workspace.node-test-linter.test.parallel"/>
		<testcase name="test-next-tick-doesnt-hang.js" classname="- .usr.home.iojs.build.workspace.node-test-linter.test.parallel"/>
		<testcase name="test-next-tick-domain.js" classname="- .usr.home.iojs.build.workspace.node-test-linter.test.parallel"/>
		<testcase name="test-next-tick-errors.js" classname="- .usr.home.iojs.build.workspace.node-test-linter.test.parallel"/>
		<testcase name="test-next-tick-fixed-queue-regression.js" classname="- .usr.home.iojs.build.workspace.node-test-linter.test.parallel"/>
		<testcase name="test-next-tick-intentional-starvation.js" classname="- .usr.home.iojs.build.workspace.node-test-linter.test.parallel"/>
		<testcase name="test-next-tick-ordering.js" classname="- .usr.home.iojs.build.workspace.node-test-linter.test.parallel"/>
		<testcase name="test-next-tick-ordering2.js" classname="- .usr.home.iojs.build.workspace.node-test-linter.test.parallel"/>
		<testcase name="test-next-tick-when-exiting.js" classname="- .usr.home.iojs.build.workspace.node-test-linter.test.parallel"/>
		<testcase name="test-next-tick.js" classname="- .usr.home.iojs.build.workspace.node-test-linter.test.parallel"/>
		<testcase name="test-npm-install.js" classname="- .usr.home.iojs.build.workspace.node-test-linter.test.parallel"/>
		<testcase name="test-openssl-ca-options.js" classname="- .usr.home.iojs.build.workspace.node-test-linter.test.parallel"/>
		<testcase name="test-os-checked-function.js" classname="- .usr.home.iojs.build.workspace.node-test-linter.test.parallel"/>
		<testcase name="test-os-eol.js" classname="- .usr.home.iojs.build.workspace.node-test-linter.test.parallel"/>
		<testcase name="test-os-homedir-no-envvar.js" classname="- .usr.home.iojs.build.workspace.node-test-linter.test.parallel"/>
		<testcase name="test-os-process-priority.js" classname="- .usr.home.iojs.build.workspace.node-test-linter.test.parallel"/>
		<testcase name="test-os-userinfo-handles-getter-errors.js" classname="- .usr.home.iojs.build.workspace.node-test-linter.test.parallel"/>
		<testcase name="test-os.js" classname="- .usr.home.iojs.build.workspace.node-test-linter.test.parallel"/>
		<testcase name="test-outgoing-message-pipe.js" classname="- .usr.home.iojs.build.workspace.node-test-linter.test.parallel"/>
		<testcase name="test-path-basename.js" classname="- .usr.home.iojs.build.workspace.node-test-linter.test.parallel"/>
		<testcase name="test-path-dirname.js" classname="- .usr.home.iojs.build.workspace.node-test-linter.test.parallel"/>
		<testcase name="test-path-extname.js" classname="- .usr.home.iojs.build.workspace.node-test-linter.test.parallel"/>
		<testcase name="test-path-isabsolute.js" classname="- .usr.home.iojs.build.workspace.node-test-linter.test.parallel"/>
		<testcase name="test-path-join.js" classname="- .usr.home.iojs.build.workspace.node-test-linter.test.parallel"/>
		<testcase name="test-path-makelong.js" classname="- .usr.home.iojs.build.workspace.node-test-linter.test.parallel"/>
		<testcase name="test-path-normalize.js" classname="- .usr.home.iojs.build.workspace.node-test-linter.test.parallel"/>
		<testcase name="test-path-parse-format.js" classname="- .usr.home.iojs.build.workspace.node-test-linter.test.parallel"/>
		<testcase name="test-path-relative.js" classname="- .usr.home.iojs.build.workspace.node-test-linter.test.parallel"/>
		<testcase name="test-path-resolve.js" classname="- .usr.home.iojs.build.workspace.node-test-linter.test.parallel"/>
		<testcase name="test-path-zero-length-strings.js" classname="- .usr.home.iojs.build.workspace.node-test-linter.test.parallel"/>
		<testcase name="test-path.js" classname="- .usr.home.iojs.build.workspace.node-test-linter.test.parallel"/>
		<testcase name="test-pending-deprecation.js" classname="- .usr.home.iojs.build.workspace.node-test-linter.test.parallel"/>
		<testcase name="test-process-exit-code.js" classname="- .usr.home.iojs.build.workspace.node-test-linter.test.parallel"/>
		<testcase name="test-process-exit-from-before-exit.js" classname="- .usr.home.iojs.build.workspace.node-test-linter.test.parallel"/>
		<testcase name="test-process-exit-handler.js" classname="- .usr.home.iojs.build.workspace.node-test-linter.test.parallel"/>
		<testcase name="test-process-exit-recursive.js" classname="- .usr.home.iojs.build.workspace.node-test-linter.test.parallel"/>
		<testcase name="test-process-exit.js" classname="- .usr.home.iojs.build.workspace.node-test-linter.test.parallel"/>
		<testcase name="test-process-external-stdio-close-spawn.js" classname="- .usr.home.iojs.build.workspace.node-test-linter.test.parallel"/>
		<testcase name="test-process-external-stdio-close.js" classname="- .usr.home.iojs.build.workspace.node-test-linter.test.parallel"/>
		<testcase name="test-process-fatal-exception-tick.js" classname="- .usr.home.iojs.build.workspace.node-test-linter.test.parallel"/>
		<testcase name="test-process-getactivehandles.js" classname="- .usr.home.iojs.build.workspace.node-test-linter.test.parallel"/>
		<testcase name="test-process-getactiverequests.js" classname="- .usr.home.iojs.build.workspace.node-test-linter.test.parallel"/>
		<testcase name="test-process-getgroups.js" classname="- .usr.home.iojs.build.workspace.node-test-linter.test.parallel"/>
		<testcase name="test-process-hrtime-bigint.js" classname="- .usr.home.iojs.build.workspace.node-test-linter.test.parallel"/>
		<testcase name="test-process-hrtime.js" classname="- .usr.home.iojs.build.workspace.node-test-linter.test.parallel"/>
		<testcase name="test-process-kill-null.js" classname="- .usr.home.iojs.build.workspace.node-test-linter.test.parallel"/>
		<testcase name="test-process-kill-pid.js" classname="- .usr.home.iojs.build.workspace.node-test-linter.test.parallel"/>
		<testcase name="test-process-next-tick.js" classname="- .usr.home.iojs.build.workspace.node-test-linter.test.parallel"/>
		<testcase name="test-process-no-deprecation.js" classname="- .usr.home.iojs.build.workspace.node-test-linter.test.parallel"/>
		<testcase name="test-process-ppid.js" classname="- .usr.home.iojs.build.workspace.node-test-linter.test.parallel"/>
		<testcase name="test-process-prototype.js" classname="- .usr.home.iojs.build.workspace.node-test-linter.test.parallel"/>
		<testcase name="test-process-raw-debug.js" classname="- .usr.home.iojs.build.workspace.node-test-linter.test.parallel"/>
		<testcase name="test-process-redirect-warnings-env.js" classname="- .usr.home.iojs.build.workspace.node-test-linter.test.parallel"/>
		<testcase name="test-process-redirect-warnings.js" classname="- .usr.home.iojs.build.workspace.node-test-linter.test.parallel"/>
		<testcase name="test-process-release.js" classname="- .usr.home.iojs.build.workspace.node-test-linter.test.parallel"/>
		<testcase name="test-process-remove-all-signal-listeners.js" classname="- .usr.home.iojs.build.workspace.node-test-linter.test.parallel"/>
		<testcase name="test-process-setgroups.js" classname="- .usr.home.iojs.build.workspace.node-test-linter.test.parallel"/>
		<testcase name="test-process-title-cli.js" classname="- .usr.home.iojs.build.workspace.node-test-linter.test.parallel"/>
		<testcase name="test-process-uid-gid.js" classname="- .usr.home.iojs.build.workspace.node-test-linter.test.parallel"/>
		<testcase name="test-process-umask-mask.js" classname="- .usr.home.iojs.build.workspace.node-test-linter.test.parallel"/>
		<testcase name="test-process-umask.js" classname="- .usr.home.iojs.build.workspace.node-test-linter.test.parallel"/>
		<testcase name="test-process-versions.js" classname="- .usr.home.iojs.build.workspace.node-test-linter.test.parallel"/>
		<testcase name="test-process-warning.js" classname="- .usr.home.iojs.build.workspace.node-test-linter.test.parallel"/>
		<testcase name="test-process-wrap.js" classname="- .usr.home.iojs.build.workspace.node-test-linter.test.parallel"/>
		<testcase name="test-promises-unhandled-proxy-rejections.js" classname="- .usr.home.iojs.build.workspace.node-test-linter.test.parallel"/>
		<testcase name="test-promises-unhandled-rejections.js" classname="- .usr.home.iojs.build.workspace.node-test-linter.test.parallel"/>
		<testcase name="test-promises-unhandled-symbol-rejections.js" classname="- .usr.home.iojs.build.workspace.node-test-linter.test.parallel"/>
		<testcase name="test-promises-warning-on-unhandled-rejection.js" classname="- .usr.home.iojs.build.workspace.node-test-linter.test.parallel"/>
		<testcase name="test-punycode.js" classname="- .usr.home.iojs.build.workspace.node-test-linter.test.parallel"/>
		<testcase name="test-querystring-escape.js" classname="- .usr.home.iojs.build.workspace.node-test-linter.test.parallel"/>
		<testcase name="test-querystring-maxKeys-non-finite.js" classname="- .usr.home.iojs.build.workspace.node-test-linter.test.parallel"/>
		<testcase name="test-querystring-multichar-separator.js" classname="- .usr.home.iojs.build.workspace.node-test-linter.test.parallel"/>
		<testcase name="test-querystring.js" classname="- .usr.home.iojs.build.workspace.node-test-linter.test.parallel"/>
		<testcase name="test-readable-single-end.js" classname="- .usr.home.iojs.build.workspace.node-test-linter.test.parallel"/>
		<testcase name="test-readline-csi.js" classname="- .usr.home.iojs.build.workspace.node-test-linter.test.parallel"/>
		<testcase name="test-readline-emit-keypress-events.js" classname="- .usr.home.iojs.build.workspace.node-test-linter.test.parallel"/>
		<testcase name="test-readline-interface.js" classname="- .usr.home.iojs.build.workspace.node-test-linter.test.parallel"/>
		<testcase name="test-readline-keys.js" classname="- .usr.home.iojs.build.workspace.node-test-linter.test.parallel"/>
		<testcase name="test-readline-position.js" classname="- .usr.home.iojs.build.workspace.node-test-linter.test.parallel"/>
		<testcase name="test-readline-reopen.js" classname="- .usr.home.iojs.build.workspace.node-test-linter.test.parallel"/>
		<testcase name="test-readline-set-raw-mode.js" classname="- .usr.home.iojs.build.workspace.node-test-linter.test.parallel"/>
		<testcase name="test-readline-undefined-columns.js" classname="- .usr.home.iojs.build.workspace.node-test-linter.test.parallel"/>
		<testcase name="test-readline.js" classname="- .usr.home.iojs.build.workspace.node-test-linter.test.parallel"/>
		<testcase name="test-ref-unref-return.js" classname="- .usr.home.iojs.build.workspace.node-test-linter.test.parallel"/>
		<testcase name="test-regression-object-prototype.js" classname="- .usr.home.iojs.build.workspace.node-test-linter.test.parallel"/>
		<testcase name="test-repl-autolibs.js" classname="- .usr.home.iojs.build.workspace.node-test-linter.test.parallel"/>
		<testcase name="test-repl-colors.js" classname="- .usr.home.iojs.build.workspace.node-test-linter.test.parallel"/>
		<testcase name="test-repl-context.js" classname="- .usr.home.iojs.build.workspace.node-test-linter.test.parallel"/>
		<testcase name="test-repl-definecommand.js" classname="- .usr.home.iojs.build.workspace.node-test-linter.test.parallel"/>
		<testcase name="test-repl-deprecations.js" classname="- .usr.home.iojs.build.workspace.node-test-linter.test.parallel"/>
		<testcase name="test-repl-domain.js" classname="- .usr.home.iojs.build.workspace.node-test-linter.test.parallel"/>
		<testcase name="test-repl-editor.js" classname="- .usr.home.iojs.build.workspace.node-test-linter.test.parallel"/>
		<testcase name="test-repl-empty.js" classname="- .usr.home.iojs.build.workspace.node-test-linter.test.parallel"/>
		<testcase name="test-repl-end-emits-exit.js" classname="- .usr.home.iojs.build.workspace.node-test-linter.test.parallel"/>
		<testcase name="test-repl-envvars.js" classname="- .usr.home.iojs.build.workspace.node-test-linter.test.parallel"/>
		<testcase name="test-repl-eval-scope.js" classname="- .usr.home.iojs.build.workspace.node-test-linter.test.parallel"/>
		<testcase name="test-repl-eval.js" classname="- .usr.home.iojs.build.workspace.node-test-linter.test.parallel"/>
		<testcase name="test-repl-function-definition-edge-case.js" classname="- .usr.home.iojs.build.workspace.node-test-linter.test.parallel"/>
		<testcase name="test-repl-harmony.js" classname="- .usr.home.iojs.build.workspace.node-test-linter.test.parallel"/>
		<testcase name="test-repl-history-perm.js" classname="- .usr.home.iojs.build.workspace.node-test-linter.test.parallel"/>
		<testcase name="test-repl-inspector.js" classname="- .usr.home.iojs.build.workspace.node-test-linter.test.parallel"/>
		<testcase name="test-repl-let-process.js" classname="- .usr.home.iojs.build.workspace.node-test-linter.test.parallel"/>
		<testcase name="test-repl-load-multiline.js" classname="- .usr.home.iojs.build.workspace.node-test-linter.test.parallel"/>
		<testcase name="test-repl-memory-deprecation.js" classname="- .usr.home.iojs.build.workspace.node-test-linter.test.parallel"/>
		<testcase name="test-repl-mode.js" classname="- .usr.home.iojs.build.workspace.node-test-linter.test.parallel"/>
		<testcase name="test-repl-multiline.js" classname="- .usr.home.iojs.build.workspace.node-test-linter.test.parallel"/>
		<testcase name="test-repl-null-thrown.js" classname="- .usr.home.iojs.build.workspace.node-test-linter.test.parallel"/>
		<testcase name="test-repl-null.js" classname="- .usr.home.iojs.build.workspace.node-test-linter.test.parallel"/>
		<testcase name="test-repl-options.js" classname="- .usr.home.iojs.build.workspace.node-test-linter.test.parallel"/>
		<testcase name="test-repl-persistent-history.js" classname="- .usr.home.iojs.build.workspace.node-test-linter.test.parallel"/>
		<testcase name="test-repl-preprocess-top-level-await.js" classname="- .usr.home.iojs.build.workspace.node-test-linter.test.parallel"/>
		<testcase name="test-repl-pretty-custom-stack.js" classname="- .usr.home.iojs.build.workspace.node-test-linter.test.parallel"/>
		<testcase name="test-repl-pretty-stack.js" classname="- .usr.home.iojs.build.workspace.node-test-linter.test.parallel"/>
		<testcase name="test-repl-recoverable.js" classname="- .usr.home.iojs.build.workspace.node-test-linter.test.parallel"/>
		<testcase name="test-repl-require-cache.js" classname="- .usr.home.iojs.build.workspace.node-test-linter.test.parallel"/>
		<testcase name="test-repl-require-context.js" classname="- .usr.home.iojs.build.workspace.node-test-linter.test.parallel"/>
		<testcase name="test-repl-require.js" classname="- .usr.home.iojs.build.workspace.node-test-linter.test.parallel"/>
		<testcase name="test-repl-reset-event.js" classname="- .usr.home.iojs.build.workspace.node-test-linter.test.parallel"/>
		<testcase name="test-repl-save-load.js" classname="- .usr.home.iojs.build.workspace.node-test-linter.test.parallel"/>
		<testcase name="test-repl-setprompt.js" classname="- .usr.home.iojs.build.workspace.node-test-linter.test.parallel"/>
		<testcase name="test-repl-sigint-nested-eval.js" classname="- .usr.home.iojs.build.workspace.node-test-linter.test.parallel"/>
		<testcase name="test-repl-sigint.js" classname="- .usr.home.iojs.build.workspace.node-test-linter.test.parallel"/>
		<testcase name="test-repl-syntax-error-handling.js" classname="- .usr.home.iojs.build.workspace.node-test-linter.test.parallel"/>
		<testcase name="test-repl-syntax-error-stack.js" classname="- .usr.home.iojs.build.workspace.node-test-linter.test.parallel"/>
		<testcase name="test-repl-tab-complete-crash.js" classname="- .usr.home.iojs.build.workspace.node-test-linter.test.parallel"/>
		<testcase name="test-repl-tab-complete-no-warn.js" classname="- .usr.home.iojs.build.workspace.node-test-linter.test.parallel"/>
		<testcase name="test-repl-tab-complete.js" classname="- .usr.home.iojs.build.workspace.node-test-linter.test.parallel"/>
		<testcase name="test-repl-tab.js" classname="- .usr.home.iojs.build.workspace.node-test-linter.test.parallel"/>
		<testcase name="test-repl-throw-null-or-undefined.js" classname="- .usr.home.iojs.build.workspace.node-test-linter.test.parallel"/>
		<testcase name="test-repl-top-level-await.js" classname="- .usr.home.iojs.build.workspace.node-test-linter.test.parallel"/>
		<testcase name="test-repl-turn-off-editor-mode.js" classname="- .usr.home.iojs.build.workspace.node-test-linter.test.parallel"/>
		<testcase name="test-repl-underscore.js" classname="- .usr.home.iojs.build.workspace.node-test-linter.test.parallel"/>
		<testcase name="test-repl-unexpected-token-recoverable.js" classname="- .usr.home.iojs.build.workspace.node-test-linter.test.parallel"/>
		<testcase name="test-repl-use-global.js" classname="- .usr.home.iojs.build.workspace.node-test-linter.test.parallel"/>
		<testcase name="test-repl.js" classname="- .usr.home.iojs.build.workspace.node-test-linter.test.parallel"/>
		<testcase name="test-require-cache.js" classname="- .usr.home.iojs.build.workspace.node-test-linter.test.parallel"/>
		<testcase name="test-require-deps-deprecation.js" classname="- .usr.home.iojs.build.workspace.node-test-linter.test.parallel"/>
		<testcase name="test-require-dot.js" classname="- .usr.home.iojs.build.workspace.node-test-linter.test.parallel"/>
		<testcase name="test-require-exceptions.js" classname="- .usr.home.iojs.build.workspace.node-test-linter.test.parallel"/>
		<testcase name="test-require-extension-over-directory.js" classname="- .usr.home.iojs.build.workspace.node-test-linter.test.parallel"/>
		<testcase name="test-require-extensions-main.js" classname="- .usr.home.iojs.build.workspace.node-test-linter.test.parallel"/>
		<testcase name="test-require-extensions-same-filename-as-dir-trailing-slash.js" classname="- .usr.home.iojs.build.workspace.node-test-linter.test.parallel"/>
		<testcase name="test-require-extensions-same-filename-as-dir.js" classname="- .usr.home.iojs.build.workspace.node-test-linter.test.parallel"/>
		<testcase name="test-require-invalid-package.js" classname="- .usr.home.iojs.build.workspace.node-test-linter.test.parallel"/>
		<testcase name="test-require-json.js" classname="- .usr.home.iojs.build.workspace.node-test-linter.test.parallel"/>
		<testcase name="test-require-long-path.js" classname="- .usr.home.iojs.build.workspace.node-test-linter.test.parallel"/>
		<testcase name="test-require-nul.js" classname="- .usr.home.iojs.build.workspace.node-test-linter.test.parallel"/>
		<testcase name="test-require-process.js" classname="- .usr.home.iojs.build.workspace.node-test-linter.test.parallel"/>
		<testcase name="test-require-resolve.js" classname="- .usr.home.iojs.build.workspace.node-test-linter.test.parallel"/>
		<testcase name="test-require-symlink.js" classname="- .usr.home.iojs.build.workspace.node-test-linter.test.parallel"/>
		<testcase name="test-require-unicode.js" classname="- .usr.home.iojs.build.workspace.node-test-linter.test.parallel"/>
		<testcase name="test-setproctitle.js" classname="- .usr.home.iojs.build.workspace.node-test-linter.test.parallel"/>
		<testcase name="test-sigint-infinite-loop.js" classname="- .usr.home.iojs.build.workspace.node-test-linter.test.parallel"/>
		<testcase name="test-signal-args.js" classname="- .usr.home.iojs.build.workspace.node-test-linter.test.parallel"/>
		<testcase name="test-signal-handler.js" classname="- .usr.home.iojs.build.workspace.node-test-linter.test.parallel"/>
		<testcase name="test-signal-safety.js" classname="- .usr.home.iojs.build.workspace.node-test-linter.test.parallel"/>
		<testcase name="test-signal-unregister.js" classname="- .usr.home.iojs.build.workspace.node-test-linter.test.parallel"/>
		<testcase name="test-socket-address.js" classname="- .usr.home.iojs.build.workspace.node-test-linter.test.parallel"/>
		<testcase name="test-socket-write-after-fin-error.js" classname="- .usr.home.iojs.build.workspace.node-test-linter.test.parallel"/>
		<testcase name="test-socket-write-after-fin.js" classname="- .usr.home.iojs.build.workspace.node-test-linter.test.parallel"/>
		<testcase name="test-spawn-cmd-named-pipe.js" classname="- .usr.home.iojs.build.workspace.node-test-linter.test.parallel"/>
		<testcase name="test-stdin-child-proc.js" classname="- .usr.home.iojs.build.workspace.node-test-linter.test.parallel"/>
		<testcase name="test-stdin-from-file.js" classname="- .usr.home.iojs.build.workspace.node-test-linter.test.parallel"/>
		<testcase name="test-stdin-hang.js" classname="- .usr.home.iojs.build.workspace.node-test-linter.test.parallel"/>
		<testcase name="test-stdin-pause-resume-sync.js" classname="- .usr.home.iojs.build.workspace.node-test-linter.test.parallel"/>
		<testcase name="test-stdin-pause-resume.js" classname="- .usr.home.iojs.build.workspace.node-test-linter.test.parallel"/>
		<testcase name="test-stdin-pipe-large.js" classname="- .usr.home.iojs.build.workspace.node-test-linter.test.parallel"/>
		<testcase name="test-stdin-pipe-resume.js" classname="- .usr.home.iojs.build.workspace.node-test-linter.test.parallel"/>
		<testcase name="test-stdin-resume-pause.js" classname="- .usr.home.iojs.build.workspace.node-test-linter.test.parallel"/>
		<testcase name="test-stdin-script-child-option.js" classname="- .usr.home.iojs.build.workspace.node-test-linter.test.parallel"/>
		<testcase name="test-stdin-script-child.js" classname="- .usr.home.iojs.build.workspace.node-test-linter.test.parallel"/>
		<testcase name="test-stdio-closed.js" classname="- .usr.home.iojs.build.workspace.node-test-linter.test.parallel"/>
		<testcase name="test-stdio-pipe-access.js" classname="- .usr.home.iojs.build.workspace.node-test-linter.test.parallel"/>
		<testcase name="test-stdio-pipe-redirect.js" classname="- .usr.home.iojs.build.workspace.node-test-linter.test.parallel"/>
		<testcase name="test-stdio-pipe-stderr.js" classname="- .usr.home.iojs.build.workspace.node-test-linter.test.parallel"/>
		<testcase name="test-stdio-readable-writable.js" classname="- .usr.home.iojs.build.workspace.node-test-linter.test.parallel"/>
		<testcase name="test-stdout-cannot-be-closed-child-process-pipe.js" classname="- .usr.home.iojs.build.workspace.node-test-linter.test.parallel"/>
		<testcase name="test-stdout-close-catch.js" classname="- .usr.home.iojs.build.workspace.node-test-linter.test.parallel"/>
		<testcase name="test-stdout-close-unref.js" classname="- .usr.home.iojs.build.workspace.node-test-linter.test.parallel"/>
		<testcase name="test-stdout-stderr-reading.js" classname="- .usr.home.iojs.build.workspace.node-test-linter.test.parallel"/>
		<testcase name="test-stdout-to-file.js" classname="- .usr.home.iojs.build.workspace.node-test-linter.test.parallel"/>
		<testcase name="test-stream-backpressure.js" classname="- .usr.home.iojs.build.workspace.node-test-linter.test.parallel"/>
		<testcase name="test-stream-base-prototype-accessors-enumerability.js" classname="- .usr.home.iojs.build.workspace.node-test-linter.test.parallel"/>
		<testcase name="test-stream-base-typechecking.js" classname="- .usr.home.iojs.build.workspace.node-test-linter.test.parallel"/>
		<testcase name="test-stream-big-packet.js" classname="- .usr.home.iojs.build.workspace.node-test-linter.test.parallel"/>
		<testcase name="test-stream-big-push.js" classname="- .usr.home.iojs.build.workspace.node-test-linter.test.parallel"/>
		<testcase name="test-stream-buffer-list.js" classname="- .usr.home.iojs.build.workspace.node-test-linter.test.parallel"/>
		<testcase name="test-stream-decoder-objectmode.js" classname="- .usr.home.iojs.build.workspace.node-test-linter.test.parallel"/>
		<testcase name="test-stream-destroy-event-order.js" classname="- .usr.home.iojs.build.workspace.node-test-linter.test.parallel"/>
		<testcase name="test-stream-duplex-destroy.js" classname="- .usr.home.iojs.build.workspace.node-test-linter.test.parallel"/>
		<testcase name="test-stream-duplex-end.js" classname="- .usr.home.iojs.build.workspace.node-test-linter.test.parallel"/>
		<testcase name="test-stream-duplex.js" classname="- .usr.home.iojs.build.workspace.node-test-linter.test.parallel"/>
		<testcase name="test-stream-end-paused.js" classname="- .usr.home.iojs.build.workspace.node-test-linter.test.parallel"/>
		<testcase name="test-stream-events-prepend.js" classname="- .usr.home.iojs.build.workspace.node-test-linter.test.parallel"/>
		<testcase name="test-stream-finished.js" classname="- .usr.home.iojs.build.workspace.node-test-linter.test.parallel"/>
		<testcase name="test-stream-inheritance.js" classname="- .usr.home.iojs.build.workspace.node-test-linter.test.parallel"/>
		<testcase name="test-stream-ispaused.js" classname="- .usr.home.iojs.build.workspace.node-test-linter.test.parallel"/>
		<testcase name="test-stream-objectmode-undefined.js" classname="- .usr.home.iojs.build.workspace.node-test-linter.test.parallel"/>
		<testcase name="test-stream-once-readable-pipe.js" classname="- .usr.home.iojs.build.workspace.node-test-linter.test.parallel"/>
		<testcase name="test-stream-pipe-after-end.js" classname="- .usr.home.iojs.build.workspace.node-test-linter.test.parallel"/>
		<testcase name="test-stream-pipe-await-drain-manual-resume.js" classname="- .usr.home.iojs.build.workspace.node-test-linter.test.parallel"/>
		<testcase name="test-stream-pipe-await-drain-push-while-write.js" classname="- .usr.home.iojs.build.workspace.node-test-linter.test.parallel"/>
		<testcase name="test-stream-pipe-await-drain.js" classname="- .usr.home.iojs.build.workspace.node-test-linter.test.parallel"/>
		<testcase name="test-stream-pipe-cleanup-pause.js" classname="- .usr.home.iojs.build.workspace.node-test-linter.test.parallel"/>
		<testcase name="test-stream-pipe-cleanup.js" classname="- .usr.home.iojs.build.workspace.node-test-linter.test.parallel"/>
		<testcase name="test-stream-pipe-error-handling.js" classname="- .usr.home.iojs.build.workspace.node-test-linter.test.parallel"/>
		<testcase name="test-stream-pipe-event.js" classname="- .usr.home.iojs.build.workspace.node-test-linter.test.parallel"/>
		<testcase name="test-stream-pipe-flow-after-unpipe.js" classname="- .usr.home.iojs.build.workspace.node-test-linter.test.parallel"/>
		<testcase name="test-stream-pipe-flow.js" classname="- .usr.home.iojs.build.workspace.node-test-linter.test.parallel"/>
		<testcase name="test-stream-pipe-manual-resume.js" classname="- .usr.home.iojs.build.workspace.node-test-linter.test.parallel"/>
		<testcase name="test-stream-pipe-multiple-pipes.js" classname="- .usr.home.iojs.build.workspace.node-test-linter.test.parallel"/>
		<testcase name="test-stream-pipe-same-destination-twice.js" classname="- .usr.home.iojs.build.workspace.node-test-linter.test.parallel"/>
		<testcase name="test-stream-pipe-unpipe-streams.js" classname="- .usr.home.iojs.build.workspace.node-test-linter.test.parallel"/>
		<testcase name="test-stream-pipe-without-listenerCount.js" classname="- .usr.home.iojs.build.workspace.node-test-linter.test.parallel"/>
		<testcase name="test-stream-pipeline.js" classname="- .usr.home.iojs.build.workspace.node-test-linter.test.parallel"/>
		<testcase name="test-stream-preprocess.js" classname="- .usr.home.iojs.build.workspace.node-test-linter.test.parallel"/>
		<testcase name="test-stream-push-order.js" classname="- .usr.home.iojs.build.workspace.node-test-linter.test.parallel"/>
		<testcase name="test-stream-push-strings.js" classname="- .usr.home.iojs.build.workspace.node-test-linter.test.parallel"/>
		<testcase name="test-stream-readable-async-iterators.js" classname="- .usr.home.iojs.build.workspace.node-test-linter.test.parallel"/>
		<testcase name="test-stream-readable-constructor-set-methods.js" classname="- .usr.home.iojs.build.workspace.node-test-linter.test.parallel"/>
		<testcase name="test-stream-readable-destroy.js" classname="- .usr.home.iojs.build.workspace.node-test-linter.test.parallel"/>
		<testcase name="test-stream-readable-emittedReadable.js" classname="- .usr.home.iojs.build.workspace.node-test-linter.test.parallel"/>
		<testcase name="test-stream-readable-event.js" classname="- .usr.home.iojs.build.workspace.node-test-linter.test.parallel"/>
		<testcase name="test-stream-readable-flow-recursion.js" classname="- .usr.home.iojs.build.workspace.node-test-linter.test.parallel"/>
		<testcase name="test-stream-readable-hwm-0.js" classname="- .usr.home.iojs.build.workspace.node-test-linter.test.parallel"/>
		<testcase name="test-stream-readable-invalid-chunk.js" classname="- .usr.home.iojs.build.workspace.node-test-linter.test.parallel"/>
		<testcase name="test-stream-readable-needReadable.js" classname="- .usr.home.iojs.build.workspace.node-test-linter.test.parallel"/>
		<testcase name="test-stream-readable-no-unneeded-readable.js" classname="- .usr.home.iojs.build.workspace.node-test-linter.test.parallel"/>
		<testcase name="test-stream-readable-object-multi-push-async.js" classname="- .usr.home.iojs.build.workspace.node-test-linter.test.parallel"/>
		<testcase name="test-stream-readable-pause-and-resume.js" classname="- .usr.home.iojs.build.workspace.node-test-linter.test.parallel"/>
		<testcase name="test-stream-readable-reading-readingMore.js" classname="- .usr.home.iojs.build.workspace.node-test-linter.test.parallel"/>
		<testcase name="test-stream-readable-resumeScheduled.js" classname="- .usr.home.iojs.build.workspace.node-test-linter.test.parallel"/>
		<testcase name="test-stream-readable-setEncoding-null.js" classname="- .usr.home.iojs.build.workspace.node-test-linter.test.parallel"/>
		<testcase name="test-stream-readable-with-unimplemented-_read.js" classname="- .usr.home.iojs.build.workspace.node-test-linter.test.parallel"/>
		<testcase name="test-stream-readableListening-state.js" classname="- .usr.home.iojs.build.workspace.node-test-linter.test.parallel"/>
		<testcase name="test-stream-transform-callback-twice.js" classname="- .usr.home.iojs.build.workspace.node-test-linter.test.parallel"/>
		<testcase name="test-stream-transform-constructor-set-methods.js" classname="- .usr.home.iojs.build.workspace.node-test-linter.test.parallel"/>
		<testcase name="test-stream-transform-destroy.js" classname="- .usr.home.iojs.build.workspace.node-test-linter.test.parallel"/>
		<testcase name="test-stream-transform-final-sync.js" classname="- .usr.home.iojs.build.workspace.node-test-linter.test.parallel"/>
		<testcase name="test-stream-transform-final.js" classname="- .usr.home.iojs.build.workspace.node-test-linter.test.parallel"/>
		<testcase name="test-stream-transform-flush-data.js" classname="- .usr.home.iojs.build.workspace.node-test-linter.test.parallel"/>
		<testcase name="test-stream-transform-objectmode-falsey-value.js" classname="- .usr.home.iojs.build.workspace.node-test-linter.test.parallel"/>
		<testcase name="test-stream-transform-split-highwatermark.js" classname="- .usr.home.iojs.build.workspace.node-test-linter.test.parallel"/>
		<testcase name="test-stream-transform-split-objectmode.js" classname="- .usr.home.iojs.build.workspace.node-test-linter.test.parallel"/>
		<testcase name="test-stream-uint8array.js" classname="- .usr.home.iojs.build.workspace.node-test-linter.test.parallel"/>
		<testcase name="test-stream-unpipe-event.js" classname="- .usr.home.iojs.build.workspace.node-test-linter.test.parallel"/>
		<testcase name="test-stream-unshift-empty-chunk.js" classname="- .usr.home.iojs.build.workspace.node-test-linter.test.parallel"/>
		<testcase name="test-stream-unshift-read-race.js" classname="- .usr.home.iojs.build.workspace.node-test-linter.test.parallel"/>
		<testcase name="test-stream-wrap-encoding.js" classname="- .usr.home.iojs.build.workspace.node-test-linter.test.parallel"/>
		<testcase name="test-stream-wrap.js" classname="- .usr.home.iojs.build.workspace.node-test-linter.test.parallel"/>
		<testcase name="test-stream-writable-change-default-encoding.js" classname="- .usr.home.iojs.build.workspace.node-test-linter.test.parallel"/>
		<testcase name="test-stream-writable-constructor-set-methods.js" classname="- .usr.home.iojs.build.workspace.node-test-linter.test.parallel"/>
		<testcase name="test-stream-writable-decoded-encoding.js" classname="- .usr.home.iojs.build.workspace.node-test-linter.test.parallel"/>
		<testcase name="test-stream-writable-destroy.js" classname="- .usr.home.iojs.build.workspace.node-test-linter.test.parallel"/>
		<testcase name="test-stream-writable-ended-state.js" classname="- .usr.home.iojs.build.workspace.node-test-linter.test.parallel"/>
		<testcase name="test-stream-writable-finished-state.js" classname="- .usr.home.iojs.build.workspace.node-test-linter.test.parallel"/>
		<testcase name="test-stream-writable-needdrain-state.js" classname="- .usr.home.iojs.build.workspace.node-test-linter.test.parallel"/>
		<testcase name="test-stream-writable-null.js" classname="- .usr.home.iojs.build.workspace.node-test-linter.test.parallel"/>
		<testcase name="test-stream-writable-write-cb-twice.js" classname="- .usr.home.iojs.build.workspace.node-test-linter.test.parallel"/>
		<testcase name="test-stream-writable-write-writev-finish.js" classname="- .usr.home.iojs.build.workspace.node-test-linter.test.parallel"/>
		<testcase name="test-stream-writableState-ending.js" classname="- .usr.home.iojs.build.workspace.node-test-linter.test.parallel"/>
		<testcase name="test-stream-writableState-uncorked-bufferedRequestCount.js" classname="- .usr.home.iojs.build.workspace.node-test-linter.test.parallel"/>
		<testcase name="test-stream-write-final.js" classname="- .usr.home.iojs.build.workspace.node-test-linter.test.parallel"/>
		<testcase name="test-stream-writev.js" classname="- .usr.home.iojs.build.workspace.node-test-linter.test.parallel"/>
		<testcase name="test-stream2-base64-single-char-read-end.js" classname="- .usr.home.iojs.build.workspace.node-test-linter.test.parallel"/>
		<testcase name="test-stream2-basic.js" classname="- .usr.home.iojs.build.workspace.node-test-linter.test.parallel"/>
		<testcase name="test-stream2-compatibility.js" classname="- .usr.home.iojs.build.workspace.node-test-linter.test.parallel"/>
		<testcase name="test-stream2-decode-partial.js" classname="- .usr.home.iojs.build.workspace.node-test-linter.test.parallel"/>
		<testcase name="test-stream2-finish-pipe.js" classname="- .usr.home.iojs.build.workspace.node-test-linter.test.parallel"/>
		<testcase name="test-stream2-httpclient-response-end.js" classname="- .usr.home.iojs.build.workspace.node-test-linter.test.parallel"/>
		<testcase name="test-stream2-large-read-stall.js" classname="- .usr.home.iojs.build.workspace.node-test-linter.test.parallel"/>
		<testcase name="test-stream2-objects.js" classname="- .usr.home.iojs.build.workspace.node-test-linter.test.parallel"/>
		<testcase name="test-timers-immediate-unref-nested-once.js" classname="- .usr.home.iojs.build.workspace.node-test-linter.test.parallel"/>
		<testcase name="test-timers-immediate-unref-simple.js" classname="- .usr.home.iojs.build.workspace.node-test-linter.test.parallel"/>
		<testcase name="test-timers-immediate-unref.js" classname="- .usr.home.iojs.build.workspace.node-test-linter.test.parallel"/>
		<testcase name="test-timers-immediate.js" classname="- .usr.home.iojs.build.workspace.node-test-linter.test.parallel"/>
		<testcase name="test-timers-interval-throw.js" classname="- .usr.home.iojs.build.workspace.node-test-linter.test.parallel"/>
		<testcase name="test-timers-linked-list.js" classname="- .usr.home.iojs.build.workspace.node-test-linter.test.parallel"/>
		<testcase name="test-timers-max-duration-warning.js" classname="- .usr.home.iojs.build.workspace.node-test-linter.test.parallel"/>
		<testcase name="test-timers-nested.js" classname="- .usr.home.iojs.build.workspace.node-test-linter.test.parallel"/>
		<testcase name="test-timers-next-tick.js" classname="- .usr.home.iojs.build.workspace.node-test-linter.test.parallel"/>
		<testcase name="test-timers-non-integer-delay.js" classname="- .usr.home.iojs.build.workspace.node-test-linter.test.parallel"/>
		<testcase name="test-timers-now.js" classname="- .usr.home.iojs.build.workspace.node-test-linter.test.parallel"/>
		<testcase name="test-timers-ordering.js" classname="- .usr.home.iojs.build.workspace.node-test-linter.test.parallel"/>
		<testcase name="test-timers-promisified.js" classname="- .usr.home.iojs.build.workspace.node-test-linter.test.parallel"/>
		<testcase name="test-timers-refresh.js" classname="- .usr.home.iojs.build.workspace.node-test-linter.test.parallel"/>
		<testcase name="test-timers-reset-process-domain-on-throw.js" classname="- .usr.home.iojs.build.workspace.node-test-linter.test.parallel"/>
		<testcase name="test-timers-same-timeout-wrong-list-deleted.js" classname="- .usr.home.iojs.build.workspace.node-test-linter.test.parallel"/>
		<testcase name="test-timers-setimmediate-infinite-loop.js" classname="- .usr.home.iojs.build.workspace.node-test-linter.test.parallel"/>
		<testcase name="test-timers-socket-timeout-removes-other-socket-unref-timer.js" classname="- .usr.home.iojs.build.workspace.node-test-linter.test.parallel"/>
		<testcase name="test-timers-this.js" classname="- .usr.home.iojs.build.workspace.node-test-linter.test.parallel"/>
		<testcase name="test-timers-throw-when-cb-not-function.js" classname="- .usr.home.iojs.build.workspace.node-test-linter.test.parallel"/>
		<testcase name="test-timers-timeout-to-interval.js" classname="- .usr.home.iojs.build.workspace.node-test-linter.test.parallel"/>
		<testcase name="test-timers-uncaught-exception.js" classname="- .usr.home.iojs.build.workspace.node-test-linter.test.parallel"/>
		<testcase name="test-timers-unenroll-unref-interval.js" classname="- .usr.home.iojs.build.workspace.node-test-linter.test.parallel"/>
		<testcase name="test-timers-unref-active.js" classname="- .usr.home.iojs.build.workspace.node-test-linter.test.parallel"/>
		<testcase name="test-timers-unref-remove-other-unref-timers-only-one-fires.js" classname="- .usr.home.iojs.build.workspace.node-test-linter.test.parallel"/>
		<testcase name="test-timers-unref-remove-other-unref-timers.js" classname="- .usr.home.iojs.build.workspace.node-test-linter.test.parallel"/>
		<testcase name="test-timers-unref-throw-then-ref.js" classname="- .usr.home.iojs.build.workspace.node-test-linter.test.parallel"/>
		<testcase name="test-timers-unref.js" classname="- .usr.home.iojs.build.workspace.node-test-linter.test.parallel"/>
		<testcase name="test-timers-unrefd-interval-still-fires.js" classname="- .usr.home.iojs.build.workspace.node-test-linter.test.parallel"/>
		<testcase name="test-timers-unrefed-in-beforeexit.js" classname="- .usr.home.iojs.build.workspace.node-test-linter.test.parallel"/>
		<testcase name="test-timers-unrefed-in-callback.js" classname="- .usr.home.iojs.build.workspace.node-test-linter.test.parallel"/>
		<testcase name="test-timers-user-call.js" classname="- .usr.home.iojs.build.workspace.node-test-linter.test.parallel"/>
		<testcase name="test-timers-zero-timeout.js" classname="- .usr.home.iojs.build.workspace.node-test-linter.test.parallel"/>
		<testcase name="test-timers.js" classname="- .usr.home.iojs.build.workspace.node-test-linter.test.parallel"/>
		<testcase name="test-tls-0-dns-altname.js" classname="- .usr.home.iojs.build.workspace.node-test-linter.test.parallel"/>
		<testcase name="test-tls-addca.js" classname="- .usr.home.iojs.build.workspace.node-test-linter.test.parallel"/>
		<testcase name="test-tls-alert-handling.js" classname="- .usr.home.iojs.build.workspace.node-test-linter.test.parallel"/>
		<testcase name="test-tls-alert.js" classname="- .usr.home.iojs.build.workspace.node-test-linter.test.parallel"/>
		<testcase name="test-tls-alpn-server-client.js" classname="- .usr.home.iojs.build.workspace.node-test-linter.test.parallel"/>
		<testcase name="test-tls-async-cb-after-socket-end.js" classname="- .usr.home.iojs.build.workspace.node-test-linter.test.parallel"/>
		<testcase name="test-stream2-pipe-error-handling.js" classname="- .usr.home.iojs.build.workspace.node-test-linter.test.parallel"/>
		<testcase name="test-stream2-pipe-error-once-listener.js" classname="- .usr.home.iojs.build.workspace.node-test-linter.test.parallel"/>
		<testcase name="test-stream2-push.js" classname="- .usr.home.iojs.build.workspace.node-test-linter.test.parallel"/>
		<testcase name="test-stream2-read-sync-stack.js" classname="- .usr.home.iojs.build.workspace.node-test-linter.test.parallel"/>
		<testcase name="test-stream2-readable-empty-buffer-no-eof.js" classname="- .usr.home.iojs.build.workspace.node-test-linter.test.parallel"/>
		<testcase name="test-stream2-readable-from-list.js" classname="- .usr.home.iojs.build.workspace.node-test-linter.test.parallel"/>
		<testcase name="test-stream2-readable-legacy-drain.js" classname="- .usr.home.iojs.build.workspace.node-test-linter.test.parallel"/>
		<testcase name="test-stream2-readable-non-empty-end.js" classname="- .usr.home.iojs.build.workspace.node-test-linter.test.parallel"/>
		<testcase name="test-stream2-readable-wrap-empty.js" classname="- .usr.home.iojs.build.workspace.node-test-linter.test.parallel"/>
		<testcase name="test-stream2-readable-wrap.js" classname="- .usr.home.iojs.build.workspace.node-test-linter.test.parallel"/>
		<testcase name="test-stream2-set-encoding.js" classname="- .usr.home.iojs.build.workspace.node-test-linter.test.parallel"/>
		<testcase name="test-stream2-transform.js" classname="- .usr.home.iojs.build.workspace.node-test-linter.test.parallel"/>
		<testcase name="test-stream2-unpipe-drain.js" classname="- .usr.home.iojs.build.workspace.node-test-linter.test.parallel"/>
		<testcase name="test-stream2-unpipe-leak.js" classname="- .usr.home.iojs.build.workspace.node-test-linter.test.parallel"/>
		<testcase name="test-stream2-writable.js" classname="- .usr.home.iojs.build.workspace.node-test-linter.test.parallel"/>
		<testcase name="test-stream3-cork-end.js" classname="- .usr.home.iojs.build.workspace.node-test-linter.test.parallel"/>
		<testcase name="test-stream3-cork-uncork.js" classname="- .usr.home.iojs.build.workspace.node-test-linter.test.parallel"/>
		<testcase name="test-stream3-pause-then-read.js" classname="- .usr.home.iojs.build.workspace.node-test-linter.test.parallel"/>
		<testcase name="test-streams-highwatermark.js" classname="- .usr.home.iojs.build.workspace.node-test-linter.test.parallel"/>
		<testcase name="test-string-decoder-end.js" classname="- .usr.home.iojs.build.workspace.node-test-linter.test.parallel"/>
		<testcase name="test-string-decoder.js" classname="- .usr.home.iojs.build.workspace.node-test-linter.test.parallel"/>
		<testcase name="test-stringbytes-external.js" classname="- .usr.home.iojs.build.workspace.node-test-linter.test.parallel"/>
		<testcase name="test-sync-fileread.js" classname="- .usr.home.iojs.build.workspace.node-test-linter.test.parallel"/>
		<testcase name="test-sync-io-option.js" classname="- .usr.home.iojs.build.workspace.node-test-linter.test.parallel"/>
		<testcase name="test-sys.js" classname="- .usr.home.iojs.build.workspace.node-test-linter.test.parallel"/>
		<testcase name="test-tcp-wrap-connect.js" classname="- .usr.home.iojs.build.workspace.node-test-linter.test.parallel"/>
		<testcase name="test-tcp-wrap-listen.js" classname="- .usr.home.iojs.build.workspace.node-test-linter.test.parallel"/>
		<testcase name="test-tcp-wrap.js" classname="- .usr.home.iojs.build.workspace.node-test-linter.test.parallel"/>
		<testcase name="test-tick-processor-version-check.js" classname="- .usr.home.iojs.build.workspace.node-test-linter.test.parallel"/>
		<testcase name="test-timer-immediate.js" classname="- .usr.home.iojs.build.workspace.node-test-linter.test.parallel"/>
		<testcase name="test-timers-active.js" classname="- .usr.home.iojs.build.workspace.node-test-linter.test.parallel"/>
		<testcase name="test-timers-api-refs.js" classname="- .usr.home.iojs.build.workspace.node-test-linter.test.parallel"/>
		<testcase name="test-timers-args.js" classname="- .usr.home.iojs.build.workspace.node-test-linter.test.parallel"/>
		<testcase name="test-timers-clear-null-does-not-throw-error.js" classname="- .usr.home.iojs.build.workspace.node-test-linter.test.parallel"/>
		<testcase name="test-timers-clear-timeout-interval-equivalent.js" classname="- .usr.home.iojs.build.workspace.node-test-linter.test.parallel"/>
		<testcase name="test-timers-clearImmediate.js" classname="- .usr.home.iojs.build.workspace.node-test-linter.test.parallel"/>
		<testcase name="test-timers-enroll-invalid-msecs.js" classname="- .usr.home.iojs.build.workspace.node-test-linter.test.parallel"/>
		<testcase name="test-timers-enroll-second-time.js" classname="- .usr.home.iojs.build.workspace.node-test-linter.test.parallel"/>
		<testcase name="test-timers-immediate-queue-throw.js" classname="- .usr.home.iojs.build.workspace.node-test-linter.test.parallel"/>
		<testcase name="test-timers-immediate-queue.js" classname="- .usr.home.iojs.build.workspace.node-test-linter.test.parallel"/>
		<testcase name="test-tls-basic-validations.js" classname="- .usr.home.iojs.build.workspace.node-test-linter.test.parallel"/>
		<testcase name="test-tls-buffersize.js" classname="- .usr.home.iojs.build.workspace.node-test-linter.test.parallel"/>
		<testcase name="test-tls-ca-concat.js" classname="- .usr.home.iojs.build.workspace.node-test-linter.test.parallel"/>
		<testcase name="test-tls-canonical-ip.js" classname="- .usr.home.iojs.build.workspace.node-test-linter.test.parallel"/>
		<testcase name="test-tls-cert-chains-concat.js" classname="- .usr.home.iojs.build.workspace.node-test-linter.test.parallel"/>
		<testcase name="test-tls-cert-chains-in-ca.js" classname="- .usr.home.iojs.build.workspace.node-test-linter.test.parallel"/>
		<testcase name="test-tls-cert-regression.js" classname="- .usr.home.iojs.build.workspace.node-test-linter.test.parallel"/>
		<testcase name="test-tls-check-server-identity.js" classname="- .usr.home.iojs.build.workspace.node-test-linter.test.parallel"/>
		<testcase name="test-tls-cipher-list.js" classname="- .usr.home.iojs.build.workspace.node-test-linter.test.parallel"/>
		<testcase name="test-tls-client-abort.js" classname="- .usr.home.iojs.build.workspace.node-test-linter.test.parallel"/>
		<testcase name="test-tls-client-abort2.js" classname="- .usr.home.iojs.build.workspace.node-test-linter.test.parallel"/>
		<testcase name="test-tls-client-default-ciphers.js" classname="- .usr.home.iojs.build.workspace.node-test-linter.test.parallel"/>
		<testcase name="test-tls-client-destroy-soon.js" classname="- .usr.home.iojs.build.workspace.node-test-linter.test.parallel"/>
		<testcase name="test-tls-client-getephemeralkeyinfo.js" classname="- .usr.home.iojs.build.workspace.node-test-linter.test.parallel"/>
		<testcase name="test-tls-client-mindhsize.js" classname="- .usr.home.iojs.build.workspace.node-test-linter.test.parallel"/>
		<testcase name="test-tls-client-reject.js" classname="- .usr.home.iojs.build.workspace.node-test-linter.test.parallel"/>
		<testcase name="test-tls-client-resume.js" classname="- .usr.home.iojs.build.workspace.node-test-linter.test.parallel"/>
		<testcase name="test-tls-client-verify.js" classname="- .usr.home.iojs.build.workspace.node-test-linter.test.parallel"/>
		<testcase name="test-tls-clientcertengine-invalid-arg-type.js" classname="- .usr.home.iojs.build.workspace.node-test-linter.test.parallel"/>
		<testcase name="test-tls-clientcertengine-unsupported.js" classname="- .usr.home.iojs.build.workspace.node-test-linter.test.parallel"/>
		<testcase name="test-tls-close-error.js" classname="- .usr.home.iojs.build.workspace.node-test-linter.test.parallel"/>
		<testcase name="test-tls-close-notify.js" classname="- .usr.home.iojs.build.workspace.node-test-linter.test.parallel"/>
		<testcase name="test-tls-cnnic-whitelist.js" classname="- .usr.home.iojs.build.workspace.node-test-linter.test.parallel"/>
		<testcase name="test-tls-connect-address-family.js" classname="- .usr.home.iojs.build.workspace.node-test-linter.test.parallel"/>
		<testcase name="test-tls-connect-given-socket.js" classname="- .usr.home.iojs.build.workspace.node-test-linter.test.parallel"/>
		<testcase name="test-tls-connect-memleak.js" classname="- .usr.home.iojs.build.workspace.node-test-linter.test.parallel"/>
		<testcase name="test-tls-connect-no-host.js" classname="- .usr.home.iojs.build.workspace.node-test-linter.test.parallel"/>
		<testcase name="test-tls-connect-pipe.js" classname="- .usr.home.iojs.build.workspace.node-test-linter.test.parallel"/>
		<testcase name="test-tls-connect-secure-context.js" classname="- .usr.home.iojs.build.workspace.node-test-linter.test.parallel"/>
		<testcase name="test-tls-connect-simple.js" classname="- .usr.home.iojs.build.workspace.node-test-linter.test.parallel"/>
		<testcase name="test-tls-connect-stream-writes.js" classname="- .usr.home.iojs.build.workspace.node-test-linter.test.parallel"/>
		<testcase name="test-tls-delayed-attach-error.js" classname="- .usr.home.iojs.build.workspace.node-test-linter.test.parallel"/>
		<testcase name="test-tls-delayed-attach.js" classname="- .usr.home.iojs.build.workspace.node-test-linter.test.parallel"/>
		<testcase name="test-tls-destroy-whilst-write.js" classname="- .usr.home.iojs.build.workspace.node-test-linter.test.parallel"/>
		<testcase name="test-tls-dhe.js" classname="- .usr.home.iojs.build.workspace.node-test-linter.test.parallel"/>
		<testcase name="test-tls-disable-renegotiation.js" classname="- .usr.home.iojs.build.workspace.node-test-linter.test.parallel"/>
		<testcase name="test-tls-ecdh-auto.js" classname="- .usr.home.iojs.build.workspace.node-test-linter.test.parallel"/>
		<testcase name="test-tls-ecdh-disable.js" classname="- .usr.home.iojs.build.workspace.node-test-linter.test.parallel"/>
		<testcase name="test-tls-ecdh-multiple.js" classname="- .usr.home.iojs.build.workspace.node-test-linter.test.parallel"/>
		<testcase name="test-tls-ecdh.js" classname="- .usr.home.iojs.build.workspace.node-test-linter.test.parallel"/>
		<testcase name="test-tls-econnreset.js" classname="- .usr.home.iojs.build.workspace.node-test-linter.test.parallel"/>
		<testcase name="test-tls-empty-sni-context.js" classname="- .usr.home.iojs.build.workspace.node-test-linter.test.parallel"/>
		<testcase name="test-tls-env-bad-extra-ca.js" classname="- .usr.home.iojs.build.workspace.node-test-linter.test.parallel"/>
		<testcase name="test-tls-env-extra-ca.js" classname="- .usr.home.iojs.build.workspace.node-test-linter.test.parallel"/>
		<testcase name="test-tls-error-servername.js" classname="- .usr.home.iojs.build.workspace.node-test-linter.test.parallel"/>
		<testcase name="test-tls-fast-writing.js" classname="- .usr.home.iojs.build.workspace.node-test-linter.test.parallel"/>
		<testcase name="test-tls-finished.js" classname="- .usr.home.iojs.build.workspace.node-test-linter.test.parallel"/>
		<testcase name="test-tls-friendly-error-message.js" classname="- .usr.home.iojs.build.workspace.node-test-linter.test.parallel"/>
		<testcase name="test-tls-generic-stream.js" classname="- .usr.home.iojs.build.workspace.node-test-linter.test.parallel"/>
		<testcase name="test-tls-getcipher.js" classname="- .usr.home.iojs.build.workspace.node-test-linter.test.parallel"/>
		<testcase name="test-tls-getprotocol.js" classname="- .usr.home.iojs.build.workspace.node-test-linter.test.parallel"/>
		<testcase name="test-tls-handshake-error.js" classname="- .usr.home.iojs.build.workspace.node-test-linter.test.parallel"/>
		<testcase name="test-tls-handshake-exception.js" classname="- .usr.home.iojs.build.workspace.node-test-linter.test.parallel"/>
		<testcase name="test-tls-handshake-nohang.js" classname="- .usr.home.iojs.build.workspace.node-test-linter.test.parallel"/>
		<testcase name="test-tls-hello-parser-failure.js" classname="- .usr.home.iojs.build.workspace.node-test-linter.test.parallel"/>
		<testcase name="test-tls-honorcipherorder.js" classname="- .usr.home.iojs.build.workspace.node-test-linter.test.parallel"/>
		<testcase name="test-tls-inception.js" classname="- .usr.home.iojs.build.workspace.node-test-linter.test.parallel"/>
		<testcase name="test-tls-interleave.js" classname="- .usr.home.iojs.build.workspace.node-test-linter.test.parallel"/>
		<testcase name="test-tls-invoke-queued.js" classname="- .usr.home.iojs.build.workspace.node-test-linter.test.parallel"/>
		<testcase name="test-tls-js-stream.js" classname="- .usr.home.iojs.build.workspace.node-test-linter.test.parallel"/>
		<testcase name="test-tls-junk-closes-server.js" classname="- .usr.home.iojs.build.workspace.node-test-linter.test.parallel"/>
		<testcase name="test-tls-junk-server.js" classname="- .usr.home.iojs.build.workspace.node-test-linter.test.parallel"/>
		<testcase name="test-tls-key-mismatch.js" classname="- .usr.home.iojs.build.workspace.node-test-linter.test.parallel"/>
		<testcase name="test-tls-legacy-deprecated.js" classname="- .usr.home.iojs.build.workspace.node-test-linter.test.parallel"/>
		<testcase name="test-tls-max-send-fragment.js" classname="- .usr.home.iojs.build.workspace.node-test-linter.test.parallel"/>
		<testcase name="test-tls-multi-key.js" classname="- .usr.home.iojs.build.workspace.node-test-linter.test.parallel"/>
		<testcase name="test-tls-multi-pfx.js" classname="- .usr.home.iojs.build.workspace.node-test-linter.test.parallel"/>
		<testcase name="test-tls-multiple-cas-as-string.js" classname="- .usr.home.iojs.build.workspace.node-test-linter.test.parallel"/>
		<testcase name="test-tls-net-connect-prefer-path.js" classname="- .usr.home.iojs.build.workspace.node-test-linter.test.parallel"/>
		<testcase name="test-tls-no-cert-required.js" classname="- .usr.home.iojs.build.workspace.node-test-linter.test.parallel"/>
		<testcase name="test-tls-no-rsa-key.js" classname="- .usr.home.iojs.build.workspace.node-test-linter.test.parallel"/>
		<testcase name="test-tls-no-sslv23.js" classname="- .usr.home.iojs.build.workspace.node-test-linter.test.parallel"/>
		<testcase name="test-tls-no-sslv3.js" classname="- .usr.home.iojs.build.workspace.node-test-linter.test.parallel"/>
		<testcase name="test-tls-ocsp-callback.js" classname="- .usr.home.iojs.build.workspace.node-test-linter.test.parallel"/>
		<testcase name="test-tls-on-empty-socket.js" classname="- .usr.home.iojs.build.workspace.node-test-linter.test.parallel"/>
		<testcase name="test-tls-options-boolean-check.js" classname="- .usr.home.iojs.build.workspace.node-test-linter.test.parallel"/>
		<testcase name="test-tls-over-http-tunnel.js" classname="- .usr.home.iojs.build.workspace.node-test-linter.test.parallel"/>
		<testcase name="test-tls-parse-cert-string.js" classname="- .usr.home.iojs.build.workspace.node-test-linter.test.parallel"/>
		<testcase name="test-tls-passphrase.js" classname="- .usr.home.iojs.build.workspace.node-test-linter.test.parallel"/>
		<testcase name="test-tls-pause.js" classname="- .usr.home.iojs.build.workspace.node-test-linter.test.parallel"/>
		<testcase name="test-tls-peer-certificate-encoding.js" classname="- .usr.home.iojs.build.workspace.node-test-linter.test.parallel"/>
		<testcase name="test-tls-peer-certificate-multi-keys.js" classname="- .usr.home.iojs.build.workspace.node-test-linter.test.parallel"/>
		<testcase name="test-tls-peer-certificate.js" classname="- .usr.home.iojs.build.workspace.node-test-linter.test.parallel"/>
		<testcase name="test-tls-pfx-authorizationerror.js" classname="- .usr.home.iojs.build.workspace.node-test-linter.test.parallel"/>
		<testcase name="test-tls-request-timeout.js" classname="- .usr.home.iojs.build.workspace.node-test-linter.test.parallel"/>
		<testcase name="test-tls-retain-handle-no-abort.js" classname="- .usr.home.iojs.build.workspace.node-test-linter.test.parallel"/>
		<testcase name="test-tls-securepair-fiftharg.js" classname="- .usr.home.iojs.build.workspace.node-test-linter.test.parallel"/>
		<testcase name="test-tls-securepair-leak.js" classname="- .usr.home.iojs.build.workspace.node-test-linter.test.parallel"/>
		<testcase name="test-tls-securepair-server.js" classname="- .usr.home.iojs.build.workspace.node-test-linter.test.parallel"/>
		<testcase name="test-tls-server-connection-server.js" classname="- .usr.home.iojs.build.workspace.node-test-linter.test.parallel"/>
		<testcase name="test-tls-server-failed-handshake-emits-clienterror.js" classname="- .usr.home.iojs.build.workspace.node-test-linter.test.parallel"/>
		<testcase name="test-tls-server-setoptions-clientcertengine.js" classname="- .usr.home.iojs.build.workspace.node-test-linter.test.parallel"/>
		<testcase name="test-tls-server-verify.js" classname="- .usr.home.iojs.build.workspace.node-test-linter.test.parallel"/>
		<testcase name="test-tls-session-cache.js" classname="- .usr.home.iojs.build.workspace.node-test-linter.test.parallel"/>
		<testcase name="test-tls-set-ciphers-error.js" classname="- .usr.home.iojs.build.workspace.node-test-linter.test.parallel"/>
		<testcase name="test-tls-set-ciphers.js" classname="- .usr.home.iojs.build.workspace.node-test-linter.test.parallel"/>
		<testcase name="test-tls-set-encoding.js" classname="- .usr.home.iojs.build.workspace.node-test-linter.test.parallel"/>
		<testcase name="test-tls-sni-option.js" classname="- .usr.home.iojs.build.workspace.node-test-linter.test.parallel"/>
		<testcase name="test-tls-sni-server-client.js" classname="- .usr.home.iojs.build.workspace.node-test-linter.test.parallel"/>
		<testcase name="test-tls-snicallback-error.js" classname="- .usr.home.iojs.build.workspace.node-test-linter.test.parallel"/>
		<testcase name="test-tls-socket-close.js" classname="- .usr.home.iojs.build.workspace.node-test-linter.test.parallel"/>
		<testcase name="test-tls-socket-constructor-alpn-options-parsing.js" classname="- .usr.home.iojs.build.workspace.node-test-linter.test.parallel"/>
		<testcase name="test-tls-socket-default-options.js" classname="- .usr.home.iojs.build.workspace.node-test-linter.test.parallel"/>
		<testcase name="test-tls-socket-destroy.js" classname="- .usr.home.iojs.build.workspace.node-test-linter.test.parallel"/>
		<testcase name="test-tls-socket-failed-handshake-emits-error.js" classname="- .usr.home.iojs.build.workspace.node-test-linter.test.parallel"/>
		<testcase name="test-tls-socket-snicallback-without-server.js" classname="- .usr.home.iojs.build.workspace.node-test-linter.test.parallel"/>
		<testcase name="test-tls-startcom-wosign-whitelist.js" classname="- .usr.home.iojs.build.workspace.node-test-linter.test.parallel"/>
		<testcase name="test-tls-starttls-server.js" classname="- .usr.home.iojs.build.workspace.node-test-linter.test.parallel"/>
		<testcase name="test-tls-ticket-cluster.js" classname="- .usr.home.iojs.build.workspace.node-test-linter.test.parallel"/>
		<testcase name="test-tls-ticket.js" classname="- .usr.home.iojs.build.workspace.node-test-linter.test.parallel"/>
		<testcase name="test-tls-timeout-server-2.js" classname="- .usr.home.iojs.build.workspace.node-test-linter.test.parallel"/>
		<testcase name="test-tls-timeout-server.js" classname="- .usr.home.iojs.build.workspace.node-test-linter.test.parallel"/>
		<testcase name="test-tls-tlswrap-segfault.js" classname="- .usr.home.iojs.build.workspace.node-test-linter.test.parallel"/>
		<testcase name="test-tls-translate-peer-certificate.js" classname="- .usr.home.iojs.build.workspace.node-test-linter.test.parallel"/>
		<testcase name="test-tls-transport-destroy-after-own-gc.js" classname="- .usr.home.iojs.build.workspace.node-test-linter.test.parallel"/>
		<testcase name="test-tls-wrap-econnreset-localaddress.js" classname="- .usr.home.iojs.build.workspace.node-test-linter.test.parallel"/>
		<testcase name="test-tls-wrap-econnreset-pipe.js" classname="- .usr.home.iojs.build.workspace.node-test-linter.test.parallel"/>
		<testcase name="test-tls-wrap-econnreset-socket.js" classname="- .usr.home.iojs.build.workspace.node-test-linter.test.parallel"/>
		<testcase name="test-tls-wrap-econnreset.js" classname="- .usr.home.iojs.build.workspace.node-test-linter.test.parallel"/>
		<testcase name="test-tls-wrap-event-emmiter.js" classname="- .usr.home.iojs.build.workspace.node-test-linter.test.parallel"/>
		<testcase name="test-tls-wrap-no-abort.js" classname="- .usr.home.iojs.build.workspace.node-test-linter.test.parallel"/>
		<testcase name="test-tls-wrap-timeout.js" classname="- .usr.home.iojs.build.workspace.node-test-linter.test.parallel"/>
		<testcase name="test-tls-write-error.js" classname="- .usr.home.iojs.build.workspace.node-test-linter.test.parallel"/>
		<testcase name="test-tls-writewrap-leak.js" classname="- .usr.home.iojs.build.workspace.node-test-linter.test.parallel"/>
		<testcase name="test-tls-zero-clear-in.js" classname="- .usr.home.iojs.build.workspace.node-test-linter.test.parallel"/>
		<testcase name="test-trace-events-all.js" classname="- .usr.home.iojs.build.workspace.node-test-linter.test.parallel"/>
		<testcase name="test-trace-events-api.js" classname="- .usr.home.iojs.build.workspace.node-test-linter.test.parallel"/>
		<testcase name="test-trace-events-async-hooks.js" classname="- .usr.home.iojs.build.workspace.node-test-linter.test.parallel"/>
		<testcase name="test-trace-events-binding.js" classname="- .usr.home.iojs.build.workspace.node-test-linter.test.parallel"/>
		<testcase name="test-trace-events-bootstrap.js" classname="- .usr.home.iojs.build.workspace.node-test-linter.test.parallel"/>
		<testcase name="test-trace-events-category-used.js" classname="- .usr.home.iojs.build.workspace.node-test-linter.test.parallel"/>
		<testcase name="test-trace-events-dynamic-enable.js" classname="- .usr.home.iojs.build.workspace.node-test-linter.test.parallel"/>
		<testcase name="test-trace-events-file-pattern.js" classname="- .usr.home.iojs.build.workspace.node-test-linter.test.parallel"/>
		<testcase name="test-trace-events-fs-sync.js" classname="- .usr.home.iojs.build.workspace.node-test-linter.test.parallel"/>
		<testcase name="test-trace-events-metadata.js" classname="- .usr.home.iojs.build.workspace.node-test-linter.test.parallel"/>
		<testcase name="test-trace-events-none.js" classname="- .usr.home.iojs.build.workspace.node-test-linter.test.parallel"/>
		<testcase name="test-trace-events-perf.js" classname="- .usr.home.iojs.build.workspace.node-test-linter.test.parallel"/>
		<testcase name="test-trace-events-process-exit.js" classname="- .usr.home.iojs.build.workspace.node-test-linter.test.parallel"/>
		<testcase name="test-trace-events-promises.js" classname="- .usr.home.iojs.build.workspace.node-test-linter.test.parallel"/>
		<testcase name="test-trace-events-v8.js" classname="- .usr.home.iojs.build.workspace.node-test-linter.test.parallel"/>
		<testcase name="test-trace-events-vm.js" classname="- .usr.home.iojs.build.workspace.node-test-linter.test.parallel"/>
		<testcase name="test-trace-events-worker-metadata.js" classname="- .usr.home.iojs.build.workspace.node-test-linter.test.parallel"/>
		<testcase name="test-tracing-no-crash.js" classname="- .usr.home.iojs.build.workspace.node-test-linter.test.parallel"/>
		<testcase name="test-tty-backwards-api.js" classname="- .usr.home.iojs.build.workspace.node-test-linter.test.parallel"/>
		<testcase name="test-tty-stdin-end.js" classname="- .usr.home.iojs.build.workspace.node-test-linter.test.parallel"/>
		<testcase name="test-tty-stdin-pipe.js" classname="- .usr.home.iojs.build.workspace.node-test-linter.test.parallel"/>
		<testcase name="test-ttywrap-invalid-fd.js" classname="- .usr.home.iojs.build.workspace.node-test-linter.test.parallel"/>
		<testcase name="test-url-domain-ascii-unicode.js" classname="- .usr.home.iojs.build.workspace.node-test-linter.test.parallel"/>
		<testcase name="test-url-format-invalid-input.js" classname="- .usr.home.iojs.build.workspace.node-test-linter.test.parallel"/>
		<testcase name="test-url-format-whatwg.js" classname="- .usr.home.iojs.build.workspace.node-test-linter.test.parallel"/>
		<testcase name="test-url-format.js" classname="- .usr.home.iojs.build.workspace.node-test-linter.test.parallel"/>
		<testcase name="test-url-parse-format.js" classname="- .usr.home.iojs.build.workspace.node-test-linter.test.parallel"/>
		<testcase name="test-url-parse-invalid-input.js" classname="- .usr.home.iojs.build.workspace.node-test-linter.test.parallel"/>
		<testcase name="test-url-parse-query.js" classname="- .usr.home.iojs.build.workspace.node-test-linter.test.parallel"/>
		<testcase name="test-url-pathtofileurl.js" classname="- .usr.home.iojs.build.workspace.node-test-linter.test.parallel"/>
		<testcase name="test-url-relative.js" classname="- .usr.home.iojs.build.workspace.node-test-linter.test.parallel"/>
		<testcase name="test-utf8-scripts.js" classname="- .usr.home.iojs.build.workspace.node-test-linter.test.parallel"/>
		<testcase name="test-util-callbackify.js" classname="- .usr.home.iojs.build.workspace.node-test-linter.test.parallel"/>
		<testcase name="test-util-deprecate-invalid-code.js" classname="- .usr.home.iojs.build.workspace.node-test-linter.test.parallel"/>
		<testcase name="test-util-deprecate.js" classname="- .usr.home.iojs.build.workspace.node-test-linter.test.parallel"/>
		<testcase name="test-util-emit-experimental-warning.js" classname="- .usr.home.iojs.build.workspace.node-test-linter.test.parallel"/>
		<testcase name="test-util-format-shared-arraybuffer.js" classname="- .usr.home.iojs.build.workspace.node-test-linter.test.parallel"/>
		<testcase name="test-util-format.js" classname="- .usr.home.iojs.build.workspace.node-test-linter.test.parallel"/>
		<testcase name="test-util-inherits.js" classname="- .usr.home.iojs.build.workspace.node-test-linter.test.parallel"/>
		<testcase name="test-util-inspect-long-running.js" classname="- .usr.home.iojs.build.workspace.node-test-linter.test.parallel"/>
		<testcase name="test-util-inspect-namespace.js" classname="- .usr.home.iojs.build.workspace.node-test-linter.test.parallel"/>
		<testcase name="test-util-inspect-proxy.js" classname="- .usr.home.iojs.build.workspace.node-test-linter.test.parallel"/>
		<testcase name="test-util-inspect.js" classname="- .usr.home.iojs.build.workspace.node-test-linter.test.parallel"/>
		<testcase name="test-util-internal.js" classname="- .usr.home.iojs.build.workspace.node-test-linter.test.parallel"/>
		<testcase name="test-util-isDeepStrictEqual.js" classname="- .usr.home.iojs.build.workspace.node-test-linter.test.parallel"/>
		<testcase name="test-util-log.js" classname="- .usr.home.iojs.build.workspace.node-test-linter.test.parallel"/>
		<testcase name="test-util-promisify.js" classname="- .usr.home.iojs.build.workspace.node-test-linter.test.parallel"/>
		<testcase name="test-util-sigint-watchdog.js" classname="- .usr.home.iojs.build.workspace.node-test-linter.test.parallel"/>
		<testcase name="test-util-types.js" classname="- .usr.home.iojs.build.workspace.node-test-linter.test.parallel"/>
		<testcase name="test-util.js" classname="- .usr.home.iojs.build.workspace.node-test-linter.test.parallel"/>
		<testcase name="test-uv-binding-constant.js" classname="- .usr.home.iojs.build.workspace.node-test-linter.test.parallel"/>
		<testcase name="test-uv-errno.js" classname="- .usr.home.iojs.build.workspace.node-test-linter.test.parallel"/>
		<testcase name="test-v8-coverage.js" classname="- .usr.home.iojs.build.workspace.node-test-linter.test.parallel"/>
		<testcase name="test-v8-deserialize-buffer.js" classname="- .usr.home.iojs.build.workspace.node-test-linter.test.parallel"/>
		<testcase name="test-v8-flag-type-check.js" classname="- .usr.home.iojs.build.workspace.node-test-linter.test.parallel"/>
		<testcase name="test-v8-flags.js" classname="- .usr.home.iojs.build.workspace.node-test-linter.test.parallel"/>
		<testcase name="test-v8-global-setter.js" classname="- .usr.home.iojs.build.workspace.node-test-linter.test.parallel"/>
		<testcase name="test-v8-serdes.js" classname="- .usr.home.iojs.build.workspace.node-test-linter.test.parallel"/>
		<testcase name="test-v8-stats.js" classname="- .usr.home.iojs.build.workspace.node-test-linter.test.parallel"/>
		<testcase name="test-v8-untrusted-code-mitigations.js" classname="- .usr.home.iojs.build.workspace.node-test-linter.test.parallel"/>
		<testcase name="test-v8-version-tag.js" classname="- .usr.home.iojs.build.workspace.node-test-linter.test.parallel"/>
		<testcase name="test-vm-access-process-env.js" classname="- .usr.home.iojs.build.workspace.node-test-linter.test.parallel"/>
		<testcase name="test-vm-api-handles-getter-errors.js" classname="- .usr.home.iojs.build.workspace.node-test-linter.test.parallel"/>
		<testcase name="test-vm-attributes-property-not-on-sandbox.js" classname="- .usr.home.iojs.build.workspace.node-test-linter.test.parallel"/>
		<testcase name="test-vm-basic.js" classname="- .usr.home.iojs.build.workspace.node-test-linter.test.parallel"/>
		<testcase name="test-vm-cached-data.js" classname="- .usr.home.iojs.build.workspace.node-test-linter.test.parallel"/>
		<testcase name="test-vm-codegen.js" classname="- .usr.home.iojs.build.workspace.node-test-linter.test.parallel"/>
		<testcase name="test-vm-context-async-script.js" classname="- .usr.home.iojs.build.workspace.node-test-linter.test.parallel"/>
		<testcase name="test-vm-context-property-forwarding.js" classname="- .usr.home.iojs.build.workspace.node-test-linter.test.parallel"/>
		<testcase name="test-vm-context.js" classname="- .usr.home.iojs.build.workspace.node-test-linter.test.parallel"/>
		<testcase name="test-vm-create-and-run-in-context.js" classname="- .usr.home.iojs.build.workspace.node-test-linter.test.parallel"/>
		<testcase name="test-vm-create-context-accessors.js" classname="- .usr.home.iojs.build.workspace.node-test-linter.test.parallel"/>
		<testcase name="test-vm-create-context-arg.js" classname="- .usr.home.iojs.build.workspace.node-test-linter.test.parallel"/>
		<testcase name="test-vm-create-context-circular-reference.js" classname="- .usr.home.iojs.build.workspace.node-test-linter.test.parallel"/>
		<testcase name="test-vm-createcacheddata.js" classname="- .usr.home.iojs.build.workspace.node-test-linter.test.parallel"/>
		<testcase name="test-vm-cross-context.js" classname="- .usr.home.iojs.build.workspace.node-test-linter.test.parallel"/>
		<testcase name="test-vm-data-property-writable.js" classname="- .usr.home.iojs.build.workspace.node-test-linter.test.parallel"/>
		<testcase name="test-vm-deleting-property.js" classname="- .usr.home.iojs.build.workspace.node-test-linter.test.parallel"/>
		<testcase name="test-vm-function-declaration.js" classname="- .usr.home.iojs.build.workspace.node-test-linter.test.parallel"/>
		<testcase name="test-vm-function-redefinition.js" classname="- .usr.home.iojs.build.workspace.node-test-linter.test.parallel"/>
		<testcase name="test-vm-getters.js" classname="- .usr.home.iojs.build.workspace.node-test-linter.test.parallel"/>
		<testcase name="test-vm-global-assignment.js" classname="- .usr.home.iojs.build.workspace.node-test-linter.test.parallel"/>
		<testcase name="test-vm-global-define-property.js" classname="- .usr.home.iojs.build.workspace.node-test-linter.test.parallel"/>
		<testcase name="test-vm-global-identity.js" classname="- .usr.home.iojs.build.workspace.node-test-linter.test.parallel"/>
		<testcase name="test-vm-global-non-writable-properties.js" classname="- .usr.home.iojs.build.workspace.node-test-linter.test.parallel"/>
		<testcase name="test-vm-global-property-interceptors.js" classname="- .usr.home.iojs.build.workspace.node-test-linter.test.parallel"/>
		<testcase name="test-vm-harmony-symbols.js" classname="- .usr.home.iojs.build.workspace.node-test-linter.test.parallel"/>
		<testcase name="test-vm-indexed-properties.js" classname="- .usr.home.iojs.build.workspace.node-test-linter.test.parallel"/>
		<testcase name="test-vm-inherited_properties.js" classname="- .usr.home.iojs.build.workspace.node-test-linter.test.parallel"/>
		<testcase name="test-vm-is-context.js" classname="- .usr.home.iojs.build.workspace.node-test-linter.test.parallel"/>
		<testcase name="test-vm-low-stack-space.js" classname="- .usr.home.iojs.build.workspace.node-test-linter.test.parallel"/>
		<testcase name="test-vm-module-basic.js" classname="- .usr.home.iojs.build.workspace.node-test-linter.test.parallel"/>
		<testcase name="test-vm-module-dynamic-import.js" classname="- .usr.home.iojs.build.workspace.node-test-linter.test.parallel"/>
		<testcase name="test-vm-module-errors.js" classname="- .usr.home.iojs.build.workspace.node-test-linter.test.parallel"/>
		<testcase name="test-vm-module-import-meta.js" classname="- .usr.home.iojs.build.workspace.node-test-linter.test.parallel"/>
		<testcase name="test-vm-module-link.js" classname="- .usr.home.iojs.build.workspace.node-test-linter.test.parallel"/>
		<testcase name="test-vm-module-reevaluate.js" classname="- .usr.home.iojs.build.workspace.node-test-linter.test.parallel"/>
		<testcase name="test-vm-new-script-new-context.js" classname="- .usr.home.iojs.build.workspace.node-test-linter.test.parallel"/>
		<testcase name="test-vm-new-script-this-context.js" classname="- .usr.home.iojs.build.workspace.node-test-linter.test.parallel"/>
		<testcase name="test-vm-options-validation.js" classname="- .usr.home.iojs.build.workspace.node-test-linter.test.parallel"/>
		<testcase name="test-vm-parse-abort-on-uncaught-exception.js" classname="- .usr.home.iojs.build.workspace.node-test-linter.test.parallel"/>
		<testcase name="test-vm-preserves-property.js" classname="- .usr.home.iojs.build.workspace.node-test-linter.test.parallel"/>
		<testcase name="test-vm-property-not-on-sandbox.js" classname="- .usr.home.iojs.build.workspace.node-test-linter.test.parallel"/>
		<testcase name="test-vm-proxies.js" classname="- .usr.home.iojs.build.workspace.node-test-linter.test.parallel"/>
		<testcase name="test-vm-proxy-failure-CP.js" classname="- .usr.home.iojs.build.workspace.node-test-linter.test.parallel"/>
		<testcase name="test-vm-proxy.js" classname="- .usr.home.iojs.build.workspace.node-test-linter.test.parallel"/>
		<testcase name="test-vm-run-in-new-context.js" classname="- .usr.home.iojs.build.workspace.node-test-linter.test.parallel"/>
		<testcase name="test-vm-script-throw-in-tostring.js" classname="- .usr.home.iojs.build.workspace.node-test-linter.test.parallel"/>
		<testcase name="test-vm-sigint-existing-handler.js" classname="- .usr.home.iojs.build.workspace.node-test-linter.test.parallel"/>
		<testcase name="test-vm-sigint.js" classname="- .usr.home.iojs.build.workspace.node-test-linter.test.parallel"/>
		<testcase name="test-vm-static-this.js" classname="- .usr.home.iojs.build.workspace.node-test-linter.test.parallel"/>
		<testcase name="test-vm-strict-assign.js" classname="- .usr.home.iojs.build.workspace.node-test-linter.test.parallel"/>
		<testcase name="test-vm-strict-mode.js" classname="- .usr.home.iojs.build.workspace.node-test-linter.test.parallel"/>
		<testcase name="test-vm-symbols.js" classname="- .usr.home.iojs.build.workspace.node-test-linter.test.parallel"/>
		<testcase name="test-vm-syntax-error-message.js" classname="- .usr.home.iojs.build.workspace.node-test-linter.test.parallel"/>
		<testcase name="test-whatwg-url-searchparams-constructor.js" classname="- .usr.home.iojs.build.workspace.node-test-linter.test.parallel"/>
		<testcase name="test-whatwg-url-searchparams-delete.js" classname="- .usr.home.iojs.build.workspace.node-test-linter.test.parallel"/>
		<testcase name="test-whatwg-url-searchparams-foreach.js" classname="- .usr.home.iojs.build.workspace.node-test-linter.test.parallel"/>
		<testcase name="test-whatwg-url-searchparams-get.js" classname="- .usr.home.iojs.build.workspace.node-test-linter.test.parallel"/>
		<testcase name="test-whatwg-url-searchparams-getall.js" classname="- .usr.home.iojs.build.workspace.node-test-linter.test.parallel"/>
		<testcase name="test-whatwg-url-searchparams-has.js" classname="- .usr.home.iojs.build.workspace.node-test-linter.test.parallel"/>
		<testcase name="test-whatwg-url-searchparams-set.js" classname="- .usr.home.iojs.build.workspace.node-test-linter.test.parallel"/>
		<testcase name="test-whatwg-url-searchparams-sort.js" classname="- .usr.home.iojs.build.workspace.node-test-linter.test.parallel"/>
		<testcase name="test-whatwg-url-searchparams-stringifier.js" classname="- .usr.home.iojs.build.workspace.node-test-linter.test.parallel"/>
		<testcase name="test-whatwg-url-setters.js" classname="- .usr.home.iojs.build.workspace.node-test-linter.test.parallel"/>
		<testcase name="test-whatwg-url-toascii.js" classname="- .usr.home.iojs.build.workspace.node-test-linter.test.parallel"/>
		<testcase name="test-whatwg-url-tojson.js" classname="- .usr.home.iojs.build.workspace.node-test-linter.test.parallel"/>
		<testcase name="test-windows-abort-exitcode.js" classname="- .usr.home.iojs.build.workspace.node-test-linter.test.parallel"/>
		<testcase name="test-windows-failed-heap-allocation.js" classname="- .usr.home.iojs.build.workspace.node-test-linter.test.parallel"/>
		<testcase name="test-worker-cleanup-handles.js" classname="- .usr.home.iojs.build.workspace.node-test-linter.test.parallel"/>
		<testcase name="test-worker-dns-terminate.js" classname="- .usr.home.iojs.build.workspace.node-test-linter.test.parallel"/>
		<testcase name="test-worker-esmodule.js" classname="- .usr.home.iojs.build.workspace.node-test-linter.test.parallel"/>
		<testcase name="test-worker-exit-code.js" classname="- .usr.home.iojs.build.workspace.node-test-linter.test.parallel"/>
		<testcase name="test-worker-memory.js" classname="- .usr.home.iojs.build.workspace.node-test-linter.test.parallel"/>
		<testcase name="test-worker-message-channel-sharedarraybuffer.js" classname="- .usr.home.iojs.build.workspace.node-test-linter.test.parallel"/>
		<testcase name="test-worker-message-channel.js" classname="- .usr.home.iojs.build.workspace.node-test-linter.test.parallel"/>
		<testcase name="test-worker-message-port-arraybuffer.js" classname="- .usr.home.iojs.build.workspace.node-test-linter.test.parallel"/>
		<testcase name="test-worker-message-port-message-port-transferring.js" classname="- .usr.home.iojs.build.workspace.node-test-linter.test.parallel"/>
		<testcase name="test-worker-message-port-transfer-closed.js" classname="- .usr.home.iojs.build.workspace.node-test-linter.test.parallel"/>
		<testcase name="test-worker-message-port-transfer-self.js" classname="- .usr.home.iojs.build.workspace.node-test-linter.test.parallel"/>
		<testcase name="test-worker-message-port-transfer-target.js" classname="- .usr.home.iojs.build.workspace.node-test-linter.test.parallel"/>
		<testcase name="test-worker-message-port.js" classname="- .usr.home.iojs.build.workspace.node-test-linter.test.parallel"/>
		<testcase name="test-worker-nexttick-terminate.js" classname="- .usr.home.iojs.build.workspace.node-test-linter.test.parallel"/>
		<testcase name="test-worker-onmessage.js" classname="- .usr.home.iojs.build.workspace.node-test-linter.test.parallel"/>
		<testcase name="test-worker-parent-port-ref.js" classname="- .usr.home.iojs.build.workspace.node-test-linter.test.parallel"/>
		<testcase name="test-worker-relative-path-double-dot.js" classname="- .usr.home.iojs.build.workspace.node-test-linter.test.parallel"/>
		<testcase name="test-worker-relative-path.js" classname="- .usr.home.iojs.build.workspace.node-test-linter.test.parallel"/>
		<testcase name="test-worker-stdio.js" classname="- .usr.home.iojs.build.workspace.node-test-linter.test.parallel"/>
		<testcase name="test-worker-syntax-error-file.js" classname="- .usr.home.iojs.build.workspace.node-test-linter.test.parallel"/>
		<testcase name="test-worker-syntax-error.js" classname="- .usr.home.iojs.build.workspace.node-test-linter.test.parallel"/>
		<testcase name="test-worker-type-check.js" classname="- .usr.home.iojs.build.workspace.node-test-linter.test.parallel"/>
		<testcase name="test-worker-uncaught-exception-async.js" classname="- .usr.home.iojs.build.workspace.node-test-linter.test.parallel"/>
		<testcase name="test-worker-uncaught-exception.js" classname="- .usr.home.iojs.build.workspace.node-test-linter.test.parallel"/>
		<testcase name="test-worker-unsupported-path.js" classname="- .usr.home.iojs.build.workspace.node-test-linter.test.parallel"/>
		<testcase name="test-worker-unsupported-things.js" classname="- .usr.home.iojs.build.workspace.node-test-linter.test.parallel"/>
		<testcase name="test-vm-syntax-error-stderr.js" classname="- .usr.home.iojs.build.workspace.node-test-linter.test.parallel"/>
		<testcase name="test-vm-timeout.js" classname="- .usr.home.iojs.build.workspace.node-test-linter.test.parallel"/>
		<testcase name="test-warn-sigprof.js" classname="- .usr.home.iojs.build.workspace.node-test-linter.test.parallel"/>
		<testcase name="test-wasm-simple.js" classname="- .usr.home.iojs.build.workspace.node-test-linter.test.parallel"/>
		<testcase name="test-whatwg-encoding-fatal-streaming.js" classname="- .usr.home.iojs.build.workspace.node-test-linter.test.parallel"/>
		<testcase name="test-whatwg-encoding-internals.js" classname="- .usr.home.iojs.build.workspace.node-test-linter.test.parallel"/>
		<testcase name="test-whatwg-encoding-surrogates-utf8.js" classname="- .usr.home.iojs.build.workspace.node-test-linter.test.parallel"/>
		<testcase name="test-whatwg-encoding-textdecoder-fatal.js" classname="- .usr.home.iojs.build.workspace.node-test-linter.test.parallel"/>
		<testcase name="test-whatwg-encoding-textdecoder-ignorebom.js" classname="- .usr.home.iojs.build.workspace.node-test-linter.test.parallel"/>
		<testcase name="test-whatwg-encoding-textdecoder-streaming.js" classname="- .usr.home.iojs.build.workspace.node-test-linter.test.parallel"/>
		<testcase name="test-whatwg-encoding-textdecoder-utf16-surrogates.js" classname="- .usr.home.iojs.build.workspace.node-test-linter.test.parallel"/>
		<testcase name="test-whatwg-encoding-textdecoder.js" classname="- .usr.home.iojs.build.workspace.node-test-linter.test.parallel"/>
		<testcase name="test-whatwg-encoding-textencoder-utf16-surrogates.js" classname="- .usr.home.iojs.build.workspace.node-test-linter.test.parallel"/>
		<testcase name="test-whatwg-encoding-textencoder.js" classname="- .usr.home.iojs.build.workspace.node-test-linter.test.parallel"/>
		<testcase name="test-whatwg-url-constructor.js" classname="- .usr.home.iojs.build.workspace.node-test-linter.test.parallel"/>
		<testcase name="test-whatwg-url-custom-domainto.js" classname="- .usr.home.iojs.build.workspace.node-test-linter.test.parallel"/>
		<testcase name="test-whatwg-url-custom-global.js" classname="- .usr.home.iojs.build.workspace.node-test-linter.test.parallel"/>
		<testcase name="test-whatwg-url-custom-inspect.js" classname="- .usr.home.iojs.build.workspace.node-test-linter.test.parallel"/>
		<testcase name="test-whatwg-url-custom-parsing.js" classname="- .usr.home.iojs.build.workspace.node-test-linter.test.parallel"/>
		<testcase name="test-whatwg-url-custom-properties.js" classname="- .usr.home.iojs.build.workspace.node-test-linter.test.parallel"/>
		<testcase name="test-whatwg-url-custom-searchparams-append.js" classname="- .usr.home.iojs.build.workspace.node-test-linter.test.parallel"/>
		<testcase name="test-whatwg-url-custom-searchparams-constructor.js" classname="- .usr.home.iojs.build.workspace.node-test-linter.test.parallel"/>
		<testcase name="test-whatwg-url-custom-searchparams-delete.js" classname="- .usr.home.iojs.build.workspace.node-test-linter.test.parallel"/>
		<testcase name="test-whatwg-url-custom-searchparams-entries.js" classname="- .usr.home.iojs.build.workspace.node-test-linter.test.parallel"/>
		<testcase name="test-whatwg-url-custom-searchparams-foreach.js" classname="- .usr.home.iojs.build.workspace.node-test-linter.test.parallel"/>
		<testcase name="test-whatwg-url-custom-searchparams-get.js" classname="- .usr.home.iojs.build.workspace.node-test-linter.test.parallel"/>
		<testcase name="test-whatwg-url-custom-searchparams-getall.js" classname="- .usr.home.iojs.build.workspace.node-test-linter.test.parallel"/>
		<testcase name="test-whatwg-url-custom-searchparams-has.js" classname="- .usr.home.iojs.build.workspace.node-test-linter.test.parallel"/>
		<testcase name="test-whatwg-url-custom-searchparams-inspect.js" classname="- .usr.home.iojs.build.workspace.node-test-linter.test.parallel"/>
		<testcase name="test-whatwg-url-custom-searchparams-keys.js" classname="- .usr.home.iojs.build.workspace.node-test-linter.test.parallel"/>
		<testcase name="test-whatwg-url-custom-searchparams-set.js" classname="- .usr.home.iojs.build.workspace.node-test-linter.test.parallel"/>
		<testcase name="test-whatwg-url-custom-searchparams-sort.js" classname="- .usr.home.iojs.build.workspace.node-test-linter.test.parallel"/>
		<testcase name="test-whatwg-url-custom-searchparams-stringifier.js" classname="- .usr.home.iojs.build.workspace.node-test-linter.test.parallel"/>
		<testcase name="test-whatwg-url-custom-searchparams-values.js" classname="- .usr.home.iojs.build.workspace.node-test-linter.test.parallel"/>
		<testcase name="test-whatwg-url-custom-searchparams.js" classname="- .usr.home.iojs.build.workspace.node-test-linter.test.parallel"/>
		<testcase name="test-whatwg-url-custom-setters.js" classname="- .usr.home.iojs.build.workspace.node-test-linter.test.parallel"/>
		<testcase name="test-whatwg-url-custom-tostringtag.js" classname="- .usr.home.iojs.build.workspace.node-test-linter.test.parallel"/>
		<testcase name="test-whatwg-url-historical.js" classname="- .usr.home.iojs.build.workspace.node-test-linter.test.parallel"/>
		<testcase name="test-whatwg-url-origin.js" classname="- .usr.home.iojs.build.workspace.node-test-linter.test.parallel"/>
		<testcase name="test-whatwg-url-searchparams-append.js" classname="- .usr.home.iojs.build.workspace.node-test-linter.test.parallel"/>
		<testcase name="test-worker-workerdata-sharedarraybuffer.js" classname="- .usr.home.iojs.build.workspace.node-test-linter.test.parallel"/>
		<testcase name="test-worker.js" classname="- .usr.home.iojs.build.workspace.node-test-linter.test.parallel"/>
		<testcase name="test-wrap-js-stream-duplex.js" classname="- .usr.home.iojs.build.workspace.node-test-linter.test.parallel"/>
		<testcase name="test-wrap-js-stream-exceptions.js" classname="- .usr.home.iojs.build.workspace.node-test-linter.test.parallel"/>
		<testcase name="test-wrap-js-stream-read-stop.js" classname="- .usr.home.iojs.build.workspace.node-test-linter.test.parallel"/>
		<testcase name="test-zlib-bytes-read.js" classname="- .usr.home.iojs.build.workspace.node-test-linter.test.parallel"/>
		<testcase name="test-zlib-close-after-error.js" classname="- .usr.home.iojs.build.workspace.node-test-linter.test.parallel"/>
		<testcase name="test-zlib-close-after-write.js" classname="- .usr.home.iojs.build.workspace.node-test-linter.test.parallel"/>
		<testcase name="test-zlib-const.js" classname="- .usr.home.iojs.build.workspace.node-test-linter.test.parallel"/>
		<testcase name="test-zlib-convenience-methods.js" classname="- .usr.home.iojs.build.workspace.node-test-linter.test.parallel"/>
		<testcase name="test-zlib-create-raw.js" classname="- .usr.home.iojs.build.workspace.node-test-linter.test.parallel"/>
		<testcase name="test-zlib-deflate-constructors.js" classname="- .usr.home.iojs.build.workspace.node-test-linter.test.parallel"/>
		<testcase name="test-zlib-deflate-raw-inherits.js" classname="- .usr.home.iojs.build.workspace.node-test-linter.test.parallel"/>
		<testcase name="test-zlib-destroy-pipe.js" classname="- .usr.home.iojs.build.workspace.node-test-linter.test.parallel"/>
		<testcase name="test-zlib-dictionary-fail.js" classname="- .usr.home.iojs.build.workspace.node-test-linter.test.parallel"/>
		<testcase name="test-zlib-dictionary.js" classname="- .usr.home.iojs.build.workspace.node-test-linter.test.parallel"/>
		<testcase name="test-zlib-empty-buffer.js" classname="- .usr.home.iojs.build.workspace.node-test-linter.test.parallel"/>
		<testcase name="test-zlib-failed-init.js" classname="- .usr.home.iojs.build.workspace.node-test-linter.test.parallel"/>
		<testcase name="test-zlib-flush-drain-longblock.js" classname="- .usr.home.iojs.build.workspace.node-test-linter.test.parallel"/>
		<testcase name="test-zlib-flush-drain.js" classname="- .usr.home.iojs.build.workspace.node-test-linter.test.parallel"/>
		<testcase name="test-zlib-flush-flags.js" classname="- .usr.home.iojs.build.workspace.node-test-linter.test.parallel"/>
		<testcase name="test-zlib-flush-multiple-scheduled.js" classname="- .usr.home.iojs.build.workspace.node-test-linter.test.parallel"/>
		<testcase name="test-zlib-flush.js" classname="- .usr.home.iojs.build.workspace.node-test-linter.test.parallel"/>
		<testcase name="test-zlib-from-concatenated-gzip.js" classname="- .usr.home.iojs.build.workspace.node-test-linter.test.parallel"/>
		<testcase name="test-zlib-from-gzip-with-trailing-garbage.js" classname="- .usr.home.iojs.build.workspace.node-test-linter.test.parallel"/>
		<testcase name="test-zlib-from-gzip.js" classname="- .usr.home.iojs.build.workspace.node-test-linter.test.parallel"/>
		<testcase name="test-zlib-from-string.js" classname="- .usr.home.iojs.build.workspace.node-test-linter.test.parallel"/>
		<testcase name="test-zlib-invalid-input-memory.js" classname="- .usr.home.iojs.build.workspace.node-test-linter.test.parallel"/>
		<testcase name="test-zlib-invalid-input.js" classname="- .usr.home.iojs.build.workspace.node-test-linter.test.parallel"/>
		<testcase name="test-zlib-kmaxlength-rangeerror.js" classname="- .usr.home.iojs.build.workspace.node-test-linter.test.parallel"/>
		<testcase name="test-zlib-not-string-or-buffer.js" classname="- .usr.home.iojs.build.workspace.node-test-linter.test.parallel"/>
		<testcase name="test-zlib-object-write.js" classname="- .usr.home.iojs.build.workspace.node-test-linter.test.parallel"/>
		<testcase name="test-zlib-params.js" classname="- .usr.home.iojs.build.workspace.node-test-linter.test.parallel"/>
		<testcase name="test-zlib-random-byte-pipes.js" classname="- .usr.home.iojs.build.workspace.node-test-linter.test.parallel"/>
		<testcase name="test-zlib-sync-no-event.js" classname="- .usr.home.iojs.build.workspace.node-test-linter.test.parallel"/>
		<testcase name="test-zlib-truncated.js" classname="- .usr.home.iojs.build.workspace.node-test-linter.test.parallel"/>
		<testcase name="test-zlib-unused-weak.js" classname="- .usr.home.iojs.build.workspace.node-test-linter.test.parallel"/>
		<testcase name="test-zlib-unzip-one-byte-chunks.js" classname="- .usr.home.iojs.build.workspace.node-test-linter.test.parallel"/>
		<testcase name="test-zlib-write-after-close.js" classname="- .usr.home.iojs.build.workspace.node-test-linter.test.parallel"/>
		<testcase name="test-zlib-write-after-flush.js" classname="- .usr.home.iojs.build.workspace.node-test-linter.test.parallel"/>
		<testcase name="test-zlib-zero-byte.js" classname="- .usr.home.iojs.build.workspace.node-test-linter.test.parallel"/>
		<testcase name="test-zlib-zero-windowBits.js" classname="- .usr.home.iojs.build.workspace.node-test-linter.test.parallel"/>
		<testcase name="test-zlib.js" classname="- .usr.home.iojs.build.workspace.node-test-linter.test.parallel"/>
		<testcase name="console_colors.js" classname="- .usr.home.iojs.build.workspace.node-test-linter.test.pseudo-tty"/>
		<testcase name="no_dropped_stdio.js" classname="- .usr.home.iojs.build.workspace.node-test-linter.test.pseudo-tty"/>
		<testcase name="no_interleaved_stdio.js" classname="- .usr.home.iojs.build.workspace.node-test-linter.test.pseudo-tty"/>
		<testcase name="ref_keeps_node_running.js" classname="- .usr.home.iojs.build.workspace.node-test-linter.test.pseudo-tty"/>
		<testcase name="stdin-setrawmode.js" classname="- .usr.home.iojs.build.workspace.node-test-linter.test.pseudo-tty"/>
		<testcase name="test-assert-colors.js" classname="- .usr.home.iojs.build.workspace.node-test-linter.test.pseudo-tty"/>
		<testcase name="test-async-wrap-getasyncid-tty.js" classname="- .usr.home.iojs.build.workspace.node-test-linter.test.pseudo-tty"/>
		<testcase name="test-handle-wrap-isrefed-tty.js" classname="- .usr.home.iojs.build.workspace.node-test-linter.test.pseudo-tty"/>
		<testcase name="test-readable-tty-keepalive.js" classname="- .usr.home.iojs.build.workspace.node-test-linter.test.pseudo-tty"/>
		<testcase name="test-set-raw-mode-reset-process-exit.js" classname="- .usr.home.iojs.build.workspace.node-test-linter.test.pseudo-tty"/>
		<testcase name="test-set-raw-mode-reset-signal.js" classname="- .usr.home.iojs.build.workspace.node-test-linter.test.pseudo-tty"/>
		<testcase name="test-set-raw-mode-reset.js" classname="- .usr.home.iojs.build.workspace.node-test-linter.test.pseudo-tty"/>
		<testcase name="test-stderr-stdout-handle-sigwinch.js" classname="- .usr.home.iojs.build.workspace.node-test-linter.test.pseudo-tty"/>
		<testcase name="test-tty-get-color-depth.js" classname="- .usr.home.iojs.build.workspace.node-test-linter.test.pseudo-tty"/>
		<testcase name="test-tty-isatty.js" classname="- .usr.home.iojs.build.workspace.node-test-linter.test.pseudo-tty"/>
		<testcase name="test-tty-stdin-end.js" classname="- .usr.home.iojs.build.workspace.node-test-linter.test.pseudo-tty"/>
		<testcase name="test-tty-stdout-end.js" classname="- .usr.home.iojs.build.workspace.node-test-linter.test.pseudo-tty"/>
		<testcase name="test-tty-stdout-resize.js" classname="- .usr.home.iojs.build.workspace.node-test-linter.test.pseudo-tty"/>
		<testcase name="test-tty-stream-constructors.js" classname="- .usr.home.iojs.build.workspace.node-test-linter.test.pseudo-tty"/>
		<testcase name="test-tty-window-size.js" classname="- .usr.home.iojs.build.workspace.node-test-linter.test.pseudo-tty"/>
		<testcase name="test-tty-wrap.js" classname="- .usr.home.iojs.build.workspace.node-test-linter.test.pseudo-tty"/>
		<testcase name="test-tty-write-stream-resume-crash.js" classname="- .usr.home.iojs.build.workspace.node-test-linter.test.pseudo-tty"/>
		<testcase name="test-abort-fatal-error.js" classname="- .usr.home.iojs.build.workspace.node-test-linter.test.pummel"/>
		<testcase name="test-child-process-spawn-loop.js" classname="- .usr.home.iojs.build.workspace.node-test-linter.test.pummel"/>
		<testcase name="test-crypto-dh.js" classname="- .usr.home.iojs.build.workspace.node-test-linter.test.pummel"/>
		<testcase name="test-crypto-timing-safe-equal-benchmarks.js" classname="- .usr.home.iojs.build.workspace.node-test-linter.test.pummel"/>
		<testcase name="test-dh-regr.js" classname="- .usr.home.iojs.build.workspace.node-test-linter.test.pummel"/>
		<testcase name="test-dtrace-jsstack.js" classname="- .usr.home.iojs.build.workspace.node-test-linter.test.pummel"/>
		<testcase name="test-exec.js" classname="- .usr.home.iojs.build.workspace.node-test-linter.test.pummel"/>
		<testcase name="test-fs-largefile.js" classname="- .usr.home.iojs.build.workspace.node-test-linter.test.pummel"/>
		<testcase name="test-fs-watch-file-slow.js" classname="- .usr.home.iojs.build.workspace.node-test-linter.test.pummel"/>
		<testcase name="test-fs-watch-file.js" classname="- .usr.home.iojs.build.workspace.node-test-linter.test.pummel"/>
		<testcase name="test-fs-watch-non-recursive.js" classname="- .usr.home.iojs.build.workspace.node-test-linter.test.pummel"/>
		<testcase name="test-hash-seed.js" classname="- .usr.home.iojs.build.workspace.node-test-linter.test.pummel"/>
		<testcase name="test-http-client-reconnect-bug.js" classname="- .usr.home.iojs.build.workspace.node-test-linter.test.pummel"/>
		<testcase name="test-http-many-keep-alive-connections.js" classname="- .usr.home.iojs.build.workspace.node-test-linter.test.pummel"/>
		<testcase name="test-http-upload-timeout.js" classname="- .usr.home.iojs.build.workspace.node-test-linter.test.pummel"/>
		<testcase name="test-https-ci-reneg-attack.js" classname="- .usr.home.iojs.build.workspace.node-test-linter.test.pummel"/>
		<testcase name="test-https-large-response.js" classname="- .usr.home.iojs.build.workspace.node-test-linter.test.pummel"/>
		<testcase name="test-https-no-reader.js" classname="- .usr.home.iojs.build.workspace.node-test-linter.test.pummel"/>
		<testcase name="test-keep-alive.js" classname="- .usr.home.iojs.build.workspace.node-test-linter.test.pummel"/>
		<testcase name="test-net-connect-econnrefused.js" classname="- .usr.home.iojs.build.workspace.node-test-linter.test.pummel"/>
		<testcase name="test-net-many-clients.js" classname="- .usr.home.iojs.build.workspace.node-test-linter.test.pummel"/>
		<testcase name="test-net-pause.js" classname="- .usr.home.iojs.build.workspace.node-test-linter.test.pummel"/>
		<testcase name="test-net-pingpong-delay.js" classname="- .usr.home.iojs.build.workspace.node-test-linter.test.pummel"/>
		<testcase name="test-net-pingpong.js" classname="- .usr.home.iojs.build.workspace.node-test-linter.test.pummel"/>
		<testcase name="test-net-throttle.js" classname="- .usr.home.iojs.build.workspace.node-test-linter.test.pummel"/>
		<testcase name="test-net-timeout.js" classname="- .usr.home.iojs.build.workspace.node-test-linter.test.pummel"/>
		<testcase name="test-net-timeout2.js" classname="- .usr.home.iojs.build.workspace.node-test-linter.test.pummel"/>
		<testcase name="test-net-write-callbacks.js" classname="- .usr.home.iojs.build.workspace.node-test-linter.test.pummel"/>
		<testcase name="test-next-tick-infinite-calls.js" classname="- .usr.home.iojs.build.workspace.node-test-linter.test.pummel"/>
		<testcase name="test-process-cpuUsage.js" classname="- .usr.home.iojs.build.workspace.node-test-linter.test.pummel"/>
		<testcase name="test-process-hrtime.js" classname="- .usr.home.iojs.build.workspace.node-test-linter.test.pummel"/>
		<testcase name="test-process-uptime.js" classname="- .usr.home.iojs.build.workspace.node-test-linter.test.pummel"/>
		<testcase name="test-regress-GH-814_2.js" classname="- .usr.home.iojs.build.workspace.node-test-linter.test.pummel"/>
		<testcase name="test-regress-GH-814.js" classname="- .usr.home.iojs.build.workspace.node-test-linter.test.pummel"/>
		<testcase name="test-regress-GH-892.js" classname="- .usr.home.iojs.build.workspace.node-test-linter.test.pummel"/>
		<testcase name="test-stream-pipe-multi.js" classname="- .usr.home.iojs.build.workspace.node-test-linter.test.pummel"/>
		<testcase name="test-timers.js" classname="- .usr.home.iojs.build.workspace.node-test-linter.test.pummel"/>
		<testcase name="test-tls-ci-reneg-attack.js" classname="- .usr.home.iojs.build.workspace.node-test-linter.test.pummel"/>
		<testcase name="test-tls-securepair-client.js" classname="- .usr.home.iojs.build.workspace.node-test-linter.test.pummel"/>
		<testcase name="test-tls-server-large-request.js" classname="- .usr.home.iojs.build.workspace.node-test-linter.test.pummel"/>
		<testcase name="test-tls-session-timeout.js" classname="- .usr.home.iojs.build.workspace.node-test-linter.test.pummel"/>
		<testcase name="test-tls-throttle.js" classname="- .usr.home.iojs.build.workspace.node-test-linter.test.pummel"/>
		<testcase name="test-vm-memleak.js" classname="- .usr.home.iojs.build.workspace.node-test-linter.test.pummel"/>
		<testcase name="test-vm-race.js" classname="- .usr.home.iojs.build.workspace.node-test-linter.test.pummel"/>
		<testcase name="test-watch-file.js" classname="- .usr.home.iojs.build.workspace.node-test-linter.test.pummel"/>
		<testcase name="README.md" classname="- .usr.home.iojs.build.workspace.node-test-linter.test"/>
		<testcase name="test-async-wrap-getasyncid.js" classname="- .usr.home.iojs.build.workspace.node-test-linter.test.sequential"/>
		<testcase name="test-benchmark-buffer.js" classname="- .usr.home.iojs.build.workspace.node-test-linter.test.sequential"/>
		<testcase name="test-benchmark-child-process.js" classname="- .usr.home.iojs.build.workspace.node-test-linter.test.sequential"/>
		<testcase name="test-benchmark-dgram.js" classname="- .usr.home.iojs.build.workspace.node-test-linter.test.sequential"/>
		<testcase name="test-benchmark-http.js" classname="- .usr.home.iojs.build.workspace.node-test-linter.test.sequential"/>
		<testcase name="test-benchmark-net.js" classname="- .usr.home.iojs.build.workspace.node-test-linter.test.sequential"/>
		<testcase name="test-benchmark-path.js" classname="- .usr.home.iojs.build.workspace.node-test-linter.test.sequential"/>
		<testcase name="test-benchmark-tls.js" classname="- .usr.home.iojs.build.workspace.node-test-linter.test.sequential"/>
		<testcase name="test-buffer-creation-regression.js" classname="- .usr.home.iojs.build.workspace.node-test-linter.test.sequential"/>
		<testcase name="test-child-process-emfile.js" classname="- .usr.home.iojs.build.workspace.node-test-linter.test.sequential"/>
		<testcase name="test-child-process-execsync.js" classname="- .usr.home.iojs.build.workspace.node-test-linter.test.sequential"/>
		<testcase name="test-child-process-exit.js" classname="- .usr.home.iojs.build.workspace.node-test-linter.test.sequential"/>
		<testcase name="test-child-process-fork-getconnections.js" classname="- .usr.home.iojs.build.workspace.node-test-linter.test.sequential"/>
		<testcase name="test-child-process-pass-fd.js" classname="- .usr.home.iojs.build.workspace.node-test-linter.test.sequential"/>
		<testcase name="test-cluster-inspect-brk.js" classname="- .usr.home.iojs.build.workspace.node-test-linter.test.sequential"/>
		<testcase name="test-cluster-send-handle-large-payload.js" classname="- .usr.home.iojs.build.workspace.node-test-linter.test.sequential"/>
		<testcase name="test-crypto-timing-safe-equal.js" classname="- .usr.home.iojs.build.workspace.node-test-linter.test.sequential"/>
		<testcase name="test-debug-prompt.js" classname="- .usr.home.iojs.build.workspace.node-test-linter.test.sequential"/>
		<testcase name="test-debugger-debug-brk.js" classname="- .usr.home.iojs.build.workspace.node-test-linter.test.sequential"/>
		<testcase name="test-debugger-repeat-last.js" classname="- .usr.home.iojs.build.workspace.node-test-linter.test.sequential"/>
		<testcase name="test-deprecation-flags.js" classname="- .usr.home.iojs.build.workspace.node-test-linter.test.sequential"/>
		<testcase name="test-dgram-bind-shared-ports.js" classname="- .usr.home.iojs.build.workspace.node-test-linter.test.sequential"/>
		<testcase name="test-dgram-implicit-bind-failure.js" classname="- .usr.home.iojs.build.workspace.node-test-linter.test.sequential"/>
		<testcase name="test-dgram-pingpong.js" classname="- .usr.home.iojs.build.workspace.node-test-linter.test.sequential"/>
		<testcase name="test-fs-readfile-tostring-fail.js" classname="- .usr.home.iojs.build.workspace.node-test-linter.test.sequential"/>
		<testcase name="test-fs-stat-sync-overflow.js" classname="- .usr.home.iojs.build.workspace.node-test-linter.test.sequential"/>
		<testcase name="test-fs-watch.js" classname="- .usr.home.iojs.build.workspace.node-test-linter.test.sequential"/>
		<testcase name="test-http-econnrefused.js" classname="- .usr.home.iojs.build.workspace.node-test-linter.test.sequential"/>
		<testcase name="test-http-keep-alive-large-write.js" classname="- .usr.home.iojs.build.workspace.node-test-linter.test.sequential"/>
		<testcase name="test-http-keepalive-maxsockets.js" classname="- .usr.home.iojs.build.workspace.node-test-linter.test.sequential"/>
		<testcase name="test-http-max-sockets.js" classname="- .usr.home.iojs.build.workspace.node-test-linter.test.sequential"/>
		<testcase name="test-http-regr-gh-2928.js" classname="- .usr.home.iojs.build.workspace.node-test-linter.test.sequential"/>
		<testcase name="test-http-server-consumed-timeout.js" classname="- .usr.home.iojs.build.workspace.node-test-linter.test.sequential"/>
		<testcase name="test-http-server-keep-alive-timeout-slow-client-headers.js" classname="- .usr.home.iojs.build.workspace.node-test-linter.test.sequential"/>
		<testcase name="test-http-server-keep-alive-timeout-slow-server.js" classname="- .usr.home.iojs.build.workspace.node-test-linter.test.sequential"/>
		<testcase name="test-http2-large-file.js" classname="- .usr.home.iojs.build.workspace.node-test-linter.test.sequential"/>
		<testcase name="test-http2-max-session-memory.js" classname="- .usr.home.iojs.build.workspace.node-test-linter.test.sequential"/>
		<testcase name="test-http2-ping-flood.js" classname="- .usr.home.iojs.build.workspace.node-test-linter.test.sequential"/>
		<testcase name="test-http2-session-timeout.js" classname="- .usr.home.iojs.build.workspace.node-test-linter.test.sequential"/>
		<testcase name="test-http2-settings-flood.js" classname="- .usr.home.iojs.build.workspace.node-test-linter.test.sequential"/>
		<testcase name="test-http2-timeout-large-write-file.js" classname="- .usr.home.iojs.build.workspace.node-test-linter.test.sequential"/>
		<testcase name="test-http2-timeout-large-write.js" classname="- .usr.home.iojs.build.workspace.node-test-linter.test.sequential"/>
		<testcase name="test-https-keep-alive-large-write.js" classname="- .usr.home.iojs.build.workspace.node-test-linter.test.sequential"/>
		<testcase name="test-https-server-keep-alive-timeout.js" classname="- .usr.home.iojs.build.workspace.node-test-linter.test.sequential"/>
		<testcase name="test-init.js" classname="- .usr.home.iojs.build.workspace.node-test-linter.test.sequential"/>
		<testcase name="test-inspector-async-call-stack-abort.js" classname="- .usr.home.iojs.build.workspace.node-test-linter.test.sequential"/>
		<testcase name="test-inspector-async-call-stack.js" classname="- .usr.home.iojs.build.workspace.node-test-linter.test.sequential"/>
		<testcase name="test-inspector-async-hook-setup-at-inspect-brk.js" classname="- .usr.home.iojs.build.workspace.node-test-linter.test.sequential"/>
		<testcase name="test-inspector-async-hook-setup-at-signal.js" classname="- .usr.home.iojs.build.workspace.node-test-linter.test.sequential"/>
		<testcase name="test-inspector-async-stack-traces-promise-then.js" classname="- .usr.home.iojs.build.workspace.node-test-linter.test.sequential"/>
		<testcase name="test-inspector-async-stack-traces-set-interval.js" classname="- .usr.home.iojs.build.workspace.node-test-linter.test.sequential"/>
		<testcase name="test-inspector-bindings.js" classname="- .usr.home.iojs.build.workspace.node-test-linter.test.sequential"/>
		<testcase name="test-inspector-break-e.js" classname="- .usr.home.iojs.build.workspace.node-test-linter.test.sequential"/>
		<testcase name="test-inspector-break-when-eval.js" classname="- .usr.home.iojs.build.workspace.node-test-linter.test.sequential"/>
		<testcase name="test-inspector-console.js" classname="- .usr.home.iojs.build.workspace.node-test-linter.test.sequential"/>
		<testcase name="test-inspector-contexts.js" classname="- .usr.home.iojs.build.workspace.node-test-linter.test.sequential"/>
		<testcase name="test-inspector-debug-brk-flag.js" classname="- .usr.home.iojs.build.workspace.node-test-linter.test.sequential"/>
		<testcase name="test-inspector-debug-end.js" classname="- .usr.home.iojs.build.workspace.node-test-linter.test.sequential"/>
		<testcase name="test-inspector-enabled.js" classname="- .usr.home.iojs.build.workspace.node-test-linter.test.sequential"/>
		<testcase name="test-inspector-exception.js" classname="- .usr.home.iojs.build.workspace.node-test-linter.test.sequential"/>
		<testcase name="test-inspector-invalid-args.js" classname="- .usr.home.iojs.build.workspace.node-test-linter.test.sequential"/>
		<testcase name="test-inspector-ip-detection.js" classname="- .usr.home.iojs.build.workspace.node-test-linter.test.sequential"/>
		<testcase name="test-inspector-module.js" classname="- .usr.home.iojs.build.workspace.node-test-linter.test.sequential"/>
		<testcase name="test-inspector-not-blocked-on-idle.js" classname="- .usr.home.iojs.build.workspace.node-test-linter.test.sequential"/>
		<testcase name="test-inspector-open.js" classname="- .usr.home.iojs.build.workspace.node-test-linter.test.sequential"/>
		<testcase name="test-inspector-overwrite-config.js" classname="- .usr.home.iojs.build.workspace.node-test-linter.test.sequential"/>
		<testcase name="test-inspector-port-cluster.js" classname="- .usr.home.iojs.build.workspace.node-test-linter.test.sequential"/>
		<testcase name="test-inspector-port-zero.js" classname="- .usr.home.iojs.build.workspace.node-test-linter.test.sequential"/>
		<testcase name="test-inspector-runtime-evaluate-with-timeout.js" classname="- .usr.home.iojs.build.workspace.node-test-linter.test.sequential"/>
		<testcase name="test-inspector-scriptparsed-context.js" classname="- .usr.home.iojs.build.workspace.node-test-linter.test.sequential"/>
		<testcase name="test-inspector-stop-profile-after-done.js" classname="- .usr.home.iojs.build.workspace.node-test-linter.test.sequential"/>
		<testcase name="test-inspector-stops-no-file.js" classname="- .usr.home.iojs.build.workspace.node-test-linter.test.sequential"/>
		<testcase name="test-inspector-stress-http.js" classname="- .usr.home.iojs.build.workspace.node-test-linter.test.sequential"/>
		<testcase name="test-inspector.js" classname="- .usr.home.iojs.build.workspace.node-test-linter.test.sequential"/>
		<testcase name="test-module-loading.js" classname="- .usr.home.iojs.build.workspace.node-test-linter.test.sequential"/>
		<testcase name="test-net-better-error-messages-port.js" classname="- .usr.home.iojs.build.workspace.node-test-linter.test.sequential"/>
		<testcase name="test-net-bytes-per-incoming-chunk-overhead.js" classname="- .usr.home.iojs.build.workspace.node-test-linter.test.sequential"/>
		<testcase name="test-net-connect-local-error.js" classname="- .usr.home.iojs.build.workspace.node-test-linter.test.sequential"/>
		<testcase name="test-net-GH-5504.js" classname="- .usr.home.iojs.build.workspace.node-test-linter.test.sequential"/>
		<testcase name="test-net-listen-shared-ports.js" classname="- .usr.home.iojs.build.workspace.node-test-linter.test.sequential"/>
		<testcase name="test-net-localport.js" classname="- .usr.home.iojs.build.workspace.node-test-linter.test.sequential"/>
		<testcase name="test-net-reconnect-error.js" classname="- .usr.home.iojs.build.workspace.node-test-linter.test.sequential"/>
		<testcase name="test-net-response-size.js" classname="- .usr.home.iojs.build.workspace.node-test-linter.test.sequential"/>
		<testcase name="test-net-server-address.js" classname="- .usr.home.iojs.build.workspace.node-test-linter.test.sequential"/>
		<testcase name="test-net-server-bind.js" classname="- .usr.home.iojs.build.workspace.node-test-linter.test.sequential"/>
		<testcase name="test-next-tick-error-spin.js" classname="- .usr.home.iojs.build.workspace.node-test-linter.test.sequential"/>
		<testcase name="test-performance.js" classname="- .usr.home.iojs.build.workspace.node-test-linter.test.sequential"/>
		<testcase name="test-pipe.js" classname="- .usr.home.iojs.build.workspace.node-test-linter.test.sequential"/>
		<testcase name="test-process-warnings.js" classname="- .usr.home.iojs.build.workspace.node-test-linter.test.sequential"/>
		<testcase name="test-repl-timeout-throw.js" classname="- .usr.home.iojs.build.workspace.node-test-linter.test.sequential"/>
		<testcase name="test-require-cache-without-stat.js" classname="- .usr.home.iojs.build.workspace.node-test-linter.test.sequential"/>
		<testcase name="test-stream-writable-clear-buffer.js" classname="- .usr.home.iojs.build.workspace.node-test-linter.test.sequential"/>
		<testcase name="test-stream2-fs.js" classname="- .usr.home.iojs.build.workspace.node-test-linter.test.sequential"/>
		<testcase name="test-stream2-stderr-sync.js" classname="- .usr.home.iojs.build.workspace.node-test-linter.test.sequential"/>
		<testcase name="test-timers-block-eventloop.js" classname="- .usr.home.iojs.build.workspace.node-test-linter.test.sequential"/>
		<testcase name="test-tick-processor-polyfill-brokenfile.js" classname="- .usr.home.iojs.build.workspace.node-test-linter.test.tick-processor"/>
		<testcase name="test-tick-processor-preprocess-flag.js" classname="- .usr.home.iojs.build.workspace.node-test-linter.test.tick-processor"/>
		<testcase name="test-tick-processor-unknown.js" classname="- .usr.home.iojs.build.workspace.node-test-linter.test.tick-processor"/>
		<testcase name="tick-processor-base.js" classname="- .usr.home.iojs.build.workspace.node-test-linter.test.tick-processor"/>
		<testcase name="util.js" classname="- .usr.home.iojs.build.workspace.node-test-linter.test.tick-processor"/>
		<testcase name="test-linux-perf.js" classname="- .usr.home.iojs.build.workspace.node-test-linter.test.v8-updates"/>
		<testcase name="test-postmortem-metadata.js" classname="- .usr.home.iojs.build.workspace.node-test-linter.test.v8-updates"/>
		<testcase name="test-timers-blocking-callback.js" classname="- .usr.home.iojs.build.workspace.node-test-linter.test.sequential"/>
		<testcase name="test-timers-set-interval-excludes-callback-duration.js" classname="- .usr.home.iojs.build.workspace.node-test-linter.test.sequential"/>
		<testcase name="test-tls-connect.js" classname="- .usr.home.iojs.build.workspace.node-test-linter.test.sequential"/>
		<testcase name="test-tls-lookup.js" classname="- .usr.home.iojs.build.workspace.node-test-linter.test.sequential"/>
		<testcase name="test-util-debug.js" classname="- .usr.home.iojs.build.workspace.node-test-linter.test.sequential"/>
		<testcase name="test-vm-timeout-rethrow.js" classname="- .usr.home.iojs.build.workspace.node-test-linter.test.sequential"/>
		<testcase name="test-tick-processor-builtin.js" classname="- .usr.home.iojs.build.workspace.node-test-linter.test.tick-processor"/>
		<testcase name="test-tick-processor-cpp-core.js" classname="- .usr.home.iojs.build.workspace.node-test-linter.test.tick-processor"/>
		<testcase name="convertComments.js" classname="- .usr.home.iojs.build.workspace.node-test-linter.tools.node_modules.babel-eslint.lib.babylon-to-espree"/>
		<testcase name="convertTemplateType.js" classname="- .usr.home.iojs.build.workspace.node-test-linter.tools.node_modules.babel-eslint.lib.babylon-to-espree"/>
		<testcase name="index.js" classname="- .usr.home.iojs.build.workspace.node-test-linter.tools.node_modules.babel-eslint.lib.babylon-to-espree"/>
		<testcase name="toAST.js" classname="- .usr.home.iojs.build.workspace.node-test-linter.tools.node_modules.babel-eslint.lib.babylon-to-espree"/>
		<testcase name="toToken.js" classname="- .usr.home.iojs.build.workspace.node-test-linter.tools.node_modules.babel-eslint.lib.babylon-to-espree"/>
		<testcase name="toTokens.js" classname="- .usr.home.iojs.build.workspace.node-test-linter.tools.node_modules.babel-eslint.lib.babylon-to-espree"/>
		<testcase name="index.js" classname="- .usr.home.iojs.build.workspace.node-test-linter.tools.node_modules.babel-eslint.lib"/>
		<testcase name="parse-with-patch.js" classname="- .usr.home.iojs.build.workspace.node-test-linter.tools.node_modules.babel-eslint.lib"/>
		<testcase name="parse-with-scope.js" classname="- .usr.home.iojs.build.workspace.node-test-linter.tools.node_modules.babel-eslint.lib"/>
		<testcase name="parse.js" classname="- .usr.home.iojs.build.workspace.node-test-linter.tools.node_modules.babel-eslint.lib"/>
		<testcase name="patch-eslint-scope.js" classname="- .usr.home.iojs.build.workspace.node-test-linter.tools.node_modules.babel-eslint.lib"/>
		<testcase name="visitor-keys.js" classname="- .usr.home.iojs.build.workspace.node-test-linter.tools.node_modules.babel-eslint.lib"/>
		<testcase name="index.js" classname="- .usr.home.iojs.build.workspace.node-test-linter.tools.node_modules.babel-eslint.node_modules.@babel.code-frame.lib"/>
		<testcase name="README.md" classname="- .usr.home.iojs.build.workspace.node-test-linter.tools.node_modules.babel-eslint.node_modules.@babel.code-frame"/>
		<testcase name="index.js" classname="- .usr.home.iojs.build.workspace.node-test-linter.tools.node_modules.babel-eslint.node_modules.@babel.helper-function-name.lib"/>
		<testcase name="README.md" classname="- .usr.home.iojs.build.workspace.node-test-linter.tools.node_modules.babel-eslint.node_modules.@babel.helper-function-name"/>
		<testcase name="index.js" classname="- .usr.home.iojs.build.workspace.node-test-linter.tools.node_modules.babel-eslint.node_modules.@babel.helper-get-function-arity.lib"/>
		<testcase name="README.md" classname="- .usr.home.iojs.build.workspace.node-test-linter.tools.node_modules.babel-eslint.node_modules.@babel.helper-get-function-arity"/>
		<testcase name="builder.js" classname="- .usr.home.iojs.build.workspace.node-test-linter.tools.node_modules.babel-eslint.node_modules.@babel.template.lib"/>
		<testcase name="formatters.js" classname="- .usr.home.iojs.build.workspace.node-test-linter.tools.node_modules.babel-eslint.node_modules.@babel.template.lib"/>
		<testcase name="index.js" classname="- .usr.home.iojs.build.workspace.node-test-linter.tools.node_modules.babel-eslint.node_modules.@babel.template.lib"/>
		<testcase name="literal.js" classname="- .usr.home.iojs.build.workspace.node-test-linter.tools.node_modules.babel-eslint.node_modules.@babel.template.lib"/>
		<testcase name="options.js" classname="- .usr.home.iojs.build.workspace.node-test-linter.tools.node_modules.babel-eslint.node_modules.@babel.template.lib"/>
		<testcase name="parse.js" classname="- .usr.home.iojs.build.workspace.node-test-linter.tools.node_modules.babel-eslint.node_modules.@babel.template.lib"/>
		<testcase name="populate.js" classname="- .usr.home.iojs.build.workspace.node-test-linter.tools.node_modules.babel-eslint.node_modules.@babel.template.lib"/>
		<testcase name="string.js" classname="- .usr.home.iojs.build.workspace.node-test-linter.tools.node_modules.babel-eslint.node_modules.@babel.template.lib"/>
		<testcase name="README.md" classname="- .usr.home.iojs.build.workspace.node-test-linter.tools.node_modules.babel-eslint.node_modules.@babel.template"/>
		<testcase name="cache.js" classname="- .usr.home.iojs.build.workspace.node-test-linter.tools.node_modules.babel-eslint.node_modules.@babel.traverse.lib"/>
		<testcase name="context.js" classname="- .usr.home.iojs.build.workspace.node-test-linter.tools.node_modules.babel-eslint.node_modules.@babel.traverse.lib"/>
		<testcase name="hub.js" classname="- .usr.home.iojs.build.workspace.node-test-linter.tools.node_modules.babel-eslint.node_modules.@babel.traverse.lib"/>
		<testcase name="index.js" classname="- .usr.home.iojs.build.workspace.node-test-linter.tools.node_modules.babel-eslint.node_modules.@babel.traverse.lib"/>
		<testcase name="ancestry.js" classname="- .usr.home.iojs.build.workspace.node-test-linter.tools.node_modules.babel-eslint.node_modules.@babel.traverse.lib.path"/>
		<testcase name="comments.js" classname="- .usr.home.iojs.build.workspace.node-test-linter.tools.node_modules.babel-eslint.node_modules.@babel.traverse.lib.path"/>
		<testcase name="context.js" classname="- .usr.home.iojs.build.workspace.node-test-linter.tools.node_modules.babel-eslint.node_modules.@babel.traverse.lib.path"/>
		<testcase name="conversion.js" classname="- .usr.home.iojs.build.workspace.node-test-linter.tools.node_modules.babel-eslint.node_modules.@babel.traverse.lib.path"/>
		<testcase name="evaluation.js" classname="- .usr.home.iojs.build.workspace.node-test-linter.tools.node_modules.babel-eslint.node_modules.@babel.traverse.lib.path"/>
		<testcase name="family.js" classname="- .usr.home.iojs.build.workspace.node-test-linter.tools.node_modules.babel-eslint.node_modules.@babel.traverse.lib.path"/>
		<testcase name="index.js" classname="- .usr.home.iojs.build.workspace.node-test-linter.tools.node_modules.babel-eslint.node_modules.@babel.traverse.lib.path"/>
		<testcase name="index.js" classname="- .usr.home.iojs.build.workspace.node-test-linter.tools.node_modules.babel-eslint.node_modules.@babel.traverse.lib.path.inference"/>
		<testcase name="inferer-reference.js" classname="- .usr.home.iojs.build.workspace.node-test-linter.tools.node_modules.babel-eslint.node_modules.@babel.traverse.lib.path.inference"/>
		<testcase name="inferers.js" classname="- .usr.home.iojs.build.workspace.node-test-linter.tools.node_modules.babel-eslint.node_modules.@babel.traverse.lib.path.inference"/>
		<testcase name="introspection.js" classname="- .usr.home.iojs.build.workspace.node-test-linter.tools.node_modules.babel-eslint.node_modules.@babel.traverse.lib.path"/>
		<testcase name="hoister.js" classname="- .usr.home.iojs.build.workspace.node-test-linter.tools.node_modules.babel-eslint.node_modules.@babel.traverse.lib.path.lib"/>
		<testcase name="removal-hooks.js" classname="- .usr.home.iojs.build.workspace.node-test-linter.tools.node_modules.babel-eslint.node_modules.@babel.traverse.lib.path.lib"/>
		<testcase name="virtual-types.js" classname="- .usr.home.iojs.build.workspace.node-test-linter.tools.node_modules.babel-eslint.node_modules.@babel.traverse.lib.path.lib"/>
		<testcase name="modification.js" classname="- .usr.home.iojs.build.workspace.node-test-linter.tools.node_modules.babel-eslint.node_modules.@babel.traverse.lib.path"/>
		<testcase name="removal.js" classname="- .usr.home.iojs.build.workspace.node-test-linter.tools.node_modules.babel-eslint.node_modules.@babel.traverse.lib.path"/>
		<testcase name="replacement.js" classname="- .usr.home.iojs.build.workspace.node-test-linter.tools.node_modules.babel-eslint.node_modules.@babel.traverse.lib.path"/>
		<testcase name="binding.js" classname="- .usr.home.iojs.build.workspace.node-test-linter.tools.node_modules.babel-eslint.node_modules.@babel.traverse.lib.scope"/>
		<testcase name="index.js" classname="- .usr.home.iojs.build.workspace.node-test-linter.tools.node_modules.babel-eslint.node_modules.@babel.traverse.lib.scope"/>
		<testcase name="renamer.js" classname="- .usr.home.iojs.build.workspace.node-test-linter.tools.node_modules.babel-eslint.node_modules.@babel.traverse.lib.scope.lib"/>
		<testcase name="visitors.js" classname="- .usr.home.iojs.build.workspace.node-test-linter.tools.node_modules.babel-eslint.node_modules.@babel.traverse.lib"/>
		<testcase name="README.md" classname="- .usr.home.iojs.build.workspace.node-test-linter.tools.node_modules.babel-eslint.node_modules.@babel.traverse"/>
		<testcase name="assertNode.js" classname="- .usr.home.iojs.build.workspace.node-test-linter.tools.node_modules.babel-eslint.node_modules.@babel.types.lib.asserts"/>
		<testcase name="index.js" classname="- .usr.home.iojs.build.workspace.node-test-linter.tools.node_modules.babel-eslint.node_modules.@babel.types.lib.asserts.generated"/>
		<testcase name="builder.js" classname="- .usr.home.iojs.build.workspace.node-test-linter.tools.node_modules.babel-eslint.node_modules.@babel.types.lib.builders"/>
		<testcase name="createTypeAnnotationBasedOnTypeof.js" classname="- .usr.home.iojs.build.workspace.node-test-linter.tools.node_modules.babel-eslint.node_modules.@babel.types.lib.builders.flow"/>
		<testcase name="createUnionTypeAnnotation.js" classname="- .usr.home.iojs.build.workspace.node-test-linter.tools.node_modules.babel-eslint.node_modules.@babel.types.lib.builders.flow"/>
		<testcase name="index.js" classname="- .usr.home.iojs.build.workspace.node-test-linter.tools.node_modules.babel-eslint.node_modules.@babel.types.lib.builders.generated"/>
		<testcase name="buildChildren.js" classname="- .usr.home.iojs.build.workspace.node-test-linter.tools.node_modules.babel-eslint.node_modules.@babel.types.lib.builders.react"/>
		<testcase name="clone.js" classname="- .usr.home.iojs.build.workspace.node-test-linter.tools.node_modules.babel-eslint.node_modules.@babel.types.lib.clone"/>
		<testcase name="cloneDeep.js" classname="- .usr.home.iojs.build.workspace.node-test-linter.tools.node_modules.babel-eslint.node_modules.@babel.types.lib.clone"/>
		<testcase name="cloneWithoutLoc.js" classname="- .usr.home.iojs.build.workspace.node-test-linter.tools.node_modules.babel-eslint.node_modules.@babel.types.lib.clone"/>
		<testcase name="addComment.js" classname="- .usr.home.iojs.build.workspace.node-test-linter.tools.node_modules.babel-eslint.node_modules.@babel.types.lib.comments"/>
		<testcase name="addComments.js" classname="- .usr.home.iojs.build.workspace.node-test-linter.tools.node_modules.babel-eslint.node_modules.@babel.types.lib.comments"/>
		<testcase name="inheritInnerComments.js" classname="- .usr.home.iojs.build.workspace.node-test-linter.tools.node_modules.babel-eslint.node_modules.@babel.types.lib.comments"/>
		<testcase name="inheritLeadingComments.js" classname="- .usr.home.iojs.build.workspace.node-test-linter.tools.node_modules.babel-eslint.node_modules.@babel.types.lib.comments"/>
		<testcase name="inheritsComments.js" classname="- .usr.home.iojs.build.workspace.node-test-linter.tools.node_modules.babel-eslint.node_modules.@babel.types.lib.comments"/>
		<testcase name="inheritTrailingComments.js" classname="- .usr.home.iojs.build.workspace.node-test-linter.tools.node_modules.babel-eslint.node_modules.@babel.types.lib.comments"/>
		<testcase name="removeComments.js" classname="- .usr.home.iojs.build.workspace.node-test-linter.tools.node_modules.babel-eslint.node_modules.@babel.types.lib.comments"/>
		<testcase name="index.js" classname="- .usr.home.iojs.build.workspace.node-test-linter.tools.node_modules.babel-eslint.node_modules.@babel.types.lib.constants.generated"/>
		<testcase name="index.js" classname="- .usr.home.iojs.build.workspace.node-test-linter.tools.node_modules.babel-eslint.node_modules.@babel.types.lib.constants"/>
		<testcase name="ensureBlock.js" classname="- .usr.home.iojs.build.workspace.node-test-linter.tools.node_modules.babel-eslint.node_modules.@babel.types.lib.converters"/>
		<testcase name="gatherSequenceExpressions.js" classname="- .usr.home.iojs.build.workspace.node-test-linter.tools.node_modules.babel-eslint.node_modules.@babel.types.lib.converters"/>
		<testcase name="toBindingIdentifierName.js" classname="- .usr.home.iojs.build.workspace.node-test-linter.tools.node_modules.babel-eslint.node_modules.@babel.types.lib.converters"/>
		<testcase name="toBlock.js" classname="- .usr.home.iojs.build.workspace.node-test-linter.tools.node_modules.babel-eslint.node_modules.@babel.types.lib.converters"/>
		<testcase name="toComputedKey.js" classname="- .usr.home.iojs.build.workspace.node-test-linter.tools.node_modules.babel-eslint.node_modules.@babel.types.lib.converters"/>
		<testcase name="toExpression.js" classname="- .usr.home.iojs.build.workspace.node-test-linter.tools.node_modules.babel-eslint.node_modules.@babel.types.lib.converters"/>
		<testcase name="toIdentifier.js" classname="- .usr.home.iojs.build.workspace.node-test-linter.tools.node_modules.babel-eslint.node_modules.@babel.types.lib.converters"/>
		<testcase name="toKeyAlias.js" classname="- .usr.home.iojs.build.workspace.node-test-linter.tools.node_modules.babel-eslint.node_modules.@babel.types.lib.converters"/>
		<testcase name="toSequenceExpression.js" classname="- .usr.home.iojs.build.workspace.node-test-linter.tools.node_modules.babel-eslint.node_modules.@babel.types.lib.converters"/>
		<testcase name="toStatement.js" classname="- .usr.home.iojs.build.workspace.node-test-linter.tools.node_modules.babel-eslint.node_modules.@babel.types.lib.converters"/>
		<testcase name="valueToNode.js" classname="- .usr.home.iojs.build.workspace.node-test-linter.tools.node_modules.babel-eslint.node_modules.@babel.types.lib.converters"/>
		<testcase name="core.js" classname="- .usr.home.iojs.build.workspace.node-test-linter.tools.node_modules.babel-eslint.node_modules.@babel.types.lib.definitions"/>
		<testcase name="es2015.js" classname="- .usr.home.iojs.build.workspace.node-test-linter.tools.node_modules.babel-eslint.node_modules.@babel.types.lib.definitions"/>
		<testcase name="experimental.js" classname="- .usr.home.iojs.build.workspace.node-test-linter.tools.node_modules.babel-eslint.node_modules.@babel.types.lib.definitions"/>
		<testcase name="flow.js" classname="- .usr.home.iojs.build.workspace.node-test-linter.tools.node_modules.babel-eslint.node_modules.@babel.types.lib.definitions"/>
		<testcase name="index.js" classname="- .usr.home.iojs.build.workspace.node-test-linter.tools.node_modules.babel-eslint.node_modules.@babel.types.lib.definitions"/>
		<testcase name="jsx.js" classname="- .usr.home.iojs.build.workspace.node-test-linter.tools.node_modules.babel-eslint.node_modules.@babel.types.lib.definitions"/>
		<testcase name="misc.js" classname="- .usr.home.iojs.build.workspace.node-test-linter.tools.node_modules.babel-eslint.node_modules.@babel.types.lib.definitions"/>
		<testcase name="typescript.js" classname="- .usr.home.iojs.build.workspace.node-test-linter.tools.node_modules.babel-eslint.node_modules.@babel.types.lib.definitions"/>
		<testcase name="utils.js" classname="- .usr.home.iojs.build.workspace.node-test-linter.tools.node_modules.babel-eslint.node_modules.@babel.types.lib.definitions"/>
		<testcase name="index.js" classname="- .usr.home.iojs.build.workspace.node-test-linter.tools.node_modules.babel-eslint.node_modules.@babel.types.lib"/>
		<testcase name="appendToMemberExpression.js" classname="- .usr.home.iojs.build.workspace.node-test-linter.tools.node_modules.babel-eslint.node_modules.@babel.types.lib.modifications"/>
		<testcase name="removeTypeDuplicates.js" classname="- .usr.home.iojs.build.workspace.node-test-linter.tools.node_modules.babel-eslint.node_modules.@babel.types.lib.modifications.flow"/>
		<testcase name="inherits.js" classname="- .usr.home.iojs.build.workspace.node-test-linter.tools.node_modules.babel-eslint.node_modules.@babel.types.lib.modifications"/>
		<testcase name="prependToMemberExpression.js" classname="- .usr.home.iojs.build.workspace.node-test-linter.tools.node_modules.babel-eslint.node_modules.@babel.types.lib.modifications"/>
		<testcase name="removeProperties.js" classname="- .usr.home.iojs.build.workspace.node-test-linter.tools.node_modules.babel-eslint.node_modules.@babel.types.lib.modifications"/>
		<testcase name="removePropertiesDeep.js" classname="- .usr.home.iojs.build.workspace.node-test-linter.tools.node_modules.babel-eslint.node_modules.@babel.types.lib.modifications"/>
		<testcase name="getBindingIdentifiers.js" classname="- .usr.home.iojs.build.workspace.node-test-linter.tools.node_modules.babel-eslint.node_modules.@babel.types.lib.retrievers"/>
		<testcase name="getOuterBindingIdentifiers.js" classname="- .usr.home.iojs.build.workspace.node-test-linter.tools.node_modules.babel-eslint.node_modules.@babel.types.lib.retrievers"/>
		<testcase name="traverse.js" classname="- .usr.home.iojs.build.workspace.node-test-linter.tools.node_modules.babel-eslint.node_modules.@babel.types.lib.traverse"/>
		<testcase name="traverseFast.js" classname="- .usr.home.iojs.build.workspace.node-test-linter.tools.node_modules.babel-eslint.node_modules.@babel.types.lib.traverse"/>
		<testcase name="inherit.js" classname="- .usr.home.iojs.build.workspace.node-test-linter.tools.node_modules.babel-eslint.node_modules.@babel.types.lib.utils"/>
		<testcase name="cleanJSXElementLiteralChild.js" classname="- .usr.home.iojs.build.workspace.node-test-linter.tools.node_modules.babel-eslint.node_modules.@babel.types.lib.utils.react"/>
		<testcase name="shallowEqual.js" classname="- .usr.home.iojs.build.workspace.node-test-linter.tools.node_modules.babel-eslint.node_modules.@babel.types.lib.utils"/>
		<testcase name="buildMatchMemberExpression.js" classname="- .usr.home.iojs.build.workspace.node-test-linter.tools.node_modules.babel-eslint.node_modules.@babel.types.lib.validators"/>
		<testcase name="index.js" classname="- .usr.home.iojs.build.workspace.node-test-linter.tools.node_modules.babel-eslint.node_modules.@babel.types.lib.validators.generated"/>
		<testcase name="is.js" classname="- .usr.home.iojs.build.workspace.node-test-linter.tools.node_modules.babel-eslint.node_modules.@babel.types.lib.validators"/>
		<testcase name="isBinding.js" classname="- .usr.home.iojs.build.workspace.node-test-linter.tools.node_modules.babel-eslint.node_modules.@babel.types.lib.validators"/>
		<testcase name="isBlockScoped.js" classname="- .usr.home.iojs.build.workspace.node-test-linter.tools.node_modules.babel-eslint.node_modules.@babel.types.lib.validators"/>
		<testcase name="isImmutable.js" classname="- .usr.home.iojs.build.workspace.node-test-linter.tools.node_modules.babel-eslint.node_modules.@babel.types.lib.validators"/>
		<testcase name="isLet.js" classname="- .usr.home.iojs.build.workspace.node-test-linter.tools.node_modules.babel-eslint.node_modules.@babel.types.lib.validators"/>
		<testcase name="isNode.js" classname="- .usr.home.iojs.build.workspace.node-test-linter.tools.node_modules.babel-eslint.node_modules.@babel.types.lib.validators"/>
		<testcase name="isNodesEquivalent.js" classname="- .usr.home.iojs.build.workspace.node-test-linter.tools.node_modules.babel-eslint.node_modules.@babel.types.lib.validators"/>
		<testcase name="isReferenced.js" classname="- .usr.home.iojs.build.workspace.node-test-linter.tools.node_modules.babel-eslint.node_modules.@babel.types.lib.validators"/>
		<testcase name="isScope.js" classname="- .usr.home.iojs.build.workspace.node-test-linter.tools.node_modules.babel-eslint.node_modules.@babel.types.lib.validators"/>
		<testcase name="isSpecifierDefault.js" classname="- .usr.home.iojs.build.workspace.node-test-linter.tools.node_modules.babel-eslint.node_modules.@babel.types.lib.validators"/>
		<testcase name="isType.js" classname="- .usr.home.iojs.build.workspace.node-test-linter.tools.node_modules.babel-eslint.node_modules.@babel.types.lib.validators"/>
		<testcase name="isValidES3Identifier.js" classname="- .usr.home.iojs.build.workspace.node-test-linter.tools.node_modules.babel-eslint.node_modules.@babel.types.lib.validators"/>
		<testcase name="isValidIdentifier.js" classname="- .usr.home.iojs.build.workspace.node-test-linter.tools.node_modules.babel-eslint.node_modules.@babel.types.lib.validators"/>
		<testcase name="isVar.js" classname="- .usr.home.iojs.build.workspace.node-test-linter.tools.node_modules.babel-eslint.node_modules.@babel.types.lib.validators"/>
		<testcase name="matchesPattern.js" classname="- .usr.home.iojs.build.workspace.node-test-linter.tools.node_modules.babel-eslint.node_modules.@babel.types.lib.validators"/>
		<testcase name="isCompatTag.js" classname="- .usr.home.iojs.build.workspace.node-test-linter.tools.node_modules.babel-eslint.node_modules.@babel.types.lib.validators.react"/>
		<testcase name="isReactComponent.js" classname="- .usr.home.iojs.build.workspace.node-test-linter.tools.node_modules.babel-eslint.node_modules.@babel.types.lib.validators.react"/>
		<testcase name="validate.js" classname="- .usr.home.iojs.build.workspace.node-test-linter.tools.node_modules.babel-eslint.node_modules.@babel.types.lib.validators"/>
		<testcase name="README.md" classname="- .usr.home.iojs.build.workspace.node-test-linter.tools.node_modules.babel-eslint.node_modules.@babel.types"/>
		<testcase name="generateTypeHelpers.js" classname="- .usr.home.iojs.build.workspace.node-test-linter.tools.node_modules.babel-eslint.node_modules.@babel.types.scripts"/>
		<testcase name="generateAsserts.js" classname="- .usr.home.iojs.build.workspace.node-test-linter.tools.node_modules.babel-eslint.node_modules.@babel.types.scripts.generators"/>
		<testcase name="generateBuilders.js" classname="- .usr.home.iojs.build.workspace.node-test-linter.tools.node_modules.babel-eslint.node_modules.@babel.types.scripts.generators"/>
		<testcase name="generateConstants.js" classname="- .usr.home.iojs.build.workspace.node-test-linter.tools.node_modules.babel-eslint.node_modules.@babel.types.scripts.generators"/>
		<testcase name="generateValidators.js" classname="- .usr.home.iojs.build.workspace.node-test-linter.tools.node_modules.babel-eslint.node_modules.@babel.types.scripts.generators"/>
		<testcase name="formatBuilderName.js" classname="- .usr.home.iojs.build.workspace.node-test-linter.tools.node_modules.babel-eslint.node_modules.@babel.types.scripts.utils"/>
		<testcase name="formatCode.js" classname="- .usr.home.iojs.build.workspace.node-test-linter.tools.node_modules.babel-eslint.node_modules.@babel.types.scripts.utils"/>
		<testcase name="lowerFirst.js" classname="- .usr.home.iojs.build.workspace.node-test-linter.tools.node_modules.babel-eslint.node_modules.@babel.types.scripts.utils"/>
		<testcase name="index.js" classname="- .usr.home.iojs.build.workspace.node-test-linter.tools.node_modules.babel-eslint.node_modules.ansi-styles"/>
		<testcase name="readme.md" classname="- .usr.home.iojs.build.workspace.node-test-linter.tools.node_modules.babel-eslint.node_modules.ansi-styles"/>
		<testcase name="babylon.js" classname="- .usr.home.iojs.build.workspace.node-test-linter.tools.node_modules.babel-eslint.node_modules.babylon.bin"/>
		<testcase name="index.js" classname="- .usr.home.iojs.build.workspace.node-test-linter.tools.node_modules.babel-eslint.node_modules.babylon.lib"/>
		<testcase name="README.md" classname="- .usr.home.iojs.build.workspace.node-test-linter.tools.node_modules.babel-eslint.node_modules.babylon"/>
		<testcase name="index.js" classname="- .usr.home.iojs.build.workspace.node-test-linter.tools.node_modules.babel-eslint.node_modules.chalk"/>
		<testcase name="readme.md" classname="- .usr.home.iojs.build.workspace.node-test-linter.tools.node_modules.babel-eslint.node_modules.chalk"/>
		<testcase name="templates.js" classname="- .usr.home.iojs.build.workspace.node-test-linter.tools.node_modules.babel-eslint.node_modules.chalk"/>
		<testcase name="conversions.js" classname="- .usr.home.iojs.build.workspace.node-test-linter.tools.node_modules.babel-eslint.node_modules.color-convert"/>
		<testcase name="index.js" classname="- .usr.home.iojs.build.workspace.node-test-linter.tools.node_modules.babel-eslint.node_modules.color-convert"/>
		<testcase name="README.md" classname="- .usr.home.iojs.build.workspace.node-test-linter.tools.node_modules.babel-eslint.node_modules.color-convert"/>
		<testcase name="route.js" classname="- .usr.home.iojs.build.workspace.node-test-linter.tools.node_modules.babel-eslint.node_modules.color-convert"/>
		<testcase name="index.js" classname="- .usr.home.iojs.build.workspace.node-test-linter.tools.node_modules.babel-eslint.node_modules.color-name"/>
		<testcase name="README.md" classname="- .usr.home.iojs.build.workspace.node-test-linter.tools.node_modules.babel-eslint.node_modules.color-name"/>
		<testcase name="karma.conf.js" classname="- .usr.home.iojs.build.workspace.node-test-linter.tools.node_modules.babel-eslint.node_modules.debug"/>
		<testcase name="node.js" classname="- .usr.home.iojs.build.workspace.node-test-linter.tools.node_modules.babel-eslint.node_modules.debug"/>
		<testcase name="README.md" classname="- .usr.home.iojs.build.workspace.node-test-linter.tools.node_modules.babel-eslint.node_modules.debug"/>
		<testcase name="browser.js" classname="- .usr.home.iojs.build.workspace.node-test-linter.tools.node_modules.babel-eslint.node_modules.debug.src"/>
		<testcase name="debug.js" classname="- .usr.home.iojs.build.workspace.node-test-linter.tools.node_modules.babel-eslint.node_modules.debug.src"/>
		<testcase name="index.js" classname="- .usr.home.iojs.build.workspace.node-test-linter.tools.node_modules.babel-eslint.node_modules.debug.src"/>
		<testcase name="node.js" classname="- .usr.home.iojs.build.workspace.node-test-linter.tools.node_modules.babel-eslint.node_modules.debug.src"/>
		<testcase name="index.js" classname="- .usr.home.iojs.build.workspace.node-test-linter.tools.node_modules.babel-eslint.node_modules.escape-string-regexp"/>
		<testcase name="readme.md" classname="- .usr.home.iojs.build.workspace.node-test-linter.tools.node_modules.babel-eslint.node_modules.escape-string-regexp"/>
		<testcase name="definition.js" classname="- .usr.home.iojs.build.workspace.node-test-linter.tools.node_modules.babel-eslint.node_modules.eslint-scope.lib"/>
		<testcase name="index.js" classname="- .usr.home.iojs.build.workspace.node-test-linter.tools.node_modules.babel-eslint.node_modules.eslint-scope.lib"/>
		<testcase name="pattern-visitor.js" classname="- .usr.home.iojs.build.workspace.node-test-linter.tools.node_modules.babel-eslint.node_modules.eslint-scope.lib"/>
		<testcase name="reference.js" classname="- .usr.home.iojs.build.workspace.node-test-linter.tools.node_modules.babel-eslint.node_modules.eslint-scope.lib"/>
		<testcase name="referencer.js" classname="- .usr.home.iojs.build.workspace.node-test-linter.tools.node_modules.babel-eslint.node_modules.eslint-scope.lib"/>
		<testcase name="scope-manager.js" classname="- .usr.home.iojs.build.workspace.node-test-linter.tools.node_modules.babel-eslint.node_modules.eslint-scope.lib"/>
		<testcase name="scope.js" classname="- .usr.home.iojs.build.workspace.node-test-linter.tools.node_modules.babel-eslint.node_modules.eslint-scope.lib"/>
		<testcase name="variable.js" classname="- .usr.home.iojs.build.workspace.node-test-linter.tools.node_modules.babel-eslint.node_modules.eslint-scope.lib"/>
		<testcase name="README.md" classname="- .usr.home.iojs.build.workspace.node-test-linter.tools.node_modules.babel-eslint.node_modules.eslint-scope"/>
		<testcase name="index.js" classname="- .usr.home.iojs.build.workspace.node-test-linter.tools.node_modules.babel-eslint.node_modules.eslint-visitor-keys.lib"/>
		<testcase name="README.md" classname="- .usr.home.iojs.build.workspace.node-test-linter.tools.node_modules.babel-eslint.node_modules.eslint-visitor-keys"/>
		<testcase name="esrecurse.js" classname="- .usr.home.iojs.build.workspace.node-test-linter.tools.node_modules.babel-eslint.node_modules.esrecurse"/>
		<testcase name="README.md" classname="- .usr.home.iojs.build.workspace.node-test-linter.tools.node_modules.babel-eslint.node_modules.esrecurse"/>
		<testcase name="estraverse.js" classname="- .usr.home.iojs.build.workspace.node-test-linter.tools.node_modules.babel-eslint.node_modules.estraverse"/>
		<testcase name="ast.js" classname="- .usr.home.iojs.build.workspace.node-test-linter.tools.node_modules.babel-eslint.node_modules.esutils.lib"/>
		<testcase name="code.js" classname="- .usr.home.iojs.build.workspace.node-test-linter.tools.node_modules.babel-eslint.node_modules.esutils.lib"/>
		<testcase name="keyword.js" classname="- .usr.home.iojs.build.workspace.node-test-linter.tools.node_modules.babel-eslint.node_modules.esutils.lib"/>
		<testcase name="utils.js" classname="- .usr.home.iojs.build.workspace.node-test-linter.tools.node_modules.babel-eslint.node_modules.esutils.lib"/>
		<testcase name="README.md" classname="- .usr.home.iojs.build.workspace.node-test-linter.tools.node_modules.babel-eslint.node_modules.esutils"/>
		<testcase name="index.js" classname="- .usr.home.iojs.build.workspace.node-test-linter.tools.node_modules.babel-eslint.node_modules.globals"/>
		<testcase name="readme.md" classname="- .usr.home.iojs.build.workspace.node-test-linter.tools.node_modules.babel-eslint.node_modules.globals"/>
		<testcase name="index.js" classname="- .usr.home.iojs.build.workspace.node-test-linter.tools.node_modules.babel-eslint.node_modules.has-flag"/>
		<testcase name="readme.md" classname="- .usr.home.iojs.build.workspace.node-test-linter.tools.node_modules.babel-eslint.node_modules.has-flag"/>
		<testcase name="browser.js" classname="- .usr.home.iojs.build.workspace.node-test-linter.tools.node_modules.babel-eslint.node_modules.invariant"/>
		<testcase name="invariant.js" classname="- .usr.home.iojs.build.workspace.node-test-linter.tools.node_modules.babel-eslint.node_modules.invariant"/>
		<testcase name="README.md" classname="- .usr.home.iojs.build.workspace.node-test-linter.tools.node_modules.babel-eslint.node_modules.invariant"/>
		<testcase name="index.js" classname="- .usr.home.iojs.build.workspace.node-test-linter.tools.node_modules.babel-eslint.node_modules.js-tokens"/>
		<testcase name="README.md" classname="- .usr.home.iojs.build.workspace.node-test-linter.tools.node_modules.babel-eslint.node_modules.js-tokens"/>
		<testcase name="_addMapEntry.js" classname="- .usr.home.iojs.build.workspace.node-test-linter.tools.node_modules.babel-eslint.node_modules.lodash"/>
		<testcase name="_addSetEntry.js" classname="- .usr.home.iojs.build.workspace.node-test-linter.tools.node_modules.babel-eslint.node_modules.lodash"/>
		<testcase name="_apply.js" classname="- .usr.home.iojs.build.workspace.node-test-linter.tools.node_modules.babel-eslint.node_modules.lodash"/>
		<testcase name="_arrayAggregator.js" classname="- .usr.home.iojs.build.workspace.node-test-linter.tools.node_modules.babel-eslint.node_modules.lodash"/>
		<testcase name="_arrayEach.js" classname="- .usr.home.iojs.build.workspace.node-test-linter.tools.node_modules.babel-eslint.node_modules.lodash"/>
		<testcase name="_arrayEachRight.js" classname="- .usr.home.iojs.build.workspace.node-test-linter.tools.node_modules.babel-eslint.node_modules.lodash"/>
		<testcase name="_arrayEvery.js" classname="- .usr.home.iojs.build.workspace.node-test-linter.tools.node_modules.babel-eslint.node_modules.lodash"/>
		<testcase name="_arrayFilter.js" classname="- .usr.home.iojs.build.workspace.node-test-linter.tools.node_modules.babel-eslint.node_modules.lodash"/>
		<testcase name="_arrayIncludes.js" classname="- .usr.home.iojs.build.workspace.node-test-linter.tools.node_modules.babel-eslint.node_modules.lodash"/>
		<testcase name="_arrayIncludesWith.js" classname="- .usr.home.iojs.build.workspace.node-test-linter.tools.node_modules.babel-eslint.node_modules.lodash"/>
		<testcase name="_arrayLikeKeys.js" classname="- .usr.home.iojs.build.workspace.node-test-linter.tools.node_modules.babel-eslint.node_modules.lodash"/>
		<testcase name="_arrayMap.js" classname="- .usr.home.iojs.build.workspace.node-test-linter.tools.node_modules.babel-eslint.node_modules.lodash"/>
		<testcase name="_arrayPush.js" classname="- .usr.home.iojs.build.workspace.node-test-linter.tools.node_modules.babel-eslint.node_modules.lodash"/>
		<testcase name="_arrayReduce.js" classname="- .usr.home.iojs.build.workspace.node-test-linter.tools.node_modules.babel-eslint.node_modules.lodash"/>
		<testcase name="_arrayReduceRight.js" classname="- .usr.home.iojs.build.workspace.node-test-linter.tools.node_modules.babel-eslint.node_modules.lodash"/>
		<testcase name="_arraySample.js" classname="- .usr.home.iojs.build.workspace.node-test-linter.tools.node_modules.babel-eslint.node_modules.lodash"/>
		<testcase name="_arraySampleSize.js" classname="- .usr.home.iojs.build.workspace.node-test-linter.tools.node_modules.babel-eslint.node_modules.lodash"/>
		<testcase name="_arrayShuffle.js" classname="- .usr.home.iojs.build.workspace.node-test-linter.tools.node_modules.babel-eslint.node_modules.lodash"/>
		<testcase name="_arraySome.js" classname="- .usr.home.iojs.build.workspace.node-test-linter.tools.node_modules.babel-eslint.node_modules.lodash"/>
		<testcase name="_asciiSize.js" classname="- .usr.home.iojs.build.workspace.node-test-linter.tools.node_modules.babel-eslint.node_modules.lodash"/>
		<testcase name="_asciiToArray.js" classname="- .usr.home.iojs.build.workspace.node-test-linter.tools.node_modules.babel-eslint.node_modules.lodash"/>
		<testcase name="_asciiWords.js" classname="- .usr.home.iojs.build.workspace.node-test-linter.tools.node_modules.babel-eslint.node_modules.lodash"/>
		<testcase name="_assignMergeValue.js" classname="- .usr.home.iojs.build.workspace.node-test-linter.tools.node_modules.babel-eslint.node_modules.lodash"/>
		<testcase name="_assignValue.js" classname="- .usr.home.iojs.build.workspace.node-test-linter.tools.node_modules.babel-eslint.node_modules.lodash"/>
		<testcase name="_assocIndexOf.js" classname="- .usr.home.iojs.build.workspace.node-test-linter.tools.node_modules.babel-eslint.node_modules.lodash"/>
		<testcase name="_baseAggregator.js" classname="- .usr.home.iojs.build.workspace.node-test-linter.tools.node_modules.babel-eslint.node_modules.lodash"/>
		<testcase name="_baseAssign.js" classname="- .usr.home.iojs.build.workspace.node-test-linter.tools.node_modules.babel-eslint.node_modules.lodash"/>
		<testcase name="_baseAssignIn.js" classname="- .usr.home.iojs.build.workspace.node-test-linter.tools.node_modules.babel-eslint.node_modules.lodash"/>
		<testcase name="_baseAssignValue.js" classname="- .usr.home.iojs.build.workspace.node-test-linter.tools.node_modules.babel-eslint.node_modules.lodash"/>
		<testcase name="_baseAt.js" classname="- .usr.home.iojs.build.workspace.node-test-linter.tools.node_modules.babel-eslint.node_modules.lodash"/>
		<testcase name="_baseClamp.js" classname="- .usr.home.iojs.build.workspace.node-test-linter.tools.node_modules.babel-eslint.node_modules.lodash"/>
		<testcase name="_baseClone.js" classname="- .usr.home.iojs.build.workspace.node-test-linter.tools.node_modules.babel-eslint.node_modules.lodash"/>
		<testcase name="_baseConforms.js" classname="- .usr.home.iojs.build.workspace.node-test-linter.tools.node_modules.babel-eslint.node_modules.lodash"/>
		<testcase name="_baseConformsTo.js" classname="- .usr.home.iojs.build.workspace.node-test-linter.tools.node_modules.babel-eslint.node_modules.lodash"/>
		<testcase name="_baseCreate.js" classname="- .usr.home.iojs.build.workspace.node-test-linter.tools.node_modules.babel-eslint.node_modules.lodash"/>
		<testcase name="_baseDelay.js" classname="- .usr.home.iojs.build.workspace.node-test-linter.tools.node_modules.babel-eslint.node_modules.lodash"/>
		<testcase name="_baseDifference.js" classname="- .usr.home.iojs.build.workspace.node-test-linter.tools.node_modules.babel-eslint.node_modules.lodash"/>
		<testcase name="_baseEach.js" classname="- .usr.home.iojs.build.workspace.node-test-linter.tools.node_modules.babel-eslint.node_modules.lodash"/>
		<testcase name="_baseEachRight.js" classname="- .usr.home.iojs.build.workspace.node-test-linter.tools.node_modules.babel-eslint.node_modules.lodash"/>
		<testcase name="_baseEvery.js" classname="- .usr.home.iojs.build.workspace.node-test-linter.tools.node_modules.babel-eslint.node_modules.lodash"/>
		<testcase name="_baseExtremum.js" classname="- .usr.home.iojs.build.workspace.node-test-linter.tools.node_modules.babel-eslint.node_modules.lodash"/>
		<testcase name="_baseFill.js" classname="- .usr.home.iojs.build.workspace.node-test-linter.tools.node_modules.babel-eslint.node_modules.lodash"/>
		<testcase name="_baseFilter.js" classname="- .usr.home.iojs.build.workspace.node-test-linter.tools.node_modules.babel-eslint.node_modules.lodash"/>
		<testcase name="_baseFindIndex.js" classname="- .usr.home.iojs.build.workspace.node-test-linter.tools.node_modules.babel-eslint.node_modules.lodash"/>
		<testcase name="_baseFindKey.js" classname="- .usr.home.iojs.build.workspace.node-test-linter.tools.node_modules.babel-eslint.node_modules.lodash"/>
		<testcase name="_baseFlatten.js" classname="- .usr.home.iojs.build.workspace.node-test-linter.tools.node_modules.babel-eslint.node_modules.lodash"/>
		<testcase name="_baseFor.js" classname="- .usr.home.iojs.build.workspace.node-test-linter.tools.node_modules.babel-eslint.node_modules.lodash"/>
		<testcase name="_baseForOwn.js" classname="- .usr.home.iojs.build.workspace.node-test-linter.tools.node_modules.babel-eslint.node_modules.lodash"/>
		<testcase name="_baseForOwnRight.js" classname="- .usr.home.iojs.build.workspace.node-test-linter.tools.node_modules.babel-eslint.node_modules.lodash"/>
		<testcase name="_baseForRight.js" classname="- .usr.home.iojs.build.workspace.node-test-linter.tools.node_modules.babel-eslint.node_modules.lodash"/>
		<testcase name="_baseFunctions.js" classname="- .usr.home.iojs.build.workspace.node-test-linter.tools.node_modules.babel-eslint.node_modules.lodash"/>
		<testcase name="_baseGet.js" classname="- .usr.home.iojs.build.workspace.node-test-linter.tools.node_modules.babel-eslint.node_modules.lodash"/>
		<testcase name="_baseGetAllKeys.js" classname="- .usr.home.iojs.build.workspace.node-test-linter.tools.node_modules.babel-eslint.node_modules.lodash"/>
		<testcase name="_baseGetTag.js" classname="- .usr.home.iojs.build.workspace.node-test-linter.tools.node_modules.babel-eslint.node_modules.lodash"/>
		<testcase name="_baseGt.js" classname="- .usr.home.iojs.build.workspace.node-test-linter.tools.node_modules.babel-eslint.node_modules.lodash"/>
		<testcase name="_baseHas.js" classname="- .usr.home.iojs.build.workspace.node-test-linter.tools.node_modules.babel-eslint.node_modules.lodash"/>
		<testcase name="_baseHasIn.js" classname="- .usr.home.iojs.build.workspace.node-test-linter.tools.node_modules.babel-eslint.node_modules.lodash"/>
		<testcase name="_baseIndexOf.js" classname="- .usr.home.iojs.build.workspace.node-test-linter.tools.node_modules.babel-eslint.node_modules.lodash"/>
		<testcase name="_baseIndexOfWith.js" classname="- .usr.home.iojs.build.workspace.node-test-linter.tools.node_modules.babel-eslint.node_modules.lodash"/>
		<testcase name="_baseInRange.js" classname="- .usr.home.iojs.build.workspace.node-test-linter.tools.node_modules.babel-eslint.node_modules.lodash"/>
		<testcase name="_baseIntersection.js" classname="- .usr.home.iojs.build.workspace.node-test-linter.tools.node_modules.babel-eslint.node_modules.lodash"/>
		<testcase name="_baseInverter.js" classname="- .usr.home.iojs.build.workspace.node-test-linter.tools.node_modules.babel-eslint.node_modules.lodash"/>
		<testcase name="_baseInvoke.js" classname="- .usr.home.iojs.build.workspace.node-test-linter.tools.node_modules.babel-eslint.node_modules.lodash"/>
		<testcase name="_baseIsArguments.js" classname="- .usr.home.iojs.build.workspace.node-test-linter.tools.node_modules.babel-eslint.node_modules.lodash"/>
		<testcase name="_baseIsArrayBuffer.js" classname="- .usr.home.iojs.build.workspace.node-test-linter.tools.node_modules.babel-eslint.node_modules.lodash"/>
		<testcase name="_baseIsDate.js" classname="- .usr.home.iojs.build.workspace.node-test-linter.tools.node_modules.babel-eslint.node_modules.lodash"/>
		<testcase name="_baseIsEqual.js" classname="- .usr.home.iojs.build.workspace.node-test-linter.tools.node_modules.babel-eslint.node_modules.lodash"/>
		<testcase name="_baseIsEqualDeep.js" classname="- .usr.home.iojs.build.workspace.node-test-linter.tools.node_modules.babel-eslint.node_modules.lodash"/>
		<testcase name="_baseIsMap.js" classname="- .usr.home.iojs.build.workspace.node-test-linter.tools.node_modules.babel-eslint.node_modules.lodash"/>
		<testcase name="_baseIsMatch.js" classname="- .usr.home.iojs.build.workspace.node-test-linter.tools.node_modules.babel-eslint.node_modules.lodash"/>
		<testcase name="_baseIsNaN.js" classname="- .usr.home.iojs.build.workspace.node-test-linter.tools.node_modules.babel-eslint.node_modules.lodash"/>
		<testcase name="_baseIsNative.js" classname="- .usr.home.iojs.build.workspace.node-test-linter.tools.node_modules.babel-eslint.node_modules.lodash"/>
		<testcase name="_baseIsRegExp.js" classname="- .usr.home.iojs.build.workspace.node-test-linter.tools.node_modules.babel-eslint.node_modules.lodash"/>
		<testcase name="_baseIsSet.js" classname="- .usr.home.iojs.build.workspace.node-test-linter.tools.node_modules.babel-eslint.node_modules.lodash"/>
		<testcase name="_baseIsTypedArray.js" classname="- .usr.home.iojs.build.workspace.node-test-linter.tools.node_modules.babel-eslint.node_modules.lodash"/>
		<testcase name="_baseIteratee.js" classname="- .usr.home.iojs.build.workspace.node-test-linter.tools.node_modules.babel-eslint.node_modules.lodash"/>
		<testcase name="_baseKeys.js" classname="- .usr.home.iojs.build.workspace.node-test-linter.tools.node_modules.babel-eslint.node_modules.lodash"/>
		<testcase name="_baseKeysIn.js" classname="- .usr.home.iojs.build.workspace.node-test-linter.tools.node_modules.babel-eslint.node_modules.lodash"/>
		<testcase name="_baseLodash.js" classname="- .usr.home.iojs.build.workspace.node-test-linter.tools.node_modules.babel-eslint.node_modules.lodash"/>
		<testcase name="_baseLt.js" classname="- .usr.home.iojs.build.workspace.node-test-linter.tools.node_modules.babel-eslint.node_modules.lodash"/>
		<testcase name="_baseMap.js" classname="- .usr.home.iojs.build.workspace.node-test-linter.tools.node_modules.babel-eslint.node_modules.lodash"/>
		<testcase name="_baseMatches.js" classname="- .usr.home.iojs.build.workspace.node-test-linter.tools.node_modules.babel-eslint.node_modules.lodash"/>
		<testcase name="_baseMatchesProperty.js" classname="- .usr.home.iojs.build.workspace.node-test-linter.tools.node_modules.babel-eslint.node_modules.lodash"/>
		<testcase name="_baseMean.js" classname="- .usr.home.iojs.build.workspace.node-test-linter.tools.node_modules.babel-eslint.node_modules.lodash"/>
		<testcase name="_baseMerge.js" classname="- .usr.home.iojs.build.workspace.node-test-linter.tools.node_modules.babel-eslint.node_modules.lodash"/>
		<testcase name="_baseMergeDeep.js" classname="- .usr.home.iojs.build.workspace.node-test-linter.tools.node_modules.babel-eslint.node_modules.lodash"/>
		<testcase name="_baseNth.js" classname="- .usr.home.iojs.build.workspace.node-test-linter.tools.node_modules.babel-eslint.node_modules.lodash"/>
		<testcase name="_baseOrderBy.js" classname="- .usr.home.iojs.build.workspace.node-test-linter.tools.node_modules.babel-eslint.node_modules.lodash"/>
		<testcase name="_basePick.js" classname="- .usr.home.iojs.build.workspace.node-test-linter.tools.node_modules.babel-eslint.node_modules.lodash"/>
		<testcase name="_basePickBy.js" classname="- .usr.home.iojs.build.workspace.node-test-linter.tools.node_modules.babel-eslint.node_modules.lodash"/>
		<testcase name="_baseProperty.js" classname="- .usr.home.iojs.build.workspace.node-test-linter.tools.node_modules.babel-eslint.node_modules.lodash"/>
		<testcase name="_basePropertyDeep.js" classname="- .usr.home.iojs.build.workspace.node-test-linter.tools.node_modules.babel-eslint.node_modules.lodash"/>
		<testcase name="_basePropertyOf.js" classname="- .usr.home.iojs.build.workspace.node-test-linter.tools.node_modules.babel-eslint.node_modules.lodash"/>
		<testcase name="_basePullAll.js" classname="- .usr.home.iojs.build.workspace.node-test-linter.tools.node_modules.babel-eslint.node_modules.lodash"/>
		<testcase name="_basePullAt.js" classname="- .usr.home.iojs.build.workspace.node-test-linter.tools.node_modules.babel-eslint.node_modules.lodash"/>
		<testcase name="_baseRandom.js" classname="- .usr.home.iojs.build.workspace.node-test-linter.tools.node_modules.babel-eslint.node_modules.lodash"/>
		<testcase name="_baseRange.js" classname="- .usr.home.iojs.build.workspace.node-test-linter.tools.node_modules.babel-eslint.node_modules.lodash"/>
		<testcase name="_baseReduce.js" classname="- .usr.home.iojs.build.workspace.node-test-linter.tools.node_modules.babel-eslint.node_modules.lodash"/>
		<testcase name="_baseRepeat.js" classname="- .usr.home.iojs.build.workspace.node-test-linter.tools.node_modules.babel-eslint.node_modules.lodash"/>
		<testcase name="_baseRest.js" classname="- .usr.home.iojs.build.workspace.node-test-linter.tools.node_modules.babel-eslint.node_modules.lodash"/>
		<testcase name="_baseSample.js" classname="- .usr.home.iojs.build.workspace.node-test-linter.tools.node_modules.babel-eslint.node_modules.lodash"/>
		<testcase name="_baseSampleSize.js" classname="- .usr.home.iojs.build.workspace.node-test-linter.tools.node_modules.babel-eslint.node_modules.lodash"/>
		<testcase name="_baseSet.js" classname="- .usr.home.iojs.build.workspace.node-test-linter.tools.node_modules.babel-eslint.node_modules.lodash"/>
		<testcase name="_baseSetData.js" classname="- .usr.home.iojs.build.workspace.node-test-linter.tools.node_modules.babel-eslint.node_modules.lodash"/>
		<testcase name="_baseSetToString.js" classname="- .usr.home.iojs.build.workspace.node-test-linter.tools.node_modules.babel-eslint.node_modules.lodash"/>
		<testcase name="_baseShuffle.js" classname="- .usr.home.iojs.build.workspace.node-test-linter.tools.node_modules.babel-eslint.node_modules.lodash"/>
		<testcase name="_baseSlice.js" classname="- .usr.home.iojs.build.workspace.node-test-linter.tools.node_modules.babel-eslint.node_modules.lodash"/>
		<testcase name="_baseSome.js" classname="- .usr.home.iojs.build.workspace.node-test-linter.tools.node_modules.babel-eslint.node_modules.lodash"/>
		<testcase name="_baseSortBy.js" classname="- .usr.home.iojs.build.workspace.node-test-linter.tools.node_modules.babel-eslint.node_modules.lodash"/>
		<testcase name="_baseSortedIndex.js" classname="- .usr.home.iojs.build.workspace.node-test-linter.tools.node_modules.babel-eslint.node_modules.lodash"/>
		<testcase name="_baseSortedIndexBy.js" classname="- .usr.home.iojs.build.workspace.node-test-linter.tools.node_modules.babel-eslint.node_modules.lodash"/>
		<testcase name="_baseSortedUniq.js" classname="- .usr.home.iojs.build.workspace.node-test-linter.tools.node_modules.babel-eslint.node_modules.lodash"/>
		<testcase name="_baseSum.js" classname="- .usr.home.iojs.build.workspace.node-test-linter.tools.node_modules.babel-eslint.node_modules.lodash"/>
		<testcase name="_baseTimes.js" classname="- .usr.home.iojs.build.workspace.node-test-linter.tools.node_modules.babel-eslint.node_modules.lodash"/>
		<testcase name="_baseToNumber.js" classname="- .usr.home.iojs.build.workspace.node-test-linter.tools.node_modules.babel-eslint.node_modules.lodash"/>
		<testcase name="_baseToPairs.js" classname="- .usr.home.iojs.build.workspace.node-test-linter.tools.node_modules.babel-eslint.node_modules.lodash"/>
		<testcase name="_baseToString.js" classname="- .usr.home.iojs.build.workspace.node-test-linter.tools.node_modules.babel-eslint.node_modules.lodash"/>
		<testcase name="_baseUnary.js" classname="- .usr.home.iojs.build.workspace.node-test-linter.tools.node_modules.babel-eslint.node_modules.lodash"/>
		<testcase name="_baseUniq.js" classname="- .usr.home.iojs.build.workspace.node-test-linter.tools.node_modules.babel-eslint.node_modules.lodash"/>
		<testcase name="_baseUnset.js" classname="- .usr.home.iojs.build.workspace.node-test-linter.tools.node_modules.babel-eslint.node_modules.lodash"/>
		<testcase name="_baseUpdate.js" classname="- .usr.home.iojs.build.workspace.node-test-linter.tools.node_modules.babel-eslint.node_modules.lodash"/>
		<testcase name="_baseValues.js" classname="- .usr.home.iojs.build.workspace.node-test-linter.tools.node_modules.babel-eslint.node_modules.lodash"/>
		<testcase name="_baseWhile.js" classname="- .usr.home.iojs.build.workspace.node-test-linter.tools.node_modules.babel-eslint.node_modules.lodash"/>
		<testcase name="_baseWrapperValue.js" classname="- .usr.home.iojs.build.workspace.node-test-linter.tools.node_modules.babel-eslint.node_modules.lodash"/>
		<testcase name="_baseXor.js" classname="- .usr.home.iojs.build.workspace.node-test-linter.tools.node_modules.babel-eslint.node_modules.lodash"/>
		<testcase name="_baseZipObject.js" classname="- .usr.home.iojs.build.workspace.node-test-linter.tools.node_modules.babel-eslint.node_modules.lodash"/>
		<testcase name="_cacheHas.js" classname="- .usr.home.iojs.build.workspace.node-test-linter.tools.node_modules.babel-eslint.node_modules.lodash"/>
		<testcase name="_castArrayLikeObject.js" classname="- .usr.home.iojs.build.workspace.node-test-linter.tools.node_modules.babel-eslint.node_modules.lodash"/>
		<testcase name="_castFunction.js" classname="- .usr.home.iojs.build.workspace.node-test-linter.tools.node_modules.babel-eslint.node_modules.lodash"/>
		<testcase name="_castPath.js" classname="- .usr.home.iojs.build.workspace.node-test-linter.tools.node_modules.babel-eslint.node_modules.lodash"/>
		<testcase name="_castRest.js" classname="- .usr.home.iojs.build.workspace.node-test-linter.tools.node_modules.babel-eslint.node_modules.lodash"/>
		<testcase name="_castSlice.js" classname="- .usr.home.iojs.build.workspace.node-test-linter.tools.node_modules.babel-eslint.node_modules.lodash"/>
		<testcase name="_charsEndIndex.js" classname="- .usr.home.iojs.build.workspace.node-test-linter.tools.node_modules.babel-eslint.node_modules.lodash"/>
		<testcase name="_charsStartIndex.js" classname="- .usr.home.iojs.build.workspace.node-test-linter.tools.node_modules.babel-eslint.node_modules.lodash"/>
		<testcase name="_cloneArrayBuffer.js" classname="- .usr.home.iojs.build.workspace.node-test-linter.tools.node_modules.babel-eslint.node_modules.lodash"/>
		<testcase name="_cloneBuffer.js" classname="- .usr.home.iojs.build.workspace.node-test-linter.tools.node_modules.babel-eslint.node_modules.lodash"/>
		<testcase name="_cloneDataView.js" classname="- .usr.home.iojs.build.workspace.node-test-linter.tools.node_modules.babel-eslint.node_modules.lodash"/>
		<testcase name="_cloneMap.js" classname="- .usr.home.iojs.build.workspace.node-test-linter.tools.node_modules.babel-eslint.node_modules.lodash"/>
		<testcase name="_cloneRegExp.js" classname="- .usr.home.iojs.build.workspace.node-test-linter.tools.node_modules.babel-eslint.node_modules.lodash"/>
		<testcase name="_cloneSet.js" classname="- .usr.home.iojs.build.workspace.node-test-linter.tools.node_modules.babel-eslint.node_modules.lodash"/>
		<testcase name="_cloneSymbol.js" classname="- .usr.home.iojs.build.workspace.node-test-linter.tools.node_modules.babel-eslint.node_modules.lodash"/>
		<testcase name="_cloneTypedArray.js" classname="- .usr.home.iojs.build.workspace.node-test-linter.tools.node_modules.babel-eslint.node_modules.lodash"/>
		<testcase name="_compareAscending.js" classname="- .usr.home.iojs.build.workspace.node-test-linter.tools.node_modules.babel-eslint.node_modules.lodash"/>
		<testcase name="_compareMultiple.js" classname="- .usr.home.iojs.build.workspace.node-test-linter.tools.node_modules.babel-eslint.node_modules.lodash"/>
		<testcase name="_composeArgs.js" classname="- .usr.home.iojs.build.workspace.node-test-linter.tools.node_modules.babel-eslint.node_modules.lodash"/>
		<testcase name="_composeArgsRight.js" classname="- .usr.home.iojs.build.workspace.node-test-linter.tools.node_modules.babel-eslint.node_modules.lodash"/>
		<testcase name="_copyArray.js" classname="- .usr.home.iojs.build.workspace.node-test-linter.tools.node_modules.babel-eslint.node_modules.lodash"/>
		<testcase name="_copyObject.js" classname="- .usr.home.iojs.build.workspace.node-test-linter.tools.node_modules.babel-eslint.node_modules.lodash"/>
		<testcase name="_copySymbols.js" classname="- .usr.home.iojs.build.workspace.node-test-linter.tools.node_modules.babel-eslint.node_modules.lodash"/>
		<testcase name="_copySymbolsIn.js" classname="- .usr.home.iojs.build.workspace.node-test-linter.tools.node_modules.babel-eslint.node_modules.lodash"/>
		<testcase name="_coreJsData.js" classname="- .usr.home.iojs.build.workspace.node-test-linter.tools.node_modules.babel-eslint.node_modules.lodash"/>
		<testcase name="_countHolders.js" classname="- .usr.home.iojs.build.workspace.node-test-linter.tools.node_modules.babel-eslint.node_modules.lodash"/>
		<testcase name="_createAggregator.js" classname="- .usr.home.iojs.build.workspace.node-test-linter.tools.node_modules.babel-eslint.node_modules.lodash"/>
		<testcase name="_createAssigner.js" classname="- .usr.home.iojs.build.workspace.node-test-linter.tools.node_modules.babel-eslint.node_modules.lodash"/>
		<testcase name="_createBaseEach.js" classname="- .usr.home.iojs.build.workspace.node-test-linter.tools.node_modules.babel-eslint.node_modules.lodash"/>
		<testcase name="_createBaseFor.js" classname="- .usr.home.iojs.build.workspace.node-test-linter.tools.node_modules.babel-eslint.node_modules.lodash"/>
		<testcase name="_createBind.js" classname="- .usr.home.iojs.build.workspace.node-test-linter.tools.node_modules.babel-eslint.node_modules.lodash"/>
		<testcase name="_createCaseFirst.js" classname="- .usr.home.iojs.build.workspace.node-test-linter.tools.node_modules.babel-eslint.node_modules.lodash"/>
		<testcase name="_createCompounder.js" classname="- .usr.home.iojs.build.workspace.node-test-linter.tools.node_modules.babel-eslint.node_modules.lodash"/>
		<testcase name="_createCtor.js" classname="- .usr.home.iojs.build.workspace.node-test-linter.tools.node_modules.babel-eslint.node_modules.lodash"/>
		<testcase name="_createCurry.js" classname="- .usr.home.iojs.build.workspace.node-test-linter.tools.node_modules.babel-eslint.node_modules.lodash"/>
		<testcase name="_createFind.js" classname="- .usr.home.iojs.build.workspace.node-test-linter.tools.node_modules.babel-eslint.node_modules.lodash"/>
		<testcase name="_createFlow.js" classname="- .usr.home.iojs.build.workspace.node-test-linter.tools.node_modules.babel-eslint.node_modules.lodash"/>
		<testcase name="_createHybrid.js" classname="- .usr.home.iojs.build.workspace.node-test-linter.tools.node_modules.babel-eslint.node_modules.lodash"/>
		<testcase name="_createInverter.js" classname="- .usr.home.iojs.build.workspace.node-test-linter.tools.node_modules.babel-eslint.node_modules.lodash"/>
		<testcase name="_createMathOperation.js" classname="- .usr.home.iojs.build.workspace.node-test-linter.tools.node_modules.babel-eslint.node_modules.lodash"/>
		<testcase name="_createOver.js" classname="- .usr.home.iojs.build.workspace.node-test-linter.tools.node_modules.babel-eslint.node_modules.lodash"/>
		<testcase name="_createPadding.js" classname="- .usr.home.iojs.build.workspace.node-test-linter.tools.node_modules.babel-eslint.node_modules.lodash"/>
		<testcase name="_createPartial.js" classname="- .usr.home.iojs.build.workspace.node-test-linter.tools.node_modules.babel-eslint.node_modules.lodash"/>
		<testcase name="_createRange.js" classname="- .usr.home.iojs.build.workspace.node-test-linter.tools.node_modules.babel-eslint.node_modules.lodash"/>
		<testcase name="_createRecurry.js" classname="- .usr.home.iojs.build.workspace.node-test-linter.tools.node_modules.babel-eslint.node_modules.lodash"/>
		<testcase name="_createRelationalOperation.js" classname="- .usr.home.iojs.build.workspace.node-test-linter.tools.node_modules.babel-eslint.node_modules.lodash"/>
		<testcase name="_createRound.js" classname="- .usr.home.iojs.build.workspace.node-test-linter.tools.node_modules.babel-eslint.node_modules.lodash"/>
		<testcase name="_createSet.js" classname="- .usr.home.iojs.build.workspace.node-test-linter.tools.node_modules.babel-eslint.node_modules.lodash"/>
		<testcase name="_createToPairs.js" classname="- .usr.home.iojs.build.workspace.node-test-linter.tools.node_modules.babel-eslint.node_modules.lodash"/>
		<testcase name="_createWrap.js" classname="- .usr.home.iojs.build.workspace.node-test-linter.tools.node_modules.babel-eslint.node_modules.lodash"/>
		<testcase name="_customDefaultsAssignIn.js" classname="- .usr.home.iojs.build.workspace.node-test-linter.tools.node_modules.babel-eslint.node_modules.lodash"/>
		<testcase name="_customDefaultsMerge.js" classname="- .usr.home.iojs.build.workspace.node-test-linter.tools.node_modules.babel-eslint.node_modules.lodash"/>
		<testcase name="_customOmitClone.js" classname="- .usr.home.iojs.build.workspace.node-test-linter.tools.node_modules.babel-eslint.node_modules.lodash"/>
		<testcase name="_DataView.js" classname="- .usr.home.iojs.build.workspace.node-test-linter.tools.node_modules.babel-eslint.node_modules.lodash"/>
		<testcase name="_deburrLetter.js" classname="- .usr.home.iojs.build.workspace.node-test-linter.tools.node_modules.babel-eslint.node_modules.lodash"/>
		<testcase name="_defineProperty.js" classname="- .usr.home.iojs.build.workspace.node-test-linter.tools.node_modules.babel-eslint.node_modules.lodash"/>
		<testcase name="_equalArrays.js" classname="- .usr.home.iojs.build.workspace.node-test-linter.tools.node_modules.babel-eslint.node_modules.lodash"/>
		<testcase name="_equalByTag.js" classname="- .usr.home.iojs.build.workspace.node-test-linter.tools.node_modules.babel-eslint.node_modules.lodash"/>
		<testcase name="_equalObjects.js" classname="- .usr.home.iojs.build.workspace.node-test-linter.tools.node_modules.babel-eslint.node_modules.lodash"/>
		<testcase name="_escapeHtmlChar.js" classname="- .usr.home.iojs.build.workspace.node-test-linter.tools.node_modules.babel-eslint.node_modules.lodash"/>
		<testcase name="_escapeStringChar.js" classname="- .usr.home.iojs.build.workspace.node-test-linter.tools.node_modules.babel-eslint.node_modules.lodash"/>
		<testcase name="_flatRest.js" classname="- .usr.home.iojs.build.workspace.node-test-linter.tools.node_modules.babel-eslint.node_modules.lodash"/>
		<testcase name="_freeGlobal.js" classname="- .usr.home.iojs.build.workspace.node-test-linter.tools.node_modules.babel-eslint.node_modules.lodash"/>
		<testcase name="_getAllKeys.js" classname="- .usr.home.iojs.build.workspace.node-test-linter.tools.node_modules.babel-eslint.node_modules.lodash"/>
		<testcase name="_getAllKeysIn.js" classname="- .usr.home.iojs.build.workspace.node-test-linter.tools.node_modules.babel-eslint.node_modules.lodash"/>
		<testcase name="_getData.js" classname="- .usr.home.iojs.build.workspace.node-test-linter.tools.node_modules.babel-eslint.node_modules.lodash"/>
		<testcase name="_getFuncName.js" classname="- .usr.home.iojs.build.workspace.node-test-linter.tools.node_modules.babel-eslint.node_modules.lodash"/>
		<testcase name="_getHolder.js" classname="- .usr.home.iojs.build.workspace.node-test-linter.tools.node_modules.babel-eslint.node_modules.lodash"/>
		<testcase name="_getMapData.js" classname="- .usr.home.iojs.build.workspace.node-test-linter.tools.node_modules.babel-eslint.node_modules.lodash"/>
		<testcase name="_getMatchData.js" classname="- .usr.home.iojs.build.workspace.node-test-linter.tools.node_modules.babel-eslint.node_modules.lodash"/>
		<testcase name="_getNative.js" classname="- .usr.home.iojs.build.workspace.node-test-linter.tools.node_modules.babel-eslint.node_modules.lodash"/>
		<testcase name="_getPrototype.js" classname="- .usr.home.iojs.build.workspace.node-test-linter.tools.node_modules.babel-eslint.node_modules.lodash"/>
		<testcase name="_getRawTag.js" classname="- .usr.home.iojs.build.workspace.node-test-linter.tools.node_modules.babel-eslint.node_modules.lodash"/>
		<testcase name="_getSymbols.js" classname="- .usr.home.iojs.build.workspace.node-test-linter.tools.node_modules.babel-eslint.node_modules.lodash"/>
		<testcase name="_getSymbolsIn.js" classname="- .usr.home.iojs.build.workspace.node-test-linter.tools.node_modules.babel-eslint.node_modules.lodash"/>
		<testcase name="_getTag.js" classname="- .usr.home.iojs.build.workspace.node-test-linter.tools.node_modules.babel-eslint.node_modules.lodash"/>
		<testcase name="_getValue.js" classname="- .usr.home.iojs.build.workspace.node-test-linter.tools.node_modules.babel-eslint.node_modules.lodash"/>
		<testcase name="_getView.js" classname="- .usr.home.iojs.build.workspace.node-test-linter.tools.node_modules.babel-eslint.node_modules.lodash"/>
		<testcase name="_getWrapDetails.js" classname="- .usr.home.iojs.build.workspace.node-test-linter.tools.node_modules.babel-eslint.node_modules.lodash"/>
		<testcase name="_Hash.js" classname="- .usr.home.iojs.build.workspace.node-test-linter.tools.node_modules.babel-eslint.node_modules.lodash"/>
		<testcase name="_hashClear.js" classname="- .usr.home.iojs.build.workspace.node-test-linter.tools.node_modules.babel-eslint.node_modules.lodash"/>
		<testcase name="_hashDelete.js" classname="- .usr.home.iojs.build.workspace.node-test-linter.tools.node_modules.babel-eslint.node_modules.lodash"/>
		<testcase name="_hashGet.js" classname="- .usr.home.iojs.build.workspace.node-test-linter.tools.node_modules.babel-eslint.node_modules.lodash"/>
		<testcase name="_hashHas.js" classname="- .usr.home.iojs.build.workspace.node-test-linter.tools.node_modules.babel-eslint.node_modules.lodash"/>
		<testcase name="_hashSet.js" classname="- .usr.home.iojs.build.workspace.node-test-linter.tools.node_modules.babel-eslint.node_modules.lodash"/>
		<testcase name="_hasPath.js" classname="- .usr.home.iojs.build.workspace.node-test-linter.tools.node_modules.babel-eslint.node_modules.lodash"/>
		<testcase name="_hasUnicode.js" classname="- .usr.home.iojs.build.workspace.node-test-linter.tools.node_modules.babel-eslint.node_modules.lodash"/>
		<testcase name="_hasUnicodeWord.js" classname="- .usr.home.iojs.build.workspace.node-test-linter.tools.node_modules.babel-eslint.node_modules.lodash"/>
		<testcase name="_initCloneArray.js" classname="- .usr.home.iojs.build.workspace.node-test-linter.tools.node_modules.babel-eslint.node_modules.lodash"/>
		<testcase name="_initCloneByTag.js" classname="- .usr.home.iojs.build.workspace.node-test-linter.tools.node_modules.babel-eslint.node_modules.lodash"/>
		<testcase name="_initCloneObject.js" classname="- .usr.home.iojs.build.workspace.node-test-linter.tools.node_modules.babel-eslint.node_modules.lodash"/>
		<testcase name="_insertWrapDetails.js" classname="- .usr.home.iojs.build.workspace.node-test-linter.tools.node_modules.babel-eslint.node_modules.lodash"/>
		<testcase name="_isFlattenable.js" classname="- .usr.home.iojs.build.workspace.node-test-linter.tools.node_modules.babel-eslint.node_modules.lodash"/>
		<testcase name="_isIndex.js" classname="- .usr.home.iojs.build.workspace.node-test-linter.tools.node_modules.babel-eslint.node_modules.lodash"/>
		<testcase name="_isIterateeCall.js" classname="- .usr.home.iojs.build.workspace.node-test-linter.tools.node_modules.babel-eslint.node_modules.lodash"/>
		<testcase name="_isKey.js" classname="- .usr.home.iojs.build.workspace.node-test-linter.tools.node_modules.babel-eslint.node_modules.lodash"/>
		<testcase name="_isKeyable.js" classname="- .usr.home.iojs.build.workspace.node-test-linter.tools.node_modules.babel-eslint.node_modules.lodash"/>
		<testcase name="_isLaziable.js" classname="- .usr.home.iojs.build.workspace.node-test-linter.tools.node_modules.babel-eslint.node_modules.lodash"/>
		<testcase name="_isMaskable.js" classname="- .usr.home.iojs.build.workspace.node-test-linter.tools.node_modules.babel-eslint.node_modules.lodash"/>
		<testcase name="_isMasked.js" classname="- .usr.home.iojs.build.workspace.node-test-linter.tools.node_modules.babel-eslint.node_modules.lodash"/>
		<testcase name="_isPrototype.js" classname="- .usr.home.iojs.build.workspace.node-test-linter.tools.node_modules.babel-eslint.node_modules.lodash"/>
		<testcase name="_isStrictComparable.js" classname="- .usr.home.iojs.build.workspace.node-test-linter.tools.node_modules.babel-eslint.node_modules.lodash"/>
		<testcase name="_iteratorToArray.js" classname="- .usr.home.iojs.build.workspace.node-test-linter.tools.node_modules.babel-eslint.node_modules.lodash"/>
		<testcase name="_lazyClone.js" classname="- .usr.home.iojs.build.workspace.node-test-linter.tools.node_modules.babel-eslint.node_modules.lodash"/>
		<testcase name="_lazyReverse.js" classname="- .usr.home.iojs.build.workspace.node-test-linter.tools.node_modules.babel-eslint.node_modules.lodash"/>
		<testcase name="_lazyValue.js" classname="- .usr.home.iojs.build.workspace.node-test-linter.tools.node_modules.babel-eslint.node_modules.lodash"/>
		<testcase name="_LazyWrapper.js" classname="- .usr.home.iojs.build.workspace.node-test-linter.tools.node_modules.babel-eslint.node_modules.lodash"/>
		<testcase name="_ListCache.js" classname="- .usr.home.iojs.build.workspace.node-test-linter.tools.node_modules.babel-eslint.node_modules.lodash"/>
		<testcase name="_listCacheClear.js" classname="- .usr.home.iojs.build.workspace.node-test-linter.tools.node_modules.babel-eslint.node_modules.lodash"/>
		<testcase name="_listCacheDelete.js" classname="- .usr.home.iojs.build.workspace.node-test-linter.tools.node_modules.babel-eslint.node_modules.lodash"/>
		<testcase name="_listCacheGet.js" classname="- .usr.home.iojs.build.workspace.node-test-linter.tools.node_modules.babel-eslint.node_modules.lodash"/>
		<testcase name="_listCacheHas.js" classname="- .usr.home.iojs.build.workspace.node-test-linter.tools.node_modules.babel-eslint.node_modules.lodash"/>
		<testcase name="_listCacheSet.js" classname="- .usr.home.iojs.build.workspace.node-test-linter.tools.node_modules.babel-eslint.node_modules.lodash"/>
		<testcase name="_LodashWrapper.js" classname="- .usr.home.iojs.build.workspace.node-test-linter.tools.node_modules.babel-eslint.node_modules.lodash"/>
		<testcase name="_Map.js" classname="- .usr.home.iojs.build.workspace.node-test-linter.tools.node_modules.babel-eslint.node_modules.lodash"/>
		<testcase name="_MapCache.js" classname="- .usr.home.iojs.build.workspace.node-test-linter.tools.node_modules.babel-eslint.node_modules.lodash"/>
		<testcase name="_mapCacheClear.js" classname="- .usr.home.iojs.build.workspace.node-test-linter.tools.node_modules.babel-eslint.node_modules.lodash"/>
		<testcase name="_mapCacheDelete.js" classname="- .usr.home.iojs.build.workspace.node-test-linter.tools.node_modules.babel-eslint.node_modules.lodash"/>
		<testcase name="_mapCacheGet.js" classname="- .usr.home.iojs.build.workspace.node-test-linter.tools.node_modules.babel-eslint.node_modules.lodash"/>
		<testcase name="_mapCacheHas.js" classname="- .usr.home.iojs.build.workspace.node-test-linter.tools.node_modules.babel-eslint.node_modules.lodash"/>
		<testcase name="_mapCacheSet.js" classname="- .usr.home.iojs.build.workspace.node-test-linter.tools.node_modules.babel-eslint.node_modules.lodash"/>
		<testcase name="_mapToArray.js" classname="- .usr.home.iojs.build.workspace.node-test-linter.tools.node_modules.babel-eslint.node_modules.lodash"/>
		<testcase name="_matchesStrictComparable.js" classname="- .usr.home.iojs.build.workspace.node-test-linter.tools.node_modules.babel-eslint.node_modules.lodash"/>
		<testcase name="_memoizeCapped.js" classname="- .usr.home.iojs.build.workspace.node-test-linter.tools.node_modules.babel-eslint.node_modules.lodash"/>
		<testcase name="_mergeData.js" classname="- .usr.home.iojs.build.workspace.node-test-linter.tools.node_modules.babel-eslint.node_modules.lodash"/>
		<testcase name="_metaMap.js" classname="- .usr.home.iojs.build.workspace.node-test-linter.tools.node_modules.babel-eslint.node_modules.lodash"/>
		<testcase name="_nativeCreate.js" classname="- .usr.home.iojs.build.workspace.node-test-linter.tools.node_modules.babel-eslint.node_modules.lodash"/>
		<testcase name="_nativeKeys.js" classname="- .usr.home.iojs.build.workspace.node-test-linter.tools.node_modules.babel-eslint.node_modules.lodash"/>
		<testcase name="_nativeKeysIn.js" classname="- .usr.home.iojs.build.workspace.node-test-linter.tools.node_modules.babel-eslint.node_modules.lodash"/>
		<testcase name="_nodeUtil.js" classname="- .usr.home.iojs.build.workspace.node-test-linter.tools.node_modules.babel-eslint.node_modules.lodash"/>
		<testcase name="_objectToString.js" classname="- .usr.home.iojs.build.workspace.node-test-linter.tools.node_modules.babel-eslint.node_modules.lodash"/>
		<testcase name="_overArg.js" classname="- .usr.home.iojs.build.workspace.node-test-linter.tools.node_modules.babel-eslint.node_modules.lodash"/>
		<testcase name="_overRest.js" classname="- .usr.home.iojs.build.workspace.node-test-linter.tools.node_modules.babel-eslint.node_modules.lodash"/>
		<testcase name="_parent.js" classname="- .usr.home.iojs.build.workspace.node-test-linter.tools.node_modules.babel-eslint.node_modules.lodash"/>
		<testcase name="_Promise.js" classname="- .usr.home.iojs.build.workspace.node-test-linter.tools.node_modules.babel-eslint.node_modules.lodash"/>
		<testcase name="_realNames.js" classname="- .usr.home.iojs.build.workspace.node-test-linter.tools.node_modules.babel-eslint.node_modules.lodash"/>
		<testcase name="_reEscape.js" classname="- .usr.home.iojs.build.workspace.node-test-linter.tools.node_modules.babel-eslint.node_modules.lodash"/>
		<testcase name="_reEvaluate.js" classname="- .usr.home.iojs.build.workspace.node-test-linter.tools.node_modules.babel-eslint.node_modules.lodash"/>
		<testcase name="_reInterpolate.js" classname="- .usr.home.iojs.build.workspace.node-test-linter.tools.node_modules.babel-eslint.node_modules.lodash"/>
		<testcase name="_reorder.js" classname="- .usr.home.iojs.build.workspace.node-test-linter.tools.node_modules.babel-eslint.node_modules.lodash"/>
		<testcase name="_replaceHolders.js" classname="- .usr.home.iojs.build.workspace.node-test-linter.tools.node_modules.babel-eslint.node_modules.lodash"/>
		<testcase name="_root.js" classname="- .usr.home.iojs.build.workspace.node-test-linter.tools.node_modules.babel-eslint.node_modules.lodash"/>
		<testcase name="_Set.js" classname="- .usr.home.iojs.build.workspace.node-test-linter.tools.node_modules.babel-eslint.node_modules.lodash"/>
		<testcase name="_SetCache.js" classname="- .usr.home.iojs.build.workspace.node-test-linter.tools.node_modules.babel-eslint.node_modules.lodash"/>
		<testcase name="_setCacheAdd.js" classname="- .usr.home.iojs.build.workspace.node-test-linter.tools.node_modules.babel-eslint.node_modules.lodash"/>
		<testcase name="_setCacheHas.js" classname="- .usr.home.iojs.build.workspace.node-test-linter.tools.node_modules.babel-eslint.node_modules.lodash"/>
		<testcase name="_setData.js" classname="- .usr.home.iojs.build.workspace.node-test-linter.tools.node_modules.babel-eslint.node_modules.lodash"/>
		<testcase name="_setToArray.js" classname="- .usr.home.iojs.build.workspace.node-test-linter.tools.node_modules.babel-eslint.node_modules.lodash"/>
		<testcase name="_setToPairs.js" classname="- .usr.home.iojs.build.workspace.node-test-linter.tools.node_modules.babel-eslint.node_modules.lodash"/>
		<testcase name="_setToString.js" classname="- .usr.home.iojs.build.workspace.node-test-linter.tools.node_modules.babel-eslint.node_modules.lodash"/>
		<testcase name="_setWrapToString.js" classname="- .usr.home.iojs.build.workspace.node-test-linter.tools.node_modules.babel-eslint.node_modules.lodash"/>
		<testcase name="_shortOut.js" classname="- .usr.home.iojs.build.workspace.node-test-linter.tools.node_modules.babel-eslint.node_modules.lodash"/>
		<testcase name="_shuffleSelf.js" classname="- .usr.home.iojs.build.workspace.node-test-linter.tools.node_modules.babel-eslint.node_modules.lodash"/>
		<testcase name="_Stack.js" classname="- .usr.home.iojs.build.workspace.node-test-linter.tools.node_modules.babel-eslint.node_modules.lodash"/>
		<testcase name="_stackClear.js" classname="- .usr.home.iojs.build.workspace.node-test-linter.tools.node_modules.babel-eslint.node_modules.lodash"/>
		<testcase name="_stackDelete.js" classname="- .usr.home.iojs.build.workspace.node-test-linter.tools.node_modules.babel-eslint.node_modules.lodash"/>
		<testcase name="_stackGet.js" classname="- .usr.home.iojs.build.workspace.node-test-linter.tools.node_modules.babel-eslint.node_modules.lodash"/>
		<testcase name="_stackHas.js" classname="- .usr.home.iojs.build.workspace.node-test-linter.tools.node_modules.babel-eslint.node_modules.lodash"/>
		<testcase name="_stackSet.js" classname="- .usr.home.iojs.build.workspace.node-test-linter.tools.node_modules.babel-eslint.node_modules.lodash"/>
		<testcase name="_strictIndexOf.js" classname="- .usr.home.iojs.build.workspace.node-test-linter.tools.node_modules.babel-eslint.node_modules.lodash"/>
		<testcase name="_strictLastIndexOf.js" classname="- .usr.home.iojs.build.workspace.node-test-linter.tools.node_modules.babel-eslint.node_modules.lodash"/>
		<testcase name="_stringSize.js" classname="- .usr.home.iojs.build.workspace.node-test-linter.tools.node_modules.babel-eslint.node_modules.lodash"/>
		<testcase name="_stringToArray.js" classname="- .usr.home.iojs.build.workspace.node-test-linter.tools.node_modules.babel-eslint.node_modules.lodash"/>
		<testcase name="_stringToPath.js" classname="- .usr.home.iojs.build.workspace.node-test-linter.tools.node_modules.babel-eslint.node_modules.lodash"/>
		<testcase name="_Symbol.js" classname="- .usr.home.iojs.build.workspace.node-test-linter.tools.node_modules.babel-eslint.node_modules.lodash"/>
		<testcase name="_toKey.js" classname="- .usr.home.iojs.build.workspace.node-test-linter.tools.node_modules.babel-eslint.node_modules.lodash"/>
		<testcase name="_toSource.js" classname="- .usr.home.iojs.build.workspace.node-test-linter.tools.node_modules.babel-eslint.node_modules.lodash"/>
		<testcase name="_Uint8Array.js" classname="- .usr.home.iojs.build.workspace.node-test-linter.tools.node_modules.babel-eslint.node_modules.lodash"/>
		<testcase name="_unescapeHtmlChar.js" classname="- .usr.home.iojs.build.workspace.node-test-linter.tools.node_modules.babel-eslint.node_modules.lodash"/>
		<testcase name="_unicodeSize.js" classname="- .usr.home.iojs.build.workspace.node-test-linter.tools.node_modules.babel-eslint.node_modules.lodash"/>
		<testcase name="_unicodeToArray.js" classname="- .usr.home.iojs.build.workspace.node-test-linter.tools.node_modules.babel-eslint.node_modules.lodash"/>
		<testcase name="_unicodeWords.js" classname="- .usr.home.iojs.build.workspace.node-test-linter.tools.node_modules.babel-eslint.node_modules.lodash"/>
		<testcase name="_updateWrapDetails.js" classname="- .usr.home.iojs.build.workspace.node-test-linter.tools.node_modules.babel-eslint.node_modules.lodash"/>
		<testcase name="_WeakMap.js" classname="- .usr.home.iojs.build.workspace.node-test-linter.tools.node_modules.babel-eslint.node_modules.lodash"/>
		<testcase name="_wrapperClone.js" classname="- .usr.home.iojs.build.workspace.node-test-linter.tools.node_modules.babel-eslint.node_modules.lodash"/>
		<testcase name="add.js" classname="- .usr.home.iojs.build.workspace.node-test-linter.tools.node_modules.babel-eslint.node_modules.lodash"/>
		<testcase name="after.js" classname="- .usr.home.iojs.build.workspace.node-test-linter.tools.node_modules.babel-eslint.node_modules.lodash"/>
		<testcase name="array.js" classname="- .usr.home.iojs.build.workspace.node-test-linter.tools.node_modules.babel-eslint.node_modules.lodash"/>
		<testcase name="ary.js" classname="- .usr.home.iojs.build.workspace.node-test-linter.tools.node_modules.babel-eslint.node_modules.lodash"/>
		<testcase name="assign.js" classname="- .usr.home.iojs.build.workspace.node-test-linter.tools.node_modules.babel-eslint.node_modules.lodash"/>
		<testcase name="assignIn.js" classname="- .usr.home.iojs.build.workspace.node-test-linter.tools.node_modules.babel-eslint.node_modules.lodash"/>
		<testcase name="assignInWith.js" classname="- .usr.home.iojs.build.workspace.node-test-linter.tools.node_modules.babel-eslint.node_modules.lodash"/>
		<testcase name="assignWith.js" classname="- .usr.home.iojs.build.workspace.node-test-linter.tools.node_modules.babel-eslint.node_modules.lodash"/>
		<testcase name="at.js" classname="- .usr.home.iojs.build.workspace.node-test-linter.tools.node_modules.babel-eslint.node_modules.lodash"/>
		<testcase name="attempt.js" classname="- .usr.home.iojs.build.workspace.node-test-linter.tools.node_modules.babel-eslint.node_modules.lodash"/>
		<testcase name="before.js" classname="- .usr.home.iojs.build.workspace.node-test-linter.tools.node_modules.babel-eslint.node_modules.lodash"/>
		<testcase name="bind.js" classname="- .usr.home.iojs.build.workspace.node-test-linter.tools.node_modules.babel-eslint.node_modules.lodash"/>
		<testcase name="bindAll.js" classname="- .usr.home.iojs.build.workspace.node-test-linter.tools.node_modules.babel-eslint.node_modules.lodash"/>
		<testcase name="bindKey.js" classname="- .usr.home.iojs.build.workspace.node-test-linter.tools.node_modules.babel-eslint.node_modules.lodash"/>
		<testcase name="camelCase.js" classname="- .usr.home.iojs.build.workspace.node-test-linter.tools.node_modules.babel-eslint.node_modules.lodash"/>
		<testcase name="capitalize.js" classname="- .usr.home.iojs.build.workspace.node-test-linter.tools.node_modules.babel-eslint.node_modules.lodash"/>
		<testcase name="castArray.js" classname="- .usr.home.iojs.build.workspace.node-test-linter.tools.node_modules.babel-eslint.node_modules.lodash"/>
		<testcase name="ceil.js" classname="- .usr.home.iojs.build.workspace.node-test-linter.tools.node_modules.babel-eslint.node_modules.lodash"/>
		<testcase name="chain.js" classname="- .usr.home.iojs.build.workspace.node-test-linter.tools.node_modules.babel-eslint.node_modules.lodash"/>
		<testcase name="chunk.js" classname="- .usr.home.iojs.build.workspace.node-test-linter.tools.node_modules.babel-eslint.node_modules.lodash"/>
		<testcase name="clamp.js" classname="- .usr.home.iojs.build.workspace.node-test-linter.tools.node_modules.babel-eslint.node_modules.lodash"/>
		<testcase name="clone.js" classname="- .usr.home.iojs.build.workspace.node-test-linter.tools.node_modules.babel-eslint.node_modules.lodash"/>
		<testcase name="cloneDeep.js" classname="- .usr.home.iojs.build.workspace.node-test-linter.tools.node_modules.babel-eslint.node_modules.lodash"/>
		<testcase name="cloneDeepWith.js" classname="- .usr.home.iojs.build.workspace.node-test-linter.tools.node_modules.babel-eslint.node_modules.lodash"/>
		<testcase name="cloneWith.js" classname="- .usr.home.iojs.build.workspace.node-test-linter.tools.node_modules.babel-eslint.node_modules.lodash"/>
		<testcase name="collection.js" classname="- .usr.home.iojs.build.workspace.node-test-linter.tools.node_modules.babel-eslint.node_modules.lodash"/>
		<testcase name="commit.js" classname="- .usr.home.iojs.build.workspace.node-test-linter.tools.node_modules.babel-eslint.node_modules.lodash"/>
		<testcase name="compact.js" classname="- .usr.home.iojs.build.workspace.node-test-linter.tools.node_modules.babel-eslint.node_modules.lodash"/>
		<testcase name="concat.js" classname="- .usr.home.iojs.build.workspace.node-test-linter.tools.node_modules.babel-eslint.node_modules.lodash"/>
		<testcase name="cond.js" classname="- .usr.home.iojs.build.workspace.node-test-linter.tools.node_modules.babel-eslint.node_modules.lodash"/>
		<testcase name="conforms.js" classname="- .usr.home.iojs.build.workspace.node-test-linter.tools.node_modules.babel-eslint.node_modules.lodash"/>
		<testcase name="conformsTo.js" classname="- .usr.home.iojs.build.workspace.node-test-linter.tools.node_modules.babel-eslint.node_modules.lodash"/>
		<testcase name="constant.js" classname="- .usr.home.iojs.build.workspace.node-test-linter.tools.node_modules.babel-eslint.node_modules.lodash"/>
		<testcase name="core.js" classname="- .usr.home.iojs.build.workspace.node-test-linter.tools.node_modules.babel-eslint.node_modules.lodash"/>
		<testcase name="core.min.js" classname="- .usr.home.iojs.build.workspace.node-test-linter.tools.node_modules.babel-eslint.node_modules.lodash"/>
		<testcase name="countBy.js" classname="- .usr.home.iojs.build.workspace.node-test-linter.tools.node_modules.babel-eslint.node_modules.lodash"/>
		<testcase name="create.js" classname="- .usr.home.iojs.build.workspace.node-test-linter.tools.node_modules.babel-eslint.node_modules.lodash"/>
		<testcase name="curry.js" classname="- .usr.home.iojs.build.workspace.node-test-linter.tools.node_modules.babel-eslint.node_modules.lodash"/>
		<testcase name="curryRight.js" classname="- .usr.home.iojs.build.workspace.node-test-linter.tools.node_modules.babel-eslint.node_modules.lodash"/>
		<testcase name="date.js" classname="- .usr.home.iojs.build.workspace.node-test-linter.tools.node_modules.babel-eslint.node_modules.lodash"/>
		<testcase name="debounce.js" classname="- .usr.home.iojs.build.workspace.node-test-linter.tools.node_modules.babel-eslint.node_modules.lodash"/>
		<testcase name="deburr.js" classname="- .usr.home.iojs.build.workspace.node-test-linter.tools.node_modules.babel-eslint.node_modules.lodash"/>
		<testcase name="defaults.js" classname="- .usr.home.iojs.build.workspace.node-test-linter.tools.node_modules.babel-eslint.node_modules.lodash"/>
		<testcase name="defaultsDeep.js" classname="- .usr.home.iojs.build.workspace.node-test-linter.tools.node_modules.babel-eslint.node_modules.lodash"/>
		<testcase name="defaultTo.js" classname="- .usr.home.iojs.build.workspace.node-test-linter.tools.node_modules.babel-eslint.node_modules.lodash"/>
		<testcase name="defer.js" classname="- .usr.home.iojs.build.workspace.node-test-linter.tools.node_modules.babel-eslint.node_modules.lodash"/>
		<testcase name="delay.js" classname="- .usr.home.iojs.build.workspace.node-test-linter.tools.node_modules.babel-eslint.node_modules.lodash"/>
		<testcase name="difference.js" classname="- .usr.home.iojs.build.workspace.node-test-linter.tools.node_modules.babel-eslint.node_modules.lodash"/>
		<testcase name="differenceBy.js" classname="- .usr.home.iojs.build.workspace.node-test-linter.tools.node_modules.babel-eslint.node_modules.lodash"/>
		<testcase name="differenceWith.js" classname="- .usr.home.iojs.build.workspace.node-test-linter.tools.node_modules.babel-eslint.node_modules.lodash"/>
		<testcase name="divide.js" classname="- .usr.home.iojs.build.workspace.node-test-linter.tools.node_modules.babel-eslint.node_modules.lodash"/>
		<testcase name="drop.js" classname="- .usr.home.iojs.build.workspace.node-test-linter.tools.node_modules.babel-eslint.node_modules.lodash"/>
		<testcase name="dropRight.js" classname="- .usr.home.iojs.build.workspace.node-test-linter.tools.node_modules.babel-eslint.node_modules.lodash"/>
		<testcase name="dropRightWhile.js" classname="- .usr.home.iojs.build.workspace.node-test-linter.tools.node_modules.babel-eslint.node_modules.lodash"/>
		<testcase name="dropWhile.js" classname="- .usr.home.iojs.build.workspace.node-test-linter.tools.node_modules.babel-eslint.node_modules.lodash"/>
		<testcase name="each.js" classname="- .usr.home.iojs.build.workspace.node-test-linter.tools.node_modules.babel-eslint.node_modules.lodash"/>
		<testcase name="eachRight.js" classname="- .usr.home.iojs.build.workspace.node-test-linter.tools.node_modules.babel-eslint.node_modules.lodash"/>
		<testcase name="endsWith.js" classname="- .usr.home.iojs.build.workspace.node-test-linter.tools.node_modules.babel-eslint.node_modules.lodash"/>
		<testcase name="entries.js" classname="- .usr.home.iojs.build.workspace.node-test-linter.tools.node_modules.babel-eslint.node_modules.lodash"/>
		<testcase name="entriesIn.js" classname="- .usr.home.iojs.build.workspace.node-test-linter.tools.node_modules.babel-eslint.node_modules.lodash"/>
		<testcase name="eq.js" classname="- .usr.home.iojs.build.workspace.node-test-linter.tools.node_modules.babel-eslint.node_modules.lodash"/>
		<testcase name="escape.js" classname="- .usr.home.iojs.build.workspace.node-test-linter.tools.node_modules.babel-eslint.node_modules.lodash"/>
		<testcase name="escapeRegExp.js" classname="- .usr.home.iojs.build.workspace.node-test-linter.tools.node_modules.babel-eslint.node_modules.lodash"/>
		<testcase name="every.js" classname="- .usr.home.iojs.build.workspace.node-test-linter.tools.node_modules.babel-eslint.node_modules.lodash"/>
		<testcase name="extend.js" classname="- .usr.home.iojs.build.workspace.node-test-linter.tools.node_modules.babel-eslint.node_modules.lodash"/>
		<testcase name="extendWith.js" classname="- .usr.home.iojs.build.workspace.node-test-linter.tools.node_modules.babel-eslint.node_modules.lodash"/>
		<testcase name="fill.js" classname="- .usr.home.iojs.build.workspace.node-test-linter.tools.node_modules.babel-eslint.node_modules.lodash"/>
		<testcase name="filter.js" classname="- .usr.home.iojs.build.workspace.node-test-linter.tools.node_modules.babel-eslint.node_modules.lodash"/>
		<testcase name="find.js" classname="- .usr.home.iojs.build.workspace.node-test-linter.tools.node_modules.babel-eslint.node_modules.lodash"/>
		<testcase name="findIndex.js" classname="- .usr.home.iojs.build.workspace.node-test-linter.tools.node_modules.babel-eslint.node_modules.lodash"/>
		<testcase name="findKey.js" classname="- .usr.home.iojs.build.workspace.node-test-linter.tools.node_modules.babel-eslint.node_modules.lodash"/>
		<testcase name="findLast.js" classname="- .usr.home.iojs.build.workspace.node-test-linter.tools.node_modules.babel-eslint.node_modules.lodash"/>
		<testcase name="findLastIndex.js" classname="- .usr.home.iojs.build.workspace.node-test-linter.tools.node_modules.babel-eslint.node_modules.lodash"/>
		<testcase name="findLastKey.js" classname="- .usr.home.iojs.build.workspace.node-test-linter.tools.node_modules.babel-eslint.node_modules.lodash"/>
		<testcase name="first.js" classname="- .usr.home.iojs.build.workspace.node-test-linter.tools.node_modules.babel-eslint.node_modules.lodash"/>
		<testcase name="flatMap.js" classname="- .usr.home.iojs.build.workspace.node-test-linter.tools.node_modules.babel-eslint.node_modules.lodash"/>
		<testcase name="flatMapDeep.js" classname="- .usr.home.iojs.build.workspace.node-test-linter.tools.node_modules.babel-eslint.node_modules.lodash"/>
		<testcase name="flatMapDepth.js" classname="- .usr.home.iojs.build.workspace.node-test-linter.tools.node_modules.babel-eslint.node_modules.lodash"/>
		<testcase name="flatten.js" classname="- .usr.home.iojs.build.workspace.node-test-linter.tools.node_modules.babel-eslint.node_modules.lodash"/>
		<testcase name="flattenDeep.js" classname="- .usr.home.iojs.build.workspace.node-test-linter.tools.node_modules.babel-eslint.node_modules.lodash"/>
		<testcase name="flattenDepth.js" classname="- .usr.home.iojs.build.workspace.node-test-linter.tools.node_modules.babel-eslint.node_modules.lodash"/>
		<testcase name="flip.js" classname="- .usr.home.iojs.build.workspace.node-test-linter.tools.node_modules.babel-eslint.node_modules.lodash"/>
		<testcase name="floor.js" classname="- .usr.home.iojs.build.workspace.node-test-linter.tools.node_modules.babel-eslint.node_modules.lodash"/>
		<testcase name="flow.js" classname="- .usr.home.iojs.build.workspace.node-test-linter.tools.node_modules.babel-eslint.node_modules.lodash"/>
		<testcase name="flowRight.js" classname="- .usr.home.iojs.build.workspace.node-test-linter.tools.node_modules.babel-eslint.node_modules.lodash"/>
		<testcase name="forEach.js" classname="- .usr.home.iojs.build.workspace.node-test-linter.tools.node_modules.babel-eslint.node_modules.lodash"/>
		<testcase name="forEachRight.js" classname="- .usr.home.iojs.build.workspace.node-test-linter.tools.node_modules.babel-eslint.node_modules.lodash"/>
		<testcase name="forIn.js" classname="- .usr.home.iojs.build.workspace.node-test-linter.tools.node_modules.babel-eslint.node_modules.lodash"/>
		<testcase name="forInRight.js" classname="- .usr.home.iojs.build.workspace.node-test-linter.tools.node_modules.babel-eslint.node_modules.lodash"/>
		<testcase name="forOwn.js" classname="- .usr.home.iojs.build.workspace.node-test-linter.tools.node_modules.babel-eslint.node_modules.lodash"/>
		<testcase name="forOwnRight.js" classname="- .usr.home.iojs.build.workspace.node-test-linter.tools.node_modules.babel-eslint.node_modules.lodash"/>
		<testcase name="fp.js" classname="- .usr.home.iojs.build.workspace.node-test-linter.tools.node_modules.babel-eslint.node_modules.lodash"/>
		<testcase name="__.js" classname="- .usr.home.iojs.build.workspace.node-test-linter.tools.node_modules.babel-eslint.node_modules.lodash.fp"/>
		<testcase name="_baseConvert.js" classname="- .usr.home.iojs.build.workspace.node-test-linter.tools.node_modules.babel-eslint.node_modules.lodash.fp"/>
		<testcase name="_convertBrowser.js" classname="- .usr.home.iojs.build.workspace.node-test-linter.tools.node_modules.babel-eslint.node_modules.lodash.fp"/>
		<testcase name="_falseOptions.js" classname="- .usr.home.iojs.build.workspace.node-test-linter.tools.node_modules.babel-eslint.node_modules.lodash.fp"/>
		<testcase name="_mapping.js" classname="- .usr.home.iojs.build.workspace.node-test-linter.tools.node_modules.babel-eslint.node_modules.lodash.fp"/>
		<testcase name="_util.js" classname="- .usr.home.iojs.build.workspace.node-test-linter.tools.node_modules.babel-eslint.node_modules.lodash.fp"/>
		<testcase name="add.js" classname="- .usr.home.iojs.build.workspace.node-test-linter.tools.node_modules.babel-eslint.node_modules.lodash.fp"/>
		<testcase name="after.js" classname="- .usr.home.iojs.build.workspace.node-test-linter.tools.node_modules.babel-eslint.node_modules.lodash.fp"/>
		<testcase name="all.js" classname="- .usr.home.iojs.build.workspace.node-test-linter.tools.node_modules.babel-eslint.node_modules.lodash.fp"/>
		<testcase name="allPass.js" classname="- .usr.home.iojs.build.workspace.node-test-linter.tools.node_modules.babel-eslint.node_modules.lodash.fp"/>
		<testcase name="always.js" classname="- .usr.home.iojs.build.workspace.node-test-linter.tools.node_modules.babel-eslint.node_modules.lodash.fp"/>
		<testcase name="any.js" classname="- .usr.home.iojs.build.workspace.node-test-linter.tools.node_modules.babel-eslint.node_modules.lodash.fp"/>
		<testcase name="anyPass.js" classname="- .usr.home.iojs.build.workspace.node-test-linter.tools.node_modules.babel-eslint.node_modules.lodash.fp"/>
		<testcase name="apply.js" classname="- .usr.home.iojs.build.workspace.node-test-linter.tools.node_modules.babel-eslint.node_modules.lodash.fp"/>
		<testcase name="array.js" classname="- .usr.home.iojs.build.workspace.node-test-linter.tools.node_modules.babel-eslint.node_modules.lodash.fp"/>
		<testcase name="ary.js" classname="- .usr.home.iojs.build.workspace.node-test-linter.tools.node_modules.babel-eslint.node_modules.lodash.fp"/>
		<testcase name="assign.js" classname="- .usr.home.iojs.build.workspace.node-test-linter.tools.node_modules.babel-eslint.node_modules.lodash.fp"/>
		<testcase name="assignAll.js" classname="- .usr.home.iojs.build.workspace.node-test-linter.tools.node_modules.babel-eslint.node_modules.lodash.fp"/>
		<testcase name="assignAllWith.js" classname="- .usr.home.iojs.build.workspace.node-test-linter.tools.node_modules.babel-eslint.node_modules.lodash.fp"/>
		<testcase name="assignIn.js" classname="- .usr.home.iojs.build.workspace.node-test-linter.tools.node_modules.babel-eslint.node_modules.lodash.fp"/>
		<testcase name="assignInAll.js" classname="- .usr.home.iojs.build.workspace.node-test-linter.tools.node_modules.babel-eslint.node_modules.lodash.fp"/>
		<testcase name="assignInAllWith.js" classname="- .usr.home.iojs.build.workspace.node-test-linter.tools.node_modules.babel-eslint.node_modules.lodash.fp"/>
		<testcase name="assignInWith.js" classname="- .usr.home.iojs.build.workspace.node-test-linter.tools.node_modules.babel-eslint.node_modules.lodash.fp"/>
		<testcase name="assignWith.js" classname="- .usr.home.iojs.build.workspace.node-test-linter.tools.node_modules.babel-eslint.node_modules.lodash.fp"/>
		<testcase name="assoc.js" classname="- .usr.home.iojs.build.workspace.node-test-linter.tools.node_modules.babel-eslint.node_modules.lodash.fp"/>
		<testcase name="assocPath.js" classname="- .usr.home.iojs.build.workspace.node-test-linter.tools.node_modules.babel-eslint.node_modules.lodash.fp"/>
		<testcase name="at.js" classname="- .usr.home.iojs.build.workspace.node-test-linter.tools.node_modules.babel-eslint.node_modules.lodash.fp"/>
		<testcase name="attempt.js" classname="- .usr.home.iojs.build.workspace.node-test-linter.tools.node_modules.babel-eslint.node_modules.lodash.fp"/>
		<testcase name="before.js" classname="- .usr.home.iojs.build.workspace.node-test-linter.tools.node_modules.babel-eslint.node_modules.lodash.fp"/>
		<testcase name="bind.js" classname="- .usr.home.iojs.build.workspace.node-test-linter.tools.node_modules.babel-eslint.node_modules.lodash.fp"/>
		<testcase name="bindAll.js" classname="- .usr.home.iojs.build.workspace.node-test-linter.tools.node_modules.babel-eslint.node_modules.lodash.fp"/>
		<testcase name="bindKey.js" classname="- .usr.home.iojs.build.workspace.node-test-linter.tools.node_modules.babel-eslint.node_modules.lodash.fp"/>
		<testcase name="camelCase.js" classname="- .usr.home.iojs.build.workspace.node-test-linter.tools.node_modules.babel-eslint.node_modules.lodash.fp"/>
		<testcase name="capitalize.js" classname="- .usr.home.iojs.build.workspace.node-test-linter.tools.node_modules.babel-eslint.node_modules.lodash.fp"/>
		<testcase name="castArray.js" classname="- .usr.home.iojs.build.workspace.node-test-linter.tools.node_modules.babel-eslint.node_modules.lodash.fp"/>
		<testcase name="ceil.js" classname="- .usr.home.iojs.build.workspace.node-test-linter.tools.node_modules.babel-eslint.node_modules.lodash.fp"/>
		<testcase name="chain.js" classname="- .usr.home.iojs.build.workspace.node-test-linter.tools.node_modules.babel-eslint.node_modules.lodash.fp"/>
		<testcase name="chunk.js" classname="- .usr.home.iojs.build.workspace.node-test-linter.tools.node_modules.babel-eslint.node_modules.lodash.fp"/>
		<testcase name="clamp.js" classname="- .usr.home.iojs.build.workspace.node-test-linter.tools.node_modules.babel-eslint.node_modules.lodash.fp"/>
		<testcase name="clone.js" classname="- .usr.home.iojs.build.workspace.node-test-linter.tools.node_modules.babel-eslint.node_modules.lodash.fp"/>
		<testcase name="cloneDeep.js" classname="- .usr.home.iojs.build.workspace.node-test-linter.tools.node_modules.babel-eslint.node_modules.lodash.fp"/>
		<testcase name="cloneDeepWith.js" classname="- .usr.home.iojs.build.workspace.node-test-linter.tools.node_modules.babel-eslint.node_modules.lodash.fp"/>
		<testcase name="cloneWith.js" classname="- .usr.home.iojs.build.workspace.node-test-linter.tools.node_modules.babel-eslint.node_modules.lodash.fp"/>
		<testcase name="collection.js" classname="- .usr.home.iojs.build.workspace.node-test-linter.tools.node_modules.babel-eslint.node_modules.lodash.fp"/>
		<testcase name="commit.js" classname="- .usr.home.iojs.build.workspace.node-test-linter.tools.node_modules.babel-eslint.node_modules.lodash.fp"/>
		<testcase name="compact.js" classname="- .usr.home.iojs.build.workspace.node-test-linter.tools.node_modules.babel-eslint.node_modules.lodash.fp"/>
		<testcase name="complement.js" classname="- .usr.home.iojs.build.workspace.node-test-linter.tools.node_modules.babel-eslint.node_modules.lodash.fp"/>
		<testcase name="compose.js" classname="- .usr.home.iojs.build.workspace.node-test-linter.tools.node_modules.babel-eslint.node_modules.lodash.fp"/>
		<testcase name="concat.js" classname="- .usr.home.iojs.build.workspace.node-test-linter.tools.node_modules.babel-eslint.node_modules.lodash.fp"/>
		<testcase name="cond.js" classname="- .usr.home.iojs.build.workspace.node-test-linter.tools.node_modules.babel-eslint.node_modules.lodash.fp"/>
		<testcase name="conforms.js" classname="- .usr.home.iojs.build.workspace.node-test-linter.tools.node_modules.babel-eslint.node_modules.lodash.fp"/>
		<testcase name="conformsTo.js" classname="- .usr.home.iojs.build.workspace.node-test-linter.tools.node_modules.babel-eslint.node_modules.lodash.fp"/>
		<testcase name="constant.js" classname="- .usr.home.iojs.build.workspace.node-test-linter.tools.node_modules.babel-eslint.node_modules.lodash.fp"/>
		<testcase name="contains.js" classname="- .usr.home.iojs.build.workspace.node-test-linter.tools.node_modules.babel-eslint.node_modules.lodash.fp"/>
		<testcase name="convert.js" classname="- .usr.home.iojs.build.workspace.node-test-linter.tools.node_modules.babel-eslint.node_modules.lodash.fp"/>
		<testcase name="countBy.js" classname="- .usr.home.iojs.build.workspace.node-test-linter.tools.node_modules.babel-eslint.node_modules.lodash.fp"/>
		<testcase name="create.js" classname="- .usr.home.iojs.build.workspace.node-test-linter.tools.node_modules.babel-eslint.node_modules.lodash.fp"/>
		<testcase name="curry.js" classname="- .usr.home.iojs.build.workspace.node-test-linter.tools.node_modules.babel-eslint.node_modules.lodash.fp"/>
		<testcase name="curryN.js" classname="- .usr.home.iojs.build.workspace.node-test-linter.tools.node_modules.babel-eslint.node_modules.lodash.fp"/>
		<testcase name="curryRight.js" classname="- .usr.home.iojs.build.workspace.node-test-linter.tools.node_modules.babel-eslint.node_modules.lodash.fp"/>
		<testcase name="curryRightN.js" classname="- .usr.home.iojs.build.workspace.node-test-linter.tools.node_modules.babel-eslint.node_modules.lodash.fp"/>
		<testcase name="date.js" classname="- .usr.home.iojs.build.workspace.node-test-linter.tools.node_modules.babel-eslint.node_modules.lodash.fp"/>
		<testcase name="debounce.js" classname="- .usr.home.iojs.build.workspace.node-test-linter.tools.node_modules.babel-eslint.node_modules.lodash.fp"/>
		<testcase name="deburr.js" classname="- .usr.home.iojs.build.workspace.node-test-linter.tools.node_modules.babel-eslint.node_modules.lodash.fp"/>
		<testcase name="defaults.js" classname="- .usr.home.iojs.build.workspace.node-test-linter.tools.node_modules.babel-eslint.node_modules.lodash.fp"/>
		<testcase name="defaultsAll.js" classname="- .usr.home.iojs.build.workspace.node-test-linter.tools.node_modules.babel-eslint.node_modules.lodash.fp"/>
		<testcase name="defaultsDeep.js" classname="- .usr.home.iojs.build.workspace.node-test-linter.tools.node_modules.babel-eslint.node_modules.lodash.fp"/>
		<testcase name="defaultsDeepAll.js" classname="- .usr.home.iojs.build.workspace.node-test-linter.tools.node_modules.babel-eslint.node_modules.lodash.fp"/>
		<testcase name="defaultTo.js" classname="- .usr.home.iojs.build.workspace.node-test-linter.tools.node_modules.babel-eslint.node_modules.lodash.fp"/>
		<testcase name="defer.js" classname="- .usr.home.iojs.build.workspace.node-test-linter.tools.node_modules.babel-eslint.node_modules.lodash.fp"/>
		<testcase name="delay.js" classname="- .usr.home.iojs.build.workspace.node-test-linter.tools.node_modules.babel-eslint.node_modules.lodash.fp"/>
		<testcase name="difference.js" classname="- .usr.home.iojs.build.workspace.node-test-linter.tools.node_modules.babel-eslint.node_modules.lodash.fp"/>
		<testcase name="differenceBy.js" classname="- .usr.home.iojs.build.workspace.node-test-linter.tools.node_modules.babel-eslint.node_modules.lodash.fp"/>
		<testcase name="differenceWith.js" classname="- .usr.home.iojs.build.workspace.node-test-linter.tools.node_modules.babel-eslint.node_modules.lodash.fp"/>
		<testcase name="dissoc.js" classname="- .usr.home.iojs.build.workspace.node-test-linter.tools.node_modules.babel-eslint.node_modules.lodash.fp"/>
		<testcase name="dissocPath.js" classname="- .usr.home.iojs.build.workspace.node-test-linter.tools.node_modules.babel-eslint.node_modules.lodash.fp"/>
		<testcase name="divide.js" classname="- .usr.home.iojs.build.workspace.node-test-linter.tools.node_modules.babel-eslint.node_modules.lodash.fp"/>
		<testcase name="drop.js" classname="- .usr.home.iojs.build.workspace.node-test-linter.tools.node_modules.babel-eslint.node_modules.lodash.fp"/>
		<testcase name="dropLast.js" classname="- .usr.home.iojs.build.workspace.node-test-linter.tools.node_modules.babel-eslint.node_modules.lodash.fp"/>
		<testcase name="dropLastWhile.js" classname="- .usr.home.iojs.build.workspace.node-test-linter.tools.node_modules.babel-eslint.node_modules.lodash.fp"/>
		<testcase name="dropRight.js" classname="- .usr.home.iojs.build.workspace.node-test-linter.tools.node_modules.babel-eslint.node_modules.lodash.fp"/>
		<testcase name="dropRightWhile.js" classname="- .usr.home.iojs.build.workspace.node-test-linter.tools.node_modules.babel-eslint.node_modules.lodash.fp"/>
		<testcase name="dropWhile.js" classname="- .usr.home.iojs.build.workspace.node-test-linter.tools.node_modules.babel-eslint.node_modules.lodash.fp"/>
		<testcase name="each.js" classname="- .usr.home.iojs.build.workspace.node-test-linter.tools.node_modules.babel-eslint.node_modules.lodash.fp"/>
		<testcase name="eachRight.js" classname="- .usr.home.iojs.build.workspace.node-test-linter.tools.node_modules.babel-eslint.node_modules.lodash.fp"/>
		<testcase name="endsWith.js" classname="- .usr.home.iojs.build.workspace.node-test-linter.tools.node_modules.babel-eslint.node_modules.lodash.fp"/>
		<testcase name="entries.js" classname="- .usr.home.iojs.build.workspace.node-test-linter.tools.node_modules.babel-eslint.node_modules.lodash.fp"/>
		<testcase name="entriesIn.js" classname="- .usr.home.iojs.build.workspace.node-test-linter.tools.node_modules.babel-eslint.node_modules.lodash.fp"/>
		<testcase name="eq.js" classname="- .usr.home.iojs.build.workspace.node-test-linter.tools.node_modules.babel-eslint.node_modules.lodash.fp"/>
		<testcase name="equals.js" classname="- .usr.home.iojs.build.workspace.node-test-linter.tools.node_modules.babel-eslint.node_modules.lodash.fp"/>
		<testcase name="escape.js" classname="- .usr.home.iojs.build.workspace.node-test-linter.tools.node_modules.babel-eslint.node_modules.lodash.fp"/>
		<testcase name="escapeRegExp.js" classname="- .usr.home.iojs.build.workspace.node-test-linter.tools.node_modules.babel-eslint.node_modules.lodash.fp"/>
		<testcase name="every.js" classname="- .usr.home.iojs.build.workspace.node-test-linter.tools.node_modules.babel-eslint.node_modules.lodash.fp"/>
		<testcase name="extend.js" classname="- .usr.home.iojs.build.workspace.node-test-linter.tools.node_modules.babel-eslint.node_modules.lodash.fp"/>
		<testcase name="extendAll.js" classname="- .usr.home.iojs.build.workspace.node-test-linter.tools.node_modules.babel-eslint.node_modules.lodash.fp"/>
		<testcase name="extendAllWith.js" classname="- .usr.home.iojs.build.workspace.node-test-linter.tools.node_modules.babel-eslint.node_modules.lodash.fp"/>
		<testcase name="extendWith.js" classname="- .usr.home.iojs.build.workspace.node-test-linter.tools.node_modules.babel-eslint.node_modules.lodash.fp"/>
		<testcase name="F.js" classname="- .usr.home.iojs.build.workspace.node-test-linter.tools.node_modules.babel-eslint.node_modules.lodash.fp"/>
		<testcase name="fill.js" classname="- .usr.home.iojs.build.workspace.node-test-linter.tools.node_modules.babel-eslint.node_modules.lodash.fp"/>
		<testcase name="filter.js" classname="- .usr.home.iojs.build.workspace.node-test-linter.tools.node_modules.babel-eslint.node_modules.lodash.fp"/>
		<testcase name="find.js" classname="- .usr.home.iojs.build.workspace.node-test-linter.tools.node_modules.babel-eslint.node_modules.lodash.fp"/>
		<testcase name="findFrom.js" classname="- .usr.home.iojs.build.workspace.node-test-linter.tools.node_modules.babel-eslint.node_modules.lodash.fp"/>
		<testcase name="findIndex.js" classname="- .usr.home.iojs.build.workspace.node-test-linter.tools.node_modules.babel-eslint.node_modules.lodash.fp"/>
		<testcase name="findIndexFrom.js" classname="- .usr.home.iojs.build.workspace.node-test-linter.tools.node_modules.babel-eslint.node_modules.lodash.fp"/>
		<testcase name="findKey.js" classname="- .usr.home.iojs.build.workspace.node-test-linter.tools.node_modules.babel-eslint.node_modules.lodash.fp"/>
		<testcase name="findLast.js" classname="- .usr.home.iojs.build.workspace.node-test-linter.tools.node_modules.babel-eslint.node_modules.lodash.fp"/>
		<testcase name="findLastFrom.js" classname="- .usr.home.iojs.build.workspace.node-test-linter.tools.node_modules.babel-eslint.node_modules.lodash.fp"/>
		<testcase name="findLastIndex.js" classname="- .usr.home.iojs.build.workspace.node-test-linter.tools.node_modules.babel-eslint.node_modules.lodash.fp"/>
		<testcase name="findLastIndexFrom.js" classname="- .usr.home.iojs.build.workspace.node-test-linter.tools.node_modules.babel-eslint.node_modules.lodash.fp"/>
		<testcase name="findLastKey.js" classname="- .usr.home.iojs.build.workspace.node-test-linter.tools.node_modules.babel-eslint.node_modules.lodash.fp"/>
		<testcase name="first.js" classname="- .usr.home.iojs.build.workspace.node-test-linter.tools.node_modules.babel-eslint.node_modules.lodash.fp"/>
		<testcase name="flatMap.js" classname="- .usr.home.iojs.build.workspace.node-test-linter.tools.node_modules.babel-eslint.node_modules.lodash.fp"/>
		<testcase name="flatMapDeep.js" classname="- .usr.home.iojs.build.workspace.node-test-linter.tools.node_modules.babel-eslint.node_modules.lodash.fp"/>
		<testcase name="flatMapDepth.js" classname="- .usr.home.iojs.build.workspace.node-test-linter.tools.node_modules.babel-eslint.node_modules.lodash.fp"/>
		<testcase name="flatten.js" classname="- .usr.home.iojs.build.workspace.node-test-linter.tools.node_modules.babel-eslint.node_modules.lodash.fp"/>
		<testcase name="flattenDeep.js" classname="- .usr.home.iojs.build.workspace.node-test-linter.tools.node_modules.babel-eslint.node_modules.lodash.fp"/>
		<testcase name="flattenDepth.js" classname="- .usr.home.iojs.build.workspace.node-test-linter.tools.node_modules.babel-eslint.node_modules.lodash.fp"/>
		<testcase name="flip.js" classname="- .usr.home.iojs.build.workspace.node-test-linter.tools.node_modules.babel-eslint.node_modules.lodash.fp"/>
		<testcase name="floor.js" classname="- .usr.home.iojs.build.workspace.node-test-linter.tools.node_modules.babel-eslint.node_modules.lodash.fp"/>
		<testcase name="flow.js" classname="- .usr.home.iojs.build.workspace.node-test-linter.tools.node_modules.babel-eslint.node_modules.lodash.fp"/>
		<testcase name="flowRight.js" classname="- .usr.home.iojs.build.workspace.node-test-linter.tools.node_modules.babel-eslint.node_modules.lodash.fp"/>
		<testcase name="forEach.js" classname="- .usr.home.iojs.build.workspace.node-test-linter.tools.node_modules.babel-eslint.node_modules.lodash.fp"/>
		<testcase name="forEachRight.js" classname="- .usr.home.iojs.build.workspace.node-test-linter.tools.node_modules.babel-eslint.node_modules.lodash.fp"/>
		<testcase name="forIn.js" classname="- .usr.home.iojs.build.workspace.node-test-linter.tools.node_modules.babel-eslint.node_modules.lodash.fp"/>
		<testcase name="forInRight.js" classname="- .usr.home.iojs.build.workspace.node-test-linter.tools.node_modules.babel-eslint.node_modules.lodash.fp"/>
		<testcase name="forOwn.js" classname="- .usr.home.iojs.build.workspace.node-test-linter.tools.node_modules.babel-eslint.node_modules.lodash.fp"/>
		<testcase name="forOwnRight.js" classname="- .usr.home.iojs.build.workspace.node-test-linter.tools.node_modules.babel-eslint.node_modules.lodash.fp"/>
		<testcase name="fromPairs.js" classname="- .usr.home.iojs.build.workspace.node-test-linter.tools.node_modules.babel-eslint.node_modules.lodash.fp"/>
		<testcase name="function.js" classname="- .usr.home.iojs.build.workspace.node-test-linter.tools.node_modules.babel-eslint.node_modules.lodash.fp"/>
		<testcase name="functions.js" classname="- .usr.home.iojs.build.workspace.node-test-linter.tools.node_modules.babel-eslint.node_modules.lodash.fp"/>
		<testcase name="functionsIn.js" classname="- .usr.home.iojs.build.workspace.node-test-linter.tools.node_modules.babel-eslint.node_modules.lodash.fp"/>
		<testcase name="get.js" classname="- .usr.home.iojs.build.workspace.node-test-linter.tools.node_modules.babel-eslint.node_modules.lodash.fp"/>
		<testcase name="getOr.js" classname="- .usr.home.iojs.build.workspace.node-test-linter.tools.node_modules.babel-eslint.node_modules.lodash.fp"/>
		<testcase name="groupBy.js" classname="- .usr.home.iojs.build.workspace.node-test-linter.tools.node_modules.babel-eslint.node_modules.lodash.fp"/>
		<testcase name="gt.js" classname="- .usr.home.iojs.build.workspace.node-test-linter.tools.node_modules.babel-eslint.node_modules.lodash.fp"/>
		<testcase name="gte.js" classname="- .usr.home.iojs.build.workspace.node-test-linter.tools.node_modules.babel-eslint.node_modules.lodash.fp"/>
		<testcase name="has.js" classname="- .usr.home.iojs.build.workspace.node-test-linter.tools.node_modules.babel-eslint.node_modules.lodash.fp"/>
		<testcase name="hasIn.js" classname="- .usr.home.iojs.build.workspace.node-test-linter.tools.node_modules.babel-eslint.node_modules.lodash.fp"/>
		<testcase name="head.js" classname="- .usr.home.iojs.build.workspace.node-test-linter.tools.node_modules.babel-eslint.node_modules.lodash.fp"/>
		<testcase name="identical.js" classname="- .usr.home.iojs.build.workspace.node-test-linter.tools.node_modules.babel-eslint.node_modules.lodash.fp"/>
		<testcase name="identity.js" classname="- .usr.home.iojs.build.workspace.node-test-linter.tools.node_modules.babel-eslint.node_modules.lodash.fp"/>
		<testcase name="includes.js" classname="- .usr.home.iojs.build.workspace.node-test-linter.tools.node_modules.babel-eslint.node_modules.lodash.fp"/>
		<testcase name="includesFrom.js" classname="- .usr.home.iojs.build.workspace.node-test-linter.tools.node_modules.babel-eslint.node_modules.lodash.fp"/>
		<testcase name="indexBy.js" classname="- .usr.home.iojs.build.workspace.node-test-linter.tools.node_modules.babel-eslint.node_modules.lodash.fp"/>
		<testcase name="indexOf.js" classname="- .usr.home.iojs.build.workspace.node-test-linter.tools.node_modules.babel-eslint.node_modules.lodash.fp"/>
		<testcase name="indexOfFrom.js" classname="- .usr.home.iojs.build.workspace.node-test-linter.tools.node_modules.babel-eslint.node_modules.lodash.fp"/>
		<testcase name="init.js" classname="- .usr.home.iojs.build.workspace.node-test-linter.tools.node_modules.babel-eslint.node_modules.lodash.fp"/>
		<testcase name="initial.js" classname="- .usr.home.iojs.build.workspace.node-test-linter.tools.node_modules.babel-eslint.node_modules.lodash.fp"/>
		<testcase name="inRange.js" classname="- .usr.home.iojs.build.workspace.node-test-linter.tools.node_modules.babel-eslint.node_modules.lodash.fp"/>
		<testcase name="intersection.js" classname="- .usr.home.iojs.build.workspace.node-test-linter.tools.node_modules.babel-eslint.node_modules.lodash.fp"/>
		<testcase name="intersectionBy.js" classname="- .usr.home.iojs.build.workspace.node-test-linter.tools.node_modules.babel-eslint.node_modules.lodash.fp"/>
		<testcase name="intersectionWith.js" classname="- .usr.home.iojs.build.workspace.node-test-linter.tools.node_modules.babel-eslint.node_modules.lodash.fp"/>
		<testcase name="invert.js" classname="- .usr.home.iojs.build.workspace.node-test-linter.tools.node_modules.babel-eslint.node_modules.lodash.fp"/>
		<testcase name="invertBy.js" classname="- .usr.home.iojs.build.workspace.node-test-linter.tools.node_modules.babel-eslint.node_modules.lodash.fp"/>
		<testcase name="invertObj.js" classname="- .usr.home.iojs.build.workspace.node-test-linter.tools.node_modules.babel-eslint.node_modules.lodash.fp"/>
		<testcase name="invoke.js" classname="- .usr.home.iojs.build.workspace.node-test-linter.tools.node_modules.babel-eslint.node_modules.lodash.fp"/>
		<testcase name="invokeArgs.js" classname="- .usr.home.iojs.build.workspace.node-test-linter.tools.node_modules.babel-eslint.node_modules.lodash.fp"/>
		<testcase name="invokeArgsMap.js" classname="- .usr.home.iojs.build.workspace.node-test-linter.tools.node_modules.babel-eslint.node_modules.lodash.fp"/>
		<testcase name="invokeMap.js" classname="- .usr.home.iojs.build.workspace.node-test-linter.tools.node_modules.babel-eslint.node_modules.lodash.fp"/>
		<testcase name="isArguments.js" classname="- .usr.home.iojs.build.workspace.node-test-linter.tools.node_modules.babel-eslint.node_modules.lodash.fp"/>
		<testcase name="isArray.js" classname="- .usr.home.iojs.build.workspace.node-test-linter.tools.node_modules.babel-eslint.node_modules.lodash.fp"/>
		<testcase name="isArrayBuffer.js" classname="- .usr.home.iojs.build.workspace.node-test-linter.tools.node_modules.babel-eslint.node_modules.lodash.fp"/>
		<testcase name="isArrayLike.js" classname="- .usr.home.iojs.build.workspace.node-test-linter.tools.node_modules.babel-eslint.node_modules.lodash.fp"/>
		<testcase name="isArrayLikeObject.js" classname="- .usr.home.iojs.build.workspace.node-test-linter.tools.node_modules.babel-eslint.node_modules.lodash.fp"/>
		<testcase name="isBoolean.js" classname="- .usr.home.iojs.build.workspace.node-test-linter.tools.node_modules.babel-eslint.node_modules.lodash.fp"/>
		<testcase name="isBuffer.js" classname="- .usr.home.iojs.build.workspace.node-test-linter.tools.node_modules.babel-eslint.node_modules.lodash.fp"/>
		<testcase name="isDate.js" classname="- .usr.home.iojs.build.workspace.node-test-linter.tools.node_modules.babel-eslint.node_modules.lodash.fp"/>
		<testcase name="isElement.js" classname="- .usr.home.iojs.build.workspace.node-test-linter.tools.node_modules.babel-eslint.node_modules.lodash.fp"/>
		<testcase name="isEmpty.js" classname="- .usr.home.iojs.build.workspace.node-test-linter.tools.node_modules.babel-eslint.node_modules.lodash.fp"/>
		<testcase name="isEqual.js" classname="- .usr.home.iojs.build.workspace.node-test-linter.tools.node_modules.babel-eslint.node_modules.lodash.fp"/>
		<testcase name="isEqualWith.js" classname="- .usr.home.iojs.build.workspace.node-test-linter.tools.node_modules.babel-eslint.node_modules.lodash.fp"/>
		<testcase name="isError.js" classname="- .usr.home.iojs.build.workspace.node-test-linter.tools.node_modules.babel-eslint.node_modules.lodash.fp"/>
		<testcase name="isFinite.js" classname="- .usr.home.iojs.build.workspace.node-test-linter.tools.node_modules.babel-eslint.node_modules.lodash.fp"/>
		<testcase name="isFunction.js" classname="- .usr.home.iojs.build.workspace.node-test-linter.tools.node_modules.babel-eslint.node_modules.lodash.fp"/>
		<testcase name="isInteger.js" classname="- .usr.home.iojs.build.workspace.node-test-linter.tools.node_modules.babel-eslint.node_modules.lodash.fp"/>
		<testcase name="isLength.js" classname="- .usr.home.iojs.build.workspace.node-test-linter.tools.node_modules.babel-eslint.node_modules.lodash.fp"/>
		<testcase name="isMap.js" classname="- .usr.home.iojs.build.workspace.node-test-linter.tools.node_modules.babel-eslint.node_modules.lodash.fp"/>
		<testcase name="isMatch.js" classname="- .usr.home.iojs.build.workspace.node-test-linter.tools.node_modules.babel-eslint.node_modules.lodash.fp"/>
		<testcase name="isMatchWith.js" classname="- .usr.home.iojs.build.workspace.node-test-linter.tools.node_modules.babel-eslint.node_modules.lodash.fp"/>
		<testcase name="isNaN.js" classname="- .usr.home.iojs.build.workspace.node-test-linter.tools.node_modules.babel-eslint.node_modules.lodash.fp"/>
		<testcase name="isNative.js" classname="- .usr.home.iojs.build.workspace.node-test-linter.tools.node_modules.babel-eslint.node_modules.lodash.fp"/>
		<testcase name="isNil.js" classname="- .usr.home.iojs.build.workspace.node-test-linter.tools.node_modules.babel-eslint.node_modules.lodash.fp"/>
		<testcase name="isNull.js" classname="- .usr.home.iojs.build.workspace.node-test-linter.tools.node_modules.babel-eslint.node_modules.lodash.fp"/>
		<testcase name="isNumber.js" classname="- .usr.home.iojs.build.workspace.node-test-linter.tools.node_modules.babel-eslint.node_modules.lodash.fp"/>
		<testcase name="isObject.js" classname="- .usr.home.iojs.build.workspace.node-test-linter.tools.node_modules.babel-eslint.node_modules.lodash.fp"/>
		<testcase name="isObjectLike.js" classname="- .usr.home.iojs.build.workspace.node-test-linter.tools.node_modules.babel-eslint.node_modules.lodash.fp"/>
		<testcase name="isPlainObject.js" classname="- .usr.home.iojs.build.workspace.node-test-linter.tools.node_modules.babel-eslint.node_modules.lodash.fp"/>
		<testcase name="isRegExp.js" classname="- .usr.home.iojs.build.workspace.node-test-linter.tools.node_modules.babel-eslint.node_modules.lodash.fp"/>
		<testcase name="isSafeInteger.js" classname="- .usr.home.iojs.build.workspace.node-test-linter.tools.node_modules.babel-eslint.node_modules.lodash.fp"/>
		<testcase name="isSet.js" classname="- .usr.home.iojs.build.workspace.node-test-linter.tools.node_modules.babel-eslint.node_modules.lodash.fp"/>
		<testcase name="isString.js" classname="- .usr.home.iojs.build.workspace.node-test-linter.tools.node_modules.babel-eslint.node_modules.lodash.fp"/>
		<testcase name="isSymbol.js" classname="- .usr.home.iojs.build.workspace.node-test-linter.tools.node_modules.babel-eslint.node_modules.lodash.fp"/>
		<testcase name="isTypedArray.js" classname="- .usr.home.iojs.build.workspace.node-test-linter.tools.node_modules.babel-eslint.node_modules.lodash.fp"/>
		<testcase name="isUndefined.js" classname="- .usr.home.iojs.build.workspace.node-test-linter.tools.node_modules.babel-eslint.node_modules.lodash.fp"/>
		<testcase name="isWeakMap.js" classname="- .usr.home.iojs.build.workspace.node-test-linter.tools.node_modules.babel-eslint.node_modules.lodash.fp"/>
		<testcase name="isWeakSet.js" classname="- .usr.home.iojs.build.workspace.node-test-linter.tools.node_modules.babel-eslint.node_modules.lodash.fp"/>
		<testcase name="iteratee.js" classname="- .usr.home.iojs.build.workspace.node-test-linter.tools.node_modules.babel-eslint.node_modules.lodash.fp"/>
		<testcase name="join.js" classname="- .usr.home.iojs.build.workspace.node-test-linter.tools.node_modules.babel-eslint.node_modules.lodash.fp"/>
		<testcase name="juxt.js" classname="- .usr.home.iojs.build.workspace.node-test-linter.tools.node_modules.babel-eslint.node_modules.lodash.fp"/>
		<testcase name="kebabCase.js" classname="- .usr.home.iojs.build.workspace.node-test-linter.tools.node_modules.babel-eslint.node_modules.lodash.fp"/>
		<testcase name="keyBy.js" classname="- .usr.home.iojs.build.workspace.node-test-linter.tools.node_modules.babel-eslint.node_modules.lodash.fp"/>
		<testcase name="keys.js" classname="- .usr.home.iojs.build.workspace.node-test-linter.tools.node_modules.babel-eslint.node_modules.lodash.fp"/>
		<testcase name="keysIn.js" classname="- .usr.home.iojs.build.workspace.node-test-linter.tools.node_modules.babel-eslint.node_modules.lodash.fp"/>
		<testcase name="lang.js" classname="- .usr.home.iojs.build.workspace.node-test-linter.tools.node_modules.babel-eslint.node_modules.lodash.fp"/>
		<testcase name="last.js" classname="- .usr.home.iojs.build.workspace.node-test-linter.tools.node_modules.babel-eslint.node_modules.lodash.fp"/>
		<testcase name="lastIndexOf.js" classname="- .usr.home.iojs.build.workspace.node-test-linter.tools.node_modules.babel-eslint.node_modules.lodash.fp"/>
		<testcase name="lastIndexOfFrom.js" classname="- .usr.home.iojs.build.workspace.node-test-linter.tools.node_modules.babel-eslint.node_modules.lodash.fp"/>
		<testcase name="lowerCase.js" classname="- .usr.home.iojs.build.workspace.node-test-linter.tools.node_modules.babel-eslint.node_modules.lodash.fp"/>
		<testcase name="lowerFirst.js" classname="- .usr.home.iojs.build.workspace.node-test-linter.tools.node_modules.babel-eslint.node_modules.lodash.fp"/>
		<testcase name="lt.js" classname="- .usr.home.iojs.build.workspace.node-test-linter.tools.node_modules.babel-eslint.node_modules.lodash.fp"/>
		<testcase name="lte.js" classname="- .usr.home.iojs.build.workspace.node-test-linter.tools.node_modules.babel-eslint.node_modules.lodash.fp"/>
		<testcase name="map.js" classname="- .usr.home.iojs.build.workspace.node-test-linter.tools.node_modules.babel-eslint.node_modules.lodash.fp"/>
		<testcase name="mapKeys.js" classname="- .usr.home.iojs.build.workspace.node-test-linter.tools.node_modules.babel-eslint.node_modules.lodash.fp"/>
		<testcase name="mapValues.js" classname="- .usr.home.iojs.build.workspace.node-test-linter.tools.node_modules.babel-eslint.node_modules.lodash.fp"/>
		<testcase name="matches.js" classname="- .usr.home.iojs.build.workspace.node-test-linter.tools.node_modules.babel-eslint.node_modules.lodash.fp"/>
		<testcase name="matchesProperty.js" classname="- .usr.home.iojs.build.workspace.node-test-linter.tools.node_modules.babel-eslint.node_modules.lodash.fp"/>
		<testcase name="math.js" classname="- .usr.home.iojs.build.workspace.node-test-linter.tools.node_modules.babel-eslint.node_modules.lodash.fp"/>
		<testcase name="max.js" classname="- .usr.home.iojs.build.workspace.node-test-linter.tools.node_modules.babel-eslint.node_modules.lodash.fp"/>
		<testcase name="maxBy.js" classname="- .usr.home.iojs.build.workspace.node-test-linter.tools.node_modules.babel-eslint.node_modules.lodash.fp"/>
		<testcase name="mean.js" classname="- .usr.home.iojs.build.workspace.node-test-linter.tools.node_modules.babel-eslint.node_modules.lodash.fp"/>
		<testcase name="meanBy.js" classname="- .usr.home.iojs.build.workspace.node-test-linter.tools.node_modules.babel-eslint.node_modules.lodash.fp"/>
		<testcase name="memoize.js" classname="- .usr.home.iojs.build.workspace.node-test-linter.tools.node_modules.babel-eslint.node_modules.lodash.fp"/>
		<testcase name="merge.js" classname="- .usr.home.iojs.build.workspace.node-test-linter.tools.node_modules.babel-eslint.node_modules.lodash.fp"/>
		<testcase name="mergeAll.js" classname="- .usr.home.iojs.build.workspace.node-test-linter.tools.node_modules.babel-eslint.node_modules.lodash.fp"/>
		<testcase name="mergeAllWith.js" classname="- .usr.home.iojs.build.workspace.node-test-linter.tools.node_modules.babel-eslint.node_modules.lodash.fp"/>
		<testcase name="mergeWith.js" classname="- .usr.home.iojs.build.workspace.node-test-linter.tools.node_modules.babel-eslint.node_modules.lodash.fp"/>
		<testcase name="method.js" classname="- .usr.home.iojs.build.workspace.node-test-linter.tools.node_modules.babel-eslint.node_modules.lodash.fp"/>
		<testcase name="methodOf.js" classname="- .usr.home.iojs.build.workspace.node-test-linter.tools.node_modules.babel-eslint.node_modules.lodash.fp"/>
		<testcase name="min.js" classname="- .usr.home.iojs.build.workspace.node-test-linter.tools.node_modules.babel-eslint.node_modules.lodash.fp"/>
		<testcase name="minBy.js" classname="- .usr.home.iojs.build.workspace.node-test-linter.tools.node_modules.babel-eslint.node_modules.lodash.fp"/>
		<testcase name="mixin.js" classname="- .usr.home.iojs.build.workspace.node-test-linter.tools.node_modules.babel-eslint.node_modules.lodash.fp"/>
		<testcase name="multiply.js" classname="- .usr.home.iojs.build.workspace.node-test-linter.tools.node_modules.babel-eslint.node_modules.lodash.fp"/>
		<testcase name="nAry.js" classname="- .usr.home.iojs.build.workspace.node-test-linter.tools.node_modules.babel-eslint.node_modules.lodash.fp"/>
		<testcase name="negate.js" classname="- .usr.home.iojs.build.workspace.node-test-linter.tools.node_modules.babel-eslint.node_modules.lodash.fp"/>
		<testcase name="next.js" classname="- .usr.home.iojs.build.workspace.node-test-linter.tools.node_modules.babel-eslint.node_modules.lodash.fp"/>
		<testcase name="noop.js" classname="- .usr.home.iojs.build.workspace.node-test-linter.tools.node_modules.babel-eslint.node_modules.lodash.fp"/>
		<testcase name="now.js" classname="- .usr.home.iojs.build.workspace.node-test-linter.tools.node_modules.babel-eslint.node_modules.lodash.fp"/>
		<testcase name="nth.js" classname="- .usr.home.iojs.build.workspace.node-test-linter.tools.node_modules.babel-eslint.node_modules.lodash.fp"/>
		<testcase name="nthArg.js" classname="- .usr.home.iojs.build.workspace.node-test-linter.tools.node_modules.babel-eslint.node_modules.lodash.fp"/>
		<testcase name="number.js" classname="- .usr.home.iojs.build.workspace.node-test-linter.tools.node_modules.babel-eslint.node_modules.lodash.fp"/>
		<testcase name="object.js" classname="- .usr.home.iojs.build.workspace.node-test-linter.tools.node_modules.babel-eslint.node_modules.lodash.fp"/>
		<testcase name="omit.js" classname="- .usr.home.iojs.build.workspace.node-test-linter.tools.node_modules.babel-eslint.node_modules.lodash.fp"/>
		<testcase name="omitAll.js" classname="- .usr.home.iojs.build.workspace.node-test-linter.tools.node_modules.babel-eslint.node_modules.lodash.fp"/>
		<testcase name="omitBy.js" classname="- .usr.home.iojs.build.workspace.node-test-linter.tools.node_modules.babel-eslint.node_modules.lodash.fp"/>
		<testcase name="once.js" classname="- .usr.home.iojs.build.workspace.node-test-linter.tools.node_modules.babel-eslint.node_modules.lodash.fp"/>
		<testcase name="orderBy.js" classname="- .usr.home.iojs.build.workspace.node-test-linter.tools.node_modules.babel-eslint.node_modules.lodash.fp"/>
		<testcase name="over.js" classname="- .usr.home.iojs.build.workspace.node-test-linter.tools.node_modules.babel-eslint.node_modules.lodash.fp"/>
		<testcase name="overArgs.js" classname="- .usr.home.iojs.build.workspace.node-test-linter.tools.node_modules.babel-eslint.node_modules.lodash.fp"/>
		<testcase name="overEvery.js" classname="- .usr.home.iojs.build.workspace.node-test-linter.tools.node_modules.babel-eslint.node_modules.lodash.fp"/>
		<testcase name="overSome.js" classname="- .usr.home.iojs.build.workspace.node-test-linter.tools.node_modules.babel-eslint.node_modules.lodash.fp"/>
		<testcase name="pad.js" classname="- .usr.home.iojs.build.workspace.node-test-linter.tools.node_modules.babel-eslint.node_modules.lodash.fp"/>
		<testcase name="padChars.js" classname="- .usr.home.iojs.build.workspace.node-test-linter.tools.node_modules.babel-eslint.node_modules.lodash.fp"/>
		<testcase name="padCharsEnd.js" classname="- .usr.home.iojs.build.workspace.node-test-linter.tools.node_modules.babel-eslint.node_modules.lodash.fp"/>
		<testcase name="padCharsStart.js" classname="- .usr.home.iojs.build.workspace.node-test-linter.tools.node_modules.babel-eslint.node_modules.lodash.fp"/>
		<testcase name="padEnd.js" classname="- .usr.home.iojs.build.workspace.node-test-linter.tools.node_modules.babel-eslint.node_modules.lodash.fp"/>
		<testcase name="padStart.js" classname="- .usr.home.iojs.build.workspace.node-test-linter.tools.node_modules.babel-eslint.node_modules.lodash.fp"/>
		<testcase name="parseInt.js" classname="- .usr.home.iojs.build.workspace.node-test-linter.tools.node_modules.babel-eslint.node_modules.lodash.fp"/>
		<testcase name="partial.js" classname="- .usr.home.iojs.build.workspace.node-test-linter.tools.node_modules.babel-eslint.node_modules.lodash.fp"/>
		<testcase name="partialRight.js" classname="- .usr.home.iojs.build.workspace.node-test-linter.tools.node_modules.babel-eslint.node_modules.lodash.fp"/>
		<testcase name="partition.js" classname="- .usr.home.iojs.build.workspace.node-test-linter.tools.node_modules.babel-eslint.node_modules.lodash.fp"/>
		<testcase name="path.js" classname="- .usr.home.iojs.build.workspace.node-test-linter.tools.node_modules.babel-eslint.node_modules.lodash.fp"/>
		<testcase name="pathEq.js" classname="- .usr.home.iojs.build.workspace.node-test-linter.tools.node_modules.babel-eslint.node_modules.lodash.fp"/>
		<testcase name="pathOr.js" classname="- .usr.home.iojs.build.workspace.node-test-linter.tools.node_modules.babel-eslint.node_modules.lodash.fp"/>
		<testcase name="paths.js" classname="- .usr.home.iojs.build.workspace.node-test-linter.tools.node_modules.babel-eslint.node_modules.lodash.fp"/>
		<testcase name="pick.js" classname="- .usr.home.iojs.build.workspace.node-test-linter.tools.node_modules.babel-eslint.node_modules.lodash.fp"/>
		<testcase name="pickAll.js" classname="- .usr.home.iojs.build.workspace.node-test-linter.tools.node_modules.babel-eslint.node_modules.lodash.fp"/>
		<testcase name="pickBy.js" classname="- .usr.home.iojs.build.workspace.node-test-linter.tools.node_modules.babel-eslint.node_modules.lodash.fp"/>
		<testcase name="pipe.js" classname="- .usr.home.iojs.build.workspace.node-test-linter.tools.node_modules.babel-eslint.node_modules.lodash.fp"/>
		<testcase name="placeholder.js" classname="- .usr.home.iojs.build.workspace.node-test-linter.tools.node_modules.babel-eslint.node_modules.lodash.fp"/>
		<testcase name="plant.js" classname="- .usr.home.iojs.build.workspace.node-test-linter.tools.node_modules.babel-eslint.node_modules.lodash.fp"/>
		<testcase name="pluck.js" classname="- .usr.home.iojs.build.workspace.node-test-linter.tools.node_modules.babel-eslint.node_modules.lodash.fp"/>
		<testcase name="prop.js" classname="- .usr.home.iojs.build.workspace.node-test-linter.tools.node_modules.babel-eslint.node_modules.lodash.fp"/>
		<testcase name="propEq.js" classname="- .usr.home.iojs.build.workspace.node-test-linter.tools.node_modules.babel-eslint.node_modules.lodash.fp"/>
		<testcase name="property.js" classname="- .usr.home.iojs.build.workspace.node-test-linter.tools.node_modules.babel-eslint.node_modules.lodash.fp"/>
		<testcase name="propertyOf.js" classname="- .usr.home.iojs.build.workspace.node-test-linter.tools.node_modules.babel-eslint.node_modules.lodash.fp"/>
		<testcase name="propOr.js" classname="- .usr.home.iojs.build.workspace.node-test-linter.tools.node_modules.babel-eslint.node_modules.lodash.fp"/>
		<testcase name="props.js" classname="- .usr.home.iojs.build.workspace.node-test-linter.tools.node_modules.babel-eslint.node_modules.lodash.fp"/>
		<testcase name="pull.js" classname="- .usr.home.iojs.build.workspace.node-test-linter.tools.node_modules.babel-eslint.node_modules.lodash.fp"/>
		<testcase name="pullAll.js" classname="- .usr.home.iojs.build.workspace.node-test-linter.tools.node_modules.babel-eslint.node_modules.lodash.fp"/>
		<testcase name="pullAllBy.js" classname="- .usr.home.iojs.build.workspace.node-test-linter.tools.node_modules.babel-eslint.node_modules.lodash.fp"/>
		<testcase name="pullAllWith.js" classname="- .usr.home.iojs.build.workspace.node-test-linter.tools.node_modules.babel-eslint.node_modules.lodash.fp"/>
		<testcase name="pullAt.js" classname="- .usr.home.iojs.build.workspace.node-test-linter.tools.node_modules.babel-eslint.node_modules.lodash.fp"/>
		<testcase name="random.js" classname="- .usr.home.iojs.build.workspace.node-test-linter.tools.node_modules.babel-eslint.node_modules.lodash.fp"/>
		<testcase name="range.js" classname="- .usr.home.iojs.build.workspace.node-test-linter.tools.node_modules.babel-eslint.node_modules.lodash.fp"/>
		<testcase name="rangeRight.js" classname="- .usr.home.iojs.build.workspace.node-test-linter.tools.node_modules.babel-eslint.node_modules.lodash.fp"/>
		<testcase name="rangeStep.js" classname="- .usr.home.iojs.build.workspace.node-test-linter.tools.node_modules.babel-eslint.node_modules.lodash.fp"/>
		<testcase name="rangeStepRight.js" classname="- .usr.home.iojs.build.workspace.node-test-linter.tools.node_modules.babel-eslint.node_modules.lodash.fp"/>
		<testcase name="rearg.js" classname="- .usr.home.iojs.build.workspace.node-test-linter.tools.node_modules.babel-eslint.node_modules.lodash.fp"/>
		<testcase name="reduce.js" classname="- .usr.home.iojs.build.workspace.node-test-linter.tools.node_modules.babel-eslint.node_modules.lodash.fp"/>
		<testcase name="reduceRight.js" classname="- .usr.home.iojs.build.workspace.node-test-linter.tools.node_modules.babel-eslint.node_modules.lodash.fp"/>
		<testcase name="reject.js" classname="- .usr.home.iojs.build.workspace.node-test-linter.tools.node_modules.babel-eslint.node_modules.lodash.fp"/>
		<testcase name="remove.js" classname="- .usr.home.iojs.build.workspace.node-test-linter.tools.node_modules.babel-eslint.node_modules.lodash.fp"/>
		<testcase name="repeat.js" classname="- .usr.home.iojs.build.workspace.node-test-linter.tools.node_modules.babel-eslint.node_modules.lodash.fp"/>
		<testcase name="replace.js" classname="- .usr.home.iojs.build.workspace.node-test-linter.tools.node_modules.babel-eslint.node_modules.lodash.fp"/>
		<testcase name="rest.js" classname="- .usr.home.iojs.build.workspace.node-test-linter.tools.node_modules.babel-eslint.node_modules.lodash.fp"/>
		<testcase name="restFrom.js" classname="- .usr.home.iojs.build.workspace.node-test-linter.tools.node_modules.babel-eslint.node_modules.lodash.fp"/>
		<testcase name="result.js" classname="- .usr.home.iojs.build.workspace.node-test-linter.tools.node_modules.babel-eslint.node_modules.lodash.fp"/>
		<testcase name="reverse.js" classname="- .usr.home.iojs.build.workspace.node-test-linter.tools.node_modules.babel-eslint.node_modules.lodash.fp"/>
		<testcase name="round.js" classname="- .usr.home.iojs.build.workspace.node-test-linter.tools.node_modules.babel-eslint.node_modules.lodash.fp"/>
		<testcase name="sample.js" classname="- .usr.home.iojs.build.workspace.node-test-linter.tools.node_modules.babel-eslint.node_modules.lodash.fp"/>
		<testcase name="sampleSize.js" classname="- .usr.home.iojs.build.workspace.node-test-linter.tools.node_modules.babel-eslint.node_modules.lodash.fp"/>
		<testcase name="seq.js" classname="- .usr.home.iojs.build.workspace.node-test-linter.tools.node_modules.babel-eslint.node_modules.lodash.fp"/>
		<testcase name="set.js" classname="- .usr.home.iojs.build.workspace.node-test-linter.tools.node_modules.babel-eslint.node_modules.lodash.fp"/>
		<testcase name="setWith.js" classname="- .usr.home.iojs.build.workspace.node-test-linter.tools.node_modules.babel-eslint.node_modules.lodash.fp"/>
		<testcase name="shuffle.js" classname="- .usr.home.iojs.build.workspace.node-test-linter.tools.node_modules.babel-eslint.node_modules.lodash.fp"/>
		<testcase name="size.js" classname="- .usr.home.iojs.build.workspace.node-test-linter.tools.node_modules.babel-eslint.node_modules.lodash.fp"/>
		<testcase name="slice.js" classname="- .usr.home.iojs.build.workspace.node-test-linter.tools.node_modules.babel-eslint.node_modules.lodash.fp"/>
		<testcase name="snakeCase.js" classname="- .usr.home.iojs.build.workspace.node-test-linter.tools.node_modules.babel-eslint.node_modules.lodash.fp"/>
		<testcase name="some.js" classname="- .usr.home.iojs.build.workspace.node-test-linter.tools.node_modules.babel-eslint.node_modules.lodash.fp"/>
		<testcase name="sortBy.js" classname="- .usr.home.iojs.build.workspace.node-test-linter.tools.node_modules.babel-eslint.node_modules.lodash.fp"/>
		<testcase name="sortedIndex.js" classname="- .usr.home.iojs.build.workspace.node-test-linter.tools.node_modules.babel-eslint.node_modules.lodash.fp"/>
		<testcase name="sortedIndexBy.js" classname="- .usr.home.iojs.build.workspace.node-test-linter.tools.node_modules.babel-eslint.node_modules.lodash.fp"/>
		<testcase name="sortedIndexOf.js" classname="- .usr.home.iojs.build.workspace.node-test-linter.tools.node_modules.babel-eslint.node_modules.lodash.fp"/>
		<testcase name="sortedLastIndex.js" classname="- .usr.home.iojs.build.workspace.node-test-linter.tools.node_modules.babel-eslint.node_modules.lodash.fp"/>
		<testcase name="sortedLastIndexBy.js" classname="- .usr.home.iojs.build.workspace.node-test-linter.tools.node_modules.babel-eslint.node_modules.lodash.fp"/>
		<testcase name="sortedLastIndexOf.js" classname="- .usr.home.iojs.build.workspace.node-test-linter.tools.node_modules.babel-eslint.node_modules.lodash.fp"/>
		<testcase name="sortedUniq.js" classname="- .usr.home.iojs.build.workspace.node-test-linter.tools.node_modules.babel-eslint.node_modules.lodash.fp"/>
		<testcase name="sortedUniqBy.js" classname="- .usr.home.iojs.build.workspace.node-test-linter.tools.node_modules.babel-eslint.node_modules.lodash.fp"/>
		<testcase name="split.js" classname="- .usr.home.iojs.build.workspace.node-test-linter.tools.node_modules.babel-eslint.node_modules.lodash.fp"/>
		<testcase name="spread.js" classname="- .usr.home.iojs.build.workspace.node-test-linter.tools.node_modules.babel-eslint.node_modules.lodash.fp"/>
		<testcase name="spreadFrom.js" classname="- .usr.home.iojs.build.workspace.node-test-linter.tools.node_modules.babel-eslint.node_modules.lodash.fp"/>
		<testcase name="startCase.js" classname="- .usr.home.iojs.build.workspace.node-test-linter.tools.node_modules.babel-eslint.node_modules.lodash.fp"/>
		<testcase name="startsWith.js" classname="- .usr.home.iojs.build.workspace.node-test-linter.tools.node_modules.babel-eslint.node_modules.lodash.fp"/>
		<testcase name="string.js" classname="- .usr.home.iojs.build.workspace.node-test-linter.tools.node_modules.babel-eslint.node_modules.lodash.fp"/>
		<testcase name="stubArray.js" classname="- .usr.home.iojs.build.workspace.node-test-linter.tools.node_modules.babel-eslint.node_modules.lodash.fp"/>
		<testcase name="stubFalse.js" classname="- .usr.home.iojs.build.workspace.node-test-linter.tools.node_modules.babel-eslint.node_modules.lodash.fp"/>
		<testcase name="stubObject.js" classname="- .usr.home.iojs.build.workspace.node-test-linter.tools.node_modules.babel-eslint.node_modules.lodash.fp"/>
		<testcase name="stubString.js" classname="- .usr.home.iojs.build.workspace.node-test-linter.tools.node_modules.babel-eslint.node_modules.lodash.fp"/>
		<testcase name="stubTrue.js" classname="- .usr.home.iojs.build.workspace.node-test-linter.tools.node_modules.babel-eslint.node_modules.lodash.fp"/>
		<testcase name="subtract.js" classname="- .usr.home.iojs.build.workspace.node-test-linter.tools.node_modules.babel-eslint.node_modules.lodash.fp"/>
		<testcase name="sum.js" classname="- .usr.home.iojs.build.workspace.node-test-linter.tools.node_modules.babel-eslint.node_modules.lodash.fp"/>
		<testcase name="sumBy.js" classname="- .usr.home.iojs.build.workspace.node-test-linter.tools.node_modules.babel-eslint.node_modules.lodash.fp"/>
		<testcase name="symmetricDifference.js" classname="- .usr.home.iojs.build.workspace.node-test-linter.tools.node_modules.babel-eslint.node_modules.lodash.fp"/>
		<testcase name="symmetricDifferenceBy.js" classname="- .usr.home.iojs.build.workspace.node-test-linter.tools.node_modules.babel-eslint.node_modules.lodash.fp"/>
		<testcase name="symmetricDifferenceWith.js" classname="- .usr.home.iojs.build.workspace.node-test-linter.tools.node_modules.babel-eslint.node_modules.lodash.fp"/>
		<testcase name="T.js" classname="- .usr.home.iojs.build.workspace.node-test-linter.tools.node_modules.babel-eslint.node_modules.lodash.fp"/>
		<testcase name="tail.js" classname="- .usr.home.iojs.build.workspace.node-test-linter.tools.node_modules.babel-eslint.node_modules.lodash.fp"/>
		<testcase name="take.js" classname="- .usr.home.iojs.build.workspace.node-test-linter.tools.node_modules.babel-eslint.node_modules.lodash.fp"/>
		<testcase name="takeLast.js" classname="- .usr.home.iojs.build.workspace.node-test-linter.tools.node_modules.babel-eslint.node_modules.lodash.fp"/>
		<testcase name="takeLastWhile.js" classname="- .usr.home.iojs.build.workspace.node-test-linter.tools.node_modules.babel-eslint.node_modules.lodash.fp"/>
		<testcase name="takeRight.js" classname="- .usr.home.iojs.build.workspace.node-test-linter.tools.node_modules.babel-eslint.node_modules.lodash.fp"/>
		<testcase name="takeRightWhile.js" classname="- .usr.home.iojs.build.workspace.node-test-linter.tools.node_modules.babel-eslint.node_modules.lodash.fp"/>
		<testcase name="takeWhile.js" classname="- .usr.home.iojs.build.workspace.node-test-linter.tools.node_modules.babel-eslint.node_modules.lodash.fp"/>
		<testcase name="tap.js" classname="- .usr.home.iojs.build.workspace.node-test-linter.tools.node_modules.babel-eslint.node_modules.lodash.fp"/>
		<testcase name="template.js" classname="- .usr.home.iojs.build.workspace.node-test-linter.tools.node_modules.babel-eslint.node_modules.lodash.fp"/>
		<testcase name="templateSettings.js" classname="- .usr.home.iojs.build.workspace.node-test-linter.tools.node_modules.babel-eslint.node_modules.lodash.fp"/>
		<testcase name="throttle.js" classname="- .usr.home.iojs.build.workspace.node-test-linter.tools.node_modules.babel-eslint.node_modules.lodash.fp"/>
		<testcase name="thru.js" classname="- .usr.home.iojs.build.workspace.node-test-linter.tools.node_modules.babel-eslint.node_modules.lodash.fp"/>
		<testcase name="times.js" classname="- .usr.home.iojs.build.workspace.node-test-linter.tools.node_modules.babel-eslint.node_modules.lodash.fp"/>
		<testcase name="toArray.js" classname="- .usr.home.iojs.build.workspace.node-test-linter.tools.node_modules.babel-eslint.node_modules.lodash.fp"/>
		<testcase name="toFinite.js" classname="- .usr.home.iojs.build.workspace.node-test-linter.tools.node_modules.babel-eslint.node_modules.lodash.fp"/>
		<testcase name="toInteger.js" classname="- .usr.home.iojs.build.workspace.node-test-linter.tools.node_modules.babel-eslint.node_modules.lodash.fp"/>
		<testcase name="toIterator.js" classname="- .usr.home.iojs.build.workspace.node-test-linter.tools.node_modules.babel-eslint.node_modules.lodash.fp"/>
		<testcase name="toJSON.js" classname="- .usr.home.iojs.build.workspace.node-test-linter.tools.node_modules.babel-eslint.node_modules.lodash.fp"/>
		<testcase name="toLength.js" classname="- .usr.home.iojs.build.workspace.node-test-linter.tools.node_modules.babel-eslint.node_modules.lodash.fp"/>
		<testcase name="toLower.js" classname="- .usr.home.iojs.build.workspace.node-test-linter.tools.node_modules.babel-eslint.node_modules.lodash.fp"/>
		<testcase name="toNumber.js" classname="- .usr.home.iojs.build.workspace.node-test-linter.tools.node_modules.babel-eslint.node_modules.lodash.fp"/>
		<testcase name="toPairs.js" classname="- .usr.home.iojs.build.workspace.node-test-linter.tools.node_modules.babel-eslint.node_modules.lodash.fp"/>
		<testcase name="toPairsIn.js" classname="- .usr.home.iojs.build.workspace.node-test-linter.tools.node_modules.babel-eslint.node_modules.lodash.fp"/>
		<testcase name="toPath.js" classname="- .usr.home.iojs.build.workspace.node-test-linter.tools.node_modules.babel-eslint.node_modules.lodash.fp"/>
		<testcase name="toPlainObject.js" classname="- .usr.home.iojs.build.workspace.node-test-linter.tools.node_modules.babel-eslint.node_modules.lodash.fp"/>
		<testcase name="toSafeInteger.js" classname="- .usr.home.iojs.build.workspace.node-test-linter.tools.node_modules.babel-eslint.node_modules.lodash.fp"/>
		<testcase name="toString.js" classname="- .usr.home.iojs.build.workspace.node-test-linter.tools.node_modules.babel-eslint.node_modules.lodash.fp"/>
		<testcase name="toUpper.js" classname="- .usr.home.iojs.build.workspace.node-test-linter.tools.node_modules.babel-eslint.node_modules.lodash.fp"/>
		<testcase name="transform.js" classname="- .usr.home.iojs.build.workspace.node-test-linter.tools.node_modules.babel-eslint.node_modules.lodash.fp"/>
		<testcase name="trim.js" classname="- .usr.home.iojs.build.workspace.node-test-linter.tools.node_modules.babel-eslint.node_modules.lodash.fp"/>
		<testcase name="trimChars.js" classname="- .usr.home.iojs.build.workspace.node-test-linter.tools.node_modules.babel-eslint.node_modules.lodash.fp"/>
		<testcase name="trimCharsEnd.js" classname="- .usr.home.iojs.build.workspace.node-test-linter.tools.node_modules.babel-eslint.node_modules.lodash.fp"/>
		<testcase name="trimCharsStart.js" classname="- .usr.home.iojs.build.workspace.node-test-linter.tools.node_modules.babel-eslint.node_modules.lodash.fp"/>
		<testcase name="trimEnd.js" classname="- .usr.home.iojs.build.workspace.node-test-linter.tools.node_modules.babel-eslint.node_modules.lodash.fp"/>
		<testcase name="trimStart.js" classname="- .usr.home.iojs.build.workspace.node-test-linter.tools.node_modules.babel-eslint.node_modules.lodash.fp"/>
		<testcase name="truncate.js" classname="- .usr.home.iojs.build.workspace.node-test-linter.tools.node_modules.babel-eslint.node_modules.lodash.fp"/>
		<testcase name="unapply.js" classname="- .usr.home.iojs.build.workspace.node-test-linter.tools.node_modules.babel-eslint.node_modules.lodash.fp"/>
		<testcase name="unary.js" classname="- .usr.home.iojs.build.workspace.node-test-linter.tools.node_modules.babel-eslint.node_modules.lodash.fp"/>
		<testcase name="unescape.js" classname="- .usr.home.iojs.build.workspace.node-test-linter.tools.node_modules.babel-eslint.node_modules.lodash.fp"/>
		<testcase name="union.js" classname="- .usr.home.iojs.build.workspace.node-test-linter.tools.node_modules.babel-eslint.node_modules.lodash.fp"/>
		<testcase name="unionBy.js" classname="- .usr.home.iojs.build.workspace.node-test-linter.tools.node_modules.babel-eslint.node_modules.lodash.fp"/>
		<testcase name="unionWith.js" classname="- .usr.home.iojs.build.workspace.node-test-linter.tools.node_modules.babel-eslint.node_modules.lodash.fp"/>
		<testcase name="uniq.js" classname="- .usr.home.iojs.build.workspace.node-test-linter.tools.node_modules.babel-eslint.node_modules.lodash.fp"/>
		<testcase name="uniqBy.js" classname="- .usr.home.iojs.build.workspace.node-test-linter.tools.node_modules.babel-eslint.node_modules.lodash.fp"/>
		<testcase name="uniqueId.js" classname="- .usr.home.iojs.build.workspace.node-test-linter.tools.node_modules.babel-eslint.node_modules.lodash.fp"/>
		<testcase name="uniqWith.js" classname="- .usr.home.iojs.build.workspace.node-test-linter.tools.node_modules.babel-eslint.node_modules.lodash.fp"/>
		<testcase name="unnest.js" classname="- .usr.home.iojs.build.workspace.node-test-linter.tools.node_modules.babel-eslint.node_modules.lodash.fp"/>
		<testcase name="unset.js" classname="- .usr.home.iojs.build.workspace.node-test-linter.tools.node_modules.babel-eslint.node_modules.lodash.fp"/>
		<testcase name="unzip.js" classname="- .usr.home.iojs.build.workspace.node-test-linter.tools.node_modules.babel-eslint.node_modules.lodash.fp"/>
		<testcase name="unzipWith.js" classname="- .usr.home.iojs.build.workspace.node-test-linter.tools.node_modules.babel-eslint.node_modules.lodash.fp"/>
		<testcase name="update.js" classname="- .usr.home.iojs.build.workspace.node-test-linter.tools.node_modules.babel-eslint.node_modules.lodash.fp"/>
		<testcase name="updateWith.js" classname="- .usr.home.iojs.build.workspace.node-test-linter.tools.node_modules.babel-eslint.node_modules.lodash.fp"/>
		<testcase name="upperCase.js" classname="- .usr.home.iojs.build.workspace.node-test-linter.tools.node_modules.babel-eslint.node_modules.lodash.fp"/>
		<testcase name="upperFirst.js" classname="- .usr.home.iojs.build.workspace.node-test-linter.tools.node_modules.babel-eslint.node_modules.lodash.fp"/>
		<testcase name="useWith.js" classname="- .usr.home.iojs.build.workspace.node-test-linter.tools.node_modules.babel-eslint.node_modules.lodash.fp"/>
		<testcase name="util.js" classname="- .usr.home.iojs.build.workspace.node-test-linter.tools.node_modules.babel-eslint.node_modules.lodash.fp"/>
		<testcase name="value.js" classname="- .usr.home.iojs.build.workspace.node-test-linter.tools.node_modules.babel-eslint.node_modules.lodash.fp"/>
		<testcase name="valueOf.js" classname="- .usr.home.iojs.build.workspace.node-test-linter.tools.node_modules.babel-eslint.node_modules.lodash.fp"/>
		<testcase name="values.js" classname="- .usr.home.iojs.build.workspace.node-test-linter.tools.node_modules.babel-eslint.node_modules.lodash.fp"/>
		<testcase name="valuesIn.js" classname="- .usr.home.iojs.build.workspace.node-test-linter.tools.node_modules.babel-eslint.node_modules.lodash.fp"/>
		<testcase name="where.js" classname="- .usr.home.iojs.build.workspace.node-test-linter.tools.node_modules.babel-eslint.node_modules.lodash.fp"/>
		<testcase name="whereEq.js" classname="- .usr.home.iojs.build.workspace.node-test-linter.tools.node_modules.babel-eslint.node_modules.lodash.fp"/>
		<testcase name="without.js" classname="- .usr.home.iojs.build.workspace.node-test-linter.tools.node_modules.babel-eslint.node_modules.lodash.fp"/>
		<testcase name="words.js" classname="- .usr.home.iojs.build.workspace.node-test-linter.tools.node_modules.babel-eslint.node_modules.lodash.fp"/>
		<testcase name="wrap.js" classname="- .usr.home.iojs.build.workspace.node-test-linter.tools.node_modules.babel-eslint.node_modules.lodash.fp"/>
		<testcase name="wrapperAt.js" classname="- .usr.home.iojs.build.workspace.node-test-linter.tools.node_modules.babel-eslint.node_modules.lodash.fp"/>
		<testcase name="wrapperChain.js" classname="- .usr.home.iojs.build.workspace.node-test-linter.tools.node_modules.babel-eslint.node_modules.lodash.fp"/>
		<testcase name="wrapperLodash.js" classname="- .usr.home.iojs.build.workspace.node-test-linter.tools.node_modules.babel-eslint.node_modules.lodash.fp"/>
		<testcase name="wrapperReverse.js" classname="- .usr.home.iojs.build.workspace.node-test-linter.tools.node_modules.babel-eslint.node_modules.lodash.fp"/>
		<testcase name="wrapperValue.js" classname="- .usr.home.iojs.build.workspace.node-test-linter.tools.node_modules.babel-eslint.node_modules.lodash.fp"/>
		<testcase name="xor.js" classname="- .usr.home.iojs.build.workspace.node-test-linter.tools.node_modules.babel-eslint.node_modules.lodash.fp"/>
		<testcase name="xorBy.js" classname="- .usr.home.iojs.build.workspace.node-test-linter.tools.node_modules.babel-eslint.node_modules.lodash.fp"/>
		<testcase name="xorWith.js" classname="- .usr.home.iojs.build.workspace.node-test-linter.tools.node_modules.babel-eslint.node_modules.lodash.fp"/>
		<testcase name="zip.js" classname="- .usr.home.iojs.build.workspace.node-test-linter.tools.node_modules.babel-eslint.node_modules.lodash.fp"/>
		<testcase name="zipAll.js" classname="- .usr.home.iojs.build.workspace.node-test-linter.tools.node_modules.babel-eslint.node_modules.lodash.fp"/>
		<testcase name="zipObj.js" classname="- .usr.home.iojs.build.workspace.node-test-linter.tools.node_modules.babel-eslint.node_modules.lodash.fp"/>
		<testcase name="zipObject.js" classname="- .usr.home.iojs.build.workspace.node-test-linter.tools.node_modules.babel-eslint.node_modules.lodash.fp"/>
		<testcase name="zipObjectDeep.js" classname="- .usr.home.iojs.build.workspace.node-test-linter.tools.node_modules.babel-eslint.node_modules.lodash.fp"/>
		<testcase name="zipWith.js" classname="- .usr.home.iojs.build.workspace.node-test-linter.tools.node_modules.babel-eslint.node_modules.lodash.fp"/>
		<testcase name="fromPairs.js" classname="- .usr.home.iojs.build.workspace.node-test-linter.tools.node_modules.babel-eslint.node_modules.lodash"/>
		<testcase name="function.js" classname="- .usr.home.iojs.build.workspace.node-test-linter.tools.node_modules.babel-eslint.node_modules.lodash"/>
		<testcase name="functions.js" classname="- .usr.home.iojs.build.workspace.node-test-linter.tools.node_modules.babel-eslint.node_modules.lodash"/>
		<testcase name="functionsIn.js" classname="- .usr.home.iojs.build.workspace.node-test-linter.tools.node_modules.babel-eslint.node_modules.lodash"/>
		<testcase name="get.js" classname="- .usr.home.iojs.build.workspace.node-test-linter.tools.node_modules.babel-eslint.node_modules.lodash"/>
		<testcase name="groupBy.js" classname="- .usr.home.iojs.build.workspace.node-test-linter.tools.node_modules.babel-eslint.node_modules.lodash"/>
		<testcase name="gt.js" classname="- .usr.home.iojs.build.workspace.node-test-linter.tools.node_modules.babel-eslint.node_modules.lodash"/>
		<testcase name="gte.js" classname="- .usr.home.iojs.build.workspace.node-test-linter.tools.node_modules.babel-eslint.node_modules.lodash"/>
		<testcase name="has.js" classname="- .usr.home.iojs.build.workspace.node-test-linter.tools.node_modules.babel-eslint.node_modules.lodash"/>
		<testcase name="hasIn.js" classname="- .usr.home.iojs.build.workspace.node-test-linter.tools.node_modules.babel-eslint.node_modules.lodash"/>
		<testcase name="head.js" classname="- .usr.home.iojs.build.workspace.node-test-linter.tools.node_modules.babel-eslint.node_modules.lodash"/>
		<testcase name="identity.js" classname="- .usr.home.iojs.build.workspace.node-test-linter.tools.node_modules.babel-eslint.node_modules.lodash"/>
		<testcase name="includes.js" classname="- .usr.home.iojs.build.workspace.node-test-linter.tools.node_modules.babel-eslint.node_modules.lodash"/>
		<testcase name="index.js" classname="- .usr.home.iojs.build.workspace.node-test-linter.tools.node_modules.babel-eslint.node_modules.lodash"/>
		<testcase name="indexOf.js" classname="- .usr.home.iojs.build.workspace.node-test-linter.tools.node_modules.babel-eslint.node_modules.lodash"/>
		<testcase name="initial.js" classname="- .usr.home.iojs.build.workspace.node-test-linter.tools.node_modules.babel-eslint.node_modules.lodash"/>
		<testcase name="inRange.js" classname="- .usr.home.iojs.build.workspace.node-test-linter.tools.node_modules.babel-eslint.node_modules.lodash"/>
		<testcase name="intersection.js" classname="- .usr.home.iojs.build.workspace.node-test-linter.tools.node_modules.babel-eslint.node_modules.lodash"/>
		<testcase name="intersectionBy.js" classname="- .usr.home.iojs.build.workspace.node-test-linter.tools.node_modules.babel-eslint.node_modules.lodash"/>
		<testcase name="intersectionWith.js" classname="- .usr.home.iojs.build.workspace.node-test-linter.tools.node_modules.babel-eslint.node_modules.lodash"/>
		<testcase name="invert.js" classname="- .usr.home.iojs.build.workspace.node-test-linter.tools.node_modules.babel-eslint.node_modules.lodash"/>
		<testcase name="invertBy.js" classname="- .usr.home.iojs.build.workspace.node-test-linter.tools.node_modules.babel-eslint.node_modules.lodash"/>
		<testcase name="invoke.js" classname="- .usr.home.iojs.build.workspace.node-test-linter.tools.node_modules.babel-eslint.node_modules.lodash"/>
		<testcase name="invokeMap.js" classname="- .usr.home.iojs.build.workspace.node-test-linter.tools.node_modules.babel-eslint.node_modules.lodash"/>
		<testcase name="isArguments.js" classname="- .usr.home.iojs.build.workspace.node-test-linter.tools.node_modules.babel-eslint.node_modules.lodash"/>
		<testcase name="isArray.js" classname="- .usr.home.iojs.build.workspace.node-test-linter.tools.node_modules.babel-eslint.node_modules.lodash"/>
		<testcase name="isArrayBuffer.js" classname="- .usr.home.iojs.build.workspace.node-test-linter.tools.node_modules.babel-eslint.node_modules.lodash"/>
		<testcase name="isArrayLike.js" classname="- .usr.home.iojs.build.workspace.node-test-linter.tools.node_modules.babel-eslint.node_modules.lodash"/>
		<testcase name="isArrayLikeObject.js" classname="- .usr.home.iojs.build.workspace.node-test-linter.tools.node_modules.babel-eslint.node_modules.lodash"/>
		<testcase name="isBoolean.js" classname="- .usr.home.iojs.build.workspace.node-test-linter.tools.node_modules.babel-eslint.node_modules.lodash"/>
		<testcase name="isBuffer.js" classname="- .usr.home.iojs.build.workspace.node-test-linter.tools.node_modules.babel-eslint.node_modules.lodash"/>
		<testcase name="isDate.js" classname="- .usr.home.iojs.build.workspace.node-test-linter.tools.node_modules.babel-eslint.node_modules.lodash"/>
		<testcase name="isElement.js" classname="- .usr.home.iojs.build.workspace.node-test-linter.tools.node_modules.babel-eslint.node_modules.lodash"/>
		<testcase name="isEmpty.js" classname="- .usr.home.iojs.build.workspace.node-test-linter.tools.node_modules.babel-eslint.node_modules.lodash"/>
		<testcase name="isEqual.js" classname="- .usr.home.iojs.build.workspace.node-test-linter.tools.node_modules.babel-eslint.node_modules.lodash"/>
		<testcase name="isEqualWith.js" classname="- .usr.home.iojs.build.workspace.node-test-linter.tools.node_modules.babel-eslint.node_modules.lodash"/>
		<testcase name="isError.js" classname="- .usr.home.iojs.build.workspace.node-test-linter.tools.node_modules.babel-eslint.node_modules.lodash"/>
		<testcase name="isFinite.js" classname="- .usr.home.iojs.build.workspace.node-test-linter.tools.node_modules.babel-eslint.node_modules.lodash"/>
		<testcase name="isFunction.js" classname="- .usr.home.iojs.build.workspace.node-test-linter.tools.node_modules.babel-eslint.node_modules.lodash"/>
		<testcase name="isInteger.js" classname="- .usr.home.iojs.build.workspace.node-test-linter.tools.node_modules.babel-eslint.node_modules.lodash"/>
		<testcase name="isLength.js" classname="- .usr.home.iojs.build.workspace.node-test-linter.tools.node_modules.babel-eslint.node_modules.lodash"/>
		<testcase name="isMap.js" classname="- .usr.home.iojs.build.workspace.node-test-linter.tools.node_modules.babel-eslint.node_modules.lodash"/>
		<testcase name="isMatch.js" classname="- .usr.home.iojs.build.workspace.node-test-linter.tools.node_modules.babel-eslint.node_modules.lodash"/>
		<testcase name="isMatchWith.js" classname="- .usr.home.iojs.build.workspace.node-test-linter.tools.node_modules.babel-eslint.node_modules.lodash"/>
		<testcase name="isNaN.js" classname="- .usr.home.iojs.build.workspace.node-test-linter.tools.node_modules.babel-eslint.node_modules.lodash"/>
		<testcase name="isNative.js" classname="- .usr.home.iojs.build.workspace.node-test-linter.tools.node_modules.babel-eslint.node_modules.lodash"/>
		<testcase name="isNil.js" classname="- .usr.home.iojs.build.workspace.node-test-linter.tools.node_modules.babel-eslint.node_modules.lodash"/>
		<testcase name="isNull.js" classname="- .usr.home.iojs.build.workspace.node-test-linter.tools.node_modules.babel-eslint.node_modules.lodash"/>
		<testcase name="isNumber.js" classname="- .usr.home.iojs.build.workspace.node-test-linter.tools.node_modules.babel-eslint.node_modules.lodash"/>
		<testcase name="isObject.js" classname="- .usr.home.iojs.build.workspace.node-test-linter.tools.node_modules.babel-eslint.node_modules.lodash"/>
		<testcase name="isObjectLike.js" classname="- .usr.home.iojs.build.workspace.node-test-linter.tools.node_modules.babel-eslint.node_modules.lodash"/>
		<testcase name="isPlainObject.js" classname="- .usr.home.iojs.build.workspace.node-test-linter.tools.node_modules.babel-eslint.node_modules.lodash"/>
		<testcase name="isRegExp.js" classname="- .usr.home.iojs.build.workspace.node-test-linter.tools.node_modules.babel-eslint.node_modules.lodash"/>
		<testcase name="isSafeInteger.js" classname="- .usr.home.iojs.build.workspace.node-test-linter.tools.node_modules.babel-eslint.node_modules.lodash"/>
		<testcase name="isSet.js" classname="- .usr.home.iojs.build.workspace.node-test-linter.tools.node_modules.babel-eslint.node_modules.lodash"/>
		<testcase name="isString.js" classname="- .usr.home.iojs.build.workspace.node-test-linter.tools.node_modules.babel-eslint.node_modules.lodash"/>
		<testcase name="isSymbol.js" classname="- .usr.home.iojs.build.workspace.node-test-linter.tools.node_modules.babel-eslint.node_modules.lodash"/>
		<testcase name="isTypedArray.js" classname="- .usr.home.iojs.build.workspace.node-test-linter.tools.node_modules.babel-eslint.node_modules.lodash"/>
		<testcase name="isUndefined.js" classname="- .usr.home.iojs.build.workspace.node-test-linter.tools.node_modules.babel-eslint.node_modules.lodash"/>
		<testcase name="isWeakMap.js" classname="- .usr.home.iojs.build.workspace.node-test-linter.tools.node_modules.babel-eslint.node_modules.lodash"/>
		<testcase name="isWeakSet.js" classname="- .usr.home.iojs.build.workspace.node-test-linter.tools.node_modules.babel-eslint.node_modules.lodash"/>
		<testcase name="iteratee.js" classname="- .usr.home.iojs.build.workspace.node-test-linter.tools.node_modules.babel-eslint.node_modules.lodash"/>
		<testcase name="join.js" classname="- .usr.home.iojs.build.workspace.node-test-linter.tools.node_modules.babel-eslint.node_modules.lodash"/>
		<testcase name="kebabCase.js" classname="- .usr.home.iojs.build.workspace.node-test-linter.tools.node_modules.babel-eslint.node_modules.lodash"/>
		<testcase name="keyBy.js" classname="- .usr.home.iojs.build.workspace.node-test-linter.tools.node_modules.babel-eslint.node_modules.lodash"/>
		<testcase name="keys.js" classname="- .usr.home.iojs.build.workspace.node-test-linter.tools.node_modules.babel-eslint.node_modules.lodash"/>
		<testcase name="keysIn.js" classname="- .usr.home.iojs.build.workspace.node-test-linter.tools.node_modules.babel-eslint.node_modules.lodash"/>
		<testcase name="lang.js" classname="- .usr.home.iojs.build.workspace.node-test-linter.tools.node_modules.babel-eslint.node_modules.lodash"/>
		<testcase name="last.js" classname="- .usr.home.iojs.build.workspace.node-test-linter.tools.node_modules.babel-eslint.node_modules.lodash"/>
		<testcase name="lastIndexOf.js" classname="- .usr.home.iojs.build.workspace.node-test-linter.tools.node_modules.babel-eslint.node_modules.lodash"/>
		<testcase name="lodash.js" classname="- .usr.home.iojs.build.workspace.node-test-linter.tools.node_modules.babel-eslint.node_modules.lodash"/>
		<testcase name="lodash.min.js" classname="- .usr.home.iojs.build.workspace.node-test-linter.tools.node_modules.babel-eslint.node_modules.lodash"/>
		<testcase name="lowerCase.js" classname="- .usr.home.iojs.build.workspace.node-test-linter.tools.node_modules.babel-eslint.node_modules.lodash"/>
		<testcase name="lowerFirst.js" classname="- .usr.home.iojs.build.workspace.node-test-linter.tools.node_modules.babel-eslint.node_modules.lodash"/>
		<testcase name="lt.js" classname="- .usr.home.iojs.build.workspace.node-test-linter.tools.node_modules.babel-eslint.node_modules.lodash"/>
		<testcase name="lte.js" classname="- .usr.home.iojs.build.workspace.node-test-linter.tools.node_modules.babel-eslint.node_modules.lodash"/>
		<testcase name="map.js" classname="- .usr.home.iojs.build.workspace.node-test-linter.tools.node_modules.babel-eslint.node_modules.lodash"/>
		<testcase name="mapKeys.js" classname="- .usr.home.iojs.build.workspace.node-test-linter.tools.node_modules.babel-eslint.node_modules.lodash"/>
		<testcase name="mapValues.js" classname="- .usr.home.iojs.build.workspace.node-test-linter.tools.node_modules.babel-eslint.node_modules.lodash"/>
		<testcase name="matches.js" classname="- .usr.home.iojs.build.workspace.node-test-linter.tools.node_modules.babel-eslint.node_modules.lodash"/>
		<testcase name="matchesProperty.js" classname="- .usr.home.iojs.build.workspace.node-test-linter.tools.node_modules.babel-eslint.node_modules.lodash"/>
		<testcase name="math.js" classname="- .usr.home.iojs.build.workspace.node-test-linter.tools.node_modules.babel-eslint.node_modules.lodash"/>
		<testcase name="max.js" classname="- .usr.home.iojs.build.workspace.node-test-linter.tools.node_modules.babel-eslint.node_modules.lodash"/>
		<testcase name="maxBy.js" classname="- .usr.home.iojs.build.workspace.node-test-linter.tools.node_modules.babel-eslint.node_modules.lodash"/>
		<testcase name="mean.js" classname="- .usr.home.iojs.build.workspace.node-test-linter.tools.node_modules.babel-eslint.node_modules.lodash"/>
		<testcase name="meanBy.js" classname="- .usr.home.iojs.build.workspace.node-test-linter.tools.node_modules.babel-eslint.node_modules.lodash"/>
		<testcase name="memoize.js" classname="- .usr.home.iojs.build.workspace.node-test-linter.tools.node_modules.babel-eslint.node_modules.lodash"/>
		<testcase name="merge.js" classname="- .usr.home.iojs.build.workspace.node-test-linter.tools.node_modules.babel-eslint.node_modules.lodash"/>
		<testcase name="mergeWith.js" classname="- .usr.home.iojs.build.workspace.node-test-linter.tools.node_modules.babel-eslint.node_modules.lodash"/>
		<testcase name="method.js" classname="- .usr.home.iojs.build.workspace.node-test-linter.tools.node_modules.babel-eslint.node_modules.lodash"/>
		<testcase name="methodOf.js" classname="- .usr.home.iojs.build.workspace.node-test-linter.tools.node_modules.babel-eslint.node_modules.lodash"/>
		<testcase name="min.js" classname="- .usr.home.iojs.build.workspace.node-test-linter.tools.node_modules.babel-eslint.node_modules.lodash"/>
		<testcase name="minBy.js" classname="- .usr.home.iojs.build.workspace.node-test-linter.tools.node_modules.babel-eslint.node_modules.lodash"/>
		<testcase name="mixin.js" classname="- .usr.home.iojs.build.workspace.node-test-linter.tools.node_modules.babel-eslint.node_modules.lodash"/>
		<testcase name="multiply.js" classname="- .usr.home.iojs.build.workspace.node-test-linter.tools.node_modules.babel-eslint.node_modules.lodash"/>
		<testcase name="negate.js" classname="- .usr.home.iojs.build.workspace.node-test-linter.tools.node_modules.babel-eslint.node_modules.lodash"/>
		<testcase name="next.js" classname="- .usr.home.iojs.build.workspace.node-test-linter.tools.node_modules.babel-eslint.node_modules.lodash"/>
		<testcase name="noop.js" classname="- .usr.home.iojs.build.workspace.node-test-linter.tools.node_modules.babel-eslint.node_modules.lodash"/>
		<testcase name="now.js" classname="- .usr.home.iojs.build.workspace.node-test-linter.tools.node_modules.babel-eslint.node_modules.lodash"/>
		<testcase name="nth.js" classname="- .usr.home.iojs.build.workspace.node-test-linter.tools.node_modules.babel-eslint.node_modules.lodash"/>
		<testcase name="nthArg.js" classname="- .usr.home.iojs.build.workspace.node-test-linter.tools.node_modules.babel-eslint.node_modules.lodash"/>
		<testcase name="number.js" classname="- .usr.home.iojs.build.workspace.node-test-linter.tools.node_modules.babel-eslint.node_modules.lodash"/>
		<testcase name="object.js" classname="- .usr.home.iojs.build.workspace.node-test-linter.tools.node_modules.babel-eslint.node_modules.lodash"/>
		<testcase name="omit.js" classname="- .usr.home.iojs.build.workspace.node-test-linter.tools.node_modules.babel-eslint.node_modules.lodash"/>
		<testcase name="omitBy.js" classname="- .usr.home.iojs.build.workspace.node-test-linter.tools.node_modules.babel-eslint.node_modules.lodash"/>
		<testcase name="once.js" classname="- .usr.home.iojs.build.workspace.node-test-linter.tools.node_modules.babel-eslint.node_modules.lodash"/>
		<testcase name="orderBy.js" classname="- .usr.home.iojs.build.workspace.node-test-linter.tools.node_modules.babel-eslint.node_modules.lodash"/>
		<testcase name="over.js" classname="- .usr.home.iojs.build.workspace.node-test-linter.tools.node_modules.babel-eslint.node_modules.lodash"/>
		<testcase name="overArgs.js" classname="- .usr.home.iojs.build.workspace.node-test-linter.tools.node_modules.babel-eslint.node_modules.lodash"/>
		<testcase name="overEvery.js" classname="- .usr.home.iojs.build.workspace.node-test-linter.tools.node_modules.babel-eslint.node_modules.lodash"/>
		<testcase name="overSome.js" classname="- .usr.home.iojs.build.workspace.node-test-linter.tools.node_modules.babel-eslint.node_modules.lodash"/>
		<testcase name="pad.js" classname="- .usr.home.iojs.build.workspace.node-test-linter.tools.node_modules.babel-eslint.node_modules.lodash"/>
		<testcase name="padEnd.js" classname="- .usr.home.iojs.build.workspace.node-test-linter.tools.node_modules.babel-eslint.node_modules.lodash"/>
		<testcase name="padStart.js" classname="- .usr.home.iojs.build.workspace.node-test-linter.tools.node_modules.babel-eslint.node_modules.lodash"/>
		<testcase name="parseInt.js" classname="- .usr.home.iojs.build.workspace.node-test-linter.tools.node_modules.babel-eslint.node_modules.lodash"/>
		<testcase name="partial.js" classname="- .usr.home.iojs.build.workspace.node-test-linter.tools.node_modules.babel-eslint.node_modules.lodash"/>
		<testcase name="partialRight.js" classname="- .usr.home.iojs.build.workspace.node-test-linter.tools.node_modules.babel-eslint.node_modules.lodash"/>
		<testcase name="partition.js" classname="- .usr.home.iojs.build.workspace.node-test-linter.tools.node_modules.babel-eslint.node_modules.lodash"/>
		<testcase name="pick.js" classname="- .usr.home.iojs.build.workspace.node-test-linter.tools.node_modules.babel-eslint.node_modules.lodash"/>
		<testcase name="pickBy.js" classname="- .usr.home.iojs.build.workspace.node-test-linter.tools.node_modules.babel-eslint.node_modules.lodash"/>
		<testcase name="plant.js" classname="- .usr.home.iojs.build.workspace.node-test-linter.tools.node_modules.babel-eslint.node_modules.lodash"/>
		<testcase name="property.js" classname="- .usr.home.iojs.build.workspace.node-test-linter.tools.node_modules.babel-eslint.node_modules.lodash"/>
		<testcase name="propertyOf.js" classname="- .usr.home.iojs.build.workspace.node-test-linter.tools.node_modules.babel-eslint.node_modules.lodash"/>
		<testcase name="pull.js" classname="- .usr.home.iojs.build.workspace.node-test-linter.tools.node_modules.babel-eslint.node_modules.lodash"/>
		<testcase name="pullAll.js" classname="- .usr.home.iojs.build.workspace.node-test-linter.tools.node_modules.babel-eslint.node_modules.lodash"/>
		<testcase name="pullAllBy.js" classname="- .usr.home.iojs.build.workspace.node-test-linter.tools.node_modules.babel-eslint.node_modules.lodash"/>
		<testcase name="pullAllWith.js" classname="- .usr.home.iojs.build.workspace.node-test-linter.tools.node_modules.babel-eslint.node_modules.lodash"/>
		<testcase name="pullAt.js" classname="- .usr.home.iojs.build.workspace.node-test-linter.tools.node_modules.babel-eslint.node_modules.lodash"/>
		<testcase name="random.js" classname="- .usr.home.iojs.build.workspace.node-test-linter.tools.node_modules.babel-eslint.node_modules.lodash"/>
		<testcase name="range.js" classname="- .usr.home.iojs.build.workspace.node-test-linter.tools.node_modules.babel-eslint.node_modules.lodash"/>
		<testcase name="rangeRight.js" classname="- .usr.home.iojs.build.workspace.node-test-linter.tools.node_modules.babel-eslint.node_modules.lodash"/>
		<testcase name="README.md" classname="- .usr.home.iojs.build.workspace.node-test-linter.tools.node_modules.babel-eslint.node_modules.lodash"/>
		<testcase name="rearg.js" classname="- .usr.home.iojs.build.workspace.node-test-linter.tools.node_modules.babel-eslint.node_modules.lodash"/>
		<testcase name="reduce.js" classname="- .usr.home.iojs.build.workspace.node-test-linter.tools.node_modules.babel-eslint.node_modules.lodash"/>
		<testcase name="reduceRight.js" classname="- .usr.home.iojs.build.workspace.node-test-linter.tools.node_modules.babel-eslint.node_modules.lodash"/>
		<testcase name="reject.js" classname="- .usr.home.iojs.build.workspace.node-test-linter.tools.node_modules.babel-eslint.node_modules.lodash"/>
		<testcase name="remove.js" classname="- .usr.home.iojs.build.workspace.node-test-linter.tools.node_modules.babel-eslint.node_modules.lodash"/>
		<testcase name="repeat.js" classname="- .usr.home.iojs.build.workspace.node-test-linter.tools.node_modules.babel-eslint.node_modules.lodash"/>
		<testcase name="replace.js" classname="- .usr.home.iojs.build.workspace.node-test-linter.tools.node_modules.babel-eslint.node_modules.lodash"/>
		<testcase name="rest.js" classname="- .usr.home.iojs.build.workspace.node-test-linter.tools.node_modules.babel-eslint.node_modules.lodash"/>
		<testcase name="result.js" classname="- .usr.home.iojs.build.workspace.node-test-linter.tools.node_modules.babel-eslint.node_modules.lodash"/>
		<testcase name="reverse.js" classname="- .usr.home.iojs.build.workspace.node-test-linter.tools.node_modules.babel-eslint.node_modules.lodash"/>
		<testcase name="round.js" classname="- .usr.home.iojs.build.workspace.node-test-linter.tools.node_modules.babel-eslint.node_modules.lodash"/>
		<testcase name="sample.js" classname="- .usr.home.iojs.build.workspace.node-test-linter.tools.node_modules.babel-eslint.node_modules.lodash"/>
		<testcase name="sampleSize.js" classname="- .usr.home.iojs.build.workspace.node-test-linter.tools.node_modules.babel-eslint.node_modules.lodash"/>
		<testcase name="seq.js" classname="- .usr.home.iojs.build.workspace.node-test-linter.tools.node_modules.babel-eslint.node_modules.lodash"/>
		<testcase name="set.js" classname="- .usr.home.iojs.build.workspace.node-test-linter.tools.node_modules.babel-eslint.node_modules.lodash"/>
		<testcase name="setWith.js" classname="- .usr.home.iojs.build.workspace.node-test-linter.tools.node_modules.babel-eslint.node_modules.lodash"/>
		<testcase name="shuffle.js" classname="- .usr.home.iojs.build.workspace.node-test-linter.tools.node_modules.babel-eslint.node_modules.lodash"/>
		<testcase name="size.js" classname="- .usr.home.iojs.build.workspace.node-test-linter.tools.node_modules.babel-eslint.node_modules.lodash"/>
		<testcase name="slice.js" classname="- .usr.home.iojs.build.workspace.node-test-linter.tools.node_modules.babel-eslint.node_modules.lodash"/>
		<testcase name="snakeCase.js" classname="- .usr.home.iojs.build.workspace.node-test-linter.tools.node_modules.babel-eslint.node_modules.lodash"/>
		<testcase name="some.js" classname="- .usr.home.iojs.build.workspace.node-test-linter.tools.node_modules.babel-eslint.node_modules.lodash"/>
		<testcase name="sortBy.js" classname="- .usr.home.iojs.build.workspace.node-test-linter.tools.node_modules.babel-eslint.node_modules.lodash"/>
		<testcase name="sortedIndex.js" classname="- .usr.home.iojs.build.workspace.node-test-linter.tools.node_modules.babel-eslint.node_modules.lodash"/>
		<testcase name="sortedIndexBy.js" classname="- .usr.home.iojs.build.workspace.node-test-linter.tools.node_modules.babel-eslint.node_modules.lodash"/>
		<testcase name="sortedIndexOf.js" classname="- .usr.home.iojs.build.workspace.node-test-linter.tools.node_modules.babel-eslint.node_modules.lodash"/>
		<testcase name="sortedLastIndex.js" classname="- .usr.home.iojs.build.workspace.node-test-linter.tools.node_modules.babel-eslint.node_modules.lodash"/>
		<testcase name="sortedLastIndexBy.js" classname="- .usr.home.iojs.build.workspace.node-test-linter.tools.node_modules.babel-eslint.node_modules.lodash"/>
		<testcase name="sortedLastIndexOf.js" classname="- .usr.home.iojs.build.workspace.node-test-linter.tools.node_modules.babel-eslint.node_modules.lodash"/>
		<testcase name="sortedUniq.js" classname="- .usr.home.iojs.build.workspace.node-test-linter.tools.node_modules.babel-eslint.node_modules.lodash"/>
		<testcase name="sortedUniqBy.js" classname="- .usr.home.iojs.build.workspace.node-test-linter.tools.node_modules.babel-eslint.node_modules.lodash"/>
		<testcase name="split.js" classname="- .usr.home.iojs.build.workspace.node-test-linter.tools.node_modules.babel-eslint.node_modules.lodash"/>
		<testcase name="spread.js" classname="- .usr.home.iojs.build.workspace.node-test-linter.tools.node_modules.babel-eslint.node_modules.lodash"/>
		<testcase name="startCase.js" classname="- .usr.home.iojs.build.workspace.node-test-linter.tools.node_modules.babel-eslint.node_modules.lodash"/>
		<testcase name="startsWith.js" classname="- .usr.home.iojs.build.workspace.node-test-linter.tools.node_modules.babel-eslint.node_modules.lodash"/>
		<testcase name="string.js" classname="- .usr.home.iojs.build.workspace.node-test-linter.tools.node_modules.babel-eslint.node_modules.lodash"/>
		<testcase name="stubArray.js" classname="- .usr.home.iojs.build.workspace.node-test-linter.tools.node_modules.babel-eslint.node_modules.lodash"/>
		<testcase name="stubFalse.js" classname="- .usr.home.iojs.build.workspace.node-test-linter.tools.node_modules.babel-eslint.node_modules.lodash"/>
		<testcase name="stubObject.js" classname="- .usr.home.iojs.build.workspace.node-test-linter.tools.node_modules.babel-eslint.node_modules.lodash"/>
		<testcase name="stubString.js" classname="- .usr.home.iojs.build.workspace.node-test-linter.tools.node_modules.babel-eslint.node_modules.lodash"/>
		<testcase name="stubTrue.js" classname="- .usr.home.iojs.build.workspace.node-test-linter.tools.node_modules.babel-eslint.node_modules.lodash"/>
		<testcase name="subtract.js" classname="- .usr.home.iojs.build.workspace.node-test-linter.tools.node_modules.babel-eslint.node_modules.lodash"/>
		<testcase name="sum.js" classname="- .usr.home.iojs.build.workspace.node-test-linter.tools.node_modules.babel-eslint.node_modules.lodash"/>
		<testcase name="sumBy.js" classname="- .usr.home.iojs.build.workspace.node-test-linter.tools.node_modules.babel-eslint.node_modules.lodash"/>
		<testcase name="tail.js" classname="- .usr.home.iojs.build.workspace.node-test-linter.tools.node_modules.babel-eslint.node_modules.lodash"/>
		<testcase name="take.js" classname="- .usr.home.iojs.build.workspace.node-test-linter.tools.node_modules.babel-eslint.node_modules.lodash"/>
		<testcase name="takeRight.js" classname="- .usr.home.iojs.build.workspace.node-test-linter.tools.node_modules.babel-eslint.node_modules.lodash"/>
		<testcase name="takeRightWhile.js" classname="- .usr.home.iojs.build.workspace.node-test-linter.tools.node_modules.babel-eslint.node_modules.lodash"/>
		<testcase name="takeWhile.js" classname="- .usr.home.iojs.build.workspace.node-test-linter.tools.node_modules.babel-eslint.node_modules.lodash"/>
		<testcase name="tap.js" classname="- .usr.home.iojs.build.workspace.node-test-linter.tools.node_modules.babel-eslint.node_modules.lodash"/>
		<testcase name="template.js" classname="- .usr.home.iojs.build.workspace.node-test-linter.tools.node_modules.babel-eslint.node_modules.lodash"/>
		<testcase name="templateSettings.js" classname="- .usr.home.iojs.build.workspace.node-test-linter.tools.node_modules.babel-eslint.node_modules.lodash"/>
		<testcase name="throttle.js" classname="- .usr.home.iojs.build.workspace.node-test-linter.tools.node_modules.babel-eslint.node_modules.lodash"/>
		<testcase name="thru.js" classname="- .usr.home.iojs.build.workspace.node-test-linter.tools.node_modules.babel-eslint.node_modules.lodash"/>
		<testcase name="times.js" classname="- .usr.home.iojs.build.workspace.node-test-linter.tools.node_modules.babel-eslint.node_modules.lodash"/>
		<testcase name="toArray.js" classname="- .usr.home.iojs.build.workspace.node-test-linter.tools.node_modules.babel-eslint.node_modules.lodash"/>
		<testcase name="toFinite.js" classname="- .usr.home.iojs.build.workspace.node-test-linter.tools.node_modules.babel-eslint.node_modules.lodash"/>
		<testcase name="toInteger.js" classname="- .usr.home.iojs.build.workspace.node-test-linter.tools.node_modules.babel-eslint.node_modules.lodash"/>
		<testcase name="toIterator.js" classname="- .usr.home.iojs.build.workspace.node-test-linter.tools.node_modules.babel-eslint.node_modules.lodash"/>
		<testcase name="toJSON.js" classname="- .usr.home.iojs.build.workspace.node-test-linter.tools.node_modules.babel-eslint.node_modules.lodash"/>
		<testcase name="toLength.js" classname="- .usr.home.iojs.build.workspace.node-test-linter.tools.node_modules.babel-eslint.node_modules.lodash"/>
		<testcase name="toLower.js" classname="- .usr.home.iojs.build.workspace.node-test-linter.tools.node_modules.babel-eslint.node_modules.lodash"/>
		<testcase name="toNumber.js" classname="- .usr.home.iojs.build.workspace.node-test-linter.tools.node_modules.babel-eslint.node_modules.lodash"/>
		<testcase name="toPairs.js" classname="- .usr.home.iojs.build.workspace.node-test-linter.tools.node_modules.babel-eslint.node_modules.lodash"/>
		<testcase name="toPairsIn.js" classname="- .usr.home.iojs.build.workspace.node-test-linter.tools.node_modules.babel-eslint.node_modules.lodash"/>
		<testcase name="toPath.js" classname="- .usr.home.iojs.build.workspace.node-test-linter.tools.node_modules.babel-eslint.node_modules.lodash"/>
		<testcase name="toPlainObject.js" classname="- .usr.home.iojs.build.workspace.node-test-linter.tools.node_modules.babel-eslint.node_modules.lodash"/>
		<testcase name="toSafeInteger.js" classname="- .usr.home.iojs.build.workspace.node-test-linter.tools.node_modules.babel-eslint.node_modules.lodash"/>
		<testcase name="toString.js" classname="- .usr.home.iojs.build.workspace.node-test-linter.tools.node_modules.babel-eslint.node_modules.lodash"/>
		<testcase name="toUpper.js" classname="- .usr.home.iojs.build.workspace.node-test-linter.tools.node_modules.babel-eslint.node_modules.lodash"/>
		<testcase name="transform.js" classname="- .usr.home.iojs.build.workspace.node-test-linter.tools.node_modules.babel-eslint.node_modules.lodash"/>
		<testcase name="trim.js" classname="- .usr.home.iojs.build.workspace.node-test-linter.tools.node_modules.babel-eslint.node_modules.lodash"/>
		<testcase name="trimEnd.js" classname="- .usr.home.iojs.build.workspace.node-test-linter.tools.node_modules.babel-eslint.node_modules.lodash"/>
		<testcase name="trimStart.js" classname="- .usr.home.iojs.build.workspace.node-test-linter.tools.node_modules.babel-eslint.node_modules.lodash"/>
		<testcase name="truncate.js" classname="- .usr.home.iojs.build.workspace.node-test-linter.tools.node_modules.babel-eslint.node_modules.lodash"/>
		<testcase name="unary.js" classname="- .usr.home.iojs.build.workspace.node-test-linter.tools.node_modules.babel-eslint.node_modules.lodash"/>
		<testcase name="unescape.js" classname="- .usr.home.iojs.build.workspace.node-test-linter.tools.node_modules.babel-eslint.node_modules.lodash"/>
		<testcase name="union.js" classname="- .usr.home.iojs.build.workspace.node-test-linter.tools.node_modules.babel-eslint.node_modules.lodash"/>
		<testcase name="unionBy.js" classname="- .usr.home.iojs.build.workspace.node-test-linter.tools.node_modules.babel-eslint.node_modules.lodash"/>
		<testcase name="unionWith.js" classname="- .usr.home.iojs.build.workspace.node-test-linter.tools.node_modules.babel-eslint.node_modules.lodash"/>
		<testcase name="uniq.js" classname="- .usr.home.iojs.build.workspace.node-test-linter.tools.node_modules.babel-eslint.node_modules.lodash"/>
		<testcase name="uniqBy.js" classname="- .usr.home.iojs.build.workspace.node-test-linter.tools.node_modules.babel-eslint.node_modules.lodash"/>
		<testcase name="uniqueId.js" classname="- .usr.home.iojs.build.workspace.node-test-linter.tools.node_modules.babel-eslint.node_modules.lodash"/>
		<testcase name="uniqWith.js" classname="- .usr.home.iojs.build.workspace.node-test-linter.tools.node_modules.babel-eslint.node_modules.lodash"/>
		<testcase name="unset.js" classname="- .usr.home.iojs.build.workspace.node-test-linter.tools.node_modules.babel-eslint.node_modules.lodash"/>
		<testcase name="unzip.js" classname="- .usr.home.iojs.build.workspace.node-test-linter.tools.node_modules.babel-eslint.node_modules.lodash"/>
		<testcase name="unzipWith.js" classname="- .usr.home.iojs.build.workspace.node-test-linter.tools.node_modules.babel-eslint.node_modules.lodash"/>
		<testcase name="update.js" classname="- .usr.home.iojs.build.workspace.node-test-linter.tools.node_modules.babel-eslint.node_modules.lodash"/>
		<testcase name="updateWith.js" classname="- .usr.home.iojs.build.workspace.node-test-linter.tools.node_modules.babel-eslint.node_modules.lodash"/>
		<testcase name="upperCase.js" classname="- .usr.home.iojs.build.workspace.node-test-linter.tools.node_modules.babel-eslint.node_modules.lodash"/>
		<testcase name="upperFirst.js" classname="- .usr.home.iojs.build.workspace.node-test-linter.tools.node_modules.babel-eslint.node_modules.lodash"/>
		<testcase name="util.js" classname="- .usr.home.iojs.build.workspace.node-test-linter.tools.node_modules.babel-eslint.node_modules.lodash"/>
		<testcase name="value.js" classname="- .usr.home.iojs.build.workspace.node-test-linter.tools.node_modules.babel-eslint.node_modules.lodash"/>
		<testcase name="valueOf.js" classname="- .usr.home.iojs.build.workspace.node-test-linter.tools.node_modules.babel-eslint.node_modules.lodash"/>
		<testcase name="values.js" classname="- .usr.home.iojs.build.workspace.node-test-linter.tools.node_modules.babel-eslint.node_modules.lodash"/>
		<testcase name="valuesIn.js" classname="- .usr.home.iojs.build.workspace.node-test-linter.tools.node_modules.babel-eslint.node_modules.lodash"/>
		<testcase name="without.js" classname="- .usr.home.iojs.build.workspace.node-test-linter.tools.node_modules.babel-eslint.node_modules.lodash"/>
		<testcase name="words.js" classname="- .usr.home.iojs.build.workspace.node-test-linter.tools.node_modules.babel-eslint.node_modules.lodash"/>
		<testcase name="wrap.js" classname="- .usr.home.iojs.build.workspace.node-test-linter.tools.node_modules.babel-eslint.node_modules.lodash"/>
		<testcase name="wrapperAt.js" classname="- .usr.home.iojs.build.workspace.node-test-linter.tools.node_modules.babel-eslint.node_modules.lodash"/>
		<testcase name="wrapperChain.js" classname="- .usr.home.iojs.build.workspace.node-test-linter.tools.node_modules.babel-eslint.node_modules.lodash"/>
		<testcase name="wrapperLodash.js" classname="- .usr.home.iojs.build.workspace.node-test-linter.tools.node_modules.babel-eslint.node_modules.lodash"/>
		<testcase name="wrapperReverse.js" classname="- .usr.home.iojs.build.workspace.node-test-linter.tools.node_modules.babel-eslint.node_modules.lodash"/>
		<testcase name="wrapperValue.js" classname="- .usr.home.iojs.build.workspace.node-test-linter.tools.node_modules.babel-eslint.node_modules.lodash"/>
		<testcase name="xor.js" classname="- .usr.home.iojs.build.workspace.node-test-linter.tools.node_modules.babel-eslint.node_modules.lodash"/>
		<testcase name="xorBy.js" classname="- .usr.home.iojs.build.workspace.node-test-linter.tools.node_modules.babel-eslint.node_modules.lodash"/>
		<testcase name="xorWith.js" classname="- .usr.home.iojs.build.workspace.node-test-linter.tools.node_modules.babel-eslint.node_modules.lodash"/>
		<testcase name="zip.js" classname="- .usr.home.iojs.build.workspace.node-test-linter.tools.node_modules.babel-eslint.node_modules.lodash"/>
		<testcase name="zipObject.js" classname="- .usr.home.iojs.build.workspace.node-test-linter.tools.node_modules.babel-eslint.node_modules.lodash"/>
		<testcase name="zipObjectDeep.js" classname="- .usr.home.iojs.build.workspace.node-test-linter.tools.node_modules.babel-eslint.node_modules.lodash"/>
		<testcase name="zipWith.js" classname="- .usr.home.iojs.build.workspace.node-test-linter.tools.node_modules.babel-eslint.node_modules.lodash"/>
		<testcase name="cli.js" classname="- .usr.home.iojs.build.workspace.node-test-linter.tools.node_modules.babel-eslint.node_modules.loose-envify"/>
		<testcase name="custom.js" classname="- .usr.home.iojs.build.workspace.node-test-linter.tools.node_modules.babel-eslint.node_modules.loose-envify"/>
		<testcase name="index.js" classname="- .usr.home.iojs.build.workspace.node-test-linter.tools.node_modules.babel-eslint.node_modules.loose-envify"/>
		<testcase name="loose-envify.js" classname="- .usr.home.iojs.build.workspace.node-test-linter.tools.node_modules.babel-eslint.node_modules.loose-envify"/>
		<testcase name="README.md" classname="- .usr.home.iojs.build.workspace.node-test-linter.tools.node_modules.babel-eslint.node_modules.loose-envify"/>
		<testcase name="replace.js" classname="- .usr.home.iojs.build.workspace.node-test-linter.tools.node_modules.babel-eslint.node_modules.loose-envify"/>
		<testcase name="index.js" classname="- .usr.home.iojs.build.workspace.node-test-linter.tools.node_modules.babel-eslint.node_modules.ms"/>
		<testcase name="license.md" classname="- .usr.home.iojs.build.workspace.node-test-linter.tools.node_modules.babel-eslint.node_modules.ms"/>
		<testcase name="readme.md" classname="- .usr.home.iojs.build.workspace.node-test-linter.tools.node_modules.babel-eslint.node_modules.ms"/>
		<testcase name="index.js" classname="- .usr.home.iojs.build.workspace.node-test-linter.tools.node_modules.babel-eslint.node_modules.object-assign"/>
		<testcase name="readme.md" classname="- .usr.home.iojs.build.workspace.node-test-linter.tools.node_modules.babel-eslint.node_modules.object-assign"/>
		<testcase name="browser.js" classname="- .usr.home.iojs.build.workspace.node-test-linter.tools.node_modules.babel-eslint.node_modules.supports-color"/>
		<testcase name="index.js" classname="- .usr.home.iojs.build.workspace.node-test-linter.tools.node_modules.babel-eslint.node_modules.supports-color"/>
		<testcase name="readme.md" classname="- .usr.home.iojs.build.workspace.node-test-linter.tools.node_modules.babel-eslint.node_modules.supports-color"/>
		<testcase name="index.js" classname="- .usr.home.iojs.build.workspace.node-test-linter.tools.node_modules.babel-eslint.node_modules.to-fast-properties"/>
		<testcase name="readme.md" classname="- .usr.home.iojs.build.workspace.node-test-linter.tools.node_modules.babel-eslint.node_modules.to-fast-properties"/>
		<testcase name="README.md" classname="- .usr.home.iojs.build.workspace.node-test-linter.tools.node_modules.babel-eslint"/>
		<testcase name="index.js" classname="- .usr.home.iojs.build.workspace.node-test-linter.tools.node_modules.eslint-plugin-node-core"/>
		<testcase name="eslint.js" classname="- .usr.home.iojs.build.workspace.node-test-linter.tools.node_modules.eslint.bin"/>
		<testcase name="config-schema.js" classname="- .usr.home.iojs.build.workspace.node-test-linter.tools.node_modules.eslint.conf"/>
		<testcase name="default-cli-options.js" classname="- .usr.home.iojs.build.workspace.node-test-linter.tools.node_modules.eslint.conf"/>
		<testcase name="environments.js" classname="- .usr.home.iojs.build.workspace.node-test-linter.tools.node_modules.eslint.conf"/>
		<testcase name="eslint-all.js" classname="- .usr.home.iojs.build.workspace.node-test-linter.tools.node_modules.eslint.conf"/>
		<testcase name="eslint-recommended.js" classname="- .usr.home.iojs.build.workspace.node-test-linter.tools.node_modules.eslint.conf"/>
		<testcase name="api.js" classname="- .usr.home.iojs.build.workspace.node-test-linter.tools.node_modules.eslint.lib"/>
		<testcase name="cli-engine.js" classname="- .usr.home.iojs.build.workspace.node-test-linter.tools.node_modules.eslint.lib"/>
		<testcase name="cli.js" classname="- .usr.home.iojs.build.workspace.node-test-linter.tools.node_modules.eslint.lib"/>
		<testcase name="code-path-analyzer.js" classname="- .usr.home.iojs.build.workspace.node-test-linter.tools.node_modules.eslint.lib.code-path-analysis"/>
		<testcase name="code-path-segment.js" classname="- .usr.home.iojs.build.workspace.node-test-linter.tools.node_modules.eslint.lib.code-path-analysis"/>
		<testcase name="code-path-state.js" classname="- .usr.home.iojs.build.workspace.node-test-linter.tools.node_modules.eslint.lib.code-path-analysis"/>
		<testcase name="code-path.js" classname="- .usr.home.iojs.build.workspace.node-test-linter.tools.node_modules.eslint.lib.code-path-analysis"/>
		<testcase name="debug-helpers.js" classname="- .usr.home.iojs.build.workspace.node-test-linter.tools.node_modules.eslint.lib.code-path-analysis"/>
		<testcase name="fork-context.js" classname="- .usr.home.iojs.build.workspace.node-test-linter.tools.node_modules.eslint.lib.code-path-analysis"/>
		<testcase name="id-generator.js" classname="- .usr.home.iojs.build.workspace.node-test-linter.tools.node_modules.eslint.lib.code-path-analysis"/>
		<testcase name="config.js" classname="- .usr.home.iojs.build.workspace.node-test-linter.tools.node_modules.eslint.lib"/>
		<testcase name="autoconfig.js" classname="- .usr.home.iojs.build.workspace.node-test-linter.tools.node_modules.eslint.lib.config"/>
		<testcase name="config-cache.js" classname="- .usr.home.iojs.build.workspace.node-test-linter.tools.node_modules.eslint.lib.config"/>
		<testcase name="config-file.js" classname="- .usr.home.iojs.build.workspace.node-test-linter.tools.node_modules.eslint.lib.config"/>
		<testcase name="config-initializer.js" classname="- .usr.home.iojs.build.workspace.node-test-linter.tools.node_modules.eslint.lib.config"/>
		<testcase name="config-ops.js" classname="- .usr.home.iojs.build.workspace.node-test-linter.tools.node_modules.eslint.lib.config"/>
		<testcase name="config-rule.js" classname="- .usr.home.iojs.build.workspace.node-test-linter.tools.node_modules.eslint.lib.config"/>
		<testcase name="config-validator.js" classname="- .usr.home.iojs.build.workspace.node-test-linter.tools.node_modules.eslint.lib.config"/>
		<testcase name="environments.js" classname="- .usr.home.iojs.build.workspace.node-test-linter.tools.node_modules.eslint.lib.config"/>
		<testcase name="plugins.js" classname="- .usr.home.iojs.build.workspace.node-test-linter.tools.node_modules.eslint.lib.config"/>
		<testcase name="checkstyle.js" classname="- .usr.home.iojs.build.workspace.node-test-linter.tools.node_modules.eslint.lib.formatters"/>
		<testcase name="codeframe.js" classname="- .usr.home.iojs.build.workspace.node-test-linter.tools.node_modules.eslint.lib.formatters"/>
		<testcase name="compact.js" classname="- .usr.home.iojs.build.workspace.node-test-linter.tools.node_modules.eslint.lib.formatters"/>
		<testcase name="html.js" classname="- .usr.home.iojs.build.workspace.node-test-linter.tools.node_modules.eslint.lib.formatters"/>
		<testcase name="jslint-xml.js" classname="- .usr.home.iojs.build.workspace.node-test-linter.tools.node_modules.eslint.lib.formatters"/>
		<testcase name="json.js" classname="- .usr.home.iojs.build.workspace.node-test-linter.tools.node_modules.eslint.lib.formatters"/>
		<testcase name="junit.js" classname="- .usr.home.iojs.build.workspace.node-test-linter.tools.node_modules.eslint.lib.formatters"/>
		<testcase name="stylish.js" classname="- .usr.home.iojs.build.workspace.node-test-linter.tools.node_modules.eslint.lib.formatters"/>
		<testcase name="table.js" classname="- .usr.home.iojs.build.workspace.node-test-linter.tools.node_modules.eslint.lib.formatters"/>
		<testcase name="tap.js" classname="- .usr.home.iojs.build.workspace.node-test-linter.tools.node_modules.eslint.lib.formatters"/>
		<testcase name="unix.js" classname="- .usr.home.iojs.build.workspace.node-test-linter.tools.node_modules.eslint.lib.formatters"/>
		<testcase name="visualstudio.js" classname="- .usr.home.iojs.build.workspace.node-test-linter.tools.node_modules.eslint.lib.formatters"/>
		<testcase name="ignored-paths.js" classname="- .usr.home.iojs.build.workspace.node-test-linter.tools.node_modules.eslint.lib"/>
		<testcase name="linter.js" classname="- .usr.home.iojs.build.workspace.node-test-linter.tools.node_modules.eslint.lib"/>
		<testcase name="load-rules.js" classname="- .usr.home.iojs.build.workspace.node-test-linter.tools.node_modules.eslint.lib"/>
		<testcase name="options.js" classname="- .usr.home.iojs.build.workspace.node-test-linter.tools.node_modules.eslint.lib"/>
		<testcase name="report-translator.js" classname="- .usr.home.iojs.build.workspace.node-test-linter.tools.node_modules.eslint.lib"/>
		<testcase name="rules.js" classname="- .usr.home.iojs.build.workspace.node-test-linter.tools.node_modules.eslint.lib"/>
		<testcase name="accessor-pairs.js" classname="- .usr.home.iojs.build.workspace.node-test-linter.tools.node_modules.eslint.lib.rules"/>
		<testcase name="array-bracket-newline.js" classname="- .usr.home.iojs.build.workspace.node-test-linter.tools.node_modules.eslint.lib.rules"/>
		<testcase name="array-bracket-spacing.js" classname="- .usr.home.iojs.build.workspace.node-test-linter.tools.node_modules.eslint.lib.rules"/>
		<testcase name="array-callback-return.js" classname="- .usr.home.iojs.build.workspace.node-test-linter.tools.node_modules.eslint.lib.rules"/>
		<testcase name="array-element-newline.js" classname="- .usr.home.iojs.build.workspace.node-test-linter.tools.node_modules.eslint.lib.rules"/>
		<testcase name="arrow-body-style.js" classname="- .usr.home.iojs.build.workspace.node-test-linter.tools.node_modules.eslint.lib.rules"/>
		<testcase name="arrow-parens.js" classname="- .usr.home.iojs.build.workspace.node-test-linter.tools.node_modules.eslint.lib.rules"/>
		<testcase name="arrow-spacing.js" classname="- .usr.home.iojs.build.workspace.node-test-linter.tools.node_modules.eslint.lib.rules"/>
		<testcase name="block-scoped-var.js" classname="- .usr.home.iojs.build.workspace.node-test-linter.tools.node_modules.eslint.lib.rules"/>
		<testcase name="block-spacing.js" classname="- .usr.home.iojs.build.workspace.node-test-linter.tools.node_modules.eslint.lib.rules"/>
		<testcase name="brace-style.js" classname="- .usr.home.iojs.build.workspace.node-test-linter.tools.node_modules.eslint.lib.rules"/>
		<testcase name="callback-return.js" classname="- .usr.home.iojs.build.workspace.node-test-linter.tools.node_modules.eslint.lib.rules"/>
		<testcase name="camelcase.js" classname="- .usr.home.iojs.build.workspace.node-test-linter.tools.node_modules.eslint.lib.rules"/>
		<testcase name="capitalized-comments.js" classname="- .usr.home.iojs.build.workspace.node-test-linter.tools.node_modules.eslint.lib.rules"/>
		<testcase name="class-methods-use-this.js" classname="- .usr.home.iojs.build.workspace.node-test-linter.tools.node_modules.eslint.lib.rules"/>
		<testcase name="comma-dangle.js" classname="- .usr.home.iojs.build.workspace.node-test-linter.tools.node_modules.eslint.lib.rules"/>
		<testcase name="comma-spacing.js" classname="- .usr.home.iojs.build.workspace.node-test-linter.tools.node_modules.eslint.lib.rules"/>
		<testcase name="comma-style.js" classname="- .usr.home.iojs.build.workspace.node-test-linter.tools.node_modules.eslint.lib.rules"/>
		<testcase name="complexity.js" classname="- .usr.home.iojs.build.workspace.node-test-linter.tools.node_modules.eslint.lib.rules"/>
		<testcase name="computed-property-spacing.js" classname="- .usr.home.iojs.build.workspace.node-test-linter.tools.node_modules.eslint.lib.rules"/>
		<testcase name="consistent-return.js" classname="- .usr.home.iojs.build.workspace.node-test-linter.tools.node_modules.eslint.lib.rules"/>
		<testcase name="consistent-this.js" classname="- .usr.home.iojs.build.workspace.node-test-linter.tools.node_modules.eslint.lib.rules"/>
		<testcase name="constructor-super.js" classname="- .usr.home.iojs.build.workspace.node-test-linter.tools.node_modules.eslint.lib.rules"/>
		<testcase name="curly.js" classname="- .usr.home.iojs.build.workspace.node-test-linter.tools.node_modules.eslint.lib.rules"/>
		<testcase name="default-case.js" classname="- .usr.home.iojs.build.workspace.node-test-linter.tools.node_modules.eslint.lib.rules"/>
		<testcase name="dot-location.js" classname="- .usr.home.iojs.build.workspace.node-test-linter.tools.node_modules.eslint.lib.rules"/>
		<testcase name="dot-notation.js" classname="- .usr.home.iojs.build.workspace.node-test-linter.tools.node_modules.eslint.lib.rules"/>
		<testcase name="eol-last.js" classname="- .usr.home.iojs.build.workspace.node-test-linter.tools.node_modules.eslint.lib.rules"/>
		<testcase name="eqeqeq.js" classname="- .usr.home.iojs.build.workspace.node-test-linter.tools.node_modules.eslint.lib.rules"/>
		<testcase name="for-direction.js" classname="- .usr.home.iojs.build.workspace.node-test-linter.tools.node_modules.eslint.lib.rules"/>
		<testcase name="func-call-spacing.js" classname="- .usr.home.iojs.build.workspace.node-test-linter.tools.node_modules.eslint.lib.rules"/>
		<testcase name="func-name-matching.js" classname="- .usr.home.iojs.build.workspace.node-test-linter.tools.node_modules.eslint.lib.rules"/>
		<testcase name="func-names.js" classname="- .usr.home.iojs.build.workspace.node-test-linter.tools.node_modules.eslint.lib.rules"/>
		<testcase name="func-style.js" classname="- .usr.home.iojs.build.workspace.node-test-linter.tools.node_modules.eslint.lib.rules"/>
		<testcase name="function-paren-newline.js" classname="- .usr.home.iojs.build.workspace.node-test-linter.tools.node_modules.eslint.lib.rules"/>
		<testcase name="generator-star-spacing.js" classname="- .usr.home.iojs.build.workspace.node-test-linter.tools.node_modules.eslint.lib.rules"/>
		<testcase name="getter-return.js" classname="- .usr.home.iojs.build.workspace.node-test-linter.tools.node_modules.eslint.lib.rules"/>
		<testcase name="global-require.js" classname="- .usr.home.iojs.build.workspace.node-test-linter.tools.node_modules.eslint.lib.rules"/>
		<testcase name="guard-for-in.js" classname="- .usr.home.iojs.build.workspace.node-test-linter.tools.node_modules.eslint.lib.rules"/>
		<testcase name="handle-callback-err.js" classname="- .usr.home.iojs.build.workspace.node-test-linter.tools.node_modules.eslint.lib.rules"/>
		<testcase name="id-blacklist.js" classname="- .usr.home.iojs.build.workspace.node-test-linter.tools.node_modules.eslint.lib.rules"/>
		<testcase name="id-length.js" classname="- .usr.home.iojs.build.workspace.node-test-linter.tools.node_modules.eslint.lib.rules"/>
		<testcase name="id-match.js" classname="- .usr.home.iojs.build.workspace.node-test-linter.tools.node_modules.eslint.lib.rules"/>
		<testcase name="implicit-arrow-linebreak.js" classname="- .usr.home.iojs.build.workspace.node-test-linter.tools.node_modules.eslint.lib.rules"/>
		<testcase name="indent-legacy.js" classname="- .usr.home.iojs.build.workspace.node-test-linter.tools.node_modules.eslint.lib.rules"/>
		<testcase name="indent.js" classname="- .usr.home.iojs.build.workspace.node-test-linter.tools.node_modules.eslint.lib.rules"/>
		<testcase name="init-declarations.js" classname="- .usr.home.iojs.build.workspace.node-test-linter.tools.node_modules.eslint.lib.rules"/>
		<testcase name="jsx-quotes.js" classname="- .usr.home.iojs.build.workspace.node-test-linter.tools.node_modules.eslint.lib.rules"/>
		<testcase name="key-spacing.js" classname="- .usr.home.iojs.build.workspace.node-test-linter.tools.node_modules.eslint.lib.rules"/>
		<testcase name="keyword-spacing.js" classname="- .usr.home.iojs.build.workspace.node-test-linter.tools.node_modules.eslint.lib.rules"/>
		<testcase name="line-comment-position.js" classname="- .usr.home.iojs.build.workspace.node-test-linter.tools.node_modules.eslint.lib.rules"/>
		<testcase name="linebreak-style.js" classname="- .usr.home.iojs.build.workspace.node-test-linter.tools.node_modules.eslint.lib.rules"/>
		<testcase name="lines-around-comment.js" classname="- .usr.home.iojs.build.workspace.node-test-linter.tools.node_modules.eslint.lib.rules"/>
		<testcase name="lines-around-directive.js" classname="- .usr.home.iojs.build.workspace.node-test-linter.tools.node_modules.eslint.lib.rules"/>
		<testcase name="lines-between-class-members.js" classname="- .usr.home.iojs.build.workspace.node-test-linter.tools.node_modules.eslint.lib.rules"/>
		<testcase name="max-classes-per-file.js" classname="- .usr.home.iojs.build.workspace.node-test-linter.tools.node_modules.eslint.lib.rules"/>
		<testcase name="max-depth.js" classname="- .usr.home.iojs.build.workspace.node-test-linter.tools.node_modules.eslint.lib.rules"/>
		<testcase name="max-len.js" classname="- .usr.home.iojs.build.workspace.node-test-linter.tools.node_modules.eslint.lib.rules"/>
		<testcase name="max-lines-per-function.js" classname="- .usr.home.iojs.build.workspace.node-test-linter.tools.node_modules.eslint.lib.rules"/>
		<testcase name="max-lines.js" classname="- .usr.home.iojs.build.workspace.node-test-linter.tools.node_modules.eslint.lib.rules"/>
		<testcase name="max-nested-callbacks.js" classname="- .usr.home.iojs.build.workspace.node-test-linter.tools.node_modules.eslint.lib.rules"/>
		<testcase name="max-params.js" classname="- .usr.home.iojs.build.workspace.node-test-linter.tools.node_modules.eslint.lib.rules"/>
		<testcase name="max-statements-per-line.js" classname="- .usr.home.iojs.build.workspace.node-test-linter.tools.node_modules.eslint.lib.rules"/>
		<testcase name="max-statements.js" classname="- .usr.home.iojs.build.workspace.node-test-linter.tools.node_modules.eslint.lib.rules"/>
		<testcase name="multiline-comment-style.js" classname="- .usr.home.iojs.build.workspace.node-test-linter.tools.node_modules.eslint.lib.rules"/>
		<testcase name="multiline-ternary.js" classname="- .usr.home.iojs.build.workspace.node-test-linter.tools.node_modules.eslint.lib.rules"/>
		<testcase name="new-cap.js" classname="- .usr.home.iojs.build.workspace.node-test-linter.tools.node_modules.eslint.lib.rules"/>
		<testcase name="new-parens.js" classname="- .usr.home.iojs.build.workspace.node-test-linter.tools.node_modules.eslint.lib.rules"/>
		<testcase name="newline-after-var.js" classname="- .usr.home.iojs.build.workspace.node-test-linter.tools.node_modules.eslint.lib.rules"/>
		<testcase name="newline-before-return.js" classname="- .usr.home.iojs.build.workspace.node-test-linter.tools.node_modules.eslint.lib.rules"/>
		<testcase name="newline-per-chained-call.js" classname="- .usr.home.iojs.build.workspace.node-test-linter.tools.node_modules.eslint.lib.rules"/>
		<testcase name="no-alert.js" classname="- .usr.home.iojs.build.workspace.node-test-linter.tools.node_modules.eslint.lib.rules"/>
		<testcase name="no-array-constructor.js" classname="- .usr.home.iojs.build.workspace.node-test-linter.tools.node_modules.eslint.lib.rules"/>
		<testcase name="no-async-promise-executor.js" classname="- .usr.home.iojs.build.workspace.node-test-linter.tools.node_modules.eslint.lib.rules"/>
		<testcase name="no-await-in-loop.js" classname="- .usr.home.iojs.build.workspace.node-test-linter.tools.node_modules.eslint.lib.rules"/>
		<testcase name="no-bitwise.js" classname="- .usr.home.iojs.build.workspace.node-test-linter.tools.node_modules.eslint.lib.rules"/>
		<testcase name="no-buffer-constructor.js" classname="- .usr.home.iojs.build.workspace.node-test-linter.tools.node_modules.eslint.lib.rules"/>
		<testcase name="no-caller.js" classname="- .usr.home.iojs.build.workspace.node-test-linter.tools.node_modules.eslint.lib.rules"/>
		<testcase name="no-case-declarations.js" classname="- .usr.home.iojs.build.workspace.node-test-linter.tools.node_modules.eslint.lib.rules"/>
		<testcase name="no-catch-shadow.js" classname="- .usr.home.iojs.build.workspace.node-test-linter.tools.node_modules.eslint.lib.rules"/>
		<testcase name="no-class-assign.js" classname="- .usr.home.iojs.build.workspace.node-test-linter.tools.node_modules.eslint.lib.rules"/>
		<testcase name="no-compare-neg-zero.js" classname="- .usr.home.iojs.build.workspace.node-test-linter.tools.node_modules.eslint.lib.rules"/>
		<testcase name="no-cond-assign.js" classname="- .usr.home.iojs.build.workspace.node-test-linter.tools.node_modules.eslint.lib.rules"/>
		<testcase name="no-confusing-arrow.js" classname="- .usr.home.iojs.build.workspace.node-test-linter.tools.node_modules.eslint.lib.rules"/>
		<testcase name="no-console.js" classname="- .usr.home.iojs.build.workspace.node-test-linter.tools.node_modules.eslint.lib.rules"/>
		<testcase name="no-const-assign.js" classname="- .usr.home.iojs.build.workspace.node-test-linter.tools.node_modules.eslint.lib.rules"/>
		<testcase name="no-constant-condition.js" classname="- .usr.home.iojs.build.workspace.node-test-linter.tools.node_modules.eslint.lib.rules"/>
		<testcase name="no-continue.js" classname="- .usr.home.iojs.build.workspace.node-test-linter.tools.node_modules.eslint.lib.rules"/>
		<testcase name="no-control-regex.js" classname="- .usr.home.iojs.build.workspace.node-test-linter.tools.node_modules.eslint.lib.rules"/>
		<testcase name="no-debugger.js" classname="- .usr.home.iojs.build.workspace.node-test-linter.tools.node_modules.eslint.lib.rules"/>
		<testcase name="no-delete-var.js" classname="- .usr.home.iojs.build.workspace.node-test-linter.tools.node_modules.eslint.lib.rules"/>
		<testcase name="no-div-regex.js" classname="- .usr.home.iojs.build.workspace.node-test-linter.tools.node_modules.eslint.lib.rules"/>
		<testcase name="no-dupe-args.js" classname="- .usr.home.iojs.build.workspace.node-test-linter.tools.node_modules.eslint.lib.rules"/>
		<testcase name="no-dupe-class-members.js" classname="- .usr.home.iojs.build.workspace.node-test-linter.tools.node_modules.eslint.lib.rules"/>
		<testcase name="no-dupe-keys.js" classname="- .usr.home.iojs.build.workspace.node-test-linter.tools.node_modules.eslint.lib.rules"/>
		<testcase name="no-duplicate-case.js" classname="- .usr.home.iojs.build.workspace.node-test-linter.tools.node_modules.eslint.lib.rules"/>
		<testcase name="no-duplicate-imports.js" classname="- .usr.home.iojs.build.workspace.node-test-linter.tools.node_modules.eslint.lib.rules"/>
		<testcase name="no-else-return.js" classname="- .usr.home.iojs.build.workspace.node-test-linter.tools.node_modules.eslint.lib.rules"/>
		<testcase name="no-empty-character-class.js" classname="- .usr.home.iojs.build.workspace.node-test-linter.tools.node_modules.eslint.lib.rules"/>
		<testcase name="no-empty-function.js" classname="- .usr.home.iojs.build.workspace.node-test-linter.tools.node_modules.eslint.lib.rules"/>
		<testcase name="no-empty-pattern.js" classname="- .usr.home.iojs.build.workspace.node-test-linter.tools.node_modules.eslint.lib.rules"/>
		<testcase name="no-empty.js" classname="- .usr.home.iojs.build.workspace.node-test-linter.tools.node_modules.eslint.lib.rules"/>
		<testcase name="no-eq-null.js" classname="- .usr.home.iojs.build.workspace.node-test-linter.tools.node_modules.eslint.lib.rules"/>
		<testcase name="no-eval.js" classname="- .usr.home.iojs.build.workspace.node-test-linter.tools.node_modules.eslint.lib.rules"/>
		<testcase name="no-ex-assign.js" classname="- .usr.home.iojs.build.workspace.node-test-linter.tools.node_modules.eslint.lib.rules"/>
		<testcase name="no-extend-native.js" classname="- .usr.home.iojs.build.workspace.node-test-linter.tools.node_modules.eslint.lib.rules"/>
		<testcase name="no-extra-bind.js" classname="- .usr.home.iojs.build.workspace.node-test-linter.tools.node_modules.eslint.lib.rules"/>
		<testcase name="no-extra-boolean-cast.js" classname="- .usr.home.iojs.build.workspace.node-test-linter.tools.node_modules.eslint.lib.rules"/>
		<testcase name="no-extra-label.js" classname="- .usr.home.iojs.build.workspace.node-test-linter.tools.node_modules.eslint.lib.rules"/>
		<testcase name="no-extra-parens.js" classname="- .usr.home.iojs.build.workspace.node-test-linter.tools.node_modules.eslint.lib.rules"/>
		<testcase name="no-extra-semi.js" classname="- .usr.home.iojs.build.workspace.node-test-linter.tools.node_modules.eslint.lib.rules"/>
		<testcase name="no-fallthrough.js" classname="- .usr.home.iojs.build.workspace.node-test-linter.tools.node_modules.eslint.lib.rules"/>
		<testcase name="no-floating-decimal.js" classname="- .usr.home.iojs.build.workspace.node-test-linter.tools.node_modules.eslint.lib.rules"/>
		<testcase name="no-func-assign.js" classname="- .usr.home.iojs.build.workspace.node-test-linter.tools.node_modules.eslint.lib.rules"/>
		<testcase name="no-global-assign.js" classname="- .usr.home.iojs.build.workspace.node-test-linter.tools.node_modules.eslint.lib.rules"/>
		<testcase name="no-implicit-coercion.js" classname="- .usr.home.iojs.build.workspace.node-test-linter.tools.node_modules.eslint.lib.rules"/>
		<testcase name="no-implicit-globals.js" classname="- .usr.home.iojs.build.workspace.node-test-linter.tools.node_modules.eslint.lib.rules"/>
		<testcase name="no-implied-eval.js" classname="- .usr.home.iojs.build.workspace.node-test-linter.tools.node_modules.eslint.lib.rules"/>
		<testcase name="no-inline-comments.js" classname="- .usr.home.iojs.build.workspace.node-test-linter.tools.node_modules.eslint.lib.rules"/>
		<testcase name="no-inner-declarations.js" classname="- .usr.home.iojs.build.workspace.node-test-linter.tools.node_modules.eslint.lib.rules"/>
		<testcase name="no-invalid-regexp.js" classname="- .usr.home.iojs.build.workspace.node-test-linter.tools.node_modules.eslint.lib.rules"/>
		<testcase name="no-invalid-this.js" classname="- .usr.home.iojs.build.workspace.node-test-linter.tools.node_modules.eslint.lib.rules"/>
		<testcase name="no-irregular-whitespace.js" classname="- .usr.home.iojs.build.workspace.node-test-linter.tools.node_modules.eslint.lib.rules"/>
		<testcase name="no-iterator.js" classname="- .usr.home.iojs.build.workspace.node-test-linter.tools.node_modules.eslint.lib.rules"/>
		<testcase name="no-label-var.js" classname="- .usr.home.iojs.build.workspace.node-test-linter.tools.node_modules.eslint.lib.rules"/>
		<testcase name="no-labels.js" classname="- .usr.home.iojs.build.workspace.node-test-linter.tools.node_modules.eslint.lib.rules"/>
		<testcase name="no-lone-blocks.js" classname="- .usr.home.iojs.build.workspace.node-test-linter.tools.node_modules.eslint.lib.rules"/>
		<testcase name="no-lonely-if.js" classname="- .usr.home.iojs.build.workspace.node-test-linter.tools.node_modules.eslint.lib.rules"/>
		<testcase name="no-loop-func.js" classname="- .usr.home.iojs.build.workspace.node-test-linter.tools.node_modules.eslint.lib.rules"/>
		<testcase name="no-magic-numbers.js" classname="- .usr.home.iojs.build.workspace.node-test-linter.tools.node_modules.eslint.lib.rules"/>
		<testcase name="no-misleading-character-class.js" classname="- .usr.home.iojs.build.workspace.node-test-linter.tools.node_modules.eslint.lib.rules"/>
		<testcase name="no-mixed-operators.js" classname="- .usr.home.iojs.build.workspace.node-test-linter.tools.node_modules.eslint.lib.rules"/>
		<testcase name="no-mixed-requires.js" classname="- .usr.home.iojs.build.workspace.node-test-linter.tools.node_modules.eslint.lib.rules"/>
		<testcase name="no-mixed-spaces-and-tabs.js" classname="- .usr.home.iojs.build.workspace.node-test-linter.tools.node_modules.eslint.lib.rules"/>
		<testcase name="no-multi-assign.js" classname="- .usr.home.iojs.build.workspace.node-test-linter.tools.node_modules.eslint.lib.rules"/>
		<testcase name="no-multi-spaces.js" classname="- .usr.home.iojs.build.workspace.node-test-linter.tools.node_modules.eslint.lib.rules"/>
		<testcase name="no-multi-str.js" classname="- .usr.home.iojs.build.workspace.node-test-linter.tools.node_modules.eslint.lib.rules"/>
		<testcase name="no-multiple-empty-lines.js" classname="- .usr.home.iojs.build.workspace.node-test-linter.tools.node_modules.eslint.lib.rules"/>
		<testcase name="no-native-reassign.js" classname="- .usr.home.iojs.build.workspace.node-test-linter.tools.node_modules.eslint.lib.rules"/>
		<testcase name="no-negated-condition.js" classname="- .usr.home.iojs.build.workspace.node-test-linter.tools.node_modules.eslint.lib.rules"/>
		<testcase name="no-negated-in-lhs.js" classname="- .usr.home.iojs.build.workspace.node-test-linter.tools.node_modules.eslint.lib.rules"/>
		<testcase name="no-nested-ternary.js" classname="- .usr.home.iojs.build.workspace.node-test-linter.tools.node_modules.eslint.lib.rules"/>
		<testcase name="no-new-func.js" classname="- .usr.home.iojs.build.workspace.node-test-linter.tools.node_modules.eslint.lib.rules"/>
		<testcase name="no-new-object.js" classname="- .usr.home.iojs.build.workspace.node-test-linter.tools.node_modules.eslint.lib.rules"/>
		<testcase name="no-new-require.js" classname="- .usr.home.iojs.build.workspace.node-test-linter.tools.node_modules.eslint.lib.rules"/>
		<testcase name="no-new-symbol.js" classname="- .usr.home.iojs.build.workspace.node-test-linter.tools.node_modules.eslint.lib.rules"/>
		<testcase name="no-new-wrappers.js" classname="- .usr.home.iojs.build.workspace.node-test-linter.tools.node_modules.eslint.lib.rules"/>
		<testcase name="no-new.js" classname="- .usr.home.iojs.build.workspace.node-test-linter.tools.node_modules.eslint.lib.rules"/>
		<testcase name="no-obj-calls.js" classname="- .usr.home.iojs.build.workspace.node-test-linter.tools.node_modules.eslint.lib.rules"/>
		<testcase name="no-octal-escape.js" classname="- .usr.home.iojs.build.workspace.node-test-linter.tools.node_modules.eslint.lib.rules"/>
		<testcase name="no-octal.js" classname="- .usr.home.iojs.build.workspace.node-test-linter.tools.node_modules.eslint.lib.rules"/>
		<testcase name="no-param-reassign.js" classname="- .usr.home.iojs.build.workspace.node-test-linter.tools.node_modules.eslint.lib.rules"/>
		<testcase name="no-path-concat.js" classname="- .usr.home.iojs.build.workspace.node-test-linter.tools.node_modules.eslint.lib.rules"/>
		<testcase name="no-plusplus.js" classname="- .usr.home.iojs.build.workspace.node-test-linter.tools.node_modules.eslint.lib.rules"/>
		<testcase name="no-process-env.js" classname="- .usr.home.iojs.build.workspace.node-test-linter.tools.node_modules.eslint.lib.rules"/>
		<testcase name="no-process-exit.js" classname="- .usr.home.iojs.build.workspace.node-test-linter.tools.node_modules.eslint.lib.rules"/>
		<testcase name="no-proto.js" classname="- .usr.home.iojs.build.workspace.node-test-linter.tools.node_modules.eslint.lib.rules"/>
		<testcase name="no-prototype-builtins.js" classname="- .usr.home.iojs.build.workspace.node-test-linter.tools.node_modules.eslint.lib.rules"/>
		<testcase name="no-redeclare.js" classname="- .usr.home.iojs.build.workspace.node-test-linter.tools.node_modules.eslint.lib.rules"/>
		<testcase name="no-regex-spaces.js" classname="- .usr.home.iojs.build.workspace.node-test-linter.tools.node_modules.eslint.lib.rules"/>
		<testcase name="no-restricted-globals.js" classname="- .usr.home.iojs.build.workspace.node-test-linter.tools.node_modules.eslint.lib.rules"/>
		<testcase name="no-restricted-imports.js" classname="- .usr.home.iojs.build.workspace.node-test-linter.tools.node_modules.eslint.lib.rules"/>
		<testcase name="no-restricted-modules.js" classname="- .usr.home.iojs.build.workspace.node-test-linter.tools.node_modules.eslint.lib.rules"/>
		<testcase name="no-restricted-properties.js" classname="- .usr.home.iojs.build.workspace.node-test-linter.tools.node_modules.eslint.lib.rules"/>
		<testcase name="no-restricted-syntax.js" classname="- .usr.home.iojs.build.workspace.node-test-linter.tools.node_modules.eslint.lib.rules"/>
		<testcase name="no-return-assign.js" classname="- .usr.home.iojs.build.workspace.node-test-linter.tools.node_modules.eslint.lib.rules"/>
		<testcase name="no-return-await.js" classname="- .usr.home.iojs.build.workspace.node-test-linter.tools.node_modules.eslint.lib.rules"/>
		<testcase name="no-script-url.js" classname="- .usr.home.iojs.build.workspace.node-test-linter.tools.node_modules.eslint.lib.rules"/>
		<testcase name="no-self-assign.js" classname="- .usr.home.iojs.build.workspace.node-test-linter.tools.node_modules.eslint.lib.rules"/>
		<testcase name="no-self-compare.js" classname="- .usr.home.iojs.build.workspace.node-test-linter.tools.node_modules.eslint.lib.rules"/>
		<testcase name="no-sequences.js" classname="- .usr.home.iojs.build.workspace.node-test-linter.tools.node_modules.eslint.lib.rules"/>
		<testcase name="no-shadow-restricted-names.js" classname="- .usr.home.iojs.build.workspace.node-test-linter.tools.node_modules.eslint.lib.rules"/>
		<testcase name="no-shadow.js" classname="- .usr.home.iojs.build.workspace.node-test-linter.tools.node_modules.eslint.lib.rules"/>
		<testcase name="no-spaced-func.js" classname="- .usr.home.iojs.build.workspace.node-test-linter.tools.node_modules.eslint.lib.rules"/>
		<testcase name="no-sparse-arrays.js" classname="- .usr.home.iojs.build.workspace.node-test-linter.tools.node_modules.eslint.lib.rules"/>
		<testcase name="no-sync.js" classname="- .usr.home.iojs.build.workspace.node-test-linter.tools.node_modules.eslint.lib.rules"/>
		<testcase name="no-tabs.js" classname="- .usr.home.iojs.build.workspace.node-test-linter.tools.node_modules.eslint.lib.rules"/>
		<testcase name="no-template-curly-in-string.js" classname="- .usr.home.iojs.build.workspace.node-test-linter.tools.node_modules.eslint.lib.rules"/>
		<testcase name="no-ternary.js" classname="- .usr.home.iojs.build.workspace.node-test-linter.tools.node_modules.eslint.lib.rules"/>
		<testcase name="no-this-before-super.js" classname="- .usr.home.iojs.build.workspace.node-test-linter.tools.node_modules.eslint.lib.rules"/>
		<testcase name="no-throw-literal.js" classname="- .usr.home.iojs.build.workspace.node-test-linter.tools.node_modules.eslint.lib.rules"/>
		<testcase name="no-trailing-spaces.js" classname="- .usr.home.iojs.build.workspace.node-test-linter.tools.node_modules.eslint.lib.rules"/>
		<testcase name="no-undef-init.js" classname="- .usr.home.iojs.build.workspace.node-test-linter.tools.node_modules.eslint.lib.rules"/>
		<testcase name="no-undef.js" classname="- .usr.home.iojs.build.workspace.node-test-linter.tools.node_modules.eslint.lib.rules"/>
		<testcase name="no-undefined.js" classname="- .usr.home.iojs.build.workspace.node-test-linter.tools.node_modules.eslint.lib.rules"/>
		<testcase name="no-underscore-dangle.js" classname="- .usr.home.iojs.build.workspace.node-test-linter.tools.node_modules.eslint.lib.rules"/>
		<testcase name="no-unexpected-multiline.js" classname="- .usr.home.iojs.build.workspace.node-test-linter.tools.node_modules.eslint.lib.rules"/>
		<testcase name="no-unmodified-loop-condition.js" classname="- .usr.home.iojs.build.workspace.node-test-linter.tools.node_modules.eslint.lib.rules"/>
		<testcase name="no-unneeded-ternary.js" classname="- .usr.home.iojs.build.workspace.node-test-linter.tools.node_modules.eslint.lib.rules"/>
		<testcase name="no-unreachable.js" classname="- .usr.home.iojs.build.workspace.node-test-linter.tools.node_modules.eslint.lib.rules"/>
		<testcase name="no-unsafe-finally.js" classname="- .usr.home.iojs.build.workspace.node-test-linter.tools.node_modules.eslint.lib.rules"/>
		<testcase name="no-unsafe-negation.js" classname="- .usr.home.iojs.build.workspace.node-test-linter.tools.node_modules.eslint.lib.rules"/>
		<testcase name="no-unused-expressions.js" classname="- .usr.home.iojs.build.workspace.node-test-linter.tools.node_modules.eslint.lib.rules"/>
		<testcase name="no-unused-labels.js" classname="- .usr.home.iojs.build.workspace.node-test-linter.tools.node_modules.eslint.lib.rules"/>
		<testcase name="no-unused-vars.js" classname="- .usr.home.iojs.build.workspace.node-test-linter.tools.node_modules.eslint.lib.rules"/>
		<testcase name="no-use-before-define.js" classname="- .usr.home.iojs.build.workspace.node-test-linter.tools.node_modules.eslint.lib.rules"/>
		<testcase name="no-useless-call.js" classname="- .usr.home.iojs.build.workspace.node-test-linter.tools.node_modules.eslint.lib.rules"/>
		<testcase name="no-useless-computed-key.js" classname="- .usr.home.iojs.build.workspace.node-test-linter.tools.node_modules.eslint.lib.rules"/>
		<testcase name="no-useless-concat.js" classname="- .usr.home.iojs.build.workspace.node-test-linter.tools.node_modules.eslint.lib.rules"/>
		<testcase name="no-useless-constructor.js" classname="- .usr.home.iojs.build.workspace.node-test-linter.tools.node_modules.eslint.lib.rules"/>
		<testcase name="no-useless-escape.js" classname="- .usr.home.iojs.build.workspace.node-test-linter.tools.node_modules.eslint.lib.rules"/>
		<testcase name="no-useless-rename.js" classname="- .usr.home.iojs.build.workspace.node-test-linter.tools.node_modules.eslint.lib.rules"/>
		<testcase name="no-useless-return.js" classname="- .usr.home.iojs.build.workspace.node-test-linter.tools.node_modules.eslint.lib.rules"/>
		<testcase name="no-var.js" classname="- .usr.home.iojs.build.workspace.node-test-linter.tools.node_modules.eslint.lib.rules"/>
		<testcase name="no-void.js" classname="- .usr.home.iojs.build.workspace.node-test-linter.tools.node_modules.eslint.lib.rules"/>
		<testcase name="no-warning-comments.js" classname="- .usr.home.iojs.build.workspace.node-test-linter.tools.node_modules.eslint.lib.rules"/>
		<testcase name="no-whitespace-before-property.js" classname="- .usr.home.iojs.build.workspace.node-test-linter.tools.node_modules.eslint.lib.rules"/>
		<testcase name="no-with.js" classname="- .usr.home.iojs.build.workspace.node-test-linter.tools.node_modules.eslint.lib.rules"/>
		<testcase name="nonblock-statement-body-position.js" classname="- .usr.home.iojs.build.workspace.node-test-linter.tools.node_modules.eslint.lib.rules"/>
		<testcase name="object-curly-newline.js" classname="- .usr.home.iojs.build.workspace.node-test-linter.tools.node_modules.eslint.lib.rules"/>
		<testcase name="object-curly-spacing.js" classname="- .usr.home.iojs.build.workspace.node-test-linter.tools.node_modules.eslint.lib.rules"/>
		<testcase name="object-property-newline.js" classname="- .usr.home.iojs.build.workspace.node-test-linter.tools.node_modules.eslint.lib.rules"/>
		<testcase name="object-shorthand.js" classname="- .usr.home.iojs.build.workspace.node-test-linter.tools.node_modules.eslint.lib.rules"/>
		<testcase name="one-var-declaration-per-line.js" classname="- .usr.home.iojs.build.workspace.node-test-linter.tools.node_modules.eslint.lib.rules"/>
		<testcase name="one-var.js" classname="- .usr.home.iojs.build.workspace.node-test-linter.tools.node_modules.eslint.lib.rules"/>
		<testcase name="operator-assignment.js" classname="- .usr.home.iojs.build.workspace.node-test-linter.tools.node_modules.eslint.lib.rules"/>
		<testcase name="operator-linebreak.js" classname="- .usr.home.iojs.build.workspace.node-test-linter.tools.node_modules.eslint.lib.rules"/>
		<testcase name="padded-blocks.js" classname="- .usr.home.iojs.build.workspace.node-test-linter.tools.node_modules.eslint.lib.rules"/>
		<testcase name="padding-line-between-statements.js" classname="- .usr.home.iojs.build.workspace.node-test-linter.tools.node_modules.eslint.lib.rules"/>
		<testcase name="prefer-arrow-callback.js" classname="- .usr.home.iojs.build.workspace.node-test-linter.tools.node_modules.eslint.lib.rules"/>
		<testcase name="prefer-const.js" classname="- .usr.home.iojs.build.workspace.node-test-linter.tools.node_modules.eslint.lib.rules"/>
		<testcase name="prefer-destructuring.js" classname="- .usr.home.iojs.build.workspace.node-test-linter.tools.node_modules.eslint.lib.rules"/>
		<testcase name="prefer-numeric-literals.js" classname="- .usr.home.iojs.build.workspace.node-test-linter.tools.node_modules.eslint.lib.rules"/>
		<testcase name="prefer-object-spread.js" classname="- .usr.home.iojs.build.workspace.node-test-linter.tools.node_modules.eslint.lib.rules"/>
		<testcase name="prefer-promise-reject-errors.js" classname="- .usr.home.iojs.build.workspace.node-test-linter.tools.node_modules.eslint.lib.rules"/>
		<testcase name="prefer-reflect.js" classname="- .usr.home.iojs.build.workspace.node-test-linter.tools.node_modules.eslint.lib.rules"/>
		<testcase name="prefer-rest-params.js" classname="- .usr.home.iojs.build.workspace.node-test-linter.tools.node_modules.eslint.lib.rules"/>
		<testcase name="prefer-spread.js" classname="- .usr.home.iojs.build.workspace.node-test-linter.tools.node_modules.eslint.lib.rules"/>
		<testcase name="prefer-template.js" classname="- .usr.home.iojs.build.workspace.node-test-linter.tools.node_modules.eslint.lib.rules"/>
		<testcase name="quote-props.js" classname="- .usr.home.iojs.build.workspace.node-test-linter.tools.node_modules.eslint.lib.rules"/>
		<testcase name="quotes.js" classname="- .usr.home.iojs.build.workspace.node-test-linter.tools.node_modules.eslint.lib.rules"/>
		<testcase name="radix.js" classname="- .usr.home.iojs.build.workspace.node-test-linter.tools.node_modules.eslint.lib.rules"/>
		<testcase name="require-atomic-updates.js" classname="- .usr.home.iojs.build.workspace.node-test-linter.tools.node_modules.eslint.lib.rules"/>
		<testcase name="require-await.js" classname="- .usr.home.iojs.build.workspace.node-test-linter.tools.node_modules.eslint.lib.rules"/>
		<testcase name="require-jsdoc.js" classname="- .usr.home.iojs.build.workspace.node-test-linter.tools.node_modules.eslint.lib.rules"/>
		<testcase name="require-unicode-regexp.js" classname="- .usr.home.iojs.build.workspace.node-test-linter.tools.node_modules.eslint.lib.rules"/>
		<testcase name="require-yield.js" classname="- .usr.home.iojs.build.workspace.node-test-linter.tools.node_modules.eslint.lib.rules"/>
		<testcase name="rest-spread-spacing.js" classname="- .usr.home.iojs.build.workspace.node-test-linter.tools.node_modules.eslint.lib.rules"/>
		<testcase name="semi-spacing.js" classname="- .usr.home.iojs.build.workspace.node-test-linter.tools.node_modules.eslint.lib.rules"/>
		<testcase name="semi-style.js" classname="- .usr.home.iojs.build.workspace.node-test-linter.tools.node_modules.eslint.lib.rules"/>
		<testcase name="semi.js" classname="- .usr.home.iojs.build.workspace.node-test-linter.tools.node_modules.eslint.lib.rules"/>
		<testcase name="sort-imports.js" classname="- .usr.home.iojs.build.workspace.node-test-linter.tools.node_modules.eslint.lib.rules"/>
		<testcase name="sort-keys.js" classname="- .usr.home.iojs.build.workspace.node-test-linter.tools.node_modules.eslint.lib.rules"/>
		<testcase name="sort-vars.js" classname="- .usr.home.iojs.build.workspace.node-test-linter.tools.node_modules.eslint.lib.rules"/>
		<testcase name="space-before-blocks.js" classname="- .usr.home.iojs.build.workspace.node-test-linter.tools.node_modules.eslint.lib.rules"/>
		<testcase name="space-before-function-paren.js" classname="- .usr.home.iojs.build.workspace.node-test-linter.tools.node_modules.eslint.lib.rules"/>
		<testcase name="space-in-parens.js" classname="- .usr.home.iojs.build.workspace.node-test-linter.tools.node_modules.eslint.lib.rules"/>
		<testcase name="space-infix-ops.js" classname="- .usr.home.iojs.build.workspace.node-test-linter.tools.node_modules.eslint.lib.rules"/>
		<testcase name="space-unary-ops.js" classname="- .usr.home.iojs.build.workspace.node-test-linter.tools.node_modules.eslint.lib.rules"/>
		<testcase name="spaced-comment.js" classname="- .usr.home.iojs.build.workspace.node-test-linter.tools.node_modules.eslint.lib.rules"/>
		<testcase name="strict.js" classname="- .usr.home.iojs.build.workspace.node-test-linter.tools.node_modules.eslint.lib.rules"/>
		<testcase name="switch-colon-spacing.js" classname="- .usr.home.iojs.build.workspace.node-test-linter.tools.node_modules.eslint.lib.rules"/>
		<testcase name="symbol-description.js" classname="- .usr.home.iojs.build.workspace.node-test-linter.tools.node_modules.eslint.lib.rules"/>
		<testcase name="template-curly-spacing.js" classname="- .usr.home.iojs.build.workspace.node-test-linter.tools.node_modules.eslint.lib.rules"/>
		<testcase name="template-tag-spacing.js" classname="- .usr.home.iojs.build.workspace.node-test-linter.tools.node_modules.eslint.lib.rules"/>
		<testcase name="unicode-bom.js" classname="- .usr.home.iojs.build.workspace.node-test-linter.tools.node_modules.eslint.lib.rules"/>
		<testcase name="use-isnan.js" classname="- .usr.home.iojs.build.workspace.node-test-linter.tools.node_modules.eslint.lib.rules"/>
		<testcase name="valid-jsdoc.js" classname="- .usr.home.iojs.build.workspace.node-test-linter.tools.node_modules.eslint.lib.rules"/>
		<testcase name="valid-typeof.js" classname="- .usr.home.iojs.build.workspace.node-test-linter.tools.node_modules.eslint.lib.rules"/>
		<testcase name="vars-on-top.js" classname="- .usr.home.iojs.build.workspace.node-test-linter.tools.node_modules.eslint.lib.rules"/>
		<testcase name="wrap-iife.js" classname="- .usr.home.iojs.build.workspace.node-test-linter.tools.node_modules.eslint.lib.rules"/>
		<testcase name="wrap-regex.js" classname="- .usr.home.iojs.build.workspace.node-test-linter.tools.node_modules.eslint.lib.rules"/>
		<testcase name="yield-star-spacing.js" classname="- .usr.home.iojs.build.workspace.node-test-linter.tools.node_modules.eslint.lib.rules"/>
		<testcase name="yoda.js" classname="- .usr.home.iojs.build.workspace.node-test-linter.tools.node_modules.eslint.lib.rules"/>
		<testcase name="rule-tester.js" classname="- .usr.home.iojs.build.workspace.node-test-linter.tools.node_modules.eslint.lib.testers"/>
		<testcase name="backward-token-comment-cursor.js" classname="- .usr.home.iojs.build.workspace.node-test-linter.tools.node_modules.eslint.lib.token-store"/>
		<testcase name="backward-token-cursor.js" classname="- .usr.home.iojs.build.workspace.node-test-linter.tools.node_modules.eslint.lib.token-store"/>
		<testcase name="cursor.js" classname="- .usr.home.iojs.build.workspace.node-test-linter.tools.node_modules.eslint.lib.token-store"/>
		<testcase name="cursors.js" classname="- .usr.home.iojs.build.workspace.node-test-linter.tools.node_modules.eslint.lib.token-store"/>
		<testcase name="decorative-cursor.js" classname="- .usr.home.iojs.build.workspace.node-test-linter.tools.node_modules.eslint.lib.token-store"/>
		<testcase name="filter-cursor.js" classname="- .usr.home.iojs.build.workspace.node-test-linter.tools.node_modules.eslint.lib.token-store"/>
		<testcase name="forward-token-comment-cursor.js" classname="- .usr.home.iojs.build.workspace.node-test-linter.tools.node_modules.eslint.lib.token-store"/>
		<testcase name="forward-token-cursor.js" classname="- .usr.home.iojs.build.workspace.node-test-linter.tools.node_modules.eslint.lib.token-store"/>
		<testcase name="index.js" classname="- .usr.home.iojs.build.workspace.node-test-linter.tools.node_modules.eslint.lib.token-store"/>
		<testcase name="limit-cursor.js" classname="- .usr.home.iojs.build.workspace.node-test-linter.tools.node_modules.eslint.lib.token-store"/>
		<testcase name="padded-token-cursor.js" classname="- .usr.home.iojs.build.workspace.node-test-linter.tools.node_modules.eslint.lib.token-store"/>
		<testcase name="skip-cursor.js" classname="- .usr.home.iojs.build.workspace.node-test-linter.tools.node_modules.eslint.lib.token-store"/>
		<testcase name="utils.js" classname="- .usr.home.iojs.build.workspace.node-test-linter.tools.node_modules.eslint.lib.token-store"/>
		<testcase name="ajv.js" classname="- .usr.home.iojs.build.workspace.node-test-linter.tools.node_modules.eslint.lib.util"/>
		<testcase name="apply-disable-directives.js" classname="- .usr.home.iojs.build.workspace.node-test-linter.tools.node_modules.eslint.lib.util"/>
		<testcase name="ast-utils.js" classname="- .usr.home.iojs.build.workspace.node-test-linter.tools.node_modules.eslint.lib.util"/>
		<testcase name="file-finder.js" classname="- .usr.home.iojs.build.workspace.node-test-linter.tools.node_modules.eslint.lib.util"/>
		<testcase name="fix-tracker.js" classname="- .usr.home.iojs.build.workspace.node-test-linter.tools.node_modules.eslint.lib.util"/>
		<testcase name="glob-utils.js" classname="- .usr.home.iojs.build.workspace.node-test-linter.tools.node_modules.eslint.lib.util"/>
		<testcase name="glob.js" classname="- .usr.home.iojs.build.workspace.node-test-linter.tools.node_modules.eslint.lib.util"/>
		<testcase name="hash.js" classname="- .usr.home.iojs.build.workspace.node-test-linter.tools.node_modules.eslint.lib.util"/>
		<testcase name="interpolate.js" classname="- .usr.home.iojs.build.workspace.node-test-linter.tools.node_modules.eslint.lib.util"/>
		<testcase name="keywords.js" classname="- .usr.home.iojs.build.workspace.node-test-linter.tools.node_modules.eslint.lib.util"/>
		<testcase name="lint-result-cache.js" classname="- .usr.home.iojs.build.workspace.node-test-linter.tools.node_modules.eslint.lib.util"/>
		<testcase name="logging.js" classname="- .usr.home.iojs.build.workspace.node-test-linter.tools.node_modules.eslint.lib.util"/>
		<testcase name="module-resolver.js" classname="- .usr.home.iojs.build.workspace.node-test-linter.tools.node_modules.eslint.lib.util"/>
		<testcase name="naming.js" classname="- .usr.home.iojs.build.workspace.node-test-linter.tools.node_modules.eslint.lib.util"/>
		<testcase name="node-event-generator.js" classname="- .usr.home.iojs.build.workspace.node-test-linter.tools.node_modules.eslint.lib.util"/>
		<testcase name="npm-utils.js" classname="- .usr.home.iojs.build.workspace.node-test-linter.tools.node_modules.eslint.lib.util"/>
		<testcase name="path-utils.js" classname="- .usr.home.iojs.build.workspace.node-test-linter.tools.node_modules.eslint.lib.util"/>
		<testcase name="letters.js" classname="- .usr.home.iojs.build.workspace.node-test-linter.tools.node_modules.eslint.lib.util.patterns"/>
		<testcase name="rule-fixer.js" classname="- .usr.home.iojs.build.workspace.node-test-linter.tools.node_modules.eslint.lib.util"/>
		<testcase name="safe-emitter.js" classname="- .usr.home.iojs.build.workspace.node-test-linter.tools.node_modules.eslint.lib.util"/>
		<testcase name="source-code-fixer.js" classname="- .usr.home.iojs.build.workspace.node-test-linter.tools.node_modules.eslint.lib.util"/>
		<testcase name="source-code-utils.js" classname="- .usr.home.iojs.build.workspace.node-test-linter.tools.node_modules.eslint.lib.util"/>
		<testcase name="source-code.js" classname="- .usr.home.iojs.build.workspace.node-test-linter.tools.node_modules.eslint.lib.util"/>
		<testcase name="timing.js" classname="- .usr.home.iojs.build.workspace.node-test-linter.tools.node_modules.eslint.lib.util"/>
		<testcase name="traverser.js" classname="- .usr.home.iojs.build.workspace.node-test-linter.tools.node_modules.eslint.lib.util"/>
		<testcase name="index.js" classname="- .usr.home.iojs.build.workspace.node-test-linter.tools.node_modules.eslint.lib.util.unicode"/>
		<testcase name="is-combining-character.js" classname="- .usr.home.iojs.build.workspace.node-test-linter.tools.node_modules.eslint.lib.util.unicode"/>
		<testcase name="is-emoji-modifier.js" classname="- .usr.home.iojs.build.workspace.node-test-linter.tools.node_modules.eslint.lib.util.unicode"/>
		<testcase name="is-regional-indicator-symbol.js" classname="- .usr.home.iojs.build.workspace.node-test-linter.tools.node_modules.eslint.lib.util.unicode"/>
		<testcase name="is-surrogate-pair.js" classname="- .usr.home.iojs.build.workspace.node-test-linter.tools.node_modules.eslint.lib.util.unicode"/>
		<testcase name="xml-escape.js" classname="- .usr.home.iojs.build.workspace.node-test-linter.tools.node_modules.eslint.lib.util"/>
		<testcase name="index.js" classname="- .usr.home.iojs.build.workspace.node-test-linter.tools.node_modules.eslint.node_modules.@babel.code-frame.lib"/>
		<testcase name="README.md" classname="- .usr.home.iojs.build.workspace.node-test-linter.tools.node_modules.eslint.node_modules.@babel.code-frame"/>
		<testcase name="index.js" classname="- .usr.home.iojs.build.workspace.node-test-linter.tools.node_modules.eslint.node_modules.@babel.highlight.lib"/>
		<testcase name="README.md" classname="- .usr.home.iojs.build.workspace.node-test-linter.tools.node_modules.eslint.node_modules.@babel.highlight"/>
		<testcase name="index.js" classname="- .usr.home.iojs.build.workspace.node-test-linter.tools.node_modules.eslint.node_modules.acorn-jsx"/>
		<testcase name="inject.js" classname="- .usr.home.iojs.build.workspace.node-test-linter.tools.node_modules.eslint.node_modules.acorn-jsx"/>
		<testcase name="README.md" classname="- .usr.home.iojs.build.workspace.node-test-linter.tools.node_modules.eslint.node_modules.acorn-jsx"/>
		<testcase name="xhtml.js" classname="- .usr.home.iojs.build.workspace.node-test-linter.tools.node_modules.eslint.node_modules.acorn-jsx"/>
		<testcase name="_acorn.js" classname="- .usr.home.iojs.build.workspace.node-test-linter.tools.node_modules.eslint.node_modules.acorn.bin"/>
		<testcase name="run_test262.js" classname="- .usr.home.iojs.build.workspace.node-test-linter.tools.node_modules.eslint.node_modules.acorn.bin"/>
		<testcase name="acorn_loose.es.js" classname="- .usr.home.iojs.build.workspace.node-test-linter.tools.node_modules.eslint.node_modules.acorn.dist"/>
		<testcase name="acorn_loose.js" classname="- .usr.home.iojs.build.workspace.node-test-linter.tools.node_modules.eslint.node_modules.acorn.dist"/>
		<testcase name="acorn.es.js" classname="- .usr.home.iojs.build.workspace.node-test-linter.tools.node_modules.eslint.node_modules.acorn.dist"/>
		<testcase name="acorn.js" classname="- .usr.home.iojs.build.workspace.node-test-linter.tools.node_modules.eslint.node_modules.acorn.dist"/>
		<testcase name="walk.es.js" classname="- .usr.home.iojs.build.workspace.node-test-linter.tools.node_modules.eslint.node_modules.acorn.dist"/>
		<testcase name="walk.js" classname="- .usr.home.iojs.build.workspace.node-test-linter.tools.node_modules.eslint.node_modules.acorn.dist"/>
		<testcase name="README.md" classname="- .usr.home.iojs.build.workspace.node-test-linter.tools.node_modules.eslint.node_modules.acorn"/>
		<testcase name="index.js" classname="- .usr.home.iojs.build.workspace.node-test-linter.tools.node_modules.eslint.node_modules.ajv-keywords"/>
		<testcase name="_formatLimit.js" classname="- .usr.home.iojs.build.workspace.node-test-linter.tools.node_modules.eslint.node_modules.ajv-keywords.keywords"/>
		<testcase name="_util.js" classname="- .usr.home.iojs.build.workspace.node-test-linter.tools.node_modules.eslint.node_modules.ajv-keywords.keywords"/>
		<testcase name="deepProperties.js" classname="- .usr.home.iojs.build.workspace.node-test-linter.tools.node_modules.eslint.node_modules.ajv-keywords.keywords"/>
		<testcase name="deepRequired.js" classname="- .usr.home.iojs.build.workspace.node-test-linter.tools.node_modules.eslint.node_modules.ajv-keywords.keywords"/>
		<testcase name="_formatLimit.js" classname="- .usr.home.iojs.build.workspace.node-test-linter.tools.node_modules.eslint.node_modules.ajv-keywords.keywords.dotjs"/>
		<testcase name="patternRequired.js" classname="- .usr.home.iojs.build.workspace.node-test-linter.tools.node_modules.eslint.node_modules.ajv-keywords.keywords.dotjs"/>
		<testcase name="README.md" classname="- .usr.home.iojs.build.workspace.node-test-linter.tools.node_modules.eslint.node_modules.ajv-keywords.keywords.dotjs"/>
		<testcase name="switch.js" classname="- .usr.home.iojs.build.workspace.node-test-linter.tools.node_modules.eslint.node_modules.ajv-keywords.keywords.dotjs"/>
		<testcase name="dynamicDefaults.js" classname="- .usr.home.iojs.build.workspace.node-test-linter.tools.node_modules.eslint.node_modules.ajv-keywords.keywords"/>
		<testcase name="formatMaximum.js" classname="- .usr.home.iojs.build.workspace.node-test-linter.tools.node_modules.eslint.node_modules.ajv-keywords.keywords"/>
		<testcase name="formatMinimum.js" classname="- .usr.home.iojs.build.workspace.node-test-linter.tools.node_modules.eslint.node_modules.ajv-keywords.keywords"/>
		<testcase name="index.js" classname="- .usr.home.iojs.build.workspace.node-test-linter.tools.node_modules.eslint.node_modules.ajv-keywords.keywords"/>
		<testcase name="instanceof.js" classname="- .usr.home.iojs.build.workspace.node-test-linter.tools.node_modules.eslint.node_modules.ajv-keywords.keywords"/>
		<testcase name="patternRequired.js" classname="- .usr.home.iojs.build.workspace.node-test-linter.tools.node_modules.eslint.node_modules.ajv-keywords.keywords"/>
		<testcase name="prohibited.js" classname="- .usr.home.iojs.build.workspace.node-test-linter.tools.node_modules.eslint.node_modules.ajv-keywords.keywords"/>
		<testcase name="range.js" classname="- .usr.home.iojs.build.workspace.node-test-linter.tools.node_modules.eslint.node_modules.ajv-keywords.keywords"/>
		<testcase name="regexp.js" classname="- .usr.home.iojs.build.workspace.node-test-linter.tools.node_modules.eslint.node_modules.ajv-keywords.keywords"/>
		<testcase name="select.js" classname="- .usr.home.iojs.build.workspace.node-test-linter.tools.node_modules.eslint.node_modules.ajv-keywords.keywords"/>
		<testcase name="switch.js" classname="- .usr.home.iojs.build.workspace.node-test-linter.tools.node_modules.eslint.node_modules.ajv-keywords.keywords"/>
		<testcase name="transform.js" classname="- .usr.home.iojs.build.workspace.node-test-linter.tools.node_modules.eslint.node_modules.ajv-keywords.keywords"/>
		<testcase name="typeof.js" classname="- .usr.home.iojs.build.workspace.node-test-linter.tools.node_modules.eslint.node_modules.ajv-keywords.keywords"/>
		<testcase name="uniqueItemProperties.js" classname="- .usr.home.iojs.build.workspace.node-test-linter.tools.node_modules.eslint.node_modules.ajv-keywords.keywords"/>
		<testcase name="README.md" classname="- .usr.home.iojs.build.workspace.node-test-linter.tools.node_modules.eslint.node_modules.ajv-keywords"/>
		<testcase name="ajv.bundle.js" classname="- .usr.home.iojs.build.workspace.node-test-linter.tools.node_modules.eslint.node_modules.ajv.dist"/>
		<testcase name="ajv.min.js" classname="- .usr.home.iojs.build.workspace.node-test-linter.tools.node_modules.eslint.node_modules.ajv.dist"/>
		<testcase name="ajv.js" classname="- .usr.home.iojs.build.workspace.node-test-linter.tools.node_modules.eslint.node_modules.ajv.lib"/>
		<testcase name="cache.js" classname="- .usr.home.iojs.build.workspace.node-test-linter.tools.node_modules.eslint.node_modules.ajv.lib"/>
		<testcase name="async.js" classname="- .usr.home.iojs.build.workspace.node-test-linter.tools.node_modules.eslint.node_modules.ajv.lib.compile"/>
		<testcase name="equal.js" classname="- .usr.home.iojs.build.workspace.node-test-linter.tools.node_modules.eslint.node_modules.ajv.lib.compile"/>
		<testcase name="error_classes.js" classname="- .usr.home.iojs.build.workspace.node-test-linter.tools.node_modules.eslint.node_modules.ajv.lib.compile"/>
		<testcase name="formats.js" classname="- .usr.home.iojs.build.workspace.node-test-linter.tools.node_modules.eslint.node_modules.ajv.lib.compile"/>
		<testcase name="index.js" classname="- .usr.home.iojs.build.workspace.node-test-linter.tools.node_modules.eslint.node_modules.ajv.lib.compile"/>
		<testcase name="resolve.js" classname="- .usr.home.iojs.build.workspace.node-test-linter.tools.node_modules.eslint.node_modules.ajv.lib.compile"/>
		<testcase name="rules.js" classname="- .usr.home.iojs.build.workspace.node-test-linter.tools.node_modules.eslint.node_modules.ajv.lib.compile"/>
		<testcase name="schema_obj.js" classname="- .usr.home.iojs.build.workspace.node-test-linter.tools.node_modules.eslint.node_modules.ajv.lib.compile"/>
		<testcase name="ucs2length.js" classname="- .usr.home.iojs.build.workspace.node-test-linter.tools.node_modules.eslint.node_modules.ajv.lib.compile"/>
		<testcase name="util.js" classname="- .usr.home.iojs.build.workspace.node-test-linter.tools.node_modules.eslint.node_modules.ajv.lib.compile"/>
		<testcase name="data.js" classname="- .usr.home.iojs.build.workspace.node-test-linter.tools.node_modules.eslint.node_modules.ajv.lib"/>
		<testcase name="_limit.js" classname="- .usr.home.iojs.build.workspace.node-test-linter.tools.node_modules.eslint.node_modules.ajv.lib.dotjs"/>
		<testcase name="_limitItems.js" classname="- .usr.home.iojs.build.workspace.node-test-linter.tools.node_modules.eslint.node_modules.ajv.lib.dotjs"/>
		<testcase name="_limitLength.js" classname="- .usr.home.iojs.build.workspace.node-test-linter.tools.node_modules.eslint.node_modules.ajv.lib.dotjs"/>
		<testcase name="_limitProperties.js" classname="- .usr.home.iojs.build.workspace.node-test-linter.tools.node_modules.eslint.node_modules.ajv.lib.dotjs"/>
		<testcase name="allOf.js" classname="- .usr.home.iojs.build.workspace.node-test-linter.tools.node_modules.eslint.node_modules.ajv.lib.dotjs"/>
		<testcase name="anyOf.js" classname="- .usr.home.iojs.build.workspace.node-test-linter.tools.node_modules.eslint.node_modules.ajv.lib.dotjs"/>
		<testcase name="comment.js" classname="- .usr.home.iojs.build.workspace.node-test-linter.tools.node_modules.eslint.node_modules.ajv.lib.dotjs"/>
		<testcase name="const.js" classname="- .usr.home.iojs.build.workspace.node-test-linter.tools.node_modules.eslint.node_modules.ajv.lib.dotjs"/>
		<testcase name="contains.js" classname="- .usr.home.iojs.build.workspace.node-test-linter.tools.node_modules.eslint.node_modules.ajv.lib.dotjs"/>
		<testcase name="custom.js" classname="- .usr.home.iojs.build.workspace.node-test-linter.tools.node_modules.eslint.node_modules.ajv.lib.dotjs"/>
		<testcase name="dependencies.js" classname="- .usr.home.iojs.build.workspace.node-test-linter.tools.node_modules.eslint.node_modules.ajv.lib.dotjs"/>
		<testcase name="enum.js" classname="- .usr.home.iojs.build.workspace.node-test-linter.tools.node_modules.eslint.node_modules.ajv.lib.dotjs"/>
		<testcase name="format.js" classname="- .usr.home.iojs.build.workspace.node-test-linter.tools.node_modules.eslint.node_modules.ajv.lib.dotjs"/>
		<testcase name="if.js" classname="- .usr.home.iojs.build.workspace.node-test-linter.tools.node_modules.eslint.node_modules.ajv.lib.dotjs"/>
		<testcase name="index.js" classname="- .usr.home.iojs.build.workspace.node-test-linter.tools.node_modules.eslint.node_modules.ajv.lib.dotjs"/>
		<testcase name="items.js" classname="- .usr.home.iojs.build.workspace.node-test-linter.tools.node_modules.eslint.node_modules.ajv.lib.dotjs"/>
		<testcase name="multipleOf.js" classname="- .usr.home.iojs.build.workspace.node-test-linter.tools.node_modules.eslint.node_modules.ajv.lib.dotjs"/>
		<testcase name="not.js" classname="- .usr.home.iojs.build.workspace.node-test-linter.tools.node_modules.eslint.node_modules.ajv.lib.dotjs"/>
		<testcase name="oneOf.js" classname="- .usr.home.iojs.build.workspace.node-test-linter.tools.node_modules.eslint.node_modules.ajv.lib.dotjs"/>
		<testcase name="pattern.js" classname="- .usr.home.iojs.build.workspace.node-test-linter.tools.node_modules.eslint.node_modules.ajv.lib.dotjs"/>
		<testcase name="properties.js" classname="- .usr.home.iojs.build.workspace.node-test-linter.tools.node_modules.eslint.node_modules.ajv.lib.dotjs"/>
		<testcase name="propertyNames.js" classname="- .usr.home.iojs.build.workspace.node-test-linter.tools.node_modules.eslint.node_modules.ajv.lib.dotjs"/>
		<testcase name="README.md" classname="- .usr.home.iojs.build.workspace.node-test-linter.tools.node_modules.eslint.node_modules.ajv.lib.dotjs"/>
		<testcase name="ref.js" classname="- .usr.home.iojs.build.workspace.node-test-linter.tools.node_modules.eslint.node_modules.ajv.lib.dotjs"/>
		<testcase name="required.js" classname="- .usr.home.iojs.build.workspace.node-test-linter.tools.node_modules.eslint.node_modules.ajv.lib.dotjs"/>
		<testcase name="uniqueItems.js" classname="- .usr.home.iojs.build.workspace.node-test-linter.tools.node_modules.eslint.node_modules.ajv.lib.dotjs"/>
		<testcase name="validate.js" classname="- .usr.home.iojs.build.workspace.node-test-linter.tools.node_modules.eslint.node_modules.ajv.lib.dotjs"/>
		<testcase name="keyword.js" classname="- .usr.home.iojs.build.workspace.node-test-linter.tools.node_modules.eslint.node_modules.ajv.lib"/>
		<testcase name="README.md" classname="- .usr.home.iojs.build.workspace.node-test-linter.tools.node_modules.eslint.node_modules.ajv"/>
		<testcase name="bundle.js" classname="- .usr.home.iojs.build.workspace.node-test-linter.tools.node_modules.eslint.node_modules.ajv.scripts"/>
		<testcase name="compile-dots.js" classname="- .usr.home.iojs.build.workspace.node-test-linter.tools.node_modules.eslint.node_modules.ajv.scripts"/>
		<testcase name="index.js" classname="- .usr.home.iojs.build.workspace.node-test-linter.tools.node_modules.eslint.node_modules.ansi-escapes"/>
		<testcase name="readme.md" classname="- .usr.home.iojs.build.workspace.node-test-linter.tools.node_modules.eslint.node_modules.ansi-escapes"/>
		<testcase name="index.js" classname="- .usr.home.iojs.build.workspace.node-test-linter.tools.node_modules.eslint.node_modules.ansi-regex"/>
		<testcase name="readme.md" classname="- .usr.home.iojs.build.workspace.node-test-linter.tools.node_modules.eslint.node_modules.ansi-regex"/>
		<testcase name="index.js" classname="- .usr.home.iojs.build.workspace.node-test-linter.tools.node_modules.eslint.node_modules.ansi-styles"/>
		<testcase name="readme.md" classname="- .usr.home.iojs.build.workspace.node-test-linter.tools.node_modules.eslint.node_modules.ansi-styles"/>
		<testcase name="index.js" classname="- .usr.home.iojs.build.workspace.node-test-linter.tools.node_modules.eslint.node_modules.argparse"/>
		<testcase name="action_container.js" classname="- .usr.home.iojs.build.workspace.node-test-linter.tools.node_modules.eslint.node_modules.argparse.lib"/>
		<testcase name="action.js" classname="- .usr.home.iojs.build.workspace.node-test-linter.tools.node_modules.eslint.node_modules.argparse.lib"/>
		<testcase name="append.js" classname="- .usr.home.iojs.build.workspace.node-test-linter.tools.node_modules.eslint.node_modules.argparse.lib.action"/>
		<testcase name="constant.js" classname="- .usr.home.iojs.build.workspace.node-test-linter.tools.node_modules.eslint.node_modules.argparse.lib.action.append"/>
		<testcase name="count.js" classname="- .usr.home.iojs.build.workspace.node-test-linter.tools.node_modules.eslint.node_modules.argparse.lib.action"/>
		<testcase name="help.js" classname="- .usr.home.iojs.build.workspace.node-test-linter.tools.node_modules.eslint.node_modules.argparse.lib.action"/>
		<testcase name="store.js" classname="- .usr.home.iojs.build.workspace.node-test-linter.tools.node_modules.eslint.node_modules.argparse.lib.action"/>
		<testcase name="constant.js" classname="- .usr.home.iojs.build.workspace.node-test-linter.tools.node_modules.eslint.node_modules.argparse.lib.action.store"/>
		<testcase name="false.js" classname="- .usr.home.iojs.build.workspace.node-test-linter.tools.node_modules.eslint.node_modules.argparse.lib.action.store"/>
		<testcase name="true.js" classname="- .usr.home.iojs.build.workspace.node-test-linter.tools.node_modules.eslint.node_modules.argparse.lib.action.store"/>
		<testcase name="subparsers.js" classname="- .usr.home.iojs.build.workspace.node-test-linter.tools.node_modules.eslint.node_modules.argparse.lib.action"/>
		<testcase name="version.js" classname="- .usr.home.iojs.build.workspace.node-test-linter.tools.node_modules.eslint.node_modules.argparse.lib.action"/>
		<testcase name="argparse.js" classname="- .usr.home.iojs.build.workspace.node-test-linter.tools.node_modules.eslint.node_modules.argparse.lib"/>
		<testcase name="argument_parser.js" classname="- .usr.home.iojs.build.workspace.node-test-linter.tools.node_modules.eslint.node_modules.argparse.lib"/>
		<testcase name="error.js" classname="- .usr.home.iojs.build.workspace.node-test-linter.tools.node_modules.eslint.node_modules.argparse.lib.argument"/>
		<testcase name="exclusive.js" classname="- .usr.home.iojs.build.workspace.node-test-linter.tools.node_modules.eslint.node_modules.argparse.lib.argument"/>
		<testcase name="group.js" classname="- .usr.home.iojs.build.workspace.node-test-linter.tools.node_modules.eslint.node_modules.argparse.lib.argument"/>
		<testcase name="const.js" classname="- .usr.home.iojs.build.workspace.node-test-linter.tools.node_modules.eslint.node_modules.argparse.lib"/>
		<testcase name="added_formatters.js" classname="- .usr.home.iojs.build.workspace.node-test-linter.tools.node_modules.eslint.node_modules.argparse.lib.help"/>
		<testcase name="formatter.js" classname="- .usr.home.iojs.build.workspace.node-test-linter.tools.node_modules.eslint.node_modules.argparse.lib.help"/>
		<testcase name="namespace.js" classname="- .usr.home.iojs.build.workspace.node-test-linter.tools.node_modules.eslint.node_modules.argparse.lib"/>
		<testcase name="utils.js" classname="- .usr.home.iojs.build.workspace.node-test-linter.tools.node_modules.eslint.node_modules.argparse.lib"/>
		<testcase name="README.md" classname="- .usr.home.iojs.build.workspace.node-test-linter.tools.node_modules.eslint.node_modules.argparse"/>
		<testcase name="index.js" classname="- .usr.home.iojs.build.workspace.node-test-linter.tools.node_modules.eslint.node_modules.array-union"/>
		<testcase name="readme.md" classname="- .usr.home.iojs.build.workspace.node-test-linter.tools.node_modules.eslint.node_modules.array-union"/>
		<testcase name="index.js" classname="- .usr.home.iojs.build.workspace.node-test-linter.tools.node_modules.eslint.node_modules.array-uniq"/>
		<testcase name="readme.md" classname="- .usr.home.iojs.build.workspace.node-test-linter.tools.node_modules.eslint.node_modules.array-uniq"/>
		<testcase name="index.js" classname="- .usr.home.iojs.build.workspace.node-test-linter.tools.node_modules.eslint.node_modules.arrify"/>
		<testcase name="readme.md" classname="- .usr.home.iojs.build.workspace.node-test-linter.tools.node_modules.eslint.node_modules.arrify"/>
		<testcase name="index.js" classname="- .usr.home.iojs.build.workspace.node-test-linter.tools.node_modules.eslint.node_modules.bail"/>
		<testcase name="readme.md" classname="- .usr.home.iojs.build.workspace.node-test-linter.tools.node_modules.eslint.node_modules.bail"/>
		<testcase name="index.js" classname="- .usr.home.iojs.build.workspace.node-test-linter.tools.node_modules.eslint.node_modules.balanced-match"/>
		<testcase name="LICENSE.md" classname="- .usr.home.iojs.build.workspace.node-test-linter.tools.node_modules.eslint.node_modules.balanced-match"/>
		<testcase name="README.md" classname="- .usr.home.iojs.build.workspace.node-test-linter.tools.node_modules.eslint.node_modules.balanced-match"/>
		<testcase name="index.js" classname="- .usr.home.iojs.build.workspace.node-test-linter.tools.node_modules.eslint.node_modules.brace-expansion"/>
		<testcase name="README.md" classname="- .usr.home.iojs.build.workspace.node-test-linter.tools.node_modules.eslint.node_modules.brace-expansion"/>
		<testcase name="index.js" classname="- .usr.home.iojs.build.workspace.node-test-linter.tools.node_modules.eslint.node_modules.caller-path"/>
		<testcase name="readme.md" classname="- .usr.home.iojs.build.workspace.node-test-linter.tools.node_modules.eslint.node_modules.caller-path"/>
		<testcase name="index.js" classname="- .usr.home.iojs.build.workspace.node-test-linter.tools.node_modules.eslint.node_modules.callsites"/>
		<testcase name="readme.md" classname="- .usr.home.iojs.build.workspace.node-test-linter.tools.node_modules.eslint.node_modules.callsites"/>
		<testcase name="index.js" classname="- .usr.home.iojs.build.workspace.node-test-linter.tools.node_modules.eslint.node_modules.chalk"/>
		<testcase name="readme.md" classname="- .usr.home.iojs.build.workspace.node-test-linter.tools.node_modules.eslint.node_modules.chalk"/>
		<testcase name="templates.js" classname="- .usr.home.iojs.build.workspace.node-test-linter.tools.node_modules.eslint.node_modules.chalk"/>
		<testcase name="readme.md" classname="- .usr.home.iojs.build.workspace.node-test-linter.tools.node_modules.eslint.node_modules.character-entities-legacy"/>
		<testcase name="readme.md" classname="- .usr.home.iojs.build.workspace.node-test-linter.tools.node_modules.eslint.node_modules.character-entities"/>
		<testcase name="readme.md" classname="- .usr.home.iojs.build.workspace.node-test-linter.tools.node_modules.eslint.node_modules.character-reference-invalid"/>
		<testcase name="iso2022.js" classname="- .usr.home.iojs.build.workspace.node-test-linter.tools.node_modules.eslint.node_modules.chardet.encoding"/>
		<testcase name="mbcs.js" classname="- .usr.home.iojs.build.workspace.node-test-linter.tools.node_modules.eslint.node_modules.chardet.encoding"/>
		<testcase name="sbcs.js" classname="- .usr.home.iojs.build.workspace.node-test-linter.tools.node_modules.eslint.node_modules.chardet.encoding"/>
		<testcase name="unicode.js" classname="- .usr.home.iojs.build.workspace.node-test-linter.tools.node_modules.eslint.node_modules.chardet.encoding"/>
		<testcase name="utf8.js" classname="- .usr.home.iojs.build.workspace.node-test-linter.tools.node_modules.eslint.node_modules.chardet.encoding"/>
		<testcase name="index.js" classname="- .usr.home.iojs.build.workspace.node-test-linter.tools.node_modules.eslint.node_modules.chardet"/>
		<testcase name="match.js" classname="- .usr.home.iojs.build.workspace.node-test-linter.tools.node_modules.eslint.node_modules.chardet"/>
		<testcase name="README.md" classname="- .usr.home.iojs.build.workspace.node-test-linter.tools.node_modules.eslint.node_modules.chardet"/>
		<testcase name="circular-json.js" classname="- .usr.home.iojs.build.workspace.node-test-linter.tools.node_modules.eslint.node_modules.circular-json.build"/>
		<testcase name="circular-json.max.js" classname="- .usr.home.iojs.build.workspace.node-test-linter.tools.node_modules.eslint.node_modules.circular-json.build"/>
		<testcase name="circular-json.node.js" classname="- .usr.home.iojs.build.workspace.node-test-linter.tools.node_modules.eslint.node_modules.circular-json.build"/>
		<testcase name="README.md" classname="- .usr.home.iojs.build.workspace.node-test-linter.tools.node_modules.eslint.node_modules.circular-json"/>
		<testcase name="index.js" classname="- .usr.home.iojs.build.workspace.node-test-linter.tools.node_modules.eslint.node_modules.cli-cursor"/>
		<testcase name="readme.md" classname="- .usr.home.iojs.build.workspace.node-test-linter.tools.node_modules.eslint.node_modules.cli-cursor"/>
		<testcase name="index.js" classname="- .usr.home.iojs.build.workspace.node-test-linter.tools.node_modules.eslint.node_modules.cli-width"/>
		<testcase name="README.md" classname="- .usr.home.iojs.build.workspace.node-test-linter.tools.node_modules.eslint.node_modules.cli-width"/>
		<testcase name="index.js" classname="- .usr.home.iojs.build.workspace.node-test-linter.tools.node_modules.eslint.node_modules.collapse-white-space"/>
		<testcase name="readme.md" classname="- .usr.home.iojs.build.workspace.node-test-linter.tools.node_modules.eslint.node_modules.collapse-white-space"/>
		<testcase name="conversions.js" classname="- .usr.home.iojs.build.workspace.node-test-linter.tools.node_modules.eslint.node_modules.color-convert"/>
		<testcase name="index.js" classname="- .usr.home.iojs.build.workspace.node-test-linter.tools.node_modules.eslint.node_modules.color-convert"/>
		<testcase name="README.md" classname="- .usr.home.iojs.build.workspace.node-test-linter.tools.node_modules.eslint.node_modules.color-convert"/>
		<testcase name="route.js" classname="- .usr.home.iojs.build.workspace.node-test-linter.tools.node_modules.eslint.node_modules.color-convert"/>
		<testcase name="index.js" classname="- .usr.home.iojs.build.workspace.node-test-linter.tools.node_modules.eslint.node_modules.color-name"/>
		<testcase name="README.md" classname="- .usr.home.iojs.build.workspace.node-test-linter.tools.node_modules.eslint.node_modules.color-name"/>
		<testcase name="index.js" classname="- .usr.home.iojs.build.workspace.node-test-linter.tools.node_modules.eslint.node_modules.concat-map"/>
		<testcase name="index.js" classname="- .usr.home.iojs.build.workspace.node-test-linter.tools.node_modules.eslint.node_modules.cross-spawn"/>
		<testcase name="enoent.js" classname="- .usr.home.iojs.build.workspace.node-test-linter.tools.node_modules.eslint.node_modules.cross-spawn.lib"/>
		<testcase name="parse.js" classname="- .usr.home.iojs.build.workspace.node-test-linter.tools.node_modules.eslint.node_modules.cross-spawn.lib"/>
		<testcase name="escape.js" classname="- .usr.home.iojs.build.workspace.node-test-linter.tools.node_modules.eslint.node_modules.cross-spawn.lib.util"/>
		<testcase name="readShebang.js" classname="- .usr.home.iojs.build.workspace.node-test-linter.tools.node_modules.eslint.node_modules.cross-spawn.lib.util"/>
		<testcase name="resolveCommand.js" classname="- .usr.home.iojs.build.workspace.node-test-linter.tools.node_modules.eslint.node_modules.cross-spawn.lib.util"/>
		<testcase name="README.md" classname="- .usr.home.iojs.build.workspace.node-test-linter.tools.node_modules.eslint.node_modules.cross-spawn"/>
		<testcase name="karma.conf.js" classname="- .usr.home.iojs.build.workspace.node-test-linter.tools.node_modules.eslint.node_modules.debug"/>
		<testcase name="node.js" classname="- .usr.home.iojs.build.workspace.node-test-linter.tools.node_modules.eslint.node_modules.debug"/>
		<testcase name="README.md" classname="- .usr.home.iojs.build.workspace.node-test-linter.tools.node_modules.eslint.node_modules.debug"/>
		<testcase name="browser.js" classname="- .usr.home.iojs.build.workspace.node-test-linter.tools.node_modules.eslint.node_modules.debug.src"/>
		<testcase name="debug.js" classname="- .usr.home.iojs.build.workspace.node-test-linter.tools.node_modules.eslint.node_modules.debug.src"/>
		<testcase name="index.js" classname="- .usr.home.iojs.build.workspace.node-test-linter.tools.node_modules.eslint.node_modules.debug.src"/>
		<testcase name="node.js" classname="- .usr.home.iojs.build.workspace.node-test-linter.tools.node_modules.eslint.node_modules.debug.src"/>
		<testcase name="index.js" classname="- .usr.home.iojs.build.workspace.node-test-linter.tools.node_modules.eslint.node_modules.deep-is"/>
		<testcase name="index.js" classname="- .usr.home.iojs.build.workspace.node-test-linter.tools.node_modules.eslint.node_modules.del"/>
		<testcase name="readme.md" classname="- .usr.home.iojs.build.workspace.node-test-linter.tools.node_modules.eslint.node_modules.del"/>
		<testcase name="doctrine.js" classname="- .usr.home.iojs.build.workspace.node-test-linter.tools.node_modules.eslint.node_modules.doctrine.lib"/>
		<testcase name="typed.js" classname="- .usr.home.iojs.build.workspace.node-test-linter.tools.node_modules.eslint.node_modules.doctrine.lib"/>
		<testcase name="utility.js" classname="- .usr.home.iojs.build.workspace.node-test-linter.tools.node_modules.eslint.node_modules.doctrine.lib"/>
		<testcase name="README.md" classname="- .usr.home.iojs.build.workspace.node-test-linter.tools.node_modules.eslint.node_modules.doctrine"/>
		<testcase name="index.js" classname="- .usr.home.iojs.build.workspace.node-test-linter.tools.node_modules.eslint.node_modules.escape-string-regexp"/>
		<testcase name="readme.md" classname="- .usr.home.iojs.build.workspace.node-test-linter.tools.node_modules.eslint.node_modules.escape-string-regexp"/>
		<testcase name="index.js" classname="- .usr.home.iojs.build.workspace.node-test-linter.tools.node_modules.eslint.node_modules.eslint-plugin-markdown"/>
		<testcase name="index.js" classname="- .usr.home.iojs.build.workspace.node-test-linter.tools.node_modules.eslint.node_modules.eslint-plugin-markdown.lib"/>
		<testcase name="processor.js" classname="- .usr.home.iojs.build.workspace.node-test-linter.tools.node_modules.eslint.node_modules.eslint-plugin-markdown.lib"/>
		<testcase name="README.md" classname="- .usr.home.iojs.build.workspace.node-test-linter.tools.node_modules.eslint.node_modules.eslint-plugin-markdown"/>
		<testcase name="definition.js" classname="- .usr.home.iojs.build.workspace.node-test-linter.tools.node_modules.eslint.node_modules.eslint-scope.lib"/>
		<testcase name="index.js" classname="- .usr.home.iojs.build.workspace.node-test-linter.tools.node_modules.eslint.node_modules.eslint-scope.lib"/>
		<testcase name="pattern-visitor.js" classname="- .usr.home.iojs.build.workspace.node-test-linter.tools.node_modules.eslint.node_modules.eslint-scope.lib"/>
		<testcase name="reference.js" classname="- .usr.home.iojs.build.workspace.node-test-linter.tools.node_modules.eslint.node_modules.eslint-scope.lib"/>
		<testcase name="referencer.js" classname="- .usr.home.iojs.build.workspace.node-test-linter.tools.node_modules.eslint.node_modules.eslint-scope.lib"/>
		<testcase name="scope-manager.js" classname="- .usr.home.iojs.build.workspace.node-test-linter.tools.node_modules.eslint.node_modules.eslint-scope.lib"/>
		<testcase name="scope.js" classname="- .usr.home.iojs.build.workspace.node-test-linter.tools.node_modules.eslint.node_modules.eslint-scope.lib"/>
		<testcase name="variable.js" classname="- .usr.home.iojs.build.workspace.node-test-linter.tools.node_modules.eslint.node_modules.eslint-scope.lib"/>
		<testcase name="README.md" classname="- .usr.home.iojs.build.workspace.node-test-linter.tools.node_modules.eslint.node_modules.eslint-scope"/>
		<testcase name="index.js" classname="- .usr.home.iojs.build.workspace.node-test-linter.tools.node_modules.eslint.node_modules.eslint-utils"/>
		<testcase name="README.md" classname="- .usr.home.iojs.build.workspace.node-test-linter.tools.node_modules.eslint.node_modules.eslint-utils"/>
		<testcase name="index.js" classname="- .usr.home.iojs.build.workspace.node-test-linter.tools.node_modules.eslint.node_modules.eslint-visitor-keys.lib"/>
		<testcase name="README.md" classname="- .usr.home.iojs.build.workspace.node-test-linter.tools.node_modules.eslint.node_modules.eslint-visitor-keys"/>
		<testcase name="espree.js" classname="- .usr.home.iojs.build.workspace.node-test-linter.tools.node_modules.eslint.node_modules.espree"/>
		<testcase name="ast-node-types.js" classname="- .usr.home.iojs.build.workspace.node-test-linter.tools.node_modules.eslint.node_modules.espree.lib"/>
		<testcase name="comment-attachment.js" classname="- .usr.home.iojs.build.workspace.node-test-linter.tools.node_modules.eslint.node_modules.espree.lib"/>
		<testcase name="features.js" classname="- .usr.home.iojs.build.workspace.node-test-linter.tools.node_modules.eslint.node_modules.espree.lib"/>
		<testcase name="token-translator.js" classname="- .usr.home.iojs.build.workspace.node-test-linter.tools.node_modules.eslint.node_modules.espree.lib"/>
		<testcase name="visitor-keys.js" classname="- .usr.home.iojs.build.workspace.node-test-linter.tools.node_modules.eslint.node_modules.espree.lib"/>
		<testcase name="README.md" classname="- .usr.home.iojs.build.workspace.node-test-linter.tools.node_modules.eslint.node_modules.espree"/>
		<testcase name="esparse.js" classname="- .usr.home.iojs.build.workspace.node-test-linter.tools.node_modules.eslint.node_modules.esprima.bin"/>
		<testcase name="esvalidate.js" classname="- .usr.home.iojs.build.workspace.node-test-linter.tools.node_modules.eslint.node_modules.esprima.bin"/>
		<testcase name="esprima.js" classname="- .usr.home.iojs.build.workspace.node-test-linter.tools.node_modules.eslint.node_modules.esprima.dist"/>
		<testcase name="README.md" classname="- .usr.home.iojs.build.workspace.node-test-linter.tools.node_modules.eslint.node_modules.esprima"/>
		<testcase name="esquery.js" classname="- .usr.home.iojs.build.workspace.node-test-linter.tools.node_modules.eslint.node_modules.esquery"/>
		<testcase name="parser.js" classname="- .usr.home.iojs.build.workspace.node-test-linter.tools.node_modules.eslint.node_modules.esquery"/>
		<testcase name="README.md" classname="- .usr.home.iojs.build.workspace.node-test-linter.tools.node_modules.eslint.node_modules.esquery"/>
		<testcase name="esrecurse.js" classname="- .usr.home.iojs.build.workspace.node-test-linter.tools.node_modules.eslint.node_modules.esrecurse"/>
		<testcase name="README.md" classname="- .usr.home.iojs.build.workspace.node-test-linter.tools.node_modules.eslint.node_modules.esrecurse"/>
		<testcase name="estraverse.js" classname="- .usr.home.iojs.build.workspace.node-test-linter.tools.node_modules.eslint.node_modules.estraverse"/>
		<testcase name="ast.js" classname="- .usr.home.iojs.build.workspace.node-test-linter.tools.node_modules.eslint.node_modules.esutils.lib"/>
		<testcase name="code.js" classname="- .usr.home.iojs.build.workspace.node-test-linter.tools.node_modules.eslint.node_modules.esutils.lib"/>
		<testcase name="keyword.js" classname="- .usr.home.iojs.build.workspace.node-test-linter.tools.node_modules.eslint.node_modules.esutils.lib"/>
		<testcase name="utils.js" classname="- .usr.home.iojs.build.workspace.node-test-linter.tools.node_modules.eslint.node_modules.esutils.lib"/>
		<testcase name="README.md" classname="- .usr.home.iojs.build.workspace.node-test-linter.tools.node_modules.eslint.node_modules.esutils"/>
		<testcase name="index.js" classname="- .usr.home.iojs.build.workspace.node-test-linter.tools.node_modules.eslint.node_modules.extend"/>
		<testcase name="README.md" classname="- .usr.home.iojs.build.workspace.node-test-linter.tools.node_modules.eslint.node_modules.extend"/>
		<testcase name="example_async.js" classname="- .usr.home.iojs.build.workspace.node-test-linter.tools.node_modules.eslint.node_modules.external-editor"/>
		<testcase name="example_sync.js" classname="- .usr.home.iojs.build.workspace.node-test-linter.tools.node_modules.eslint.node_modules.external-editor"/>
		<testcase name="CreateFileError.js" classname="- .usr.home.iojs.build.workspace.node-test-linter.tools.node_modules.eslint.node_modules.external-editor.main.errors"/>
		<testcase name="LaunchEditorError.js" classname="- .usr.home.iojs.build.workspace.node-test-linter.tools.node_modules.eslint.node_modules.external-editor.main.errors"/>
		<testcase name="ReadFileError.js" classname="- .usr.home.iojs.build.workspace.node-test-linter.tools.node_modules.eslint.node_modules.external-editor.main.errors"/>
		<testcase name="RemoveFileError.js" classname="- .usr.home.iojs.build.workspace.node-test-linter.tools.node_modules.eslint.node_modules.external-editor.main.errors"/>
		<testcase name="index.js" classname="- .usr.home.iojs.build.workspace.node-test-linter.tools.node_modules.eslint.node_modules.external-editor.main"/>
		<testcase name="README.md" classname="- .usr.home.iojs.build.workspace.node-test-linter.tools.node_modules.eslint.node_modules.external-editor"/>
		<testcase name="index.js" classname="- .usr.home.iojs.build.workspace.node-test-linter.tools.node_modules.eslint.node_modules.fast-deep-equal"/>
		<testcase name="README.md" classname="- .usr.home.iojs.build.workspace.node-test-linter.tools.node_modules.eslint.node_modules.fast-deep-equal"/>
		<testcase name="index.js" classname="- .usr.home.iojs.build.workspace.node-test-linter.tools.node_modules.eslint.node_modules.fast-json-stable-stringify"/>
		<testcase name="README.md" classname="- .usr.home.iojs.build.workspace.node-test-linter.tools.node_modules.eslint.node_modules.fast-json-stable-stringify"/>
		<testcase name="levenshtein.js" classname="- .usr.home.iojs.build.workspace.node-test-linter.tools.node_modules.eslint.node_modules.fast-levenshtein"/>
		<testcase name="LICENSE.md" classname="- .usr.home.iojs.build.workspace.node-test-linter.tools.node_modules.eslint.node_modules.fast-levenshtein"/>
		<testcase name="README.md" classname="- .usr.home.iojs.build.workspace.node-test-linter.tools.node_modules.eslint.node_modules.fast-levenshtein"/>
		<testcase name="index.js" classname="- .usr.home.iojs.build.workspace.node-test-linter.tools.node_modules.eslint.node_modules.figures"/>
		<testcase name="readme.md" classname="- .usr.home.iojs.build.workspace.node-test-linter.tools.node_modules.eslint.node_modules.figures"/>
		<testcase name="cache.js" classname="- .usr.home.iojs.build.workspace.node-test-linter.tools.node_modules.eslint.node_modules.file-entry-cache"/>
		<testcase name="changelog.md" classname="- .usr.home.iojs.build.workspace.node-test-linter.tools.node_modules.eslint.node_modules.file-entry-cache"/>
		<testcase name="README.md" classname="- .usr.home.iojs.build.workspace.node-test-linter.tools.node_modules.eslint.node_modules.file-entry-cache"/>
		<testcase name="cache.js" classname="- .usr.home.iojs.build.workspace.node-test-linter.tools.node_modules.eslint.node_modules.flat-cache"/>
		<testcase name="changelog.md" classname="- .usr.home.iojs.build.workspace.node-test-linter.tools.node_modules.eslint.node_modules.flat-cache"/>
		<testcase name="README.md" classname="- .usr.home.iojs.build.workspace.node-test-linter.tools.node_modules.eslint.node_modules.flat-cache"/>
		<testcase name="utils.js" classname="- .usr.home.iojs.build.workspace.node-test-linter.tools.node_modules.eslint.node_modules.flat-cache"/>
		<testcase name="index.js" classname="- .usr.home.iojs.build.workspace.node-test-linter.tools.node_modules.eslint.node_modules.fs.realpath"/>
		<testcase name="old.js" classname="- .usr.home.iojs.build.workspace.node-test-linter.tools.node_modules.eslint.node_modules.fs.realpath"/>
		<testcase name="README.md" classname="- .usr.home.iojs.build.workspace.node-test-linter.tools.node_modules.eslint.node_modules.fs.realpath"/>
		<testcase name="implementation.js" classname="- .usr.home.iojs.build.workspace.node-test-linter.tools.node_modules.eslint.node_modules.function-bind"/>
		<testcase name="index.js" classname="- .usr.home.iojs.build.workspace.node-test-linter.tools.node_modules.eslint.node_modules.function-bind"/>
		<testcase name="README.md" classname="- .usr.home.iojs.build.workspace.node-test-linter.tools.node_modules.eslint.node_modules.function-bind"/>
		<testcase name="test.js" classname="- .usr.home.iojs.build.workspace.node-test-linter.tools.node_modules.eslint.node_modules.functional-red-black-tree.bench"/>
		<testcase name="rbtree.js" classname="- .usr.home.iojs.build.workspace.node-test-linter.tools.node_modules.eslint.node_modules.functional-red-black-tree"/>
		<testcase name="README.md" classname="- .usr.home.iojs.build.workspace.node-test-linter.tools.node_modules.eslint.node_modules.functional-red-black-tree"/>
		<testcase name="changelog.md" classname="- .usr.home.iojs.build.workspace.node-test-linter.tools.node_modules.eslint.node_modules.glob"/>
		<testcase name="common.js" classname="- .usr.home.iojs.build.workspace.node-test-linter.tools.node_modules.eslint.node_modules.glob"/>
		<testcase name="glob.js" classname="- .usr.home.iojs.build.workspace.node-test-linter.tools.node_modules.eslint.node_modules.glob"/>
		<testcase name="README.md" classname="- .usr.home.iojs.build.workspace.node-test-linter.tools.node_modules.eslint.node_modules.glob"/>
		<testcase name="sync.js" classname="- .usr.home.iojs.build.workspace.node-test-linter.tools.node_modules.eslint.node_modules.glob"/>
		<testcase name="index.js" classname="- .usr.home.iojs.build.workspace.node-test-linter.tools.node_modules.eslint.node_modules.globals"/>
		<testcase name="readme.md" classname="- .usr.home.iojs.build.workspace.node-test-linter.tools.node_modules.eslint.node_modules.globals"/>
		<testcase name="index.js" classname="- .usr.home.iojs.build.workspace.node-test-linter.tools.node_modules.eslint.node_modules.globby"/>
		<testcase name="readme.md" classname="- .usr.home.iojs.build.workspace.node-test-linter.tools.node_modules.eslint.node_modules.globby"/>
		<testcase name="fs.js" classname="- .usr.home.iojs.build.workspace.node-test-linter.tools.node_modules.eslint.node_modules.graceful-fs"/>
		<testcase name="graceful-fs.js" classname="- .usr.home.iojs.build.workspace.node-test-linter.tools.node_modules.eslint.node_modules.graceful-fs"/>
		<testcase name="legacy-streams.js" classname="- .usr.home.iojs.build.workspace.node-test-linter.tools.node_modules.eslint.node_modules.graceful-fs"/>
		<testcase name="polyfills.js" classname="- .usr.home.iojs.build.workspace.node-test-linter.tools.node_modules.eslint.node_modules.graceful-fs"/>
		<testcase name="README.md" classname="- .usr.home.iojs.build.workspace.node-test-linter.tools.node_modules.eslint.node_modules.graceful-fs"/>
		<testcase name="index.js" classname="- .usr.home.iojs.build.workspace.node-test-linter.tools.node_modules.eslint.node_modules.has-flag"/>
		<testcase name="readme.md" classname="- .usr.home.iojs.build.workspace.node-test-linter.tools.node_modules.eslint.node_modules.has-flag"/>
		<testcase name="README.md" classname="- .usr.home.iojs.build.workspace.node-test-linter.tools.node_modules.eslint.node_modules.has"/>
		<testcase name="index.js" classname="- .usr.home.iojs.build.workspace.node-test-linter.tools.node_modules.eslint.node_modules.has.src"/>
		<testcase name="dbcs-codec.js" classname="- .usr.home.iojs.build.workspace.node-test-linter.tools.node_modules.eslint.node_modules.iconv-lite.encodings"/>
		<testcase name="dbcs-data.js" classname="- .usr.home.iojs.build.workspace.node-test-linter.tools.node_modules.eslint.node_modules.iconv-lite.encodings"/>
		<testcase name="index.js" classname="- .usr.home.iojs.build.workspace.node-test-linter.tools.node_modules.eslint.node_modules.iconv-lite.encodings"/>
		<testcase name="internal.js" classname="- .usr.home.iojs.build.workspace.node-test-linter.tools.node_modules.eslint.node_modules.iconv-lite.encodings"/>
		<testcase name="sbcs-codec.js" classname="- .usr.home.iojs.build.workspace.node-test-linter.tools.node_modules.eslint.node_modules.iconv-lite.encodings"/>
		<testcase name="sbcs-data-generated.js" classname="- .usr.home.iojs.build.workspace.node-test-linter.tools.node_modules.eslint.node_modules.iconv-lite.encodings"/>
		<testcase name="sbcs-data.js" classname="- .usr.home.iojs.build.workspace.node-test-linter.tools.node_modules.eslint.node_modules.iconv-lite.encodings"/>
		<testcase name="utf16.js" classname="- .usr.home.iojs.build.workspace.node-test-linter.tools.node_modules.eslint.node_modules.iconv-lite.encodings"/>
		<testcase name="utf7.js" classname="- .usr.home.iojs.build.workspace.node-test-linter.tools.node_modules.eslint.node_modules.iconv-lite.encodings"/>
		<testcase name="bom-handling.js" classname="- .usr.home.iojs.build.workspace.node-test-linter.tools.node_modules.eslint.node_modules.iconv-lite.lib"/>
		<testcase name="extend-node.js" classname="- .usr.home.iojs.build.workspace.node-test-linter.tools.node_modules.eslint.node_modules.iconv-lite.lib"/>
		<testcase name="index.js" classname="- .usr.home.iojs.build.workspace.node-test-linter.tools.node_modules.eslint.node_modules.iconv-lite.lib"/>
		<testcase name="streams.js" classname="- .usr.home.iojs.build.workspace.node-test-linter.tools.node_modules.eslint.node_modules.iconv-lite.lib"/>
		<testcase name="README.md" classname="- .usr.home.iojs.build.workspace.node-test-linter.tools.node_modules.eslint.node_modules.iconv-lite"/>
		<testcase name="index.js" classname="- .usr.home.iojs.build.workspace.node-test-linter.tools.node_modules.eslint.node_modules.ignore"/>
		<testcase name="legacy.js" classname="- .usr.home.iojs.build.workspace.node-test-linter.tools.node_modules.eslint.node_modules.ignore"/>
		<testcase name="README.md" classname="- .usr.home.iojs.build.workspace.node-test-linter.tools.node_modules.eslint.node_modules.ignore"/>
		<testcase name="imurmurhash.js" classname="- .usr.home.iojs.build.workspace.node-test-linter.tools.node_modules.eslint.node_modules.imurmurhash"/>
		<testcase name="imurmurhash.min.js" classname="- .usr.home.iojs.build.workspace.node-test-linter.tools.node_modules.eslint.node_modules.imurmurhash"/>
		<testcase name="README.md" classname="- .usr.home.iojs.build.workspace.node-test-linter.tools.node_modules.eslint.node_modules.imurmurhash"/>
		<testcase name="inflight.js" classname="- .usr.home.iojs.build.workspace.node-test-linter.tools.node_modules.eslint.node_modules.inflight"/>
		<testcase name="README.md" classname="- .usr.home.iojs.build.workspace.node-test-linter.tools.node_modules.eslint.node_modules.inflight"/>
		<testcase name="inherits_browser.js" classname="- .usr.home.iojs.build.workspace.node-test-linter.tools.node_modules.eslint.node_modules.inherits"/>
		<testcase name="inherits.js" classname="- .usr.home.iojs.build.workspace.node-test-linter.tools.node_modules.eslint.node_modules.inherits"/>
		<testcase name="README.md" classname="- .usr.home.iojs.build.workspace.node-test-linter.tools.node_modules.eslint.node_modules.inherits"/>
		<testcase name="inquirer.js" classname="- .usr.home.iojs.build.workspace.node-test-linter.tools.node_modules.eslint.node_modules.inquirer.lib"/>
		<testcase name="choice.js" classname="- .usr.home.iojs.build.workspace.node-test-linter.tools.node_modules.eslint.node_modules.inquirer.lib.objects"/>
		<testcase name="choices.js" classname="- .usr.home.iojs.build.workspace.node-test-linter.tools.node_modules.eslint.node_modules.inquirer.lib.objects"/>
		<testcase name="separator.js" classname="- .usr.home.iojs.build.workspace.node-test-linter.tools.node_modules.eslint.node_modules.inquirer.lib.objects"/>
		<testcase name="base.js" classname="- .usr.home.iojs.build.workspace.node-test-linter.tools.node_modules.eslint.node_modules.inquirer.lib.prompts"/>
		<testcase name="checkbox.js" classname="- .usr.home.iojs.build.workspace.node-test-linter.tools.node_modules.eslint.node_modules.inquirer.lib.prompts"/>
		<testcase name="confirm.js" classname="- .usr.home.iojs.build.workspace.node-test-linter.tools.node_modules.eslint.node_modules.inquirer.lib.prompts"/>
		<testcase name="editor.js" classname="- .usr.home.iojs.build.workspace.node-test-linter.tools.node_modules.eslint.node_modules.inquirer.lib.prompts"/>
		<testcase name="expand.js" classname="- .usr.home.iojs.build.workspace.node-test-linter.tools.node_modules.eslint.node_modules.inquirer.lib.prompts"/>
		<testcase name="input.js" classname="- .usr.home.iojs.build.workspace.node-test-linter.tools.node_modules.eslint.node_modules.inquirer.lib.prompts"/>
		<testcase name="list.js" classname="- .usr.home.iojs.build.workspace.node-test-linter.tools.node_modules.eslint.node_modules.inquirer.lib.prompts"/>
		<testcase name="number.js" classname="- .usr.home.iojs.build.workspace.node-test-linter.tools.node_modules.eslint.node_modules.inquirer.lib.prompts"/>
		<testcase name="password.js" classname="- .usr.home.iojs.build.workspace.node-test-linter.tools.node_modules.eslint.node_modules.inquirer.lib.prompts"/>
		<testcase name="rawlist.js" classname="- .usr.home.iojs.build.workspace.node-test-linter.tools.node_modules.eslint.node_modules.inquirer.lib.prompts"/>
		<testcase name="baseUI.js" classname="- .usr.home.iojs.build.workspace.node-test-linter.tools.node_modules.eslint.node_modules.inquirer.lib.ui"/>
		<testcase name="bottom-bar.js" classname="- .usr.home.iojs.build.workspace.node-test-linter.tools.node_modules.eslint.node_modules.inquirer.lib.ui"/>
		<testcase name="prompt.js" classname="- .usr.home.iojs.build.workspace.node-test-linter.tools.node_modules.eslint.node_modules.inquirer.lib.ui"/>
		<testcase name="events.js" classname="- .usr.home.iojs.build.workspace.node-test-linter.tools.node_modules.eslint.node_modules.inquirer.lib.utils"/>
		<testcase name="paginator.js" classname="- .usr.home.iojs.build.workspace.node-test-linter.tools.node_modules.eslint.node_modules.inquirer.lib.utils"/>
		<testcase name="readline.js" classname="- .usr.home.iojs.build.workspace.node-test-linter.tools.node_modules.eslint.node_modules.inquirer.lib.utils"/>
		<testcase name="screen-manager.js" classname="- .usr.home.iojs.build.workspace.node-test-linter.tools.node_modules.eslint.node_modules.inquirer.lib.utils"/>
		<testcase name="utils.js" classname="- .usr.home.iojs.build.workspace.node-test-linter.tools.node_modules.eslint.node_modules.inquirer.lib.utils"/>
		<testcase name="index.js" classname="- .usr.home.iojs.build.workspace.node-test-linter.tools.node_modules.eslint.node_modules.is-alphabetical"/>
		<testcase name="readme.md" classname="- .usr.home.iojs.build.workspace.node-test-linter.tools.node_modules.eslint.node_modules.is-alphabetical"/>
		<testcase name="index.js" classname="- .usr.home.iojs.build.workspace.node-test-linter.tools.node_modules.eslint.node_modules.is-alphanumerical"/>
		<testcase name="readme.md" classname="- .usr.home.iojs.build.workspace.node-test-linter.tools.node_modules.eslint.node_modules.is-alphanumerical"/>
		<testcase name="index.js" classname="- .usr.home.iojs.build.workspace.node-test-linter.tools.node_modules.eslint.node_modules.is-buffer"/>
		<testcase name="README.md" classname="- .usr.home.iojs.build.workspace.node-test-linter.tools.node_modules.eslint.node_modules.is-buffer"/>
		<testcase name="index.js" classname="- .usr.home.iojs.build.workspace.node-test-linter.tools.node_modules.eslint.node_modules.is-decimal"/>
		<testcase name="readme.md" classname="- .usr.home.iojs.build.workspace.node-test-linter.tools.node_modules.eslint.node_modules.is-decimal"/>
		<testcase name="index.js" classname="- .usr.home.iojs.build.workspace.node-test-linter.tools.node_modules.eslint.node_modules.is-fullwidth-code-point"/>
		<testcase name="readme.md" classname="- .usr.home.iojs.build.workspace.node-test-linter.tools.node_modules.eslint.node_modules.is-fullwidth-code-point"/>
		<testcase name="index.js" classname="- .usr.home.iojs.build.workspace.node-test-linter.tools.node_modules.eslint.node_modules.is-hexadecimal"/>
		<testcase name="readme.md" classname="- .usr.home.iojs.build.workspace.node-test-linter.tools.node_modules.eslint.node_modules.is-hexadecimal"/>
		<testcase name="index.js" classname="- .usr.home.iojs.build.workspace.node-test-linter.tools.node_modules.eslint.node_modules.is-path-cwd"/>
		<testcase name="readme.md" classname="- .usr.home.iojs.build.workspace.node-test-linter.tools.node_modules.eslint.node_modules.is-path-cwd"/>
		<testcase name="index.js" classname="- .usr.home.iojs.build.workspace.node-test-linter.tools.node_modules.eslint.node_modules.is-path-in-cwd"/>
		<testcase name="readme.md" classname="- .usr.home.iojs.build.workspace.node-test-linter.tools.node_modules.eslint.node_modules.is-path-in-cwd"/>
		<testcase name="index.js" classname="- .usr.home.iojs.build.workspace.node-test-linter.tools.node_modules.eslint.node_modules.is-path-inside"/>
		<testcase name="readme.md" classname="- .usr.home.iojs.build.workspace.node-test-linter.tools.node_modules.eslint.node_modules.is-path-inside"/>
		<testcase name="index.js" classname="- .usr.home.iojs.build.workspace.node-test-linter.tools.node_modules.eslint.node_modules.is-plain-obj"/>
		<testcase name="readme.md" classname="- .usr.home.iojs.build.workspace.node-test-linter.tools.node_modules.eslint.node_modules.is-plain-obj"/>
		<testcase name="index.js" classname="- .usr.home.iojs.build.workspace.node-test-linter.tools.node_modules.eslint.node_modules.is-promise"/>
		<testcase name="readme.md" classname="- .usr.home.iojs.build.workspace.node-test-linter.tools.node_modules.eslint.node_modules.is-promise"/>
		<testcase name="index.js" classname="- .usr.home.iojs.build.workspace.node-test-linter.tools.node_modules.eslint.node_modules.is-resolvable"/>
		<testcase name="README.md" classname="- .usr.home.iojs.build.workspace.node-test-linter.tools.node_modules.eslint.node_modules.is-resolvable"/>
		<testcase name="index.js" classname="- .usr.home.iojs.build.workspace.node-test-linter.tools.node_modules.eslint.node_modules.is-whitespace-character"/>
		<testcase name="readme.md" classname="- .usr.home.iojs.build.workspace.node-test-linter.tools.node_modules.eslint.node_modules.is-whitespace-character"/>
		<testcase name="index.js" classname="- .usr.home.iojs.build.workspace.node-test-linter.tools.node_modules.eslint.node_modules.is-word-character"/>
		<testcase name="readme.md" classname="- .usr.home.iojs.build.workspace.node-test-linter.tools.node_modules.eslint.node_modules.is-word-character"/>
		<testcase name="index.js" classname="- .usr.home.iojs.build.workspace.node-test-linter.tools.node_modules.eslint.node_modules.isexe"/>
		<testcase name="mode.js" classname="- .usr.home.iojs.build.workspace.node-test-linter.tools.node_modules.eslint.node_modules.isexe"/>
		<testcase name="README.md" classname="- .usr.home.iojs.build.workspace.node-test-linter.tools.node_modules.eslint.node_modules.isexe"/>
		<testcase name="windows.js" classname="- .usr.home.iojs.build.workspace.node-test-linter.tools.node_modules.eslint.node_modules.isexe"/>
		<testcase name="index.js" classname="- .usr.home.iojs.build.workspace.node-test-linter.tools.node_modules.eslint.node_modules.js-tokens"/>
		<testcase name="README.md" classname="- .usr.home.iojs.build.workspace.node-test-linter.tools.node_modules.eslint.node_modules.js-tokens"/>
		<testcase name="js-yaml.js" classname="- .usr.home.iojs.build.workspace.node-test-linter.tools.node_modules.eslint.node_modules.js-yaml.bin"/>
		<testcase name="js-yaml.js" classname="- .usr.home.iojs.build.workspace.node-test-linter.tools.node_modules.eslint.node_modules.js-yaml.dist"/>
		<testcase name="js-yaml.min.js" classname="- .usr.home.iojs.build.workspace.node-test-linter.tools.node_modules.eslint.node_modules.js-yaml.dist"/>
		<testcase name="index.js" classname="- .usr.home.iojs.build.workspace.node-test-linter.tools.node_modules.eslint.node_modules.js-yaml"/>
		<testcase name="js-yaml.js" classname="- .usr.home.iojs.build.workspace.node-test-linter.tools.node_modules.eslint.node_modules.js-yaml.lib"/>
		<testcase name="common.js" classname="- .usr.home.iojs.build.workspace.node-test-linter.tools.node_modules.eslint.node_modules.js-yaml.lib.js-yaml"/>
		<testcase name="dumper.js" classname="- .usr.home.iojs.build.workspace.node-test-linter.tools.node_modules.eslint.node_modules.js-yaml.lib.js-yaml"/>
		<testcase name="exception.js" classname="- .usr.home.iojs.build.workspace.node-test-linter.tools.node_modules.eslint.node_modules.js-yaml.lib.js-yaml"/>
		<testcase name="loader.js" classname="- .usr.home.iojs.build.workspace.node-test-linter.tools.node_modules.eslint.node_modules.js-yaml.lib.js-yaml"/>
		<testcase name="mark.js" classname="- .usr.home.iojs.build.workspace.node-test-linter.tools.node_modules.eslint.node_modules.js-yaml.lib.js-yaml"/>
		<testcase name="schema.js" classname="- .usr.home.iojs.build.workspace.node-test-linter.tools.node_modules.eslint.node_modules.js-yaml.lib.js-yaml"/>
		<testcase name="core.js" classname="- .usr.home.iojs.build.workspace.node-test-linter.tools.node_modules.eslint.node_modules.js-yaml.lib.js-yaml.schema"/>
		<testcase name="default_full.js" classname="- .usr.home.iojs.build.workspace.node-test-linter.tools.node_modules.eslint.node_modules.js-yaml.lib.js-yaml.schema"/>
		<testcase name="default_safe.js" classname="- .usr.home.iojs.build.workspace.node-test-linter.tools.node_modules.eslint.node_modules.js-yaml.lib.js-yaml.schema"/>
		<testcase name="failsafe.js" classname="- .usr.home.iojs.build.workspace.node-test-linter.tools.node_modules.eslint.node_modules.js-yaml.lib.js-yaml.schema"/>
		<testcase name="json.js" classname="- .usr.home.iojs.build.workspace.node-test-linter.tools.node_modules.eslint.node_modules.js-yaml.lib.js-yaml.schema"/>
		<testcase name="type.js" classname="- .usr.home.iojs.build.workspace.node-test-linter.tools.node_modules.eslint.node_modules.js-yaml.lib.js-yaml"/>
		<testcase name="binary.js" classname="- .usr.home.iojs.build.workspace.node-test-linter.tools.node_modules.eslint.node_modules.js-yaml.lib.js-yaml.type"/>
		<testcase name="bool.js" classname="- .usr.home.iojs.build.workspace.node-test-linter.tools.node_modules.eslint.node_modules.js-yaml.lib.js-yaml.type"/>
		<testcase name="float.js" classname="- .usr.home.iojs.build.workspace.node-test-linter.tools.node_modules.eslint.node_modules.js-yaml.lib.js-yaml.type"/>
		<testcase name="int.js" classname="- .usr.home.iojs.build.workspace.node-test-linter.tools.node_modules.eslint.node_modules.js-yaml.lib.js-yaml.type"/>
		<testcase name="function.js" classname="- .usr.home.iojs.build.workspace.node-test-linter.tools.node_modules.eslint.node_modules.js-yaml.lib.js-yaml.type.js"/>
		<testcase name="regexp.js" classname="- .usr.home.iojs.build.workspace.node-test-linter.tools.node_modules.eslint.node_modules.js-yaml.lib.js-yaml.type.js"/>
		<testcase name="undefined.js" classname="- .usr.home.iojs.build.workspace.node-test-linter.tools.node_modules.eslint.node_modules.js-yaml.lib.js-yaml.type.js"/>
		<testcase name="map.js" classname="- .usr.home.iojs.build.workspace.node-test-linter.tools.node_modules.eslint.node_modules.js-yaml.lib.js-yaml.type"/>
		<testcase name="merge.js" classname="- .usr.home.iojs.build.workspace.node-test-linter.tools.node_modules.eslint.node_modules.js-yaml.lib.js-yaml.type"/>
		<testcase name="null.js" classname="- .usr.home.iojs.build.workspace.node-test-linter.tools.node_modules.eslint.node_modules.js-yaml.lib.js-yaml.type"/>
		<testcase name="omap.js" classname="- .usr.home.iojs.build.workspace.node-test-linter.tools.node_modules.eslint.node_modules.js-yaml.lib.js-yaml.type"/>
		<testcase name="pairs.js" classname="- .usr.home.iojs.build.workspace.node-test-linter.tools.node_modules.eslint.node_modules.js-yaml.lib.js-yaml.type"/>
		<testcase name="seq.js" classname="- .usr.home.iojs.build.workspace.node-test-linter.tools.node_modules.eslint.node_modules.js-yaml.lib.js-yaml.type"/>
		<testcase name="set.js" classname="- .usr.home.iojs.build.workspace.node-test-linter.tools.node_modules.eslint.node_modules.js-yaml.lib.js-yaml.type"/>
		<testcase name="str.js" classname="- .usr.home.iojs.build.workspace.node-test-linter.tools.node_modules.eslint.node_modules.js-yaml.lib.js-yaml.type"/>
		<testcase name="timestamp.js" classname="- .usr.home.iojs.build.workspace.node-test-linter.tools.node_modules.eslint.node_modules.js-yaml.lib.js-yaml.type"/>
		<testcase name="README.md" classname="- .usr.home.iojs.build.workspace.node-test-linter.tools.node_modules.eslint.node_modules.js-yaml"/>
		<testcase name="index.js" classname="- .usr.home.iojs.build.workspace.node-test-linter.tools.node_modules.eslint.node_modules.json-schema-traverse"/>
		<testcase name="README.md" classname="- .usr.home.iojs.build.workspace.node-test-linter.tools.node_modules.eslint.node_modules.json-schema-traverse"/>
		<testcase name="index.js" classname="- .usr.home.iojs.build.workspace.node-test-linter.tools.node_modules.eslint.node_modules.json-stable-stringify-without-jsonify"/>
		<testcase name="cast.js" classname="- .usr.home.iojs.build.workspace.node-test-linter.tools.node_modules.eslint.node_modules.levn.lib"/>
		<testcase name="coerce.js" classname="- .usr.home.iojs.build.workspace.node-test-linter.tools.node_modules.eslint.node_modules.levn.lib"/>
		<testcase name="index.js" classname="- .usr.home.iojs.build.workspace.node-test-linter.tools.node_modules.eslint.node_modules.levn.lib"/>
		<testcase name="parse-string.js" classname="- .usr.home.iojs.build.workspace.node-test-linter.tools.node_modules.eslint.node_modules.levn.lib"/>
		<testcase name="parse.js" classname="- .usr.home.iojs.build.workspace.node-test-linter.tools.node_modules.eslint.node_modules.levn.lib"/>
		<testcase name="README.md" classname="- .usr.home.iojs.build.workspace.node-test-linter.tools.node_modules.eslint.node_modules.levn"/>
		<testcase name="_apply.js" classname="- .usr.home.iojs.build.workspace.node-test-linter.tools.node_modules.eslint.node_modules.lodash"/>
		<testcase name="_arrayAggregator.js" classname="- .usr.home.iojs.build.workspace.node-test-linter.tools.node_modules.eslint.node_modules.lodash"/>
		<testcase name="_arrayEach.js" classname="- .usr.home.iojs.build.workspace.node-test-linter.tools.node_modules.eslint.node_modules.lodash"/>
		<testcase name="_arrayEachRight.js" classname="- .usr.home.iojs.build.workspace.node-test-linter.tools.node_modules.eslint.node_modules.lodash"/>
		<testcase name="_arrayEvery.js" classname="- .usr.home.iojs.build.workspace.node-test-linter.tools.node_modules.eslint.node_modules.lodash"/>
		<testcase name="_arrayFilter.js" classname="- .usr.home.iojs.build.workspace.node-test-linter.tools.node_modules.eslint.node_modules.lodash"/>
		<testcase name="_arrayIncludes.js" classname="- .usr.home.iojs.build.workspace.node-test-linter.tools.node_modules.eslint.node_modules.lodash"/>
		<testcase name="_arrayIncludesWith.js" classname="- .usr.home.iojs.build.workspace.node-test-linter.tools.node_modules.eslint.node_modules.lodash"/>
		<testcase name="_arrayLikeKeys.js" classname="- .usr.home.iojs.build.workspace.node-test-linter.tools.node_modules.eslint.node_modules.lodash"/>
		<testcase name="_arrayMap.js" classname="- .usr.home.iojs.build.workspace.node-test-linter.tools.node_modules.eslint.node_modules.lodash"/>
		<testcase name="_arrayPush.js" classname="- .usr.home.iojs.build.workspace.node-test-linter.tools.node_modules.eslint.node_modules.lodash"/>
		<testcase name="_arrayReduce.js" classname="- .usr.home.iojs.build.workspace.node-test-linter.tools.node_modules.eslint.node_modules.lodash"/>
		<testcase name="_arrayReduceRight.js" classname="- .usr.home.iojs.build.workspace.node-test-linter.tools.node_modules.eslint.node_modules.lodash"/>
		<testcase name="_arraySample.js" classname="- .usr.home.iojs.build.workspace.node-test-linter.tools.node_modules.eslint.node_modules.lodash"/>
		<testcase name="_arraySampleSize.js" classname="- .usr.home.iojs.build.workspace.node-test-linter.tools.node_modules.eslint.node_modules.lodash"/>
		<testcase name="_arrayShuffle.js" classname="- .usr.home.iojs.build.workspace.node-test-linter.tools.node_modules.eslint.node_modules.lodash"/>
		<testcase name="_arraySome.js" classname="- .usr.home.iojs.build.workspace.node-test-linter.tools.node_modules.eslint.node_modules.lodash"/>
		<testcase name="_asciiSize.js" classname="- .usr.home.iojs.build.workspace.node-test-linter.tools.node_modules.eslint.node_modules.lodash"/>
		<testcase name="_asciiToArray.js" classname="- .usr.home.iojs.build.workspace.node-test-linter.tools.node_modules.eslint.node_modules.lodash"/>
		<testcase name="_asciiWords.js" classname="- .usr.home.iojs.build.workspace.node-test-linter.tools.node_modules.eslint.node_modules.lodash"/>
		<testcase name="_assignMergeValue.js" classname="- .usr.home.iojs.build.workspace.node-test-linter.tools.node_modules.eslint.node_modules.lodash"/>
		<testcase name="_assignValue.js" classname="- .usr.home.iojs.build.workspace.node-test-linter.tools.node_modules.eslint.node_modules.lodash"/>
		<testcase name="_assocIndexOf.js" classname="- .usr.home.iojs.build.workspace.node-test-linter.tools.node_modules.eslint.node_modules.lodash"/>
		<testcase name="_baseAggregator.js" classname="- .usr.home.iojs.build.workspace.node-test-linter.tools.node_modules.eslint.node_modules.lodash"/>
		<testcase name="_baseAssign.js" classname="- .usr.home.iojs.build.workspace.node-test-linter.tools.node_modules.eslint.node_modules.lodash"/>
		<testcase name="_baseAssignIn.js" classname="- .usr.home.iojs.build.workspace.node-test-linter.tools.node_modules.eslint.node_modules.lodash"/>
		<testcase name="_baseAssignValue.js" classname="- .usr.home.iojs.build.workspace.node-test-linter.tools.node_modules.eslint.node_modules.lodash"/>
		<testcase name="_baseAt.js" classname="- .usr.home.iojs.build.workspace.node-test-linter.tools.node_modules.eslint.node_modules.lodash"/>
		<testcase name="_baseClamp.js" classname="- .usr.home.iojs.build.workspace.node-test-linter.tools.node_modules.eslint.node_modules.lodash"/>
		<testcase name="_baseClone.js" classname="- .usr.home.iojs.build.workspace.node-test-linter.tools.node_modules.eslint.node_modules.lodash"/>
		<testcase name="_baseConforms.js" classname="- .usr.home.iojs.build.workspace.node-test-linter.tools.node_modules.eslint.node_modules.lodash"/>
		<testcase name="_baseConformsTo.js" classname="- .usr.home.iojs.build.workspace.node-test-linter.tools.node_modules.eslint.node_modules.lodash"/>
		<testcase name="_baseCreate.js" classname="- .usr.home.iojs.build.workspace.node-test-linter.tools.node_modules.eslint.node_modules.lodash"/>
		<testcase name="_baseDelay.js" classname="- .usr.home.iojs.build.workspace.node-test-linter.tools.node_modules.eslint.node_modules.lodash"/>
		<testcase name="_baseDifference.js" classname="- .usr.home.iojs.build.workspace.node-test-linter.tools.node_modules.eslint.node_modules.lodash"/>
		<testcase name="_baseEach.js" classname="- .usr.home.iojs.build.workspace.node-test-linter.tools.node_modules.eslint.node_modules.lodash"/>
		<testcase name="_baseEachRight.js" classname="- .usr.home.iojs.build.workspace.node-test-linter.tools.node_modules.eslint.node_modules.lodash"/>
		<testcase name="_baseEvery.js" classname="- .usr.home.iojs.build.workspace.node-test-linter.tools.node_modules.eslint.node_modules.lodash"/>
		<testcase name="_baseExtremum.js" classname="- .usr.home.iojs.build.workspace.node-test-linter.tools.node_modules.eslint.node_modules.lodash"/>
		<testcase name="_baseFill.js" classname="- .usr.home.iojs.build.workspace.node-test-linter.tools.node_modules.eslint.node_modules.lodash"/>
		<testcase name="_baseFilter.js" classname="- .usr.home.iojs.build.workspace.node-test-linter.tools.node_modules.eslint.node_modules.lodash"/>
		<testcase name="_baseFindIndex.js" classname="- .usr.home.iojs.build.workspace.node-test-linter.tools.node_modules.eslint.node_modules.lodash"/>
		<testcase name="_baseFindKey.js" classname="- .usr.home.iojs.build.workspace.node-test-linter.tools.node_modules.eslint.node_modules.lodash"/>
		<testcase name="_baseFlatten.js" classname="- .usr.home.iojs.build.workspace.node-test-linter.tools.node_modules.eslint.node_modules.lodash"/>
		<testcase name="_baseFor.js" classname="- .usr.home.iojs.build.workspace.node-test-linter.tools.node_modules.eslint.node_modules.lodash"/>
		<testcase name="_baseForOwn.js" classname="- .usr.home.iojs.build.workspace.node-test-linter.tools.node_modules.eslint.node_modules.lodash"/>
		<testcase name="_baseForOwnRight.js" classname="- .usr.home.iojs.build.workspace.node-test-linter.tools.node_modules.eslint.node_modules.lodash"/>
		<testcase name="_baseForRight.js" classname="- .usr.home.iojs.build.workspace.node-test-linter.tools.node_modules.eslint.node_modules.lodash"/>
		<testcase name="_baseFunctions.js" classname="- .usr.home.iojs.build.workspace.node-test-linter.tools.node_modules.eslint.node_modules.lodash"/>
		<testcase name="_baseGet.js" classname="- .usr.home.iojs.build.workspace.node-test-linter.tools.node_modules.eslint.node_modules.lodash"/>
		<testcase name="_baseGetAllKeys.js" classname="- .usr.home.iojs.build.workspace.node-test-linter.tools.node_modules.eslint.node_modules.lodash"/>
		<testcase name="_baseGetTag.js" classname="- .usr.home.iojs.build.workspace.node-test-linter.tools.node_modules.eslint.node_modules.lodash"/>
		<testcase name="_baseGt.js" classname="- .usr.home.iojs.build.workspace.node-test-linter.tools.node_modules.eslint.node_modules.lodash"/>
		<testcase name="_baseHas.js" classname="- .usr.home.iojs.build.workspace.node-test-linter.tools.node_modules.eslint.node_modules.lodash"/>
		<testcase name="_baseHasIn.js" classname="- .usr.home.iojs.build.workspace.node-test-linter.tools.node_modules.eslint.node_modules.lodash"/>
		<testcase name="_baseIndexOf.js" classname="- .usr.home.iojs.build.workspace.node-test-linter.tools.node_modules.eslint.node_modules.lodash"/>
		<testcase name="_baseIndexOfWith.js" classname="- .usr.home.iojs.build.workspace.node-test-linter.tools.node_modules.eslint.node_modules.lodash"/>
		<testcase name="_baseInRange.js" classname="- .usr.home.iojs.build.workspace.node-test-linter.tools.node_modules.eslint.node_modules.lodash"/>
		<testcase name="_baseIntersection.js" classname="- .usr.home.iojs.build.workspace.node-test-linter.tools.node_modules.eslint.node_modules.lodash"/>
		<testcase name="_baseInverter.js" classname="- .usr.home.iojs.build.workspace.node-test-linter.tools.node_modules.eslint.node_modules.lodash"/>
		<testcase name="_baseInvoke.js" classname="- .usr.home.iojs.build.workspace.node-test-linter.tools.node_modules.eslint.node_modules.lodash"/>
		<testcase name="_baseIsArguments.js" classname="- .usr.home.iojs.build.workspace.node-test-linter.tools.node_modules.eslint.node_modules.lodash"/>
		<testcase name="_baseIsArrayBuffer.js" classname="- .usr.home.iojs.build.workspace.node-test-linter.tools.node_modules.eslint.node_modules.lodash"/>
		<testcase name="_baseIsDate.js" classname="- .usr.home.iojs.build.workspace.node-test-linter.tools.node_modules.eslint.node_modules.lodash"/>
		<testcase name="_baseIsEqual.js" classname="- .usr.home.iojs.build.workspace.node-test-linter.tools.node_modules.eslint.node_modules.lodash"/>
		<testcase name="_baseIsEqualDeep.js" classname="- .usr.home.iojs.build.workspace.node-test-linter.tools.node_modules.eslint.node_modules.lodash"/>
		<testcase name="_baseIsMap.js" classname="- .usr.home.iojs.build.workspace.node-test-linter.tools.node_modules.eslint.node_modules.lodash"/>
		<testcase name="_baseIsMatch.js" classname="- .usr.home.iojs.build.workspace.node-test-linter.tools.node_modules.eslint.node_modules.lodash"/>
		<testcase name="_baseIsNaN.js" classname="- .usr.home.iojs.build.workspace.node-test-linter.tools.node_modules.eslint.node_modules.lodash"/>
		<testcase name="_baseIsNative.js" classname="- .usr.home.iojs.build.workspace.node-test-linter.tools.node_modules.eslint.node_modules.lodash"/>
		<testcase name="_baseIsRegExp.js" classname="- .usr.home.iojs.build.workspace.node-test-linter.tools.node_modules.eslint.node_modules.lodash"/>
		<testcase name="_baseIsSet.js" classname="- .usr.home.iojs.build.workspace.node-test-linter.tools.node_modules.eslint.node_modules.lodash"/>
		<testcase name="_baseIsTypedArray.js" classname="- .usr.home.iojs.build.workspace.node-test-linter.tools.node_modules.eslint.node_modules.lodash"/>
		<testcase name="_baseIteratee.js" classname="- .usr.home.iojs.build.workspace.node-test-linter.tools.node_modules.eslint.node_modules.lodash"/>
		<testcase name="_baseKeys.js" classname="- .usr.home.iojs.build.workspace.node-test-linter.tools.node_modules.eslint.node_modules.lodash"/>
		<testcase name="_baseKeysIn.js" classname="- .usr.home.iojs.build.workspace.node-test-linter.tools.node_modules.eslint.node_modules.lodash"/>
		<testcase name="_baseLodash.js" classname="- .usr.home.iojs.build.workspace.node-test-linter.tools.node_modules.eslint.node_modules.lodash"/>
		<testcase name="_baseLt.js" classname="- .usr.home.iojs.build.workspace.node-test-linter.tools.node_modules.eslint.node_modules.lodash"/>
		<testcase name="_baseMap.js" classname="- .usr.home.iojs.build.workspace.node-test-linter.tools.node_modules.eslint.node_modules.lodash"/>
		<testcase name="_baseMatches.js" classname="- .usr.home.iojs.build.workspace.node-test-linter.tools.node_modules.eslint.node_modules.lodash"/>
		<testcase name="_baseMatchesProperty.js" classname="- .usr.home.iojs.build.workspace.node-test-linter.tools.node_modules.eslint.node_modules.lodash"/>
		<testcase name="_baseMean.js" classname="- .usr.home.iojs.build.workspace.node-test-linter.tools.node_modules.eslint.node_modules.lodash"/>
		<testcase name="_baseMerge.js" classname="- .usr.home.iojs.build.workspace.node-test-linter.tools.node_modules.eslint.node_modules.lodash"/>
		<testcase name="_baseMergeDeep.js" classname="- .usr.home.iojs.build.workspace.node-test-linter.tools.node_modules.eslint.node_modules.lodash"/>
		<testcase name="_baseNth.js" classname="- .usr.home.iojs.build.workspace.node-test-linter.tools.node_modules.eslint.node_modules.lodash"/>
		<testcase name="_baseOrderBy.js" classname="- .usr.home.iojs.build.workspace.node-test-linter.tools.node_modules.eslint.node_modules.lodash"/>
		<testcase name="_basePick.js" classname="- .usr.home.iojs.build.workspace.node-test-linter.tools.node_modules.eslint.node_modules.lodash"/>
		<testcase name="_basePickBy.js" classname="- .usr.home.iojs.build.workspace.node-test-linter.tools.node_modules.eslint.node_modules.lodash"/>
		<testcase name="_baseProperty.js" classname="- .usr.home.iojs.build.workspace.node-test-linter.tools.node_modules.eslint.node_modules.lodash"/>
		<testcase name="_basePropertyDeep.js" classname="- .usr.home.iojs.build.workspace.node-test-linter.tools.node_modules.eslint.node_modules.lodash"/>
		<testcase name="_basePropertyOf.js" classname="- .usr.home.iojs.build.workspace.node-test-linter.tools.node_modules.eslint.node_modules.lodash"/>
		<testcase name="_basePullAll.js" classname="- .usr.home.iojs.build.workspace.node-test-linter.tools.node_modules.eslint.node_modules.lodash"/>
		<testcase name="_basePullAt.js" classname="- .usr.home.iojs.build.workspace.node-test-linter.tools.node_modules.eslint.node_modules.lodash"/>
		<testcase name="_baseRandom.js" classname="- .usr.home.iojs.build.workspace.node-test-linter.tools.node_modules.eslint.node_modules.lodash"/>
		<testcase name="_baseRange.js" classname="- .usr.home.iojs.build.workspace.node-test-linter.tools.node_modules.eslint.node_modules.lodash"/>
		<testcase name="_baseReduce.js" classname="- .usr.home.iojs.build.workspace.node-test-linter.tools.node_modules.eslint.node_modules.lodash"/>
		<testcase name="_baseRepeat.js" classname="- .usr.home.iojs.build.workspace.node-test-linter.tools.node_modules.eslint.node_modules.lodash"/>
		<testcase name="_baseRest.js" classname="- .usr.home.iojs.build.workspace.node-test-linter.tools.node_modules.eslint.node_modules.lodash"/>
		<testcase name="_baseSample.js" classname="- .usr.home.iojs.build.workspace.node-test-linter.tools.node_modules.eslint.node_modules.lodash"/>
		<testcase name="_baseSampleSize.js" classname="- .usr.home.iojs.build.workspace.node-test-linter.tools.node_modules.eslint.node_modules.lodash"/>
		<testcase name="_baseSet.js" classname="- .usr.home.iojs.build.workspace.node-test-linter.tools.node_modules.eslint.node_modules.lodash"/>
		<testcase name="_baseSetData.js" classname="- .usr.home.iojs.build.workspace.node-test-linter.tools.node_modules.eslint.node_modules.lodash"/>
		<testcase name="_baseSetToString.js" classname="- .usr.home.iojs.build.workspace.node-test-linter.tools.node_modules.eslint.node_modules.lodash"/>
		<testcase name="_baseShuffle.js" classname="- .usr.home.iojs.build.workspace.node-test-linter.tools.node_modules.eslint.node_modules.lodash"/>
		<testcase name="_baseSlice.js" classname="- .usr.home.iojs.build.workspace.node-test-linter.tools.node_modules.eslint.node_modules.lodash"/>
		<testcase name="_baseSome.js" classname="- .usr.home.iojs.build.workspace.node-test-linter.tools.node_modules.eslint.node_modules.lodash"/>
		<testcase name="_baseSortBy.js" classname="- .usr.home.iojs.build.workspace.node-test-linter.tools.node_modules.eslint.node_modules.lodash"/>
		<testcase name="_baseSortedIndex.js" classname="- .usr.home.iojs.build.workspace.node-test-linter.tools.node_modules.eslint.node_modules.lodash"/>
		<testcase name="_baseSortedIndexBy.js" classname="- .usr.home.iojs.build.workspace.node-test-linter.tools.node_modules.eslint.node_modules.lodash"/>
		<testcase name="_baseSortedUniq.js" classname="- .usr.home.iojs.build.workspace.node-test-linter.tools.node_modules.eslint.node_modules.lodash"/>
		<testcase name="_baseSum.js" classname="- .usr.home.iojs.build.workspace.node-test-linter.tools.node_modules.eslint.node_modules.lodash"/>
		<testcase name="_baseTimes.js" classname="- .usr.home.iojs.build.workspace.node-test-linter.tools.node_modules.eslint.node_modules.lodash"/>
		<testcase name="_baseToNumber.js" classname="- .usr.home.iojs.build.workspace.node-test-linter.tools.node_modules.eslint.node_modules.lodash"/>
		<testcase name="_baseToPairs.js" classname="- .usr.home.iojs.build.workspace.node-test-linter.tools.node_modules.eslint.node_modules.lodash"/>
		<testcase name="_baseToString.js" classname="- .usr.home.iojs.build.workspace.node-test-linter.tools.node_modules.eslint.node_modules.lodash"/>
		<testcase name="_baseUnary.js" classname="- .usr.home.iojs.build.workspace.node-test-linter.tools.node_modules.eslint.node_modules.lodash"/>
		<testcase name="_baseUniq.js" classname="- .usr.home.iojs.build.workspace.node-test-linter.tools.node_modules.eslint.node_modules.lodash"/>
		<testcase name="_baseUnset.js" classname="- .usr.home.iojs.build.workspace.node-test-linter.tools.node_modules.eslint.node_modules.lodash"/>
		<testcase name="_baseUpdate.js" classname="- .usr.home.iojs.build.workspace.node-test-linter.tools.node_modules.eslint.node_modules.lodash"/>
		<testcase name="_baseValues.js" classname="- .usr.home.iojs.build.workspace.node-test-linter.tools.node_modules.eslint.node_modules.lodash"/>
		<testcase name="_baseWhile.js" classname="- .usr.home.iojs.build.workspace.node-test-linter.tools.node_modules.eslint.node_modules.lodash"/>
		<testcase name="_baseWrapperValue.js" classname="- .usr.home.iojs.build.workspace.node-test-linter.tools.node_modules.eslint.node_modules.lodash"/>
		<testcase name="_baseXor.js" classname="- .usr.home.iojs.build.workspace.node-test-linter.tools.node_modules.eslint.node_modules.lodash"/>
		<testcase name="_baseZipObject.js" classname="- .usr.home.iojs.build.workspace.node-test-linter.tools.node_modules.eslint.node_modules.lodash"/>
		<testcase name="_cacheHas.js" classname="- .usr.home.iojs.build.workspace.node-test-linter.tools.node_modules.eslint.node_modules.lodash"/>
		<testcase name="_castArrayLikeObject.js" classname="- .usr.home.iojs.build.workspace.node-test-linter.tools.node_modules.eslint.node_modules.lodash"/>
		<testcase name="_castFunction.js" classname="- .usr.home.iojs.build.workspace.node-test-linter.tools.node_modules.eslint.node_modules.lodash"/>
		<testcase name="_castPath.js" classname="- .usr.home.iojs.build.workspace.node-test-linter.tools.node_modules.eslint.node_modules.lodash"/>
		<testcase name="_castRest.js" classname="- .usr.home.iojs.build.workspace.node-test-linter.tools.node_modules.eslint.node_modules.lodash"/>
		<testcase name="_castSlice.js" classname="- .usr.home.iojs.build.workspace.node-test-linter.tools.node_modules.eslint.node_modules.lodash"/>
		<testcase name="_charsEndIndex.js" classname="- .usr.home.iojs.build.workspace.node-test-linter.tools.node_modules.eslint.node_modules.lodash"/>
		<testcase name="_charsStartIndex.js" classname="- .usr.home.iojs.build.workspace.node-test-linter.tools.node_modules.eslint.node_modules.lodash"/>
		<testcase name="_cloneArrayBuffer.js" classname="- .usr.home.iojs.build.workspace.node-test-linter.tools.node_modules.eslint.node_modules.lodash"/>
		<testcase name="_cloneBuffer.js" classname="- .usr.home.iojs.build.workspace.node-test-linter.tools.node_modules.eslint.node_modules.lodash"/>
		<testcase name="_cloneDataView.js" classname="- .usr.home.iojs.build.workspace.node-test-linter.tools.node_modules.eslint.node_modules.lodash"/>
		<testcase name="_cloneRegExp.js" classname="- .usr.home.iojs.build.workspace.node-test-linter.tools.node_modules.eslint.node_modules.lodash"/>
		<testcase name="_cloneSymbol.js" classname="- .usr.home.iojs.build.workspace.node-test-linter.tools.node_modules.eslint.node_modules.lodash"/>
		<testcase name="_cloneTypedArray.js" classname="- .usr.home.iojs.build.workspace.node-test-linter.tools.node_modules.eslint.node_modules.lodash"/>
		<testcase name="_compareAscending.js" classname="- .usr.home.iojs.build.workspace.node-test-linter.tools.node_modules.eslint.node_modules.lodash"/>
		<testcase name="_compareMultiple.js" classname="- .usr.home.iojs.build.workspace.node-test-linter.tools.node_modules.eslint.node_modules.lodash"/>
		<testcase name="_composeArgs.js" classname="- .usr.home.iojs.build.workspace.node-test-linter.tools.node_modules.eslint.node_modules.lodash"/>
		<testcase name="_composeArgsRight.js" classname="- .usr.home.iojs.build.workspace.node-test-linter.tools.node_modules.eslint.node_modules.lodash"/>
		<testcase name="_copyArray.js" classname="- .usr.home.iojs.build.workspace.node-test-linter.tools.node_modules.eslint.node_modules.lodash"/>
		<testcase name="_copyObject.js" classname="- .usr.home.iojs.build.workspace.node-test-linter.tools.node_modules.eslint.node_modules.lodash"/>
		<testcase name="_copySymbols.js" classname="- .usr.home.iojs.build.workspace.node-test-linter.tools.node_modules.eslint.node_modules.lodash"/>
		<testcase name="_copySymbolsIn.js" classname="- .usr.home.iojs.build.workspace.node-test-linter.tools.node_modules.eslint.node_modules.lodash"/>
		<testcase name="_coreJsData.js" classname="- .usr.home.iojs.build.workspace.node-test-linter.tools.node_modules.eslint.node_modules.lodash"/>
		<testcase name="_countHolders.js" classname="- .usr.home.iojs.build.workspace.node-test-linter.tools.node_modules.eslint.node_modules.lodash"/>
		<testcase name="_createAggregator.js" classname="- .usr.home.iojs.build.workspace.node-test-linter.tools.node_modules.eslint.node_modules.lodash"/>
		<testcase name="_createAssigner.js" classname="- .usr.home.iojs.build.workspace.node-test-linter.tools.node_modules.eslint.node_modules.lodash"/>
		<testcase name="_createBaseEach.js" classname="- .usr.home.iojs.build.workspace.node-test-linter.tools.node_modules.eslint.node_modules.lodash"/>
		<testcase name="_createBaseFor.js" classname="- .usr.home.iojs.build.workspace.node-test-linter.tools.node_modules.eslint.node_modules.lodash"/>
		<testcase name="_createBind.js" classname="- .usr.home.iojs.build.workspace.node-test-linter.tools.node_modules.eslint.node_modules.lodash"/>
		<testcase name="_createCaseFirst.js" classname="- .usr.home.iojs.build.workspace.node-test-linter.tools.node_modules.eslint.node_modules.lodash"/>
		<testcase name="_createCompounder.js" classname="- .usr.home.iojs.build.workspace.node-test-linter.tools.node_modules.eslint.node_modules.lodash"/>
		<testcase name="_createCtor.js" classname="- .usr.home.iojs.build.workspace.node-test-linter.tools.node_modules.eslint.node_modules.lodash"/>
		<testcase name="_createCurry.js" classname="- .usr.home.iojs.build.workspace.node-test-linter.tools.node_modules.eslint.node_modules.lodash"/>
		<testcase name="_createFind.js" classname="- .usr.home.iojs.build.workspace.node-test-linter.tools.node_modules.eslint.node_modules.lodash"/>
		<testcase name="_createFlow.js" classname="- .usr.home.iojs.build.workspace.node-test-linter.tools.node_modules.eslint.node_modules.lodash"/>
		<testcase name="_createHybrid.js" classname="- .usr.home.iojs.build.workspace.node-test-linter.tools.node_modules.eslint.node_modules.lodash"/>
		<testcase name="_createInverter.js" classname="- .usr.home.iojs.build.workspace.node-test-linter.tools.node_modules.eslint.node_modules.lodash"/>
		<testcase name="_createMathOperation.js" classname="- .usr.home.iojs.build.workspace.node-test-linter.tools.node_modules.eslint.node_modules.lodash"/>
		<testcase name="_createOver.js" classname="- .usr.home.iojs.build.workspace.node-test-linter.tools.node_modules.eslint.node_modules.lodash"/>
		<testcase name="_createPadding.js" classname="- .usr.home.iojs.build.workspace.node-test-linter.tools.node_modules.eslint.node_modules.lodash"/>
		<testcase name="_createPartial.js" classname="- .usr.home.iojs.build.workspace.node-test-linter.tools.node_modules.eslint.node_modules.lodash"/>
		<testcase name="_createRange.js" classname="- .usr.home.iojs.build.workspace.node-test-linter.tools.node_modules.eslint.node_modules.lodash"/>
		<testcase name="_createRecurry.js" classname="- .usr.home.iojs.build.workspace.node-test-linter.tools.node_modules.eslint.node_modules.lodash"/>
		<testcase name="_createRelationalOperation.js" classname="- .usr.home.iojs.build.workspace.node-test-linter.tools.node_modules.eslint.node_modules.lodash"/>
		<testcase name="_createRound.js" classname="- .usr.home.iojs.build.workspace.node-test-linter.tools.node_modules.eslint.node_modules.lodash"/>
		<testcase name="_createSet.js" classname="- .usr.home.iojs.build.workspace.node-test-linter.tools.node_modules.eslint.node_modules.lodash"/>
		<testcase name="_createToPairs.js" classname="- .usr.home.iojs.build.workspace.node-test-linter.tools.node_modules.eslint.node_modules.lodash"/>
		<testcase name="_createWrap.js" classname="- .usr.home.iojs.build.workspace.node-test-linter.tools.node_modules.eslint.node_modules.lodash"/>
		<testcase name="_customDefaultsAssignIn.js" classname="- .usr.home.iojs.build.workspace.node-test-linter.tools.node_modules.eslint.node_modules.lodash"/>
		<testcase name="_customDefaultsMerge.js" classname="- .usr.home.iojs.build.workspace.node-test-linter.tools.node_modules.eslint.node_modules.lodash"/>
		<testcase name="_customOmitClone.js" classname="- .usr.home.iojs.build.workspace.node-test-linter.tools.node_modules.eslint.node_modules.lodash"/>
		<testcase name="_DataView.js" classname="- .usr.home.iojs.build.workspace.node-test-linter.tools.node_modules.eslint.node_modules.lodash"/>
		<testcase name="_deburrLetter.js" classname="- .usr.home.iojs.build.workspace.node-test-linter.tools.node_modules.eslint.node_modules.lodash"/>
		<testcase name="_defineProperty.js" classname="- .usr.home.iojs.build.workspace.node-test-linter.tools.node_modules.eslint.node_modules.lodash"/>
		<testcase name="_equalArrays.js" classname="- .usr.home.iojs.build.workspace.node-test-linter.tools.node_modules.eslint.node_modules.lodash"/>
		<testcase name="_equalByTag.js" classname="- .usr.home.iojs.build.workspace.node-test-linter.tools.node_modules.eslint.node_modules.lodash"/>
		<testcase name="_equalObjects.js" classname="- .usr.home.iojs.build.workspace.node-test-linter.tools.node_modules.eslint.node_modules.lodash"/>
		<testcase name="_escapeHtmlChar.js" classname="- .usr.home.iojs.build.workspace.node-test-linter.tools.node_modules.eslint.node_modules.lodash"/>
		<testcase name="_escapeStringChar.js" classname="- .usr.home.iojs.build.workspace.node-test-linter.tools.node_modules.eslint.node_modules.lodash"/>
		<testcase name="_flatRest.js" classname="- .usr.home.iojs.build.workspace.node-test-linter.tools.node_modules.eslint.node_modules.lodash"/>
		<testcase name="_freeGlobal.js" classname="- .usr.home.iojs.build.workspace.node-test-linter.tools.node_modules.eslint.node_modules.lodash"/>
		<testcase name="_getAllKeys.js" classname="- .usr.home.iojs.build.workspace.node-test-linter.tools.node_modules.eslint.node_modules.lodash"/>
		<testcase name="_getAllKeysIn.js" classname="- .usr.home.iojs.build.workspace.node-test-linter.tools.node_modules.eslint.node_modules.lodash"/>
		<testcase name="_getData.js" classname="- .usr.home.iojs.build.workspace.node-test-linter.tools.node_modules.eslint.node_modules.lodash"/>
		<testcase name="_getFuncName.js" classname="- .usr.home.iojs.build.workspace.node-test-linter.tools.node_modules.eslint.node_modules.lodash"/>
		<testcase name="_getHolder.js" classname="- .usr.home.iojs.build.workspace.node-test-linter.tools.node_modules.eslint.node_modules.lodash"/>
		<testcase name="_getMapData.js" classname="- .usr.home.iojs.build.workspace.node-test-linter.tools.node_modules.eslint.node_modules.lodash"/>
		<testcase name="_getMatchData.js" classname="- .usr.home.iojs.build.workspace.node-test-linter.tools.node_modules.eslint.node_modules.lodash"/>
		<testcase name="_getNative.js" classname="- .usr.home.iojs.build.workspace.node-test-linter.tools.node_modules.eslint.node_modules.lodash"/>
		<testcase name="_getPrototype.js" classname="- .usr.home.iojs.build.workspace.node-test-linter.tools.node_modules.eslint.node_modules.lodash"/>
		<testcase name="_getRawTag.js" classname="- .usr.home.iojs.build.workspace.node-test-linter.tools.node_modules.eslint.node_modules.lodash"/>
		<testcase name="_getSymbols.js" classname="- .usr.home.iojs.build.workspace.node-test-linter.tools.node_modules.eslint.node_modules.lodash"/>
		<testcase name="_getSymbolsIn.js" classname="- .usr.home.iojs.build.workspace.node-test-linter.tools.node_modules.eslint.node_modules.lodash"/>
		<testcase name="_getTag.js" classname="- .usr.home.iojs.build.workspace.node-test-linter.tools.node_modules.eslint.node_modules.lodash"/>
		<testcase name="_getValue.js" classname="- .usr.home.iojs.build.workspace.node-test-linter.tools.node_modules.eslint.node_modules.lodash"/>
		<testcase name="_getView.js" classname="- .usr.home.iojs.build.workspace.node-test-linter.tools.node_modules.eslint.node_modules.lodash"/>
		<testcase name="_getWrapDetails.js" classname="- .usr.home.iojs.build.workspace.node-test-linter.tools.node_modules.eslint.node_modules.lodash"/>
		<testcase name="_Hash.js" classname="- .usr.home.iojs.build.workspace.node-test-linter.tools.node_modules.eslint.node_modules.lodash"/>
		<testcase name="_hashClear.js" classname="- .usr.home.iojs.build.workspace.node-test-linter.tools.node_modules.eslint.node_modules.lodash"/>
		<testcase name="_hashDelete.js" classname="- .usr.home.iojs.build.workspace.node-test-linter.tools.node_modules.eslint.node_modules.lodash"/>
		<testcase name="_hashGet.js" classname="- .usr.home.iojs.build.workspace.node-test-linter.tools.node_modules.eslint.node_modules.lodash"/>
		<testcase name="_hashHas.js" classname="- .usr.home.iojs.build.workspace.node-test-linter.tools.node_modules.eslint.node_modules.lodash"/>
		<testcase name="_hashSet.js" classname="- .usr.home.iojs.build.workspace.node-test-linter.tools.node_modules.eslint.node_modules.lodash"/>
		<testcase name="_hasPath.js" classname="- .usr.home.iojs.build.workspace.node-test-linter.tools.node_modules.eslint.node_modules.lodash"/>
		<testcase name="_hasUnicode.js" classname="- .usr.home.iojs.build.workspace.node-test-linter.tools.node_modules.eslint.node_modules.lodash"/>
		<testcase name="_hasUnicodeWord.js" classname="- .usr.home.iojs.build.workspace.node-test-linter.tools.node_modules.eslint.node_modules.lodash"/>
		<testcase name="_initCloneArray.js" classname="- .usr.home.iojs.build.workspace.node-test-linter.tools.node_modules.eslint.node_modules.lodash"/>
		<testcase name="_initCloneByTag.js" classname="- .usr.home.iojs.build.workspace.node-test-linter.tools.node_modules.eslint.node_modules.lodash"/>
		<testcase name="_initCloneObject.js" classname="- .usr.home.iojs.build.workspace.node-test-linter.tools.node_modules.eslint.node_modules.lodash"/>
		<testcase name="_insertWrapDetails.js" classname="- .usr.home.iojs.build.workspace.node-test-linter.tools.node_modules.eslint.node_modules.lodash"/>
		<testcase name="_isFlattenable.js" classname="- .usr.home.iojs.build.workspace.node-test-linter.tools.node_modules.eslint.node_modules.lodash"/>
		<testcase name="_isIndex.js" classname="- .usr.home.iojs.build.workspace.node-test-linter.tools.node_modules.eslint.node_modules.lodash"/>
		<testcase name="_isIterateeCall.js" classname="- .usr.home.iojs.build.workspace.node-test-linter.tools.node_modules.eslint.node_modules.lodash"/>
		<testcase name="_isKey.js" classname="- .usr.home.iojs.build.workspace.node-test-linter.tools.node_modules.eslint.node_modules.lodash"/>
		<testcase name="_isKeyable.js" classname="- .usr.home.iojs.build.workspace.node-test-linter.tools.node_modules.eslint.node_modules.lodash"/>
		<testcase name="_isLaziable.js" classname="- .usr.home.iojs.build.workspace.node-test-linter.tools.node_modules.eslint.node_modules.lodash"/>
		<testcase name="_isMaskable.js" classname="- .usr.home.iojs.build.workspace.node-test-linter.tools.node_modules.eslint.node_modules.lodash"/>
		<testcase name="_isMasked.js" classname="- .usr.home.iojs.build.workspace.node-test-linter.tools.node_modules.eslint.node_modules.lodash"/>
		<testcase name="_isPrototype.js" classname="- .usr.home.iojs.build.workspace.node-test-linter.tools.node_modules.eslint.node_modules.lodash"/>
		<testcase name="_isStrictComparable.js" classname="- .usr.home.iojs.build.workspace.node-test-linter.tools.node_modules.eslint.node_modules.lodash"/>
		<testcase name="_iteratorToArray.js" classname="- .usr.home.iojs.build.workspace.node-test-linter.tools.node_modules.eslint.node_modules.lodash"/>
		<testcase name="_lazyClone.js" classname="- .usr.home.iojs.build.workspace.node-test-linter.tools.node_modules.eslint.node_modules.lodash"/>
		<testcase name="_lazyReverse.js" classname="- .usr.home.iojs.build.workspace.node-test-linter.tools.node_modules.eslint.node_modules.lodash"/>
		<testcase name="_lazyValue.js" classname="- .usr.home.iojs.build.workspace.node-test-linter.tools.node_modules.eslint.node_modules.lodash"/>
		<testcase name="_LazyWrapper.js" classname="- .usr.home.iojs.build.workspace.node-test-linter.tools.node_modules.eslint.node_modules.lodash"/>
		<testcase name="_ListCache.js" classname="- .usr.home.iojs.build.workspace.node-test-linter.tools.node_modules.eslint.node_modules.lodash"/>
		<testcase name="_listCacheClear.js" classname="- .usr.home.iojs.build.workspace.node-test-linter.tools.node_modules.eslint.node_modules.lodash"/>
		<testcase name="_listCacheDelete.js" classname="- .usr.home.iojs.build.workspace.node-test-linter.tools.node_modules.eslint.node_modules.lodash"/>
		<testcase name="_listCacheGet.js" classname="- .usr.home.iojs.build.workspace.node-test-linter.tools.node_modules.eslint.node_modules.lodash"/>
		<testcase name="_listCacheHas.js" classname="- .usr.home.iojs.build.workspace.node-test-linter.tools.node_modules.eslint.node_modules.lodash"/>
		<testcase name="_listCacheSet.js" classname="- .usr.home.iojs.build.workspace.node-test-linter.tools.node_modules.eslint.node_modules.lodash"/>
		<testcase name="_LodashWrapper.js" classname="- .usr.home.iojs.build.workspace.node-test-linter.tools.node_modules.eslint.node_modules.lodash"/>
		<testcase name="_Map.js" classname="- .usr.home.iojs.build.workspace.node-test-linter.tools.node_modules.eslint.node_modules.lodash"/>
		<testcase name="_MapCache.js" classname="- .usr.home.iojs.build.workspace.node-test-linter.tools.node_modules.eslint.node_modules.lodash"/>
		<testcase name="_mapCacheClear.js" classname="- .usr.home.iojs.build.workspace.node-test-linter.tools.node_modules.eslint.node_modules.lodash"/>
		<testcase name="_mapCacheDelete.js" classname="- .usr.home.iojs.build.workspace.node-test-linter.tools.node_modules.eslint.node_modules.lodash"/>
		<testcase name="_mapCacheGet.js" classname="- .usr.home.iojs.build.workspace.node-test-linter.tools.node_modules.eslint.node_modules.lodash"/>
		<testcase name="_mapCacheHas.js" classname="- .usr.home.iojs.build.workspace.node-test-linter.tools.node_modules.eslint.node_modules.lodash"/>
		<testcase name="_mapCacheSet.js" classname="- .usr.home.iojs.build.workspace.node-test-linter.tools.node_modules.eslint.node_modules.lodash"/>
		<testcase name="_mapToArray.js" classname="- .usr.home.iojs.build.workspace.node-test-linter.tools.node_modules.eslint.node_modules.lodash"/>
		<testcase name="_matchesStrictComparable.js" classname="- .usr.home.iojs.build.workspace.node-test-linter.tools.node_modules.eslint.node_modules.lodash"/>
		<testcase name="_memoizeCapped.js" classname="- .usr.home.iojs.build.workspace.node-test-linter.tools.node_modules.eslint.node_modules.lodash"/>
		<testcase name="_mergeData.js" classname="- .usr.home.iojs.build.workspace.node-test-linter.tools.node_modules.eslint.node_modules.lodash"/>
		<testcase name="_metaMap.js" classname="- .usr.home.iojs.build.workspace.node-test-linter.tools.node_modules.eslint.node_modules.lodash"/>
		<testcase name="_nativeCreate.js" classname="- .usr.home.iojs.build.workspace.node-test-linter.tools.node_modules.eslint.node_modules.lodash"/>
		<testcase name="_nativeKeys.js" classname="- .usr.home.iojs.build.workspace.node-test-linter.tools.node_modules.eslint.node_modules.lodash"/>
		<testcase name="_nativeKeysIn.js" classname="- .usr.home.iojs.build.workspace.node-test-linter.tools.node_modules.eslint.node_modules.lodash"/>
		<testcase name="_nodeUtil.js" classname="- .usr.home.iojs.build.workspace.node-test-linter.tools.node_modules.eslint.node_modules.lodash"/>
		<testcase name="_objectToString.js" classname="- .usr.home.iojs.build.workspace.node-test-linter.tools.node_modules.eslint.node_modules.lodash"/>
		<testcase name="_overArg.js" classname="- .usr.home.iojs.build.workspace.node-test-linter.tools.node_modules.eslint.node_modules.lodash"/>
		<testcase name="_overRest.js" classname="- .usr.home.iojs.build.workspace.node-test-linter.tools.node_modules.eslint.node_modules.lodash"/>
		<testcase name="_parent.js" classname="- .usr.home.iojs.build.workspace.node-test-linter.tools.node_modules.eslint.node_modules.lodash"/>
		<testcase name="_Promise.js" classname="- .usr.home.iojs.build.workspace.node-test-linter.tools.node_modules.eslint.node_modules.lodash"/>
		<testcase name="_realNames.js" classname="- .usr.home.iojs.build.workspace.node-test-linter.tools.node_modules.eslint.node_modules.lodash"/>
		<testcase name="_reEscape.js" classname="- .usr.home.iojs.build.workspace.node-test-linter.tools.node_modules.eslint.node_modules.lodash"/>
		<testcase name="_reEvaluate.js" classname="- .usr.home.iojs.build.workspace.node-test-linter.tools.node_modules.eslint.node_modules.lodash"/>
		<testcase name="_reInterpolate.js" classname="- .usr.home.iojs.build.workspace.node-test-linter.tools.node_modules.eslint.node_modules.lodash"/>
		<testcase name="_reorder.js" classname="- .usr.home.iojs.build.workspace.node-test-linter.tools.node_modules.eslint.node_modules.lodash"/>
		<testcase name="_replaceHolders.js" classname="- .usr.home.iojs.build.workspace.node-test-linter.tools.node_modules.eslint.node_modules.lodash"/>
		<testcase name="_root.js" classname="- .usr.home.iojs.build.workspace.node-test-linter.tools.node_modules.eslint.node_modules.lodash"/>
		<testcase name="_safeGet.js" classname="- .usr.home.iojs.build.workspace.node-test-linter.tools.node_modules.eslint.node_modules.lodash"/>
		<testcase name="_Set.js" classname="- .usr.home.iojs.build.workspace.node-test-linter.tools.node_modules.eslint.node_modules.lodash"/>
		<testcase name="_SetCache.js" classname="- .usr.home.iojs.build.workspace.node-test-linter.tools.node_modules.eslint.node_modules.lodash"/>
		<testcase name="_setCacheAdd.js" classname="- .usr.home.iojs.build.workspace.node-test-linter.tools.node_modules.eslint.node_modules.lodash"/>
		<testcase name="_setCacheHas.js" classname="- .usr.home.iojs.build.workspace.node-test-linter.tools.node_modules.eslint.node_modules.lodash"/>
		<testcase name="_setData.js" classname="- .usr.home.iojs.build.workspace.node-test-linter.tools.node_modules.eslint.node_modules.lodash"/>
		<testcase name="_setToArray.js" classname="- .usr.home.iojs.build.workspace.node-test-linter.tools.node_modules.eslint.node_modules.lodash"/>
		<testcase name="_setToPairs.js" classname="- .usr.home.iojs.build.workspace.node-test-linter.tools.node_modules.eslint.node_modules.lodash"/>
		<testcase name="_setToString.js" classname="- .usr.home.iojs.build.workspace.node-test-linter.tools.node_modules.eslint.node_modules.lodash"/>
		<testcase name="_setWrapToString.js" classname="- .usr.home.iojs.build.workspace.node-test-linter.tools.node_modules.eslint.node_modules.lodash"/>
		<testcase name="_shortOut.js" classname="- .usr.home.iojs.build.workspace.node-test-linter.tools.node_modules.eslint.node_modules.lodash"/>
		<testcase name="_shuffleSelf.js" classname="- .usr.home.iojs.build.workspace.node-test-linter.tools.node_modules.eslint.node_modules.lodash"/>
		<testcase name="_Stack.js" classname="- .usr.home.iojs.build.workspace.node-test-linter.tools.node_modules.eslint.node_modules.lodash"/>
		<testcase name="_stackClear.js" classname="- .usr.home.iojs.build.workspace.node-test-linter.tools.node_modules.eslint.node_modules.lodash"/>
		<testcase name="_stackDelete.js" classname="- .usr.home.iojs.build.workspace.node-test-linter.tools.node_modules.eslint.node_modules.lodash"/>
		<testcase name="_stackGet.js" classname="- .usr.home.iojs.build.workspace.node-test-linter.tools.node_modules.eslint.node_modules.lodash"/>
		<testcase name="_stackHas.js" classname="- .usr.home.iojs.build.workspace.node-test-linter.tools.node_modules.eslint.node_modules.lodash"/>
		<testcase name="_stackSet.js" classname="- .usr.home.iojs.build.workspace.node-test-linter.tools.node_modules.eslint.node_modules.lodash"/>
		<testcase name="_strictIndexOf.js" classname="- .usr.home.iojs.build.workspace.node-test-linter.tools.node_modules.eslint.node_modules.lodash"/>
		<testcase name="_strictLastIndexOf.js" classname="- .usr.home.iojs.build.workspace.node-test-linter.tools.node_modules.eslint.node_modules.lodash"/>
		<testcase name="_stringSize.js" classname="- .usr.home.iojs.build.workspace.node-test-linter.tools.node_modules.eslint.node_modules.lodash"/>
		<testcase name="_stringToArray.js" classname="- .usr.home.iojs.build.workspace.node-test-linter.tools.node_modules.eslint.node_modules.lodash"/>
		<testcase name="_stringToPath.js" classname="- .usr.home.iojs.build.workspace.node-test-linter.tools.node_modules.eslint.node_modules.lodash"/>
		<testcase name="_Symbol.js" classname="- .usr.home.iojs.build.workspace.node-test-linter.tools.node_modules.eslint.node_modules.lodash"/>
		<testcase name="_toKey.js" classname="- .usr.home.iojs.build.workspace.node-test-linter.tools.node_modules.eslint.node_modules.lodash"/>
		<testcase name="_toSource.js" classname="- .usr.home.iojs.build.workspace.node-test-linter.tools.node_modules.eslint.node_modules.lodash"/>
		<testcase name="_Uint8Array.js" classname="- .usr.home.iojs.build.workspace.node-test-linter.tools.node_modules.eslint.node_modules.lodash"/>
		<testcase name="_unescapeHtmlChar.js" classname="- .usr.home.iojs.build.workspace.node-test-linter.tools.node_modules.eslint.node_modules.lodash"/>
		<testcase name="_unicodeSize.js" classname="- .usr.home.iojs.build.workspace.node-test-linter.tools.node_modules.eslint.node_modules.lodash"/>
		<testcase name="_unicodeToArray.js" classname="- .usr.home.iojs.build.workspace.node-test-linter.tools.node_modules.eslint.node_modules.lodash"/>
		<testcase name="_unicodeWords.js" classname="- .usr.home.iojs.build.workspace.node-test-linter.tools.node_modules.eslint.node_modules.lodash"/>
		<testcase name="_updateWrapDetails.js" classname="- .usr.home.iojs.build.workspace.node-test-linter.tools.node_modules.eslint.node_modules.lodash"/>
		<testcase name="_WeakMap.js" classname="- .usr.home.iojs.build.workspace.node-test-linter.tools.node_modules.eslint.node_modules.lodash"/>
		<testcase name="_wrapperClone.js" classname="- .usr.home.iojs.build.workspace.node-test-linter.tools.node_modules.eslint.node_modules.lodash"/>
		<testcase name="add.js" classname="- .usr.home.iojs.build.workspace.node-test-linter.tools.node_modules.eslint.node_modules.lodash"/>
		<testcase name="after.js" classname="- .usr.home.iojs.build.workspace.node-test-linter.tools.node_modules.eslint.node_modules.lodash"/>
		<testcase name="array.js" classname="- .usr.home.iojs.build.workspace.node-test-linter.tools.node_modules.eslint.node_modules.lodash"/>
		<testcase name="ary.js" classname="- .usr.home.iojs.build.workspace.node-test-linter.tools.node_modules.eslint.node_modules.lodash"/>
		<testcase name="assign.js" classname="- .usr.home.iojs.build.workspace.node-test-linter.tools.node_modules.eslint.node_modules.lodash"/>
		<testcase name="assignIn.js" classname="- .usr.home.iojs.build.workspace.node-test-linter.tools.node_modules.eslint.node_modules.lodash"/>
		<testcase name="assignInWith.js" classname="- .usr.home.iojs.build.workspace.node-test-linter.tools.node_modules.eslint.node_modules.lodash"/>
		<testcase name="assignWith.js" classname="- .usr.home.iojs.build.workspace.node-test-linter.tools.node_modules.eslint.node_modules.lodash"/>
		<testcase name="at.js" classname="- .usr.home.iojs.build.workspace.node-test-linter.tools.node_modules.eslint.node_modules.lodash"/>
		<testcase name="attempt.js" classname="- .usr.home.iojs.build.workspace.node-test-linter.tools.node_modules.eslint.node_modules.lodash"/>
		<testcase name="before.js" classname="- .usr.home.iojs.build.workspace.node-test-linter.tools.node_modules.eslint.node_modules.lodash"/>
		<testcase name="bind.js" classname="- .usr.home.iojs.build.workspace.node-test-linter.tools.node_modules.eslint.node_modules.lodash"/>
		<testcase name="bindAll.js" classname="- .usr.home.iojs.build.workspace.node-test-linter.tools.node_modules.eslint.node_modules.lodash"/>
		<testcase name="bindKey.js" classname="- .usr.home.iojs.build.workspace.node-test-linter.tools.node_modules.eslint.node_modules.lodash"/>
		<testcase name="camelCase.js" classname="- .usr.home.iojs.build.workspace.node-test-linter.tools.node_modules.eslint.node_modules.lodash"/>
		<testcase name="capitalize.js" classname="- .usr.home.iojs.build.workspace.node-test-linter.tools.node_modules.eslint.node_modules.lodash"/>
		<testcase name="castArray.js" classname="- .usr.home.iojs.build.workspace.node-test-linter.tools.node_modules.eslint.node_modules.lodash"/>
		<testcase name="ceil.js" classname="- .usr.home.iojs.build.workspace.node-test-linter.tools.node_modules.eslint.node_modules.lodash"/>
		<testcase name="chain.js" classname="- .usr.home.iojs.build.workspace.node-test-linter.tools.node_modules.eslint.node_modules.lodash"/>
		<testcase name="chunk.js" classname="- .usr.home.iojs.build.workspace.node-test-linter.tools.node_modules.eslint.node_modules.lodash"/>
		<testcase name="clamp.js" classname="- .usr.home.iojs.build.workspace.node-test-linter.tools.node_modules.eslint.node_modules.lodash"/>
		<testcase name="clone.js" classname="- .usr.home.iojs.build.workspace.node-test-linter.tools.node_modules.eslint.node_modules.lodash"/>
		<testcase name="cloneDeep.js" classname="- .usr.home.iojs.build.workspace.node-test-linter.tools.node_modules.eslint.node_modules.lodash"/>
		<testcase name="cloneDeepWith.js" classname="- .usr.home.iojs.build.workspace.node-test-linter.tools.node_modules.eslint.node_modules.lodash"/>
		<testcase name="cloneWith.js" classname="- .usr.home.iojs.build.workspace.node-test-linter.tools.node_modules.eslint.node_modules.lodash"/>
		<testcase name="collection.js" classname="- .usr.home.iojs.build.workspace.node-test-linter.tools.node_modules.eslint.node_modules.lodash"/>
		<testcase name="commit.js" classname="- .usr.home.iojs.build.workspace.node-test-linter.tools.node_modules.eslint.node_modules.lodash"/>
		<testcase name="compact.js" classname="- .usr.home.iojs.build.workspace.node-test-linter.tools.node_modules.eslint.node_modules.lodash"/>
		<testcase name="concat.js" classname="- .usr.home.iojs.build.workspace.node-test-linter.tools.node_modules.eslint.node_modules.lodash"/>
		<testcase name="cond.js" classname="- .usr.home.iojs.build.workspace.node-test-linter.tools.node_modules.eslint.node_modules.lodash"/>
		<testcase name="conforms.js" classname="- .usr.home.iojs.build.workspace.node-test-linter.tools.node_modules.eslint.node_modules.lodash"/>
		<testcase name="conformsTo.js" classname="- .usr.home.iojs.build.workspace.node-test-linter.tools.node_modules.eslint.node_modules.lodash"/>
		<testcase name="constant.js" classname="- .usr.home.iojs.build.workspace.node-test-linter.tools.node_modules.eslint.node_modules.lodash"/>
		<testcase name="core.js" classname="- .usr.home.iojs.build.workspace.node-test-linter.tools.node_modules.eslint.node_modules.lodash"/>
		<testcase name="core.min.js" classname="- .usr.home.iojs.build.workspace.node-test-linter.tools.node_modules.eslint.node_modules.lodash"/>
		<testcase name="countBy.js" classname="- .usr.home.iojs.build.workspace.node-test-linter.tools.node_modules.eslint.node_modules.lodash"/>
		<testcase name="create.js" classname="- .usr.home.iojs.build.workspace.node-test-linter.tools.node_modules.eslint.node_modules.lodash"/>
		<testcase name="curry.js" classname="- .usr.home.iojs.build.workspace.node-test-linter.tools.node_modules.eslint.node_modules.lodash"/>
		<testcase name="curryRight.js" classname="- .usr.home.iojs.build.workspace.node-test-linter.tools.node_modules.eslint.node_modules.lodash"/>
		<testcase name="date.js" classname="- .usr.home.iojs.build.workspace.node-test-linter.tools.node_modules.eslint.node_modules.lodash"/>
		<testcase name="debounce.js" classname="- .usr.home.iojs.build.workspace.node-test-linter.tools.node_modules.eslint.node_modules.lodash"/>
		<testcase name="deburr.js" classname="- .usr.home.iojs.build.workspace.node-test-linter.tools.node_modules.eslint.node_modules.lodash"/>
		<testcase name="defaults.js" classname="- .usr.home.iojs.build.workspace.node-test-linter.tools.node_modules.eslint.node_modules.lodash"/>
		<testcase name="defaultsDeep.js" classname="- .usr.home.iojs.build.workspace.node-test-linter.tools.node_modules.eslint.node_modules.lodash"/>
		<testcase name="defaultTo.js" classname="- .usr.home.iojs.build.workspace.node-test-linter.tools.node_modules.eslint.node_modules.lodash"/>
		<testcase name="defer.js" classname="- .usr.home.iojs.build.workspace.node-test-linter.tools.node_modules.eslint.node_modules.lodash"/>
		<testcase name="delay.js" classname="- .usr.home.iojs.build.workspace.node-test-linter.tools.node_modules.eslint.node_modules.lodash"/>
		<testcase name="difference.js" classname="- .usr.home.iojs.build.workspace.node-test-linter.tools.node_modules.eslint.node_modules.lodash"/>
		<testcase name="differenceBy.js" classname="- .usr.home.iojs.build.workspace.node-test-linter.tools.node_modules.eslint.node_modules.lodash"/>
		<testcase name="differenceWith.js" classname="- .usr.home.iojs.build.workspace.node-test-linter.tools.node_modules.eslint.node_modules.lodash"/>
		<testcase name="divide.js" classname="- .usr.home.iojs.build.workspace.node-test-linter.tools.node_modules.eslint.node_modules.lodash"/>
		<testcase name="drop.js" classname="- .usr.home.iojs.build.workspace.node-test-linter.tools.node_modules.eslint.node_modules.lodash"/>
		<testcase name="dropRight.js" classname="- .usr.home.iojs.build.workspace.node-test-linter.tools.node_modules.eslint.node_modules.lodash"/>
		<testcase name="dropRightWhile.js" classname="- .usr.home.iojs.build.workspace.node-test-linter.tools.node_modules.eslint.node_modules.lodash"/>
		<testcase name="dropWhile.js" classname="- .usr.home.iojs.build.workspace.node-test-linter.tools.node_modules.eslint.node_modules.lodash"/>
		<testcase name="each.js" classname="- .usr.home.iojs.build.workspace.node-test-linter.tools.node_modules.eslint.node_modules.lodash"/>
		<testcase name="eachRight.js" classname="- .usr.home.iojs.build.workspace.node-test-linter.tools.node_modules.eslint.node_modules.lodash"/>
		<testcase name="endsWith.js" classname="- .usr.home.iojs.build.workspace.node-test-linter.tools.node_modules.eslint.node_modules.lodash"/>
		<testcase name="entries.js" classname="- .usr.home.iojs.build.workspace.node-test-linter.tools.node_modules.eslint.node_modules.lodash"/>
		<testcase name="entriesIn.js" classname="- .usr.home.iojs.build.workspace.node-test-linter.tools.node_modules.eslint.node_modules.lodash"/>
		<testcase name="eq.js" classname="- .usr.home.iojs.build.workspace.node-test-linter.tools.node_modules.eslint.node_modules.lodash"/>
		<testcase name="escape.js" classname="- .usr.home.iojs.build.workspace.node-test-linter.tools.node_modules.eslint.node_modules.lodash"/>
		<testcase name="escapeRegExp.js" classname="- .usr.home.iojs.build.workspace.node-test-linter.tools.node_modules.eslint.node_modules.lodash"/>
		<testcase name="every.js" classname="- .usr.home.iojs.build.workspace.node-test-linter.tools.node_modules.eslint.node_modules.lodash"/>
		<testcase name="extend.js" classname="- .usr.home.iojs.build.workspace.node-test-linter.tools.node_modules.eslint.node_modules.lodash"/>
		<testcase name="extendWith.js" classname="- .usr.home.iojs.build.workspace.node-test-linter.tools.node_modules.eslint.node_modules.lodash"/>
		<testcase name="fill.js" classname="- .usr.home.iojs.build.workspace.node-test-linter.tools.node_modules.eslint.node_modules.lodash"/>
		<testcase name="filter.js" classname="- .usr.home.iojs.build.workspace.node-test-linter.tools.node_modules.eslint.node_modules.lodash"/>
		<testcase name="find.js" classname="- .usr.home.iojs.build.workspace.node-test-linter.tools.node_modules.eslint.node_modules.lodash"/>
		<testcase name="findIndex.js" classname="- .usr.home.iojs.build.workspace.node-test-linter.tools.node_modules.eslint.node_modules.lodash"/>
		<testcase name="findKey.js" classname="- .usr.home.iojs.build.workspace.node-test-linter.tools.node_modules.eslint.node_modules.lodash"/>
		<testcase name="findLast.js" classname="- .usr.home.iojs.build.workspace.node-test-linter.tools.node_modules.eslint.node_modules.lodash"/>
		<testcase name="findLastIndex.js" classname="- .usr.home.iojs.build.workspace.node-test-linter.tools.node_modules.eslint.node_modules.lodash"/>
		<testcase name="findLastKey.js" classname="- .usr.home.iojs.build.workspace.node-test-linter.tools.node_modules.eslint.node_modules.lodash"/>
		<testcase name="first.js" classname="- .usr.home.iojs.build.workspace.node-test-linter.tools.node_modules.eslint.node_modules.lodash"/>
		<testcase name="flatMap.js" classname="- .usr.home.iojs.build.workspace.node-test-linter.tools.node_modules.eslint.node_modules.lodash"/>
		<testcase name="flatMapDeep.js" classname="- .usr.home.iojs.build.workspace.node-test-linter.tools.node_modules.eslint.node_modules.lodash"/>
		<testcase name="flatMapDepth.js" classname="- .usr.home.iojs.build.workspace.node-test-linter.tools.node_modules.eslint.node_modules.lodash"/>
		<testcase name="flatten.js" classname="- .usr.home.iojs.build.workspace.node-test-linter.tools.node_modules.eslint.node_modules.lodash"/>
		<testcase name="flattenDeep.js" classname="- .usr.home.iojs.build.workspace.node-test-linter.tools.node_modules.eslint.node_modules.lodash"/>
		<testcase name="flattenDepth.js" classname="- .usr.home.iojs.build.workspace.node-test-linter.tools.node_modules.eslint.node_modules.lodash"/>
		<testcase name="flip.js" classname="- .usr.home.iojs.build.workspace.node-test-linter.tools.node_modules.eslint.node_modules.lodash"/>
		<testcase name="floor.js" classname="- .usr.home.iojs.build.workspace.node-test-linter.tools.node_modules.eslint.node_modules.lodash"/>
		<testcase name="flow.js" classname="- .usr.home.iojs.build.workspace.node-test-linter.tools.node_modules.eslint.node_modules.lodash"/>
		<testcase name="flowRight.js" classname="- .usr.home.iojs.build.workspace.node-test-linter.tools.node_modules.eslint.node_modules.lodash"/>
		<testcase name="forEach.js" classname="- .usr.home.iojs.build.workspace.node-test-linter.tools.node_modules.eslint.node_modules.lodash"/>
		<testcase name="forEachRight.js" classname="- .usr.home.iojs.build.workspace.node-test-linter.tools.node_modules.eslint.node_modules.lodash"/>
		<testcase name="forIn.js" classname="- .usr.home.iojs.build.workspace.node-test-linter.tools.node_modules.eslint.node_modules.lodash"/>
		<testcase name="forInRight.js" classname="- .usr.home.iojs.build.workspace.node-test-linter.tools.node_modules.eslint.node_modules.lodash"/>
		<testcase name="forOwn.js" classname="- .usr.home.iojs.build.workspace.node-test-linter.tools.node_modules.eslint.node_modules.lodash"/>
		<testcase name="forOwnRight.js" classname="- .usr.home.iojs.build.workspace.node-test-linter.tools.node_modules.eslint.node_modules.lodash"/>
		<testcase name="fp.js" classname="- .usr.home.iojs.build.workspace.node-test-linter.tools.node_modules.eslint.node_modules.lodash"/>
		<testcase name="__.js" classname="- .usr.home.iojs.build.workspace.node-test-linter.tools.node_modules.eslint.node_modules.lodash.fp"/>
		<testcase name="_baseConvert.js" classname="- .usr.home.iojs.build.workspace.node-test-linter.tools.node_modules.eslint.node_modules.lodash.fp"/>
		<testcase name="_convertBrowser.js" classname="- .usr.home.iojs.build.workspace.node-test-linter.tools.node_modules.eslint.node_modules.lodash.fp"/>
		<testcase name="_falseOptions.js" classname="- .usr.home.iojs.build.workspace.node-test-linter.tools.node_modules.eslint.node_modules.lodash.fp"/>
		<testcase name="_mapping.js" classname="- .usr.home.iojs.build.workspace.node-test-linter.tools.node_modules.eslint.node_modules.lodash.fp"/>
		<testcase name="_util.js" classname="- .usr.home.iojs.build.workspace.node-test-linter.tools.node_modules.eslint.node_modules.lodash.fp"/>
		<testcase name="add.js" classname="- .usr.home.iojs.build.workspace.node-test-linter.tools.node_modules.eslint.node_modules.lodash.fp"/>
		<testcase name="after.js" classname="- .usr.home.iojs.build.workspace.node-test-linter.tools.node_modules.eslint.node_modules.lodash.fp"/>
		<testcase name="all.js" classname="- .usr.home.iojs.build.workspace.node-test-linter.tools.node_modules.eslint.node_modules.lodash.fp"/>
		<testcase name="allPass.js" classname="- .usr.home.iojs.build.workspace.node-test-linter.tools.node_modules.eslint.node_modules.lodash.fp"/>
		<testcase name="always.js" classname="- .usr.home.iojs.build.workspace.node-test-linter.tools.node_modules.eslint.node_modules.lodash.fp"/>
		<testcase name="any.js" classname="- .usr.home.iojs.build.workspace.node-test-linter.tools.node_modules.eslint.node_modules.lodash.fp"/>
		<testcase name="anyPass.js" classname="- .usr.home.iojs.build.workspace.node-test-linter.tools.node_modules.eslint.node_modules.lodash.fp"/>
		<testcase name="apply.js" classname="- .usr.home.iojs.build.workspace.node-test-linter.tools.node_modules.eslint.node_modules.lodash.fp"/>
		<testcase name="array.js" classname="- .usr.home.iojs.build.workspace.node-test-linter.tools.node_modules.eslint.node_modules.lodash.fp"/>
		<testcase name="ary.js" classname="- .usr.home.iojs.build.workspace.node-test-linter.tools.node_modules.eslint.node_modules.lodash.fp"/>
		<testcase name="assign.js" classname="- .usr.home.iojs.build.workspace.node-test-linter.tools.node_modules.eslint.node_modules.lodash.fp"/>
		<testcase name="assignAll.js" classname="- .usr.home.iojs.build.workspace.node-test-linter.tools.node_modules.eslint.node_modules.lodash.fp"/>
		<testcase name="assignAllWith.js" classname="- .usr.home.iojs.build.workspace.node-test-linter.tools.node_modules.eslint.node_modules.lodash.fp"/>
		<testcase name="assignIn.js" classname="- .usr.home.iojs.build.workspace.node-test-linter.tools.node_modules.eslint.node_modules.lodash.fp"/>
		<testcase name="assignInAll.js" classname="- .usr.home.iojs.build.workspace.node-test-linter.tools.node_modules.eslint.node_modules.lodash.fp"/>
		<testcase name="assignInAllWith.js" classname="- .usr.home.iojs.build.workspace.node-test-linter.tools.node_modules.eslint.node_modules.lodash.fp"/>
		<testcase name="assignInWith.js" classname="- .usr.home.iojs.build.workspace.node-test-linter.tools.node_modules.eslint.node_modules.lodash.fp"/>
		<testcase name="assignWith.js" classname="- .usr.home.iojs.build.workspace.node-test-linter.tools.node_modules.eslint.node_modules.lodash.fp"/>
		<testcase name="assoc.js" classname="- .usr.home.iojs.build.workspace.node-test-linter.tools.node_modules.eslint.node_modules.lodash.fp"/>
		<testcase name="assocPath.js" classname="- .usr.home.iojs.build.workspace.node-test-linter.tools.node_modules.eslint.node_modules.lodash.fp"/>
		<testcase name="at.js" classname="- .usr.home.iojs.build.workspace.node-test-linter.tools.node_modules.eslint.node_modules.lodash.fp"/>
		<testcase name="attempt.js" classname="- .usr.home.iojs.build.workspace.node-test-linter.tools.node_modules.eslint.node_modules.lodash.fp"/>
		<testcase name="before.js" classname="- .usr.home.iojs.build.workspace.node-test-linter.tools.node_modules.eslint.node_modules.lodash.fp"/>
		<testcase name="bind.js" classname="- .usr.home.iojs.build.workspace.node-test-linter.tools.node_modules.eslint.node_modules.lodash.fp"/>
		<testcase name="bindAll.js" classname="- .usr.home.iojs.build.workspace.node-test-linter.tools.node_modules.eslint.node_modules.lodash.fp"/>
		<testcase name="bindKey.js" classname="- .usr.home.iojs.build.workspace.node-test-linter.tools.node_modules.eslint.node_modules.lodash.fp"/>
		<testcase name="camelCase.js" classname="- .usr.home.iojs.build.workspace.node-test-linter.tools.node_modules.eslint.node_modules.lodash.fp"/>
		<testcase name="capitalize.js" classname="- .usr.home.iojs.build.workspace.node-test-linter.tools.node_modules.eslint.node_modules.lodash.fp"/>
		<testcase name="castArray.js" classname="- .usr.home.iojs.build.workspace.node-test-linter.tools.node_modules.eslint.node_modules.lodash.fp"/>
		<testcase name="ceil.js" classname="- .usr.home.iojs.build.workspace.node-test-linter.tools.node_modules.eslint.node_modules.lodash.fp"/>
		<testcase name="chain.js" classname="- .usr.home.iojs.build.workspace.node-test-linter.tools.node_modules.eslint.node_modules.lodash.fp"/>
		<testcase name="chunk.js" classname="- .usr.home.iojs.build.workspace.node-test-linter.tools.node_modules.eslint.node_modules.lodash.fp"/>
		<testcase name="clamp.js" classname="- .usr.home.iojs.build.workspace.node-test-linter.tools.node_modules.eslint.node_modules.lodash.fp"/>
		<testcase name="clone.js" classname="- .usr.home.iojs.build.workspace.node-test-linter.tools.node_modules.eslint.node_modules.lodash.fp"/>
		<testcase name="cloneDeep.js" classname="- .usr.home.iojs.build.workspace.node-test-linter.tools.node_modules.eslint.node_modules.lodash.fp"/>
		<testcase name="cloneDeepWith.js" classname="- .usr.home.iojs.build.workspace.node-test-linter.tools.node_modules.eslint.node_modules.lodash.fp"/>
		<testcase name="cloneWith.js" classname="- .usr.home.iojs.build.workspace.node-test-linter.tools.node_modules.eslint.node_modules.lodash.fp"/>
		<testcase name="collection.js" classname="- .usr.home.iojs.build.workspace.node-test-linter.tools.node_modules.eslint.node_modules.lodash.fp"/>
		<testcase name="commit.js" classname="- .usr.home.iojs.build.workspace.node-test-linter.tools.node_modules.eslint.node_modules.lodash.fp"/>
		<testcase name="compact.js" classname="- .usr.home.iojs.build.workspace.node-test-linter.tools.node_modules.eslint.node_modules.lodash.fp"/>
		<testcase name="complement.js" classname="- .usr.home.iojs.build.workspace.node-test-linter.tools.node_modules.eslint.node_modules.lodash.fp"/>
		<testcase name="compose.js" classname="- .usr.home.iojs.build.workspace.node-test-linter.tools.node_modules.eslint.node_modules.lodash.fp"/>
		<testcase name="concat.js" classname="- .usr.home.iojs.build.workspace.node-test-linter.tools.node_modules.eslint.node_modules.lodash.fp"/>
		<testcase name="cond.js" classname="- .usr.home.iojs.build.workspace.node-test-linter.tools.node_modules.eslint.node_modules.lodash.fp"/>
		<testcase name="conforms.js" classname="- .usr.home.iojs.build.workspace.node-test-linter.tools.node_modules.eslint.node_modules.lodash.fp"/>
		<testcase name="conformsTo.js" classname="- .usr.home.iojs.build.workspace.node-test-linter.tools.node_modules.eslint.node_modules.lodash.fp"/>
		<testcase name="constant.js" classname="- .usr.home.iojs.build.workspace.node-test-linter.tools.node_modules.eslint.node_modules.lodash.fp"/>
		<testcase name="contains.js" classname="- .usr.home.iojs.build.workspace.node-test-linter.tools.node_modules.eslint.node_modules.lodash.fp"/>
		<testcase name="convert.js" classname="- .usr.home.iojs.build.workspace.node-test-linter.tools.node_modules.eslint.node_modules.lodash.fp"/>
		<testcase name="countBy.js" classname="- .usr.home.iojs.build.workspace.node-test-linter.tools.node_modules.eslint.node_modules.lodash.fp"/>
		<testcase name="create.js" classname="- .usr.home.iojs.build.workspace.node-test-linter.tools.node_modules.eslint.node_modules.lodash.fp"/>
		<testcase name="curry.js" classname="- .usr.home.iojs.build.workspace.node-test-linter.tools.node_modules.eslint.node_modules.lodash.fp"/>
		<testcase name="curryN.js" classname="- .usr.home.iojs.build.workspace.node-test-linter.tools.node_modules.eslint.node_modules.lodash.fp"/>
		<testcase name="curryRight.js" classname="- .usr.home.iojs.build.workspace.node-test-linter.tools.node_modules.eslint.node_modules.lodash.fp"/>
		<testcase name="curryRightN.js" classname="- .usr.home.iojs.build.workspace.node-test-linter.tools.node_modules.eslint.node_modules.lodash.fp"/>
		<testcase name="date.js" classname="- .usr.home.iojs.build.workspace.node-test-linter.tools.node_modules.eslint.node_modules.lodash.fp"/>
		<testcase name="debounce.js" classname="- .usr.home.iojs.build.workspace.node-test-linter.tools.node_modules.eslint.node_modules.lodash.fp"/>
		<testcase name="deburr.js" classname="- .usr.home.iojs.build.workspace.node-test-linter.tools.node_modules.eslint.node_modules.lodash.fp"/>
		<testcase name="defaults.js" classname="- .usr.home.iojs.build.workspace.node-test-linter.tools.node_modules.eslint.node_modules.lodash.fp"/>
		<testcase name="defaultsAll.js" classname="- .usr.home.iojs.build.workspace.node-test-linter.tools.node_modules.eslint.node_modules.lodash.fp"/>
		<testcase name="defaultsDeep.js" classname="- .usr.home.iojs.build.workspace.node-test-linter.tools.node_modules.eslint.node_modules.lodash.fp"/>
		<testcase name="defaultsDeepAll.js" classname="- .usr.home.iojs.build.workspace.node-test-linter.tools.node_modules.eslint.node_modules.lodash.fp"/>
		<testcase name="defaultTo.js" classname="- .usr.home.iojs.build.workspace.node-test-linter.tools.node_modules.eslint.node_modules.lodash.fp"/>
		<testcase name="defer.js" classname="- .usr.home.iojs.build.workspace.node-test-linter.tools.node_modules.eslint.node_modules.lodash.fp"/>
		<testcase name="delay.js" classname="- .usr.home.iojs.build.workspace.node-test-linter.tools.node_modules.eslint.node_modules.lodash.fp"/>
		<testcase name="difference.js" classname="- .usr.home.iojs.build.workspace.node-test-linter.tools.node_modules.eslint.node_modules.lodash.fp"/>
		<testcase name="differenceBy.js" classname="- .usr.home.iojs.build.workspace.node-test-linter.tools.node_modules.eslint.node_modules.lodash.fp"/>
		<testcase name="differenceWith.js" classname="- .usr.home.iojs.build.workspace.node-test-linter.tools.node_modules.eslint.node_modules.lodash.fp"/>
		<testcase name="dissoc.js" classname="- .usr.home.iojs.build.workspace.node-test-linter.tools.node_modules.eslint.node_modules.lodash.fp"/>
		<testcase name="dissocPath.js" classname="- .usr.home.iojs.build.workspace.node-test-linter.tools.node_modules.eslint.node_modules.lodash.fp"/>
		<testcase name="divide.js" classname="- .usr.home.iojs.build.workspace.node-test-linter.tools.node_modules.eslint.node_modules.lodash.fp"/>
		<testcase name="drop.js" classname="- .usr.home.iojs.build.workspace.node-test-linter.tools.node_modules.eslint.node_modules.lodash.fp"/>
		<testcase name="dropLast.js" classname="- .usr.home.iojs.build.workspace.node-test-linter.tools.node_modules.eslint.node_modules.lodash.fp"/>
		<testcase name="dropLastWhile.js" classname="- .usr.home.iojs.build.workspace.node-test-linter.tools.node_modules.eslint.node_modules.lodash.fp"/>
		<testcase name="dropRight.js" classname="- .usr.home.iojs.build.workspace.node-test-linter.tools.node_modules.eslint.node_modules.lodash.fp"/>
		<testcase name="dropRightWhile.js" classname="- .usr.home.iojs.build.workspace.node-test-linter.tools.node_modules.eslint.node_modules.lodash.fp"/>
		<testcase name="dropWhile.js" classname="- .usr.home.iojs.build.workspace.node-test-linter.tools.node_modules.eslint.node_modules.lodash.fp"/>
		<testcase name="each.js" classname="- .usr.home.iojs.build.workspace.node-test-linter.tools.node_modules.eslint.node_modules.lodash.fp"/>
		<testcase name="eachRight.js" classname="- .usr.home.iojs.build.workspace.node-test-linter.tools.node_modules.eslint.node_modules.lodash.fp"/>
		<testcase name="endsWith.js" classname="- .usr.home.iojs.build.workspace.node-test-linter.tools.node_modules.eslint.node_modules.lodash.fp"/>
		<testcase name="entries.js" classname="- .usr.home.iojs.build.workspace.node-test-linter.tools.node_modules.eslint.node_modules.lodash.fp"/>
		<testcase name="entriesIn.js" classname="- .usr.home.iojs.build.workspace.node-test-linter.tools.node_modules.eslint.node_modules.lodash.fp"/>
		<testcase name="eq.js" classname="- .usr.home.iojs.build.workspace.node-test-linter.tools.node_modules.eslint.node_modules.lodash.fp"/>
		<testcase name="equals.js" classname="- .usr.home.iojs.build.workspace.node-test-linter.tools.node_modules.eslint.node_modules.lodash.fp"/>
		<testcase name="escape.js" classname="- .usr.home.iojs.build.workspace.node-test-linter.tools.node_modules.eslint.node_modules.lodash.fp"/>
		<testcase name="escapeRegExp.js" classname="- .usr.home.iojs.build.workspace.node-test-linter.tools.node_modules.eslint.node_modules.lodash.fp"/>
		<testcase name="every.js" classname="- .usr.home.iojs.build.workspace.node-test-linter.tools.node_modules.eslint.node_modules.lodash.fp"/>
		<testcase name="extend.js" classname="- .usr.home.iojs.build.workspace.node-test-linter.tools.node_modules.eslint.node_modules.lodash.fp"/>
		<testcase name="extendAll.js" classname="- .usr.home.iojs.build.workspace.node-test-linter.tools.node_modules.eslint.node_modules.lodash.fp"/>
		<testcase name="extendAllWith.js" classname="- .usr.home.iojs.build.workspace.node-test-linter.tools.node_modules.eslint.node_modules.lodash.fp"/>
		<testcase name="extendWith.js" classname="- .usr.home.iojs.build.workspace.node-test-linter.tools.node_modules.eslint.node_modules.lodash.fp"/>
		<testcase name="F.js" classname="- .usr.home.iojs.build.workspace.node-test-linter.tools.node_modules.eslint.node_modules.lodash.fp"/>
		<testcase name="fill.js" classname="- .usr.home.iojs.build.workspace.node-test-linter.tools.node_modules.eslint.node_modules.lodash.fp"/>
		<testcase name="filter.js" classname="- .usr.home.iojs.build.workspace.node-test-linter.tools.node_modules.eslint.node_modules.lodash.fp"/>
		<testcase name="find.js" classname="- .usr.home.iojs.build.workspace.node-test-linter.tools.node_modules.eslint.node_modules.lodash.fp"/>
		<testcase name="findFrom.js" classname="- .usr.home.iojs.build.workspace.node-test-linter.tools.node_modules.eslint.node_modules.lodash.fp"/>
		<testcase name="findIndex.js" classname="- .usr.home.iojs.build.workspace.node-test-linter.tools.node_modules.eslint.node_modules.lodash.fp"/>
		<testcase name="findIndexFrom.js" classname="- .usr.home.iojs.build.workspace.node-test-linter.tools.node_modules.eslint.node_modules.lodash.fp"/>
		<testcase name="findKey.js" classname="- .usr.home.iojs.build.workspace.node-test-linter.tools.node_modules.eslint.node_modules.lodash.fp"/>
		<testcase name="findLast.js" classname="- .usr.home.iojs.build.workspace.node-test-linter.tools.node_modules.eslint.node_modules.lodash.fp"/>
		<testcase name="findLastFrom.js" classname="- .usr.home.iojs.build.workspace.node-test-linter.tools.node_modules.eslint.node_modules.lodash.fp"/>
		<testcase name="findLastIndex.js" classname="- .usr.home.iojs.build.workspace.node-test-linter.tools.node_modules.eslint.node_modules.lodash.fp"/>
		<testcase name="findLastIndexFrom.js" classname="- .usr.home.iojs.build.workspace.node-test-linter.tools.node_modules.eslint.node_modules.lodash.fp"/>
		<testcase name="findLastKey.js" classname="- .usr.home.iojs.build.workspace.node-test-linter.tools.node_modules.eslint.node_modules.lodash.fp"/>
		<testcase name="first.js" classname="- .usr.home.iojs.build.workspace.node-test-linter.tools.node_modules.eslint.node_modules.lodash.fp"/>
		<testcase name="flatMap.js" classname="- .usr.home.iojs.build.workspace.node-test-linter.tools.node_modules.eslint.node_modules.lodash.fp"/>
		<testcase name="flatMapDeep.js" classname="- .usr.home.iojs.build.workspace.node-test-linter.tools.node_modules.eslint.node_modules.lodash.fp"/>
		<testcase name="flatMapDepth.js" classname="- .usr.home.iojs.build.workspace.node-test-linter.tools.node_modules.eslint.node_modules.lodash.fp"/>
		<testcase name="flatten.js" classname="- .usr.home.iojs.build.workspace.node-test-linter.tools.node_modules.eslint.node_modules.lodash.fp"/>
		<testcase name="flattenDeep.js" classname="- .usr.home.iojs.build.workspace.node-test-linter.tools.node_modules.eslint.node_modules.lodash.fp"/>
		<testcase name="flattenDepth.js" classname="- .usr.home.iojs.build.workspace.node-test-linter.tools.node_modules.eslint.node_modules.lodash.fp"/>
		<testcase name="flip.js" classname="- .usr.home.iojs.build.workspace.node-test-linter.tools.node_modules.eslint.node_modules.lodash.fp"/>
		<testcase name="floor.js" classname="- .usr.home.iojs.build.workspace.node-test-linter.tools.node_modules.eslint.node_modules.lodash.fp"/>
		<testcase name="flow.js" classname="- .usr.home.iojs.build.workspace.node-test-linter.tools.node_modules.eslint.node_modules.lodash.fp"/>
		<testcase name="flowRight.js" classname="- .usr.home.iojs.build.workspace.node-test-linter.tools.node_modules.eslint.node_modules.lodash.fp"/>
		<testcase name="forEach.js" classname="- .usr.home.iojs.build.workspace.node-test-linter.tools.node_modules.eslint.node_modules.lodash.fp"/>
		<testcase name="forEachRight.js" classname="- .usr.home.iojs.build.workspace.node-test-linter.tools.node_modules.eslint.node_modules.lodash.fp"/>
		<testcase name="forIn.js" classname="- .usr.home.iojs.build.workspace.node-test-linter.tools.node_modules.eslint.node_modules.lodash.fp"/>
		<testcase name="forInRight.js" classname="- .usr.home.iojs.build.workspace.node-test-linter.tools.node_modules.eslint.node_modules.lodash.fp"/>
		<testcase name="forOwn.js" classname="- .usr.home.iojs.build.workspace.node-test-linter.tools.node_modules.eslint.node_modules.lodash.fp"/>
		<testcase name="forOwnRight.js" classname="- .usr.home.iojs.build.workspace.node-test-linter.tools.node_modules.eslint.node_modules.lodash.fp"/>
		<testcase name="fromPairs.js" classname="- .usr.home.iojs.build.workspace.node-test-linter.tools.node_modules.eslint.node_modules.lodash.fp"/>
		<testcase name="function.js" classname="- .usr.home.iojs.build.workspace.node-test-linter.tools.node_modules.eslint.node_modules.lodash.fp"/>
		<testcase name="functions.js" classname="- .usr.home.iojs.build.workspace.node-test-linter.tools.node_modules.eslint.node_modules.lodash.fp"/>
		<testcase name="functionsIn.js" classname="- .usr.home.iojs.build.workspace.node-test-linter.tools.node_modules.eslint.node_modules.lodash.fp"/>
		<testcase name="get.js" classname="- .usr.home.iojs.build.workspace.node-test-linter.tools.node_modules.eslint.node_modules.lodash.fp"/>
		<testcase name="getOr.js" classname="- .usr.home.iojs.build.workspace.node-test-linter.tools.node_modules.eslint.node_modules.lodash.fp"/>
		<testcase name="groupBy.js" classname="- .usr.home.iojs.build.workspace.node-test-linter.tools.node_modules.eslint.node_modules.lodash.fp"/>
		<testcase name="gt.js" classname="- .usr.home.iojs.build.workspace.node-test-linter.tools.node_modules.eslint.node_modules.lodash.fp"/>
		<testcase name="gte.js" classname="- .usr.home.iojs.build.workspace.node-test-linter.tools.node_modules.eslint.node_modules.lodash.fp"/>
		<testcase name="has.js" classname="- .usr.home.iojs.build.workspace.node-test-linter.tools.node_modules.eslint.node_modules.lodash.fp"/>
		<testcase name="hasIn.js" classname="- .usr.home.iojs.build.workspace.node-test-linter.tools.node_modules.eslint.node_modules.lodash.fp"/>
		<testcase name="head.js" classname="- .usr.home.iojs.build.workspace.node-test-linter.tools.node_modules.eslint.node_modules.lodash.fp"/>
		<testcase name="identical.js" classname="- .usr.home.iojs.build.workspace.node-test-linter.tools.node_modules.eslint.node_modules.lodash.fp"/>
		<testcase name="identity.js" classname="- .usr.home.iojs.build.workspace.node-test-linter.tools.node_modules.eslint.node_modules.lodash.fp"/>
		<testcase name="includes.js" classname="- .usr.home.iojs.build.workspace.node-test-linter.tools.node_modules.eslint.node_modules.lodash.fp"/>
		<testcase name="includesFrom.js" classname="- .usr.home.iojs.build.workspace.node-test-linter.tools.node_modules.eslint.node_modules.lodash.fp"/>
		<testcase name="indexBy.js" classname="- .usr.home.iojs.build.workspace.node-test-linter.tools.node_modules.eslint.node_modules.lodash.fp"/>
		<testcase name="indexOf.js" classname="- .usr.home.iojs.build.workspace.node-test-linter.tools.node_modules.eslint.node_modules.lodash.fp"/>
		<testcase name="indexOfFrom.js" classname="- .usr.home.iojs.build.workspace.node-test-linter.tools.node_modules.eslint.node_modules.lodash.fp"/>
		<testcase name="init.js" classname="- .usr.home.iojs.build.workspace.node-test-linter.tools.node_modules.eslint.node_modules.lodash.fp"/>
		<testcase name="initial.js" classname="- .usr.home.iojs.build.workspace.node-test-linter.tools.node_modules.eslint.node_modules.lodash.fp"/>
		<testcase name="inRange.js" classname="- .usr.home.iojs.build.workspace.node-test-linter.tools.node_modules.eslint.node_modules.lodash.fp"/>
		<testcase name="intersection.js" classname="- .usr.home.iojs.build.workspace.node-test-linter.tools.node_modules.eslint.node_modules.lodash.fp"/>
		<testcase name="intersectionBy.js" classname="- .usr.home.iojs.build.workspace.node-test-linter.tools.node_modules.eslint.node_modules.lodash.fp"/>
		<testcase name="intersectionWith.js" classname="- .usr.home.iojs.build.workspace.node-test-linter.tools.node_modules.eslint.node_modules.lodash.fp"/>
		<testcase name="invert.js" classname="- .usr.home.iojs.build.workspace.node-test-linter.tools.node_modules.eslint.node_modules.lodash.fp"/>
		<testcase name="invertBy.js" classname="- .usr.home.iojs.build.workspace.node-test-linter.tools.node_modules.eslint.node_modules.lodash.fp"/>
		<testcase name="invertObj.js" classname="- .usr.home.iojs.build.workspace.node-test-linter.tools.node_modules.eslint.node_modules.lodash.fp"/>
		<testcase name="invoke.js" classname="- .usr.home.iojs.build.workspace.node-test-linter.tools.node_modules.eslint.node_modules.lodash.fp"/>
		<testcase name="invokeArgs.js" classname="- .usr.home.iojs.build.workspace.node-test-linter.tools.node_modules.eslint.node_modules.lodash.fp"/>
		<testcase name="invokeArgsMap.js" classname="- .usr.home.iojs.build.workspace.node-test-linter.tools.node_modules.eslint.node_modules.lodash.fp"/>
		<testcase name="invokeMap.js" classname="- .usr.home.iojs.build.workspace.node-test-linter.tools.node_modules.eslint.node_modules.lodash.fp"/>
		<testcase name="isArguments.js" classname="- .usr.home.iojs.build.workspace.node-test-linter.tools.node_modules.eslint.node_modules.lodash.fp"/>
		<testcase name="isArray.js" classname="- .usr.home.iojs.build.workspace.node-test-linter.tools.node_modules.eslint.node_modules.lodash.fp"/>
		<testcase name="isArrayBuffer.js" classname="- .usr.home.iojs.build.workspace.node-test-linter.tools.node_modules.eslint.node_modules.lodash.fp"/>
		<testcase name="isArrayLike.js" classname="- .usr.home.iojs.build.workspace.node-test-linter.tools.node_modules.eslint.node_modules.lodash.fp"/>
		<testcase name="isArrayLikeObject.js" classname="- .usr.home.iojs.build.workspace.node-test-linter.tools.node_modules.eslint.node_modules.lodash.fp"/>
		<testcase name="isBoolean.js" classname="- .usr.home.iojs.build.workspace.node-test-linter.tools.node_modules.eslint.node_modules.lodash.fp"/>
		<testcase name="isBuffer.js" classname="- .usr.home.iojs.build.workspace.node-test-linter.tools.node_modules.eslint.node_modules.lodash.fp"/>
		<testcase name="isDate.js" classname="- .usr.home.iojs.build.workspace.node-test-linter.tools.node_modules.eslint.node_modules.lodash.fp"/>
		<testcase name="isElement.js" classname="- .usr.home.iojs.build.workspace.node-test-linter.tools.node_modules.eslint.node_modules.lodash.fp"/>
		<testcase name="isEmpty.js" classname="- .usr.home.iojs.build.workspace.node-test-linter.tools.node_modules.eslint.node_modules.lodash.fp"/>
		<testcase name="isEqual.js" classname="- .usr.home.iojs.build.workspace.node-test-linter.tools.node_modules.eslint.node_modules.lodash.fp"/>
		<testcase name="isEqualWith.js" classname="- .usr.home.iojs.build.workspace.node-test-linter.tools.node_modules.eslint.node_modules.lodash.fp"/>
		<testcase name="isError.js" classname="- .usr.home.iojs.build.workspace.node-test-linter.tools.node_modules.eslint.node_modules.lodash.fp"/>
		<testcase name="isFinite.js" classname="- .usr.home.iojs.build.workspace.node-test-linter.tools.node_modules.eslint.node_modules.lodash.fp"/>
		<testcase name="isFunction.js" classname="- .usr.home.iojs.build.workspace.node-test-linter.tools.node_modules.eslint.node_modules.lodash.fp"/>
		<testcase name="isInteger.js" classname="- .usr.home.iojs.build.workspace.node-test-linter.tools.node_modules.eslint.node_modules.lodash.fp"/>
		<testcase name="isLength.js" classname="- .usr.home.iojs.build.workspace.node-test-linter.tools.node_modules.eslint.node_modules.lodash.fp"/>
		<testcase name="isMap.js" classname="- .usr.home.iojs.build.workspace.node-test-linter.tools.node_modules.eslint.node_modules.lodash.fp"/>
		<testcase name="isMatch.js" classname="- .usr.home.iojs.build.workspace.node-test-linter.tools.node_modules.eslint.node_modules.lodash.fp"/>
		<testcase name="isMatchWith.js" classname="- .usr.home.iojs.build.workspace.node-test-linter.tools.node_modules.eslint.node_modules.lodash.fp"/>
		<testcase name="isNaN.js" classname="- .usr.home.iojs.build.workspace.node-test-linter.tools.node_modules.eslint.node_modules.lodash.fp"/>
		<testcase name="isNative.js" classname="- .usr.home.iojs.build.workspace.node-test-linter.tools.node_modules.eslint.node_modules.lodash.fp"/>
		<testcase name="isNil.js" classname="- .usr.home.iojs.build.workspace.node-test-linter.tools.node_modules.eslint.node_modules.lodash.fp"/>
		<testcase name="isNull.js" classname="- .usr.home.iojs.build.workspace.node-test-linter.tools.node_modules.eslint.node_modules.lodash.fp"/>
		<testcase name="isNumber.js" classname="- .usr.home.iojs.build.workspace.node-test-linter.tools.node_modules.eslint.node_modules.lodash.fp"/>
		<testcase name="isObject.js" classname="- .usr.home.iojs.build.workspace.node-test-linter.tools.node_modules.eslint.node_modules.lodash.fp"/>
		<testcase name="isObjectLike.js" classname="- .usr.home.iojs.build.workspace.node-test-linter.tools.node_modules.eslint.node_modules.lodash.fp"/>
		<testcase name="isPlainObject.js" classname="- .usr.home.iojs.build.workspace.node-test-linter.tools.node_modules.eslint.node_modules.lodash.fp"/>
		<testcase name="isRegExp.js" classname="- .usr.home.iojs.build.workspace.node-test-linter.tools.node_modules.eslint.node_modules.lodash.fp"/>
		<testcase name="isSafeInteger.js" classname="- .usr.home.iojs.build.workspace.node-test-linter.tools.node_modules.eslint.node_modules.lodash.fp"/>
		<testcase name="isSet.js" classname="- .usr.home.iojs.build.workspace.node-test-linter.tools.node_modules.eslint.node_modules.lodash.fp"/>
		<testcase name="isString.js" classname="- .usr.home.iojs.build.workspace.node-test-linter.tools.node_modules.eslint.node_modules.lodash.fp"/>
		<testcase name="isSymbol.js" classname="- .usr.home.iojs.build.workspace.node-test-linter.tools.node_modules.eslint.node_modules.lodash.fp"/>
		<testcase name="isTypedArray.js" classname="- .usr.home.iojs.build.workspace.node-test-linter.tools.node_modules.eslint.node_modules.lodash.fp"/>
		<testcase name="isUndefined.js" classname="- .usr.home.iojs.build.workspace.node-test-linter.tools.node_modules.eslint.node_modules.lodash.fp"/>
		<testcase name="isWeakMap.js" classname="- .usr.home.iojs.build.workspace.node-test-linter.tools.node_modules.eslint.node_modules.lodash.fp"/>
		<testcase name="isWeakSet.js" classname="- .usr.home.iojs.build.workspace.node-test-linter.tools.node_modules.eslint.node_modules.lodash.fp"/>
		<testcase name="iteratee.js" classname="- .usr.home.iojs.build.workspace.node-test-linter.tools.node_modules.eslint.node_modules.lodash.fp"/>
		<testcase name="join.js" classname="- .usr.home.iojs.build.workspace.node-test-linter.tools.node_modules.eslint.node_modules.lodash.fp"/>
		<testcase name="juxt.js" classname="- .usr.home.iojs.build.workspace.node-test-linter.tools.node_modules.eslint.node_modules.lodash.fp"/>
		<testcase name="kebabCase.js" classname="- .usr.home.iojs.build.workspace.node-test-linter.tools.node_modules.eslint.node_modules.lodash.fp"/>
		<testcase name="keyBy.js" classname="- .usr.home.iojs.build.workspace.node-test-linter.tools.node_modules.eslint.node_modules.lodash.fp"/>
		<testcase name="keys.js" classname="- .usr.home.iojs.build.workspace.node-test-linter.tools.node_modules.eslint.node_modules.lodash.fp"/>
		<testcase name="keysIn.js" classname="- .usr.home.iojs.build.workspace.node-test-linter.tools.node_modules.eslint.node_modules.lodash.fp"/>
		<testcase name="lang.js" classname="- .usr.home.iojs.build.workspace.node-test-linter.tools.node_modules.eslint.node_modules.lodash.fp"/>
		<testcase name="last.js" classname="- .usr.home.iojs.build.workspace.node-test-linter.tools.node_modules.eslint.node_modules.lodash.fp"/>
		<testcase name="lastIndexOf.js" classname="- .usr.home.iojs.build.workspace.node-test-linter.tools.node_modules.eslint.node_modules.lodash.fp"/>
		<testcase name="lastIndexOfFrom.js" classname="- .usr.home.iojs.build.workspace.node-test-linter.tools.node_modules.eslint.node_modules.lodash.fp"/>
		<testcase name="lowerCase.js" classname="- .usr.home.iojs.build.workspace.node-test-linter.tools.node_modules.eslint.node_modules.lodash.fp"/>
		<testcase name="lowerFirst.js" classname="- .usr.home.iojs.build.workspace.node-test-linter.tools.node_modules.eslint.node_modules.lodash.fp"/>
		<testcase name="lt.js" classname="- .usr.home.iojs.build.workspace.node-test-linter.tools.node_modules.eslint.node_modules.lodash.fp"/>
		<testcase name="lte.js" classname="- .usr.home.iojs.build.workspace.node-test-linter.tools.node_modules.eslint.node_modules.lodash.fp"/>
		<testcase name="map.js" classname="- .usr.home.iojs.build.workspace.node-test-linter.tools.node_modules.eslint.node_modules.lodash.fp"/>
		<testcase name="mapKeys.js" classname="- .usr.home.iojs.build.workspace.node-test-linter.tools.node_modules.eslint.node_modules.lodash.fp"/>
		<testcase name="mapValues.js" classname="- .usr.home.iojs.build.workspace.node-test-linter.tools.node_modules.eslint.node_modules.lodash.fp"/>
		<testcase name="matches.js" classname="- .usr.home.iojs.build.workspace.node-test-linter.tools.node_modules.eslint.node_modules.lodash.fp"/>
		<testcase name="matchesProperty.js" classname="- .usr.home.iojs.build.workspace.node-test-linter.tools.node_modules.eslint.node_modules.lodash.fp"/>
		<testcase name="math.js" classname="- .usr.home.iojs.build.workspace.node-test-linter.tools.node_modules.eslint.node_modules.lodash.fp"/>
		<testcase name="max.js" classname="- .usr.home.iojs.build.workspace.node-test-linter.tools.node_modules.eslint.node_modules.lodash.fp"/>
		<testcase name="maxBy.js" classname="- .usr.home.iojs.build.workspace.node-test-linter.tools.node_modules.eslint.node_modules.lodash.fp"/>
		<testcase name="mean.js" classname="- .usr.home.iojs.build.workspace.node-test-linter.tools.node_modules.eslint.node_modules.lodash.fp"/>
		<testcase name="meanBy.js" classname="- .usr.home.iojs.build.workspace.node-test-linter.tools.node_modules.eslint.node_modules.lodash.fp"/>
		<testcase name="memoize.js" classname="- .usr.home.iojs.build.workspace.node-test-linter.tools.node_modules.eslint.node_modules.lodash.fp"/>
		<testcase name="merge.js" classname="- .usr.home.iojs.build.workspace.node-test-linter.tools.node_modules.eslint.node_modules.lodash.fp"/>
		<testcase name="mergeAll.js" classname="- .usr.home.iojs.build.workspace.node-test-linter.tools.node_modules.eslint.node_modules.lodash.fp"/>
		<testcase name="mergeAllWith.js" classname="- .usr.home.iojs.build.workspace.node-test-linter.tools.node_modules.eslint.node_modules.lodash.fp"/>
		<testcase name="mergeWith.js" classname="- .usr.home.iojs.build.workspace.node-test-linter.tools.node_modules.eslint.node_modules.lodash.fp"/>
		<testcase name="method.js" classname="- .usr.home.iojs.build.workspace.node-test-linter.tools.node_modules.eslint.node_modules.lodash.fp"/>
		<testcase name="methodOf.js" classname="- .usr.home.iojs.build.workspace.node-test-linter.tools.node_modules.eslint.node_modules.lodash.fp"/>
		<testcase name="min.js" classname="- .usr.home.iojs.build.workspace.node-test-linter.tools.node_modules.eslint.node_modules.lodash.fp"/>
		<testcase name="minBy.js" classname="- .usr.home.iojs.build.workspace.node-test-linter.tools.node_modules.eslint.node_modules.lodash.fp"/>
		<testcase name="mixin.js" classname="- .usr.home.iojs.build.workspace.node-test-linter.tools.node_modules.eslint.node_modules.lodash.fp"/>
		<testcase name="multiply.js" classname="- .usr.home.iojs.build.workspace.node-test-linter.tools.node_modules.eslint.node_modules.lodash.fp"/>
		<testcase name="nAry.js" classname="- .usr.home.iojs.build.workspace.node-test-linter.tools.node_modules.eslint.node_modules.lodash.fp"/>
		<testcase name="negate.js" classname="- .usr.home.iojs.build.workspace.node-test-linter.tools.node_modules.eslint.node_modules.lodash.fp"/>
		<testcase name="next.js" classname="- .usr.home.iojs.build.workspace.node-test-linter.tools.node_modules.eslint.node_modules.lodash.fp"/>
		<testcase name="noop.js" classname="- .usr.home.iojs.build.workspace.node-test-linter.tools.node_modules.eslint.node_modules.lodash.fp"/>
		<testcase name="now.js" classname="- .usr.home.iojs.build.workspace.node-test-linter.tools.node_modules.eslint.node_modules.lodash.fp"/>
		<testcase name="nth.js" classname="- .usr.home.iojs.build.workspace.node-test-linter.tools.node_modules.eslint.node_modules.lodash.fp"/>
		<testcase name="nthArg.js" classname="- .usr.home.iojs.build.workspace.node-test-linter.tools.node_modules.eslint.node_modules.lodash.fp"/>
		<testcase name="number.js" classname="- .usr.home.iojs.build.workspace.node-test-linter.tools.node_modules.eslint.node_modules.lodash.fp"/>
		<testcase name="object.js" classname="- .usr.home.iojs.build.workspace.node-test-linter.tools.node_modules.eslint.node_modules.lodash.fp"/>
		<testcase name="omit.js" classname="- .usr.home.iojs.build.workspace.node-test-linter.tools.node_modules.eslint.node_modules.lodash.fp"/>
		<testcase name="omitAll.js" classname="- .usr.home.iojs.build.workspace.node-test-linter.tools.node_modules.eslint.node_modules.lodash.fp"/>
		<testcase name="omitBy.js" classname="- .usr.home.iojs.build.workspace.node-test-linter.tools.node_modules.eslint.node_modules.lodash.fp"/>
		<testcase name="once.js" classname="- .usr.home.iojs.build.workspace.node-test-linter.tools.node_modules.eslint.node_modules.lodash.fp"/>
		<testcase name="orderBy.js" classname="- .usr.home.iojs.build.workspace.node-test-linter.tools.node_modules.eslint.node_modules.lodash.fp"/>
		<testcase name="over.js" classname="- .usr.home.iojs.build.workspace.node-test-linter.tools.node_modules.eslint.node_modules.lodash.fp"/>
		<testcase name="overArgs.js" classname="- .usr.home.iojs.build.workspace.node-test-linter.tools.node_modules.eslint.node_modules.lodash.fp"/>
		<testcase name="overEvery.js" classname="- .usr.home.iojs.build.workspace.node-test-linter.tools.node_modules.eslint.node_modules.lodash.fp"/>
		<testcase name="overSome.js" classname="- .usr.home.iojs.build.workspace.node-test-linter.tools.node_modules.eslint.node_modules.lodash.fp"/>
		<testcase name="pad.js" classname="- .usr.home.iojs.build.workspace.node-test-linter.tools.node_modules.eslint.node_modules.lodash.fp"/>
		<testcase name="padChars.js" classname="- .usr.home.iojs.build.workspace.node-test-linter.tools.node_modules.eslint.node_modules.lodash.fp"/>
		<testcase name="padCharsEnd.js" classname="- .usr.home.iojs.build.workspace.node-test-linter.tools.node_modules.eslint.node_modules.lodash.fp"/>
		<testcase name="padCharsStart.js" classname="- .usr.home.iojs.build.workspace.node-test-linter.tools.node_modules.eslint.node_modules.lodash.fp"/>
		<testcase name="padEnd.js" classname="- .usr.home.iojs.build.workspace.node-test-linter.tools.node_modules.eslint.node_modules.lodash.fp"/>
		<testcase name="padStart.js" classname="- .usr.home.iojs.build.workspace.node-test-linter.tools.node_modules.eslint.node_modules.lodash.fp"/>
		<testcase name="parseInt.js" classname="- .usr.home.iojs.build.workspace.node-test-linter.tools.node_modules.eslint.node_modules.lodash.fp"/>
		<testcase name="partial.js" classname="- .usr.home.iojs.build.workspace.node-test-linter.tools.node_modules.eslint.node_modules.lodash.fp"/>
		<testcase name="partialRight.js" classname="- .usr.home.iojs.build.workspace.node-test-linter.tools.node_modules.eslint.node_modules.lodash.fp"/>
		<testcase name="partition.js" classname="- .usr.home.iojs.build.workspace.node-test-linter.tools.node_modules.eslint.node_modules.lodash.fp"/>
		<testcase name="path.js" classname="- .usr.home.iojs.build.workspace.node-test-linter.tools.node_modules.eslint.node_modules.lodash.fp"/>
		<testcase name="pathEq.js" classname="- .usr.home.iojs.build.workspace.node-test-linter.tools.node_modules.eslint.node_modules.lodash.fp"/>
		<testcase name="pathOr.js" classname="- .usr.home.iojs.build.workspace.node-test-linter.tools.node_modules.eslint.node_modules.lodash.fp"/>
		<testcase name="paths.js" classname="- .usr.home.iojs.build.workspace.node-test-linter.tools.node_modules.eslint.node_modules.lodash.fp"/>
		<testcase name="pick.js" classname="- .usr.home.iojs.build.workspace.node-test-linter.tools.node_modules.eslint.node_modules.lodash.fp"/>
		<testcase name="pickAll.js" classname="- .usr.home.iojs.build.workspace.node-test-linter.tools.node_modules.eslint.node_modules.lodash.fp"/>
		<testcase name="pickBy.js" classname="- .usr.home.iojs.build.workspace.node-test-linter.tools.node_modules.eslint.node_modules.lodash.fp"/>
		<testcase name="pipe.js" classname="- .usr.home.iojs.build.workspace.node-test-linter.tools.node_modules.eslint.node_modules.lodash.fp"/>
		<testcase name="placeholder.js" classname="- .usr.home.iojs.build.workspace.node-test-linter.tools.node_modules.eslint.node_modules.lodash.fp"/>
		<testcase name="plant.js" classname="- .usr.home.iojs.build.workspace.node-test-linter.tools.node_modules.eslint.node_modules.lodash.fp"/>
		<testcase name="pluck.js" classname="- .usr.home.iojs.build.workspace.node-test-linter.tools.node_modules.eslint.node_modules.lodash.fp"/>
		<testcase name="prop.js" classname="- .usr.home.iojs.build.workspace.node-test-linter.tools.node_modules.eslint.node_modules.lodash.fp"/>
		<testcase name="propEq.js" classname="- .usr.home.iojs.build.workspace.node-test-linter.tools.node_modules.eslint.node_modules.lodash.fp"/>
		<testcase name="property.js" classname="- .usr.home.iojs.build.workspace.node-test-linter.tools.node_modules.eslint.node_modules.lodash.fp"/>
		<testcase name="propertyOf.js" classname="- .usr.home.iojs.build.workspace.node-test-linter.tools.node_modules.eslint.node_modules.lodash.fp"/>
		<testcase name="propOr.js" classname="- .usr.home.iojs.build.workspace.node-test-linter.tools.node_modules.eslint.node_modules.lodash.fp"/>
		<testcase name="props.js" classname="- .usr.home.iojs.build.workspace.node-test-linter.tools.node_modules.eslint.node_modules.lodash.fp"/>
		<testcase name="pull.js" classname="- .usr.home.iojs.build.workspace.node-test-linter.tools.node_modules.eslint.node_modules.lodash.fp"/>
		<testcase name="pullAll.js" classname="- .usr.home.iojs.build.workspace.node-test-linter.tools.node_modules.eslint.node_modules.lodash.fp"/>
		<testcase name="pullAllBy.js" classname="- .usr.home.iojs.build.workspace.node-test-linter.tools.node_modules.eslint.node_modules.lodash.fp"/>
		<testcase name="pullAllWith.js" classname="- .usr.home.iojs.build.workspace.node-test-linter.tools.node_modules.eslint.node_modules.lodash.fp"/>
		<testcase name="pullAt.js" classname="- .usr.home.iojs.build.workspace.node-test-linter.tools.node_modules.eslint.node_modules.lodash.fp"/>
		<testcase name="random.js" classname="- .usr.home.iojs.build.workspace.node-test-linter.tools.node_modules.eslint.node_modules.lodash.fp"/>
		<testcase name="range.js" classname="- .usr.home.iojs.build.workspace.node-test-linter.tools.node_modules.eslint.node_modules.lodash.fp"/>
		<testcase name="rangeRight.js" classname="- .usr.home.iojs.build.workspace.node-test-linter.tools.node_modules.eslint.node_modules.lodash.fp"/>
		<testcase name="rangeStep.js" classname="- .usr.home.iojs.build.workspace.node-test-linter.tools.node_modules.eslint.node_modules.lodash.fp"/>
		<testcase name="rangeStepRight.js" classname="- .usr.home.iojs.build.workspace.node-test-linter.tools.node_modules.eslint.node_modules.lodash.fp"/>
		<testcase name="rearg.js" classname="- .usr.home.iojs.build.workspace.node-test-linter.tools.node_modules.eslint.node_modules.lodash.fp"/>
		<testcase name="reduce.js" classname="- .usr.home.iojs.build.workspace.node-test-linter.tools.node_modules.eslint.node_modules.lodash.fp"/>
		<testcase name="reduceRight.js" classname="- .usr.home.iojs.build.workspace.node-test-linter.tools.node_modules.eslint.node_modules.lodash.fp"/>
		<testcase name="reject.js" classname="- .usr.home.iojs.build.workspace.node-test-linter.tools.node_modules.eslint.node_modules.lodash.fp"/>
		<testcase name="remove.js" classname="- .usr.home.iojs.build.workspace.node-test-linter.tools.node_modules.eslint.node_modules.lodash.fp"/>
		<testcase name="repeat.js" classname="- .usr.home.iojs.build.workspace.node-test-linter.tools.node_modules.eslint.node_modules.lodash.fp"/>
		<testcase name="replace.js" classname="- .usr.home.iojs.build.workspace.node-test-linter.tools.node_modules.eslint.node_modules.lodash.fp"/>
		<testcase name="rest.js" classname="- .usr.home.iojs.build.workspace.node-test-linter.tools.node_modules.eslint.node_modules.lodash.fp"/>
		<testcase name="restFrom.js" classname="- .usr.home.iojs.build.workspace.node-test-linter.tools.node_modules.eslint.node_modules.lodash.fp"/>
		<testcase name="result.js" classname="- .usr.home.iojs.build.workspace.node-test-linter.tools.node_modules.eslint.node_modules.lodash.fp"/>
		<testcase name="reverse.js" classname="- .usr.home.iojs.build.workspace.node-test-linter.tools.node_modules.eslint.node_modules.lodash.fp"/>
		<testcase name="round.js" classname="- .usr.home.iojs.build.workspace.node-test-linter.tools.node_modules.eslint.node_modules.lodash.fp"/>
		<testcase name="sample.js" classname="- .usr.home.iojs.build.workspace.node-test-linter.tools.node_modules.eslint.node_modules.lodash.fp"/>
		<testcase name="sampleSize.js" classname="- .usr.home.iojs.build.workspace.node-test-linter.tools.node_modules.eslint.node_modules.lodash.fp"/>
		<testcase name="seq.js" classname="- .usr.home.iojs.build.workspace.node-test-linter.tools.node_modules.eslint.node_modules.lodash.fp"/>
		<testcase name="set.js" classname="- .usr.home.iojs.build.workspace.node-test-linter.tools.node_modules.eslint.node_modules.lodash.fp"/>
		<testcase name="setWith.js" classname="- .usr.home.iojs.build.workspace.node-test-linter.tools.node_modules.eslint.node_modules.lodash.fp"/>
		<testcase name="shuffle.js" classname="- .usr.home.iojs.build.workspace.node-test-linter.tools.node_modules.eslint.node_modules.lodash.fp"/>
		<testcase name="size.js" classname="- .usr.home.iojs.build.workspace.node-test-linter.tools.node_modules.eslint.node_modules.lodash.fp"/>
		<testcase name="slice.js" classname="- .usr.home.iojs.build.workspace.node-test-linter.tools.node_modules.eslint.node_modules.lodash.fp"/>
		<testcase name="snakeCase.js" classname="- .usr.home.iojs.build.workspace.node-test-linter.tools.node_modules.eslint.node_modules.lodash.fp"/>
		<testcase name="some.js" classname="- .usr.home.iojs.build.workspace.node-test-linter.tools.node_modules.eslint.node_modules.lodash.fp"/>
		<testcase name="sortBy.js" classname="- .usr.home.iojs.build.workspace.node-test-linter.tools.node_modules.eslint.node_modules.lodash.fp"/>
		<testcase name="sortedIndex.js" classname="- .usr.home.iojs.build.workspace.node-test-linter.tools.node_modules.eslint.node_modules.lodash.fp"/>
		<testcase name="sortedIndexBy.js" classname="- .usr.home.iojs.build.workspace.node-test-linter.tools.node_modules.eslint.node_modules.lodash.fp"/>
		<testcase name="sortedIndexOf.js" classname="- .usr.home.iojs.build.workspace.node-test-linter.tools.node_modules.eslint.node_modules.lodash.fp"/>
		<testcase name="sortedLastIndex.js" classname="- .usr.home.iojs.build.workspace.node-test-linter.tools.node_modules.eslint.node_modules.lodash.fp"/>
		<testcase name="sortedLastIndexBy.js" classname="- .usr.home.iojs.build.workspace.node-test-linter.tools.node_modules.eslint.node_modules.lodash.fp"/>
		<testcase name="sortedLastIndexOf.js" classname="- .usr.home.iojs.build.workspace.node-test-linter.tools.node_modules.eslint.node_modules.lodash.fp"/>
		<testcase name="sortedUniq.js" classname="- .usr.home.iojs.build.workspace.node-test-linter.tools.node_modules.eslint.node_modules.lodash.fp"/>
		<testcase name="sortedUniqBy.js" classname="- .usr.home.iojs.build.workspace.node-test-linter.tools.node_modules.eslint.node_modules.lodash.fp"/>
		<testcase name="split.js" classname="- .usr.home.iojs.build.workspace.node-test-linter.tools.node_modules.eslint.node_modules.lodash.fp"/>
		<testcase name="spread.js" classname="- .usr.home.iojs.build.workspace.node-test-linter.tools.node_modules.eslint.node_modules.lodash.fp"/>
		<testcase name="spreadFrom.js" classname="- .usr.home.iojs.build.workspace.node-test-linter.tools.node_modules.eslint.node_modules.lodash.fp"/>
		<testcase name="startCase.js" classname="- .usr.home.iojs.build.workspace.node-test-linter.tools.node_modules.eslint.node_modules.lodash.fp"/>
		<testcase name="startsWith.js" classname="- .usr.home.iojs.build.workspace.node-test-linter.tools.node_modules.eslint.node_modules.lodash.fp"/>
		<testcase name="string.js" classname="- .usr.home.iojs.build.workspace.node-test-linter.tools.node_modules.eslint.node_modules.lodash.fp"/>
		<testcase name="stubArray.js" classname="- .usr.home.iojs.build.workspace.node-test-linter.tools.node_modules.eslint.node_modules.lodash.fp"/>
		<testcase name="stubFalse.js" classname="- .usr.home.iojs.build.workspace.node-test-linter.tools.node_modules.eslint.node_modules.lodash.fp"/>
		<testcase name="stubObject.js" classname="- .usr.home.iojs.build.workspace.node-test-linter.tools.node_modules.eslint.node_modules.lodash.fp"/>
		<testcase name="stubString.js" classname="- .usr.home.iojs.build.workspace.node-test-linter.tools.node_modules.eslint.node_modules.lodash.fp"/>
		<testcase name="stubTrue.js" classname="- .usr.home.iojs.build.workspace.node-test-linter.tools.node_modules.eslint.node_modules.lodash.fp"/>
		<testcase name="subtract.js" classname="- .usr.home.iojs.build.workspace.node-test-linter.tools.node_modules.eslint.node_modules.lodash.fp"/>
		<testcase name="sum.js" classname="- .usr.home.iojs.build.workspace.node-test-linter.tools.node_modules.eslint.node_modules.lodash.fp"/>
		<testcase name="sumBy.js" classname="- .usr.home.iojs.build.workspace.node-test-linter.tools.node_modules.eslint.node_modules.lodash.fp"/>
		<testcase name="symmetricDifference.js" classname="- .usr.home.iojs.build.workspace.node-test-linter.tools.node_modules.eslint.node_modules.lodash.fp"/>
		<testcase name="symmetricDifferenceBy.js" classname="- .usr.home.iojs.build.workspace.node-test-linter.tools.node_modules.eslint.node_modules.lodash.fp"/>
		<testcase name="symmetricDifferenceWith.js" classname="- .usr.home.iojs.build.workspace.node-test-linter.tools.node_modules.eslint.node_modules.lodash.fp"/>
		<testcase name="T.js" classname="- .usr.home.iojs.build.workspace.node-test-linter.tools.node_modules.eslint.node_modules.lodash.fp"/>
		<testcase name="tail.js" classname="- .usr.home.iojs.build.workspace.node-test-linter.tools.node_modules.eslint.node_modules.lodash.fp"/>
		<testcase name="take.js" classname="- .usr.home.iojs.build.workspace.node-test-linter.tools.node_modules.eslint.node_modules.lodash.fp"/>
		<testcase name="takeLast.js" classname="- .usr.home.iojs.build.workspace.node-test-linter.tools.node_modules.eslint.node_modules.lodash.fp"/>
		<testcase name="takeLastWhile.js" classname="- .usr.home.iojs.build.workspace.node-test-linter.tools.node_modules.eslint.node_modules.lodash.fp"/>
		<testcase name="takeRight.js" classname="- .usr.home.iojs.build.workspace.node-test-linter.tools.node_modules.eslint.node_modules.lodash.fp"/>
		<testcase name="takeRightWhile.js" classname="- .usr.home.iojs.build.workspace.node-test-linter.tools.node_modules.eslint.node_modules.lodash.fp"/>
		<testcase name="takeWhile.js" classname="- .usr.home.iojs.build.workspace.node-test-linter.tools.node_modules.eslint.node_modules.lodash.fp"/>
		<testcase name="tap.js" classname="- .usr.home.iojs.build.workspace.node-test-linter.tools.node_modules.eslint.node_modules.lodash.fp"/>
		<testcase name="template.js" classname="- .usr.home.iojs.build.workspace.node-test-linter.tools.node_modules.eslint.node_modules.lodash.fp"/>
		<testcase name="templateSettings.js" classname="- .usr.home.iojs.build.workspace.node-test-linter.tools.node_modules.eslint.node_modules.lodash.fp"/>
		<testcase name="throttle.js" classname="- .usr.home.iojs.build.workspace.node-test-linter.tools.node_modules.eslint.node_modules.lodash.fp"/>
		<testcase name="thru.js" classname="- .usr.home.iojs.build.workspace.node-test-linter.tools.node_modules.eslint.node_modules.lodash.fp"/>
		<testcase name="times.js" classname="- .usr.home.iojs.build.workspace.node-test-linter.tools.node_modules.eslint.node_modules.lodash.fp"/>
		<testcase name="toArray.js" classname="- .usr.home.iojs.build.workspace.node-test-linter.tools.node_modules.eslint.node_modules.lodash.fp"/>
		<testcase name="toFinite.js" classname="- .usr.home.iojs.build.workspace.node-test-linter.tools.node_modules.eslint.node_modules.lodash.fp"/>
		<testcase name="toInteger.js" classname="- .usr.home.iojs.build.workspace.node-test-linter.tools.node_modules.eslint.node_modules.lodash.fp"/>
		<testcase name="toIterator.js" classname="- .usr.home.iojs.build.workspace.node-test-linter.tools.node_modules.eslint.node_modules.lodash.fp"/>
		<testcase name="toJSON.js" classname="- .usr.home.iojs.build.workspace.node-test-linter.tools.node_modules.eslint.node_modules.lodash.fp"/>
		<testcase name="toLength.js" classname="- .usr.home.iojs.build.workspace.node-test-linter.tools.node_modules.eslint.node_modules.lodash.fp"/>
		<testcase name="toLower.js" classname="- .usr.home.iojs.build.workspace.node-test-linter.tools.node_modules.eslint.node_modules.lodash.fp"/>
		<testcase name="toNumber.js" classname="- .usr.home.iojs.build.workspace.node-test-linter.tools.node_modules.eslint.node_modules.lodash.fp"/>
		<testcase name="toPairs.js" classname="- .usr.home.iojs.build.workspace.node-test-linter.tools.node_modules.eslint.node_modules.lodash.fp"/>
		<testcase name="toPairsIn.js" classname="- .usr.home.iojs.build.workspace.node-test-linter.tools.node_modules.eslint.node_modules.lodash.fp"/>
		<testcase name="toPath.js" classname="- .usr.home.iojs.build.workspace.node-test-linter.tools.node_modules.eslint.node_modules.lodash.fp"/>
		<testcase name="toPlainObject.js" classname="- .usr.home.iojs.build.workspace.node-test-linter.tools.node_modules.eslint.node_modules.lodash.fp"/>
		<testcase name="toSafeInteger.js" classname="- .usr.home.iojs.build.workspace.node-test-linter.tools.node_modules.eslint.node_modules.lodash.fp"/>
		<testcase name="toString.js" classname="- .usr.home.iojs.build.workspace.node-test-linter.tools.node_modules.eslint.node_modules.lodash.fp"/>
		<testcase name="toUpper.js" classname="- .usr.home.iojs.build.workspace.node-test-linter.tools.node_modules.eslint.node_modules.lodash.fp"/>
		<testcase name="transform.js" classname="- .usr.home.iojs.build.workspace.node-test-linter.tools.node_modules.eslint.node_modules.lodash.fp"/>
		<testcase name="trim.js" classname="- .usr.home.iojs.build.workspace.node-test-linter.tools.node_modules.eslint.node_modules.lodash.fp"/>
		<testcase name="trimChars.js" classname="- .usr.home.iojs.build.workspace.node-test-linter.tools.node_modules.eslint.node_modules.lodash.fp"/>
		<testcase name="trimCharsEnd.js" classname="- .usr.home.iojs.build.workspace.node-test-linter.tools.node_modules.eslint.node_modules.lodash.fp"/>
		<testcase name="trimCharsStart.js" classname="- .usr.home.iojs.build.workspace.node-test-linter.tools.node_modules.eslint.node_modules.lodash.fp"/>
		<testcase name="trimEnd.js" classname="- .usr.home.iojs.build.workspace.node-test-linter.tools.node_modules.eslint.node_modules.lodash.fp"/>
		<testcase name="trimStart.js" classname="- .usr.home.iojs.build.workspace.node-test-linter.tools.node_modules.eslint.node_modules.lodash.fp"/>
		<testcase name="truncate.js" classname="- .usr.home.iojs.build.workspace.node-test-linter.tools.node_modules.eslint.node_modules.lodash.fp"/>
		<testcase name="unapply.js" classname="- .usr.home.iojs.build.workspace.node-test-linter.tools.node_modules.eslint.node_modules.lodash.fp"/>
		<testcase name="unary.js" classname="- .usr.home.iojs.build.workspace.node-test-linter.tools.node_modules.eslint.node_modules.lodash.fp"/>
		<testcase name="unescape.js" classname="- .usr.home.iojs.build.workspace.node-test-linter.tools.node_modules.eslint.node_modules.lodash.fp"/>
		<testcase name="union.js" classname="- .usr.home.iojs.build.workspace.node-test-linter.tools.node_modules.eslint.node_modules.lodash.fp"/>
		<testcase name="unionBy.js" classname="- .usr.home.iojs.build.workspace.node-test-linter.tools.node_modules.eslint.node_modules.lodash.fp"/>
		<testcase name="unionWith.js" classname="- .usr.home.iojs.build.workspace.node-test-linter.tools.node_modules.eslint.node_modules.lodash.fp"/>
		<testcase name="uniq.js" classname="- .usr.home.iojs.build.workspace.node-test-linter.tools.node_modules.eslint.node_modules.lodash.fp"/>
		<testcase name="uniqBy.js" classname="- .usr.home.iojs.build.workspace.node-test-linter.tools.node_modules.eslint.node_modules.lodash.fp"/>
		<testcase name="uniqueId.js" classname="- .usr.home.iojs.build.workspace.node-test-linter.tools.node_modules.eslint.node_modules.lodash.fp"/>
		<testcase name="uniqWith.js" classname="- .usr.home.iojs.build.workspace.node-test-linter.tools.node_modules.eslint.node_modules.lodash.fp"/>
		<testcase name="unnest.js" classname="- .usr.home.iojs.build.workspace.node-test-linter.tools.node_modules.eslint.node_modules.lodash.fp"/>
		<testcase name="unset.js" classname="- .usr.home.iojs.build.workspace.node-test-linter.tools.node_modules.eslint.node_modules.lodash.fp"/>
		<testcase name="unzip.js" classname="- .usr.home.iojs.build.workspace.node-test-linter.tools.node_modules.eslint.node_modules.lodash.fp"/>
		<testcase name="unzipWith.js" classname="- .usr.home.iojs.build.workspace.node-test-linter.tools.node_modules.eslint.node_modules.lodash.fp"/>
		<testcase name="update.js" classname="- .usr.home.iojs.build.workspace.node-test-linter.tools.node_modules.eslint.node_modules.lodash.fp"/>
		<testcase name="updateWith.js" classname="- .usr.home.iojs.build.workspace.node-test-linter.tools.node_modules.eslint.node_modules.lodash.fp"/>
		<testcase name="upperCase.js" classname="- .usr.home.iojs.build.workspace.node-test-linter.tools.node_modules.eslint.node_modules.lodash.fp"/>
		<testcase name="upperFirst.js" classname="- .usr.home.iojs.build.workspace.node-test-linter.tools.node_modules.eslint.node_modules.lodash.fp"/>
		<testcase name="useWith.js" classname="- .usr.home.iojs.build.workspace.node-test-linter.tools.node_modules.eslint.node_modules.lodash.fp"/>
		<testcase name="util.js" classname="- .usr.home.iojs.build.workspace.node-test-linter.tools.node_modules.eslint.node_modules.lodash.fp"/>
		<testcase name="value.js" classname="- .usr.home.iojs.build.workspace.node-test-linter.tools.node_modules.eslint.node_modules.lodash.fp"/>
		<testcase name="valueOf.js" classname="- .usr.home.iojs.build.workspace.node-test-linter.tools.node_modules.eslint.node_modules.lodash.fp"/>
		<testcase name="values.js" classname="- .usr.home.iojs.build.workspace.node-test-linter.tools.node_modules.eslint.node_modules.lodash.fp"/>
		<testcase name="valuesIn.js" classname="- .usr.home.iojs.build.workspace.node-test-linter.tools.node_modules.eslint.node_modules.lodash.fp"/>
		<testcase name="where.js" classname="- .usr.home.iojs.build.workspace.node-test-linter.tools.node_modules.eslint.node_modules.lodash.fp"/>
		<testcase name="whereEq.js" classname="- .usr.home.iojs.build.workspace.node-test-linter.tools.node_modules.eslint.node_modules.lodash.fp"/>
		<testcase name="without.js" classname="- .usr.home.iojs.build.workspace.node-test-linter.tools.node_modules.eslint.node_modules.lodash.fp"/>
		<testcase name="words.js" classname="- .usr.home.iojs.build.workspace.node-test-linter.tools.node_modules.eslint.node_modules.lodash.fp"/>
		<testcase name="wrap.js" classname="- .usr.home.iojs.build.workspace.node-test-linter.tools.node_modules.eslint.node_modules.lodash.fp"/>
		<testcase name="wrapperAt.js" classname="- .usr.home.iojs.build.workspace.node-test-linter.tools.node_modules.eslint.node_modules.lodash.fp"/>
		<testcase name="wrapperChain.js" classname="- .usr.home.iojs.build.workspace.node-test-linter.tools.node_modules.eslint.node_modules.lodash.fp"/>
		<testcase name="wrapperLodash.js" classname="- .usr.home.iojs.build.workspace.node-test-linter.tools.node_modules.eslint.node_modules.lodash.fp"/>
		<testcase name="wrapperReverse.js" classname="- .usr.home.iojs.build.workspace.node-test-linter.tools.node_modules.eslint.node_modules.lodash.fp"/>
		<testcase name="wrapperValue.js" classname="- .usr.home.iojs.build.workspace.node-test-linter.tools.node_modules.eslint.node_modules.lodash.fp"/>
		<testcase name="xor.js" classname="- .usr.home.iojs.build.workspace.node-test-linter.tools.node_modules.eslint.node_modules.lodash.fp"/>
		<testcase name="xorBy.js" classname="- .usr.home.iojs.build.workspace.node-test-linter.tools.node_modules.eslint.node_modules.lodash.fp"/>
		<testcase name="xorWith.js" classname="- .usr.home.iojs.build.workspace.node-test-linter.tools.node_modules.eslint.node_modules.lodash.fp"/>
		<testcase name="zip.js" classname="- .usr.home.iojs.build.workspace.node-test-linter.tools.node_modules.eslint.node_modules.lodash.fp"/>
		<testcase name="zipAll.js" classname="- .usr.home.iojs.build.workspace.node-test-linter.tools.node_modules.eslint.node_modules.lodash.fp"/>
		<testcase name="zipObj.js" classname="- .usr.home.iojs.build.workspace.node-test-linter.tools.node_modules.eslint.node_modules.lodash.fp"/>
		<testcase name="zipObject.js" classname="- .usr.home.iojs.build.workspace.node-test-linter.tools.node_modules.eslint.node_modules.lodash.fp"/>
		<testcase name="zipObjectDeep.js" classname="- .usr.home.iojs.build.workspace.node-test-linter.tools.node_modules.eslint.node_modules.lodash.fp"/>
		<testcase name="zipWith.js" classname="- .usr.home.iojs.build.workspace.node-test-linter.tools.node_modules.eslint.node_modules.lodash.fp"/>
		<testcase name="fromPairs.js" classname="- .usr.home.iojs.build.workspace.node-test-linter.tools.node_modules.eslint.node_modules.lodash"/>
		<testcase name="function.js" classname="- .usr.home.iojs.build.workspace.node-test-linter.tools.node_modules.eslint.node_modules.lodash"/>
		<testcase name="functions.js" classname="- .usr.home.iojs.build.workspace.node-test-linter.tools.node_modules.eslint.node_modules.lodash"/>
		<testcase name="functionsIn.js" classname="- .usr.home.iojs.build.workspace.node-test-linter.tools.node_modules.eslint.node_modules.lodash"/>
		<testcase name="get.js" classname="- .usr.home.iojs.build.workspace.node-test-linter.tools.node_modules.eslint.node_modules.lodash"/>
		<testcase name="groupBy.js" classname="- .usr.home.iojs.build.workspace.node-test-linter.tools.node_modules.eslint.node_modules.lodash"/>
		<testcase name="gt.js" classname="- .usr.home.iojs.build.workspace.node-test-linter.tools.node_modules.eslint.node_modules.lodash"/>
		<testcase name="gte.js" classname="- .usr.home.iojs.build.workspace.node-test-linter.tools.node_modules.eslint.node_modules.lodash"/>
		<testcase name="has.js" classname="- .usr.home.iojs.build.workspace.node-test-linter.tools.node_modules.eslint.node_modules.lodash"/>
		<testcase name="hasIn.js" classname="- .usr.home.iojs.build.workspace.node-test-linter.tools.node_modules.eslint.node_modules.lodash"/>
		<testcase name="head.js" classname="- .usr.home.iojs.build.workspace.node-test-linter.tools.node_modules.eslint.node_modules.lodash"/>
		<testcase name="identity.js" classname="- .usr.home.iojs.build.workspace.node-test-linter.tools.node_modules.eslint.node_modules.lodash"/>
		<testcase name="includes.js" classname="- .usr.home.iojs.build.workspace.node-test-linter.tools.node_modules.eslint.node_modules.lodash"/>
		<testcase name="index.js" classname="- .usr.home.iojs.build.workspace.node-test-linter.tools.node_modules.eslint.node_modules.lodash"/>
		<testcase name="indexOf.js" classname="- .usr.home.iojs.build.workspace.node-test-linter.tools.node_modules.eslint.node_modules.lodash"/>
		<testcase name="initial.js" classname="- .usr.home.iojs.build.workspace.node-test-linter.tools.node_modules.eslint.node_modules.lodash"/>
		<testcase name="inRange.js" classname="- .usr.home.iojs.build.workspace.node-test-linter.tools.node_modules.eslint.node_modules.lodash"/>
		<testcase name="intersection.js" classname="- .usr.home.iojs.build.workspace.node-test-linter.tools.node_modules.eslint.node_modules.lodash"/>
		<testcase name="intersectionBy.js" classname="- .usr.home.iojs.build.workspace.node-test-linter.tools.node_modules.eslint.node_modules.lodash"/>
		<testcase name="intersectionWith.js" classname="- .usr.home.iojs.build.workspace.node-test-linter.tools.node_modules.eslint.node_modules.lodash"/>
		<testcase name="invert.js" classname="- .usr.home.iojs.build.workspace.node-test-linter.tools.node_modules.eslint.node_modules.lodash"/>
		<testcase name="invertBy.js" classname="- .usr.home.iojs.build.workspace.node-test-linter.tools.node_modules.eslint.node_modules.lodash"/>
		<testcase name="invoke.js" classname="- .usr.home.iojs.build.workspace.node-test-linter.tools.node_modules.eslint.node_modules.lodash"/>
		<testcase name="invokeMap.js" classname="- .usr.home.iojs.build.workspace.node-test-linter.tools.node_modules.eslint.node_modules.lodash"/>
		<testcase name="isArguments.js" classname="- .usr.home.iojs.build.workspace.node-test-linter.tools.node_modules.eslint.node_modules.lodash"/>
		<testcase name="isArray.js" classname="- .usr.home.iojs.build.workspace.node-test-linter.tools.node_modules.eslint.node_modules.lodash"/>
		<testcase name="isArrayBuffer.js" classname="- .usr.home.iojs.build.workspace.node-test-linter.tools.node_modules.eslint.node_modules.lodash"/>
		<testcase name="isArrayLike.js" classname="- .usr.home.iojs.build.workspace.node-test-linter.tools.node_modules.eslint.node_modules.lodash"/>
		<testcase name="isArrayLikeObject.js" classname="- .usr.home.iojs.build.workspace.node-test-linter.tools.node_modules.eslint.node_modules.lodash"/>
		<testcase name="isBoolean.js" classname="- .usr.home.iojs.build.workspace.node-test-linter.tools.node_modules.eslint.node_modules.lodash"/>
		<testcase name="isBuffer.js" classname="- .usr.home.iojs.build.workspace.node-test-linter.tools.node_modules.eslint.node_modules.lodash"/>
		<testcase name="isDate.js" classname="- .usr.home.iojs.build.workspace.node-test-linter.tools.node_modules.eslint.node_modules.lodash"/>
		<testcase name="isElement.js" classname="- .usr.home.iojs.build.workspace.node-test-linter.tools.node_modules.eslint.node_modules.lodash"/>
		<testcase name="isEmpty.js" classname="- .usr.home.iojs.build.workspace.node-test-linter.tools.node_modules.eslint.node_modules.lodash"/>
		<testcase name="isEqual.js" classname="- .usr.home.iojs.build.workspace.node-test-linter.tools.node_modules.eslint.node_modules.lodash"/>
		<testcase name="isEqualWith.js" classname="- .usr.home.iojs.build.workspace.node-test-linter.tools.node_modules.eslint.node_modules.lodash"/>
		<testcase name="isError.js" classname="- .usr.home.iojs.build.workspace.node-test-linter.tools.node_modules.eslint.node_modules.lodash"/>
		<testcase name="isFinite.js" classname="- .usr.home.iojs.build.workspace.node-test-linter.tools.node_modules.eslint.node_modules.lodash"/>
		<testcase name="isFunction.js" classname="- .usr.home.iojs.build.workspace.node-test-linter.tools.node_modules.eslint.node_modules.lodash"/>
		<testcase name="isInteger.js" classname="- .usr.home.iojs.build.workspace.node-test-linter.tools.node_modules.eslint.node_modules.lodash"/>
		<testcase name="isLength.js" classname="- .usr.home.iojs.build.workspace.node-test-linter.tools.node_modules.eslint.node_modules.lodash"/>
		<testcase name="isMap.js" classname="- .usr.home.iojs.build.workspace.node-test-linter.tools.node_modules.eslint.node_modules.lodash"/>
		<testcase name="isMatch.js" classname="- .usr.home.iojs.build.workspace.node-test-linter.tools.node_modules.eslint.node_modules.lodash"/>
		<testcase name="isMatchWith.js" classname="- .usr.home.iojs.build.workspace.node-test-linter.tools.node_modules.eslint.node_modules.lodash"/>
		<testcase name="isNaN.js" classname="- .usr.home.iojs.build.workspace.node-test-linter.tools.node_modules.eslint.node_modules.lodash"/>
		<testcase name="isNative.js" classname="- .usr.home.iojs.build.workspace.node-test-linter.tools.node_modules.eslint.node_modules.lodash"/>
		<testcase name="isNil.js" classname="- .usr.home.iojs.build.workspace.node-test-linter.tools.node_modules.eslint.node_modules.lodash"/>
		<testcase name="isNull.js" classname="- .usr.home.iojs.build.workspace.node-test-linter.tools.node_modules.eslint.node_modules.lodash"/>
		<testcase name="isNumber.js" classname="- .usr.home.iojs.build.workspace.node-test-linter.tools.node_modules.eslint.node_modules.lodash"/>
		<testcase name="isObject.js" classname="- .usr.home.iojs.build.workspace.node-test-linter.tools.node_modules.eslint.node_modules.lodash"/>
		<testcase name="isObjectLike.js" classname="- .usr.home.iojs.build.workspace.node-test-linter.tools.node_modules.eslint.node_modules.lodash"/>
		<testcase name="isPlainObject.js" classname="- .usr.home.iojs.build.workspace.node-test-linter.tools.node_modules.eslint.node_modules.lodash"/>
		<testcase name="isRegExp.js" classname="- .usr.home.iojs.build.workspace.node-test-linter.tools.node_modules.eslint.node_modules.lodash"/>
		<testcase name="isSafeInteger.js" classname="- .usr.home.iojs.build.workspace.node-test-linter.tools.node_modules.eslint.node_modules.lodash"/>
		<testcase name="isSet.js" classname="- .usr.home.iojs.build.workspace.node-test-linter.tools.node_modules.eslint.node_modules.lodash"/>
		<testcase name="isString.js" classname="- .usr.home.iojs.build.workspace.node-test-linter.tools.node_modules.eslint.node_modules.lodash"/>
		<testcase name="isSymbol.js" classname="- .usr.home.iojs.build.workspace.node-test-linter.tools.node_modules.eslint.node_modules.lodash"/>
		<testcase name="isTypedArray.js" classname="- .usr.home.iojs.build.workspace.node-test-linter.tools.node_modules.eslint.node_modules.lodash"/>
		<testcase name="isUndefined.js" classname="- .usr.home.iojs.build.workspace.node-test-linter.tools.node_modules.eslint.node_modules.lodash"/>
		<testcase name="isWeakMap.js" classname="- .usr.home.iojs.build.workspace.node-test-linter.tools.node_modules.eslint.node_modules.lodash"/>
		<testcase name="isWeakSet.js" classname="- .usr.home.iojs.build.workspace.node-test-linter.tools.node_modules.eslint.node_modules.lodash"/>
		<testcase name="iteratee.js" classname="- .usr.home.iojs.build.workspace.node-test-linter.tools.node_modules.eslint.node_modules.lodash"/>
		<testcase name="join.js" classname="- .usr.home.iojs.build.workspace.node-test-linter.tools.node_modules.eslint.node_modules.lodash"/>
		<testcase name="kebabCase.js" classname="- .usr.home.iojs.build.workspace.node-test-linter.tools.node_modules.eslint.node_modules.lodash"/>
		<testcase name="keyBy.js" classname="- .usr.home.iojs.build.workspace.node-test-linter.tools.node_modules.eslint.node_modules.lodash"/>
		<testcase name="keys.js" classname="- .usr.home.iojs.build.workspace.node-test-linter.tools.node_modules.eslint.node_modules.lodash"/>
		<testcase name="keysIn.js" classname="- .usr.home.iojs.build.workspace.node-test-linter.tools.node_modules.eslint.node_modules.lodash"/>
		<testcase name="lang.js" classname="- .usr.home.iojs.build.workspace.node-test-linter.tools.node_modules.eslint.node_modules.lodash"/>
		<testcase name="last.js" classname="- .usr.home.iojs.build.workspace.node-test-linter.tools.node_modules.eslint.node_modules.lodash"/>
		<testcase name="lastIndexOf.js" classname="- .usr.home.iojs.build.workspace.node-test-linter.tools.node_modules.eslint.node_modules.lodash"/>
		<testcase name="lodash.js" classname="- .usr.home.iojs.build.workspace.node-test-linter.tools.node_modules.eslint.node_modules.lodash"/>
		<testcase name="lodash.min.js" classname="- .usr.home.iojs.build.workspace.node-test-linter.tools.node_modules.eslint.node_modules.lodash"/>
		<testcase name="lowerCase.js" classname="- .usr.home.iojs.build.workspace.node-test-linter.tools.node_modules.eslint.node_modules.lodash"/>
		<testcase name="lowerFirst.js" classname="- .usr.home.iojs.build.workspace.node-test-linter.tools.node_modules.eslint.node_modules.lodash"/>
		<testcase name="lt.js" classname="- .usr.home.iojs.build.workspace.node-test-linter.tools.node_modules.eslint.node_modules.lodash"/>
		<testcase name="lte.js" classname="- .usr.home.iojs.build.workspace.node-test-linter.tools.node_modules.eslint.node_modules.lodash"/>
		<testcase name="map.js" classname="- .usr.home.iojs.build.workspace.node-test-linter.tools.node_modules.eslint.node_modules.lodash"/>
		<testcase name="mapKeys.js" classname="- .usr.home.iojs.build.workspace.node-test-linter.tools.node_modules.eslint.node_modules.lodash"/>
		<testcase name="mapValues.js" classname="- .usr.home.iojs.build.workspace.node-test-linter.tools.node_modules.eslint.node_modules.lodash"/>
		<testcase name="matches.js" classname="- .usr.home.iojs.build.workspace.node-test-linter.tools.node_modules.eslint.node_modules.lodash"/>
		<testcase name="matchesProperty.js" classname="- .usr.home.iojs.build.workspace.node-test-linter.tools.node_modules.eslint.node_modules.lodash"/>
		<testcase name="math.js" classname="- .usr.home.iojs.build.workspace.node-test-linter.tools.node_modules.eslint.node_modules.lodash"/>
		<testcase name="max.js" classname="- .usr.home.iojs.build.workspace.node-test-linter.tools.node_modules.eslint.node_modules.lodash"/>
		<testcase name="maxBy.js" classname="- .usr.home.iojs.build.workspace.node-test-linter.tools.node_modules.eslint.node_modules.lodash"/>
		<testcase name="mean.js" classname="- .usr.home.iojs.build.workspace.node-test-linter.tools.node_modules.eslint.node_modules.lodash"/>
		<testcase name="meanBy.js" classname="- .usr.home.iojs.build.workspace.node-test-linter.tools.node_modules.eslint.node_modules.lodash"/>
		<testcase name="memoize.js" classname="- .usr.home.iojs.build.workspace.node-test-linter.tools.node_modules.eslint.node_modules.lodash"/>
		<testcase name="merge.js" classname="- .usr.home.iojs.build.workspace.node-test-linter.tools.node_modules.eslint.node_modules.lodash"/>
		<testcase name="mergeWith.js" classname="- .usr.home.iojs.build.workspace.node-test-linter.tools.node_modules.eslint.node_modules.lodash"/>
		<testcase name="method.js" classname="- .usr.home.iojs.build.workspace.node-test-linter.tools.node_modules.eslint.node_modules.lodash"/>
		<testcase name="methodOf.js" classname="- .usr.home.iojs.build.workspace.node-test-linter.tools.node_modules.eslint.node_modules.lodash"/>
		<testcase name="min.js" classname="- .usr.home.iojs.build.workspace.node-test-linter.tools.node_modules.eslint.node_modules.lodash"/>
		<testcase name="minBy.js" classname="- .usr.home.iojs.build.workspace.node-test-linter.tools.node_modules.eslint.node_modules.lodash"/>
		<testcase name="mixin.js" classname="- .usr.home.iojs.build.workspace.node-test-linter.tools.node_modules.eslint.node_modules.lodash"/>
		<testcase name="multiply.js" classname="- .usr.home.iojs.build.workspace.node-test-linter.tools.node_modules.eslint.node_modules.lodash"/>
		<testcase name="negate.js" classname="- .usr.home.iojs.build.workspace.node-test-linter.tools.node_modules.eslint.node_modules.lodash"/>
		<testcase name="next.js" classname="- .usr.home.iojs.build.workspace.node-test-linter.tools.node_modules.eslint.node_modules.lodash"/>
		<testcase name="noop.js" classname="- .usr.home.iojs.build.workspace.node-test-linter.tools.node_modules.eslint.node_modules.lodash"/>
		<testcase name="now.js" classname="- .usr.home.iojs.build.workspace.node-test-linter.tools.node_modules.eslint.node_modules.lodash"/>
		<testcase name="nth.js" classname="- .usr.home.iojs.build.workspace.node-test-linter.tools.node_modules.eslint.node_modules.lodash"/>
		<testcase name="nthArg.js" classname="- .usr.home.iojs.build.workspace.node-test-linter.tools.node_modules.eslint.node_modules.lodash"/>
		<testcase name="number.js" classname="- .usr.home.iojs.build.workspace.node-test-linter.tools.node_modules.eslint.node_modules.lodash"/>
		<testcase name="object.js" classname="- .usr.home.iojs.build.workspace.node-test-linter.tools.node_modules.eslint.node_modules.lodash"/>
		<testcase name="omit.js" classname="- .usr.home.iojs.build.workspace.node-test-linter.tools.node_modules.eslint.node_modules.lodash"/>
		<testcase name="omitBy.js" classname="- .usr.home.iojs.build.workspace.node-test-linter.tools.node_modules.eslint.node_modules.lodash"/>
		<testcase name="once.js" classname="- .usr.home.iojs.build.workspace.node-test-linter.tools.node_modules.eslint.node_modules.lodash"/>
		<testcase name="orderBy.js" classname="- .usr.home.iojs.build.workspace.node-test-linter.tools.node_modules.eslint.node_modules.lodash"/>
		<testcase name="over.js" classname="- .usr.home.iojs.build.workspace.node-test-linter.tools.node_modules.eslint.node_modules.lodash"/>
		<testcase name="overArgs.js" classname="- .usr.home.iojs.build.workspace.node-test-linter.tools.node_modules.eslint.node_modules.lodash"/>
		<testcase name="overEvery.js" classname="- .usr.home.iojs.build.workspace.node-test-linter.tools.node_modules.eslint.node_modules.lodash"/>
		<testcase name="overSome.js" classname="- .usr.home.iojs.build.workspace.node-test-linter.tools.node_modules.eslint.node_modules.lodash"/>
		<testcase name="pad.js" classname="- .usr.home.iojs.build.workspace.node-test-linter.tools.node_modules.eslint.node_modules.lodash"/>
		<testcase name="padEnd.js" classname="- .usr.home.iojs.build.workspace.node-test-linter.tools.node_modules.eslint.node_modules.lodash"/>
		<testcase name="padStart.js" classname="- .usr.home.iojs.build.workspace.node-test-linter.tools.node_modules.eslint.node_modules.lodash"/>
		<testcase name="parseInt.js" classname="- .usr.home.iojs.build.workspace.node-test-linter.tools.node_modules.eslint.node_modules.lodash"/>
		<testcase name="partial.js" classname="- .usr.home.iojs.build.workspace.node-test-linter.tools.node_modules.eslint.node_modules.lodash"/>
		<testcase name="partialRight.js" classname="- .usr.home.iojs.build.workspace.node-test-linter.tools.node_modules.eslint.node_modules.lodash"/>
		<testcase name="partition.js" classname="- .usr.home.iojs.build.workspace.node-test-linter.tools.node_modules.eslint.node_modules.lodash"/>
		<testcase name="pick.js" classname="- .usr.home.iojs.build.workspace.node-test-linter.tools.node_modules.eslint.node_modules.lodash"/>
		<testcase name="pickBy.js" classname="- .usr.home.iojs.build.workspace.node-test-linter.tools.node_modules.eslint.node_modules.lodash"/>
		<testcase name="plant.js" classname="- .usr.home.iojs.build.workspace.node-test-linter.tools.node_modules.eslint.node_modules.lodash"/>
		<testcase name="property.js" classname="- .usr.home.iojs.build.workspace.node-test-linter.tools.node_modules.eslint.node_modules.lodash"/>
		<testcase name="propertyOf.js" classname="- .usr.home.iojs.build.workspace.node-test-linter.tools.node_modules.eslint.node_modules.lodash"/>
		<testcase name="pull.js" classname="- .usr.home.iojs.build.workspace.node-test-linter.tools.node_modules.eslint.node_modules.lodash"/>
		<testcase name="pullAll.js" classname="- .usr.home.iojs.build.workspace.node-test-linter.tools.node_modules.eslint.node_modules.lodash"/>
		<testcase name="pullAllBy.js" classname="- .usr.home.iojs.build.workspace.node-test-linter.tools.node_modules.eslint.node_modules.lodash"/>
		<testcase name="pullAllWith.js" classname="- .usr.home.iojs.build.workspace.node-test-linter.tools.node_modules.eslint.node_modules.lodash"/>
		<testcase name="pullAt.js" classname="- .usr.home.iojs.build.workspace.node-test-linter.tools.node_modules.eslint.node_modules.lodash"/>
		<testcase name="random.js" classname="- .usr.home.iojs.build.workspace.node-test-linter.tools.node_modules.eslint.node_modules.lodash"/>
		<testcase name="range.js" classname="- .usr.home.iojs.build.workspace.node-test-linter.tools.node_modules.eslint.node_modules.lodash"/>
		<testcase name="rangeRight.js" classname="- .usr.home.iojs.build.workspace.node-test-linter.tools.node_modules.eslint.node_modules.lodash"/>
		<testcase name="README.md" classname="- .usr.home.iojs.build.workspace.node-test-linter.tools.node_modules.eslint.node_modules.lodash"/>
		<testcase name="rearg.js" classname="- .usr.home.iojs.build.workspace.node-test-linter.tools.node_modules.eslint.node_modules.lodash"/>
		<testcase name="reduce.js" classname="- .usr.home.iojs.build.workspace.node-test-linter.tools.node_modules.eslint.node_modules.lodash"/>
		<testcase name="reduceRight.js" classname="- .usr.home.iojs.build.workspace.node-test-linter.tools.node_modules.eslint.node_modules.lodash"/>
		<testcase name="reject.js" classname="- .usr.home.iojs.build.workspace.node-test-linter.tools.node_modules.eslint.node_modules.lodash"/>
		<testcase name="remove.js" classname="- .usr.home.iojs.build.workspace.node-test-linter.tools.node_modules.eslint.node_modules.lodash"/>
		<testcase name="repeat.js" classname="- .usr.home.iojs.build.workspace.node-test-linter.tools.node_modules.eslint.node_modules.lodash"/>
		<testcase name="replace.js" classname="- .usr.home.iojs.build.workspace.node-test-linter.tools.node_modules.eslint.node_modules.lodash"/>
		<testcase name="rest.js" classname="- .usr.home.iojs.build.workspace.node-test-linter.tools.node_modules.eslint.node_modules.lodash"/>
		<testcase name="result.js" classname="- .usr.home.iojs.build.workspace.node-test-linter.tools.node_modules.eslint.node_modules.lodash"/>
		<testcase name="reverse.js" classname="- .usr.home.iojs.build.workspace.node-test-linter.tools.node_modules.eslint.node_modules.lodash"/>
		<testcase name="round.js" classname="- .usr.home.iojs.build.workspace.node-test-linter.tools.node_modules.eslint.node_modules.lodash"/>
		<testcase name="sample.js" classname="- .usr.home.iojs.build.workspace.node-test-linter.tools.node_modules.eslint.node_modules.lodash"/>
		<testcase name="sampleSize.js" classname="- .usr.home.iojs.build.workspace.node-test-linter.tools.node_modules.eslint.node_modules.lodash"/>
		<testcase name="seq.js" classname="- .usr.home.iojs.build.workspace.node-test-linter.tools.node_modules.eslint.node_modules.lodash"/>
		<testcase name="set.js" classname="- .usr.home.iojs.build.workspace.node-test-linter.tools.node_modules.eslint.node_modules.lodash"/>
		<testcase name="setWith.js" classname="- .usr.home.iojs.build.workspace.node-test-linter.tools.node_modules.eslint.node_modules.lodash"/>
		<testcase name="shuffle.js" classname="- .usr.home.iojs.build.workspace.node-test-linter.tools.node_modules.eslint.node_modules.lodash"/>
		<testcase name="size.js" classname="- .usr.home.iojs.build.workspace.node-test-linter.tools.node_modules.eslint.node_modules.lodash"/>
		<testcase name="slice.js" classname="- .usr.home.iojs.build.workspace.node-test-linter.tools.node_modules.eslint.node_modules.lodash"/>
		<testcase name="snakeCase.js" classname="- .usr.home.iojs.build.workspace.node-test-linter.tools.node_modules.eslint.node_modules.lodash"/>
		<testcase name="some.js" classname="- .usr.home.iojs.build.workspace.node-test-linter.tools.node_modules.eslint.node_modules.lodash"/>
		<testcase name="sortBy.js" classname="- .usr.home.iojs.build.workspace.node-test-linter.tools.node_modules.eslint.node_modules.lodash"/>
		<testcase name="sortedIndex.js" classname="- .usr.home.iojs.build.workspace.node-test-linter.tools.node_modules.eslint.node_modules.lodash"/>
		<testcase name="sortedIndexBy.js" classname="- .usr.home.iojs.build.workspace.node-test-linter.tools.node_modules.eslint.node_modules.lodash"/>
		<testcase name="sortedIndexOf.js" classname="- .usr.home.iojs.build.workspace.node-test-linter.tools.node_modules.eslint.node_modules.lodash"/>
		<testcase name="sortedLastIndex.js" classname="- .usr.home.iojs.build.workspace.node-test-linter.tools.node_modules.eslint.node_modules.lodash"/>
		<testcase name="sortedLastIndexBy.js" classname="- .usr.home.iojs.build.workspace.node-test-linter.tools.node_modules.eslint.node_modules.lodash"/>
		<testcase name="sortedLastIndexOf.js" classname="- .usr.home.iojs.build.workspace.node-test-linter.tools.node_modules.eslint.node_modules.lodash"/>
		<testcase name="sortedUniq.js" classname="- .usr.home.iojs.build.workspace.node-test-linter.tools.node_modules.eslint.node_modules.lodash"/>
		<testcase name="sortedUniqBy.js" classname="- .usr.home.iojs.build.workspace.node-test-linter.tools.node_modules.eslint.node_modules.lodash"/>
		<testcase name="split.js" classname="- .usr.home.iojs.build.workspace.node-test-linter.tools.node_modules.eslint.node_modules.lodash"/>
		<testcase name="spread.js" classname="- .usr.home.iojs.build.workspace.node-test-linter.tools.node_modules.eslint.node_modules.lodash"/>
		<testcase name="startCase.js" classname="- .usr.home.iojs.build.workspace.node-test-linter.tools.node_modules.eslint.node_modules.lodash"/>
		<testcase name="startsWith.js" classname="- .usr.home.iojs.build.workspace.node-test-linter.tools.node_modules.eslint.node_modules.lodash"/>
		<testcase name="string.js" classname="- .usr.home.iojs.build.workspace.node-test-linter.tools.node_modules.eslint.node_modules.lodash"/>
		<testcase name="stubArray.js" classname="- .usr.home.iojs.build.workspace.node-test-linter.tools.node_modules.eslint.node_modules.lodash"/>
		<testcase name="stubFalse.js" classname="- .usr.home.iojs.build.workspace.node-test-linter.tools.node_modules.eslint.node_modules.lodash"/>
		<testcase name="stubObject.js" classname="- .usr.home.iojs.build.workspace.node-test-linter.tools.node_modules.eslint.node_modules.lodash"/>
		<testcase name="stubString.js" classname="- .usr.home.iojs.build.workspace.node-test-linter.tools.node_modules.eslint.node_modules.lodash"/>
		<testcase name="stubTrue.js" classname="- .usr.home.iojs.build.workspace.node-test-linter.tools.node_modules.eslint.node_modules.lodash"/>
		<testcase name="subtract.js" classname="- .usr.home.iojs.build.workspace.node-test-linter.tools.node_modules.eslint.node_modules.lodash"/>
		<testcase name="sum.js" classname="- .usr.home.iojs.build.workspace.node-test-linter.tools.node_modules.eslint.node_modules.lodash"/>
		<testcase name="sumBy.js" classname="- .usr.home.iojs.build.workspace.node-test-linter.tools.node_modules.eslint.node_modules.lodash"/>
		<testcase name="tail.js" classname="- .usr.home.iojs.build.workspace.node-test-linter.tools.node_modules.eslint.node_modules.lodash"/>
		<testcase name="take.js" classname="- .usr.home.iojs.build.workspace.node-test-linter.tools.node_modules.eslint.node_modules.lodash"/>
		<testcase name="takeRight.js" classname="- .usr.home.iojs.build.workspace.node-test-linter.tools.node_modules.eslint.node_modules.lodash"/>
		<testcase name="takeRightWhile.js" classname="- .usr.home.iojs.build.workspace.node-test-linter.tools.node_modules.eslint.node_modules.lodash"/>
		<testcase name="takeWhile.js" classname="- .usr.home.iojs.build.workspace.node-test-linter.tools.node_modules.eslint.node_modules.lodash"/>
		<testcase name="tap.js" classname="- .usr.home.iojs.build.workspace.node-test-linter.tools.node_modules.eslint.node_modules.lodash"/>
		<testcase name="template.js" classname="- .usr.home.iojs.build.workspace.node-test-linter.tools.node_modules.eslint.node_modules.lodash"/>
		<testcase name="templateSettings.js" classname="- .usr.home.iojs.build.workspace.node-test-linter.tools.node_modules.eslint.node_modules.lodash"/>
		<testcase name="throttle.js" classname="- .usr.home.iojs.build.workspace.node-test-linter.tools.node_modules.eslint.node_modules.lodash"/>
		<testcase name="thru.js" classname="- .usr.home.iojs.build.workspace.node-test-linter.tools.node_modules.eslint.node_modules.lodash"/>
		<testcase name="times.js" classname="- .usr.home.iojs.build.workspace.node-test-linter.tools.node_modules.eslint.node_modules.lodash"/>
		<testcase name="toArray.js" classname="- .usr.home.iojs.build.workspace.node-test-linter.tools.node_modules.eslint.node_modules.lodash"/>
		<testcase name="toFinite.js" classname="- .usr.home.iojs.build.workspace.node-test-linter.tools.node_modules.eslint.node_modules.lodash"/>
		<testcase name="toInteger.js" classname="- .usr.home.iojs.build.workspace.node-test-linter.tools.node_modules.eslint.node_modules.lodash"/>
		<testcase name="toIterator.js" classname="- .usr.home.iojs.build.workspace.node-test-linter.tools.node_modules.eslint.node_modules.lodash"/>
		<testcase name="toJSON.js" classname="- .usr.home.iojs.build.workspace.node-test-linter.tools.node_modules.eslint.node_modules.lodash"/>
		<testcase name="toLength.js" classname="- .usr.home.iojs.build.workspace.node-test-linter.tools.node_modules.eslint.node_modules.lodash"/>
		<testcase name="toLower.js" classname="- .usr.home.iojs.build.workspace.node-test-linter.tools.node_modules.eslint.node_modules.lodash"/>
		<testcase name="toNumber.js" classname="- .usr.home.iojs.build.workspace.node-test-linter.tools.node_modules.eslint.node_modules.lodash"/>
		<testcase name="toPairs.js" classname="- .usr.home.iojs.build.workspace.node-test-linter.tools.node_modules.eslint.node_modules.lodash"/>
		<testcase name="toPairsIn.js" classname="- .usr.home.iojs.build.workspace.node-test-linter.tools.node_modules.eslint.node_modules.lodash"/>
		<testcase name="toPath.js" classname="- .usr.home.iojs.build.workspace.node-test-linter.tools.node_modules.eslint.node_modules.lodash"/>
		<testcase name="toPlainObject.js" classname="- .usr.home.iojs.build.workspace.node-test-linter.tools.node_modules.eslint.node_modules.lodash"/>
		<testcase name="toSafeInteger.js" classname="- .usr.home.iojs.build.workspace.node-test-linter.tools.node_modules.eslint.node_modules.lodash"/>
		<testcase name="toString.js" classname="- .usr.home.iojs.build.workspace.node-test-linter.tools.node_modules.eslint.node_modules.lodash"/>
		<testcase name="toUpper.js" classname="- .usr.home.iojs.build.workspace.node-test-linter.tools.node_modules.eslint.node_modules.lodash"/>
		<testcase name="transform.js" classname="- .usr.home.iojs.build.workspace.node-test-linter.tools.node_modules.eslint.node_modules.lodash"/>
		<testcase name="trim.js" classname="- .usr.home.iojs.build.workspace.node-test-linter.tools.node_modules.eslint.node_modules.lodash"/>
		<testcase name="trimEnd.js" classname="- .usr.home.iojs.build.workspace.node-test-linter.tools.node_modules.eslint.node_modules.lodash"/>
		<testcase name="trimStart.js" classname="- .usr.home.iojs.build.workspace.node-test-linter.tools.node_modules.eslint.node_modules.lodash"/>
		<testcase name="truncate.js" classname="- .usr.home.iojs.build.workspace.node-test-linter.tools.node_modules.eslint.node_modules.lodash"/>
		<testcase name="unary.js" classname="- .usr.home.iojs.build.workspace.node-test-linter.tools.node_modules.eslint.node_modules.lodash"/>
		<testcase name="unescape.js" classname="- .usr.home.iojs.build.workspace.node-test-linter.tools.node_modules.eslint.node_modules.lodash"/>
		<testcase name="union.js" classname="- .usr.home.iojs.build.workspace.node-test-linter.tools.node_modules.eslint.node_modules.lodash"/>
		<testcase name="unionBy.js" classname="- .usr.home.iojs.build.workspace.node-test-linter.tools.node_modules.eslint.node_modules.lodash"/>
		<testcase name="unionWith.js" classname="- .usr.home.iojs.build.workspace.node-test-linter.tools.node_modules.eslint.node_modules.lodash"/>
		<testcase name="uniq.js" classname="- .usr.home.iojs.build.workspace.node-test-linter.tools.node_modules.eslint.node_modules.lodash"/>
		<testcase name="uniqBy.js" classname="- .usr.home.iojs.build.workspace.node-test-linter.tools.node_modules.eslint.node_modules.lodash"/>
		<testcase name="uniqueId.js" classname="- .usr.home.iojs.build.workspace.node-test-linter.tools.node_modules.eslint.node_modules.lodash"/>
		<testcase name="uniqWith.js" classname="- .usr.home.iojs.build.workspace.node-test-linter.tools.node_modules.eslint.node_modules.lodash"/>
		<testcase name="unset.js" classname="- .usr.home.iojs.build.workspace.node-test-linter.tools.node_modules.eslint.node_modules.lodash"/>
		<testcase name="unzip.js" classname="- .usr.home.iojs.build.workspace.node-test-linter.tools.node_modules.eslint.node_modules.lodash"/>
		<testcase name="unzipWith.js" classname="- .usr.home.iojs.build.workspace.node-test-linter.tools.node_modules.eslint.node_modules.lodash"/>
		<testcase name="update.js" classname="- .usr.home.iojs.build.workspace.node-test-linter.tools.node_modules.eslint.node_modules.lodash"/>
		<testcase name="updateWith.js" classname="- .usr.home.iojs.build.workspace.node-test-linter.tools.node_modules.eslint.node_modules.lodash"/>
		<testcase name="upperCase.js" classname="- .usr.home.iojs.build.workspace.node-test-linter.tools.node_modules.eslint.node_modules.lodash"/>
		<testcase name="upperFirst.js" classname="- .usr.home.iojs.build.workspace.node-test-linter.tools.node_modules.eslint.node_modules.lodash"/>
		<testcase name="util.js" classname="- .usr.home.iojs.build.workspace.node-test-linter.tools.node_modules.eslint.node_modules.lodash"/>
		<testcase name="value.js" classname="- .usr.home.iojs.build.workspace.node-test-linter.tools.node_modules.eslint.node_modules.lodash"/>
		<testcase name="valueOf.js" classname="- .usr.home.iojs.build.workspace.node-test-linter.tools.node_modules.eslint.node_modules.lodash"/>
		<testcase name="values.js" classname="- .usr.home.iojs.build.workspace.node-test-linter.tools.node_modules.eslint.node_modules.lodash"/>
		<testcase name="valuesIn.js" classname="- .usr.home.iojs.build.workspace.node-test-linter.tools.node_modules.eslint.node_modules.lodash"/>
		<testcase name="without.js" classname="- .usr.home.iojs.build.workspace.node-test-linter.tools.node_modules.eslint.node_modules.lodash"/>
		<testcase name="words.js" classname="- .usr.home.iojs.build.workspace.node-test-linter.tools.node_modules.eslint.node_modules.lodash"/>
		<testcase name="wrap.js" classname="- .usr.home.iojs.build.workspace.node-test-linter.tools.node_modules.eslint.node_modules.lodash"/>
		<testcase name="wrapperAt.js" classname="- .usr.home.iojs.build.workspace.node-test-linter.tools.node_modules.eslint.node_modules.lodash"/>
		<testcase name="wrapperChain.js" classname="- .usr.home.iojs.build.workspace.node-test-linter.tools.node_modules.eslint.node_modules.lodash"/>
		<testcase name="wrapperLodash.js" classname="- .usr.home.iojs.build.workspace.node-test-linter.tools.node_modules.eslint.node_modules.lodash"/>
		<testcase name="wrapperReverse.js" classname="- .usr.home.iojs.build.workspace.node-test-linter.tools.node_modules.eslint.node_modules.lodash"/>
		<testcase name="wrapperValue.js" classname="- .usr.home.iojs.build.workspace.node-test-linter.tools.node_modules.eslint.node_modules.lodash"/>
		<testcase name="xor.js" classname="- .usr.home.iojs.build.workspace.node-test-linter.tools.node_modules.eslint.node_modules.lodash"/>
		<testcase name="xorBy.js" classname="- .usr.home.iojs.build.workspace.node-test-linter.tools.node_modules.eslint.node_modules.lodash"/>
		<testcase name="xorWith.js" classname="- .usr.home.iojs.build.workspace.node-test-linter.tools.node_modules.eslint.node_modules.lodash"/>
		<testcase name="zip.js" classname="- .usr.home.iojs.build.workspace.node-test-linter.tools.node_modules.eslint.node_modules.lodash"/>
		<testcase name="zipObject.js" classname="- .usr.home.iojs.build.workspace.node-test-linter.tools.node_modules.eslint.node_modules.lodash"/>
		<testcase name="zipObjectDeep.js" classname="- .usr.home.iojs.build.workspace.node-test-linter.tools.node_modules.eslint.node_modules.lodash"/>
		<testcase name="zipWith.js" classname="- .usr.home.iojs.build.workspace.node-test-linter.tools.node_modules.eslint.node_modules.lodash"/>
		<testcase name="index.js" classname="- .usr.home.iojs.build.workspace.node-test-linter.tools.node_modules.eslint.node_modules.markdown-escapes"/>
		<testcase name="readme.md" classname="- .usr.home.iojs.build.workspace.node-test-linter.tools.node_modules.eslint.node_modules.markdown-escapes"/>
		<testcase name="index.js" classname="- .usr.home.iojs.build.workspace.node-test-linter.tools.node_modules.eslint.node_modules.mimic-fn"/>
		<testcase name="readme.md" classname="- .usr.home.iojs.build.workspace.node-test-linter.tools.node_modules.eslint.node_modules.mimic-fn"/>
		<testcase name="minimatch.js" classname="- .usr.home.iojs.build.workspace.node-test-linter.tools.node_modules.eslint.node_modules.minimatch"/>
		<testcase name="README.md" classname="- .usr.home.iojs.build.workspace.node-test-linter.tools.node_modules.eslint.node_modules.minimatch"/>
		<testcase name="index.js" classname="- .usr.home.iojs.build.workspace.node-test-linter.tools.node_modules.eslint.node_modules.minimist"/>
		<testcase name="cmd.js" classname="- .usr.home.iojs.build.workspace.node-test-linter.tools.node_modules.eslint.node_modules.mkdirp.bin"/>
		<testcase name="index.js" classname="- .usr.home.iojs.build.workspace.node-test-linter.tools.node_modules.eslint.node_modules.mkdirp"/>
		<testcase name="index.js" classname="- .usr.home.iojs.build.workspace.node-test-linter.tools.node_modules.eslint.node_modules.ms"/>
		<testcase name="license.md" classname="- .usr.home.iojs.build.workspace.node-test-linter.tools.node_modules.eslint.node_modules.ms"/>
		<testcase name="readme.md" classname="- .usr.home.iojs.build.workspace.node-test-linter.tools.node_modules.eslint.node_modules.ms"/>
		<testcase name="mute.js" classname="- .usr.home.iojs.build.workspace.node-test-linter.tools.node_modules.eslint.node_modules.mute-stream"/>
		<testcase name="README.md" classname="- .usr.home.iojs.build.workspace.node-test-linter.tools.node_modules.eslint.node_modules.mute-stream"/>
		<testcase name="index.js" classname="- .usr.home.iojs.build.workspace.node-test-linter.tools.node_modules.eslint.node_modules.natural-compare"/>
		<testcase name="README.md" classname="- .usr.home.iojs.build.workspace.node-test-linter.tools.node_modules.eslint.node_modules.natural-compare"/>
		<testcase name="README.md" classname="- .usr.home.iojs.build.workspace.node-test-linter.tools.node_modules.eslint.node_modules.nice-try"/>
		<testcase name="index.js" classname="- .usr.home.iojs.build.workspace.node-test-linter.tools.node_modules.eslint.node_modules.nice-try.src"/>
		<testcase name="index.js" classname="- .usr.home.iojs.build.workspace.node-test-linter.tools.node_modules.eslint.node_modules.object-assign"/>
		<testcase name="readme.md" classname="- .usr.home.iojs.build.workspace.node-test-linter.tools.node_modules.eslint.node_modules.object-assign"/>
		<testcase name="once.js" classname="- .usr.home.iojs.build.workspace.node-test-linter.tools.node_modules.eslint.node_modules.once"/>
		<testcase name="README.md" classname="- .usr.home.iojs.build.workspace.node-test-linter.tools.node_modules.eslint.node_modules.once"/>
		<testcase name="index.js" classname="- .usr.home.iojs.build.workspace.node-test-linter.tools.node_modules.eslint.node_modules.onetime"/>
		<testcase name="readme.md" classname="- .usr.home.iojs.build.workspace.node-test-linter.tools.node_modules.eslint.node_modules.onetime"/>
		<testcase name="help.js" classname="- .usr.home.iojs.build.workspace.node-test-linter.tools.node_modules.eslint.node_modules.optionator.lib"/>
		<testcase name="index.js" classname="- .usr.home.iojs.build.workspace.node-test-linter.tools.node_modules.eslint.node_modules.optionator.lib"/>
		<testcase name="util.js" classname="- .usr.home.iojs.build.workspace.node-test-linter.tools.node_modules.eslint.node_modules.optionator.lib"/>
		<testcase name="README.md" classname="- .usr.home.iojs.build.workspace.node-test-linter.tools.node_modules.eslint.node_modules.optionator"/>
		<testcase name="index.js" classname="- .usr.home.iojs.build.workspace.node-test-linter.tools.node_modules.eslint.node_modules.os-tmpdir"/>
		<testcase name="readme.md" classname="- .usr.home.iojs.build.workspace.node-test-linter.tools.node_modules.eslint.node_modules.os-tmpdir"/>
		<testcase name="index.js" classname="- .usr.home.iojs.build.workspace.node-test-linter.tools.node_modules.eslint.node_modules.parse-entities"/>
		<testcase name="readme.md" classname="- .usr.home.iojs.build.workspace.node-test-linter.tools.node_modules.eslint.node_modules.parse-entities"/>
		<testcase name="index.js" classname="- .usr.home.iojs.build.workspace.node-test-linter.tools.node_modules.eslint.node_modules.path-is-absolute"/>
		<testcase name="readme.md" classname="- .usr.home.iojs.build.workspace.node-test-linter.tools.node_modules.eslint.node_modules.path-is-absolute"/>
		<testcase name="path-is-inside.js" classname="- .usr.home.iojs.build.workspace.node-test-linter.tools.node_modules.eslint.node_modules.path-is-inside.lib"/>
		<testcase name="index.js" classname="- .usr.home.iojs.build.workspace.node-test-linter.tools.node_modules.eslint.node_modules.path-key"/>
		<testcase name="readme.md" classname="- .usr.home.iojs.build.workspace.node-test-linter.tools.node_modules.eslint.node_modules.path-key"/>
		<testcase name="index.js" classname="- .usr.home.iojs.build.workspace.node-test-linter.tools.node_modules.eslint.node_modules.pify"/>
		<testcase name="readme.md" classname="- .usr.home.iojs.build.workspace.node-test-linter.tools.node_modules.eslint.node_modules.pify"/>
		<testcase name="index.js" classname="- .usr.home.iojs.build.workspace.node-test-linter.tools.node_modules.eslint.node_modules.pinkie-promise"/>
		<testcase name="readme.md" classname="- .usr.home.iojs.build.workspace.node-test-linter.tools.node_modules.eslint.node_modules.pinkie-promise"/>
		<testcase name="index.js" classname="- .usr.home.iojs.build.workspace.node-test-linter.tools.node_modules.eslint.node_modules.pinkie"/>
		<testcase name="readme.md" classname="- .usr.home.iojs.build.workspace.node-test-linter.tools.node_modules.eslint.node_modules.pinkie"/>
		<testcase name="pluralize.js" classname="- .usr.home.iojs.build.workspace.node-test-linter.tools.node_modules.eslint.node_modules.pluralize"/>
		<testcase name="Readme.md" classname="- .usr.home.iojs.build.workspace.node-test-linter.tools.node_modules.eslint.node_modules.pluralize"/>
		<testcase name="Func.js" classname="- .usr.home.iojs.build.workspace.node-test-linter.tools.node_modules.eslint.node_modules.prelude-ls.lib"/>
		<testcase name="index.js" classname="- .usr.home.iojs.build.workspace.node-test-linter.tools.node_modules.eslint.node_modules.prelude-ls.lib"/>
		<testcase name="List.js" classname="- .usr.home.iojs.build.workspace.node-test-linter.tools.node_modules.eslint.node_modules.prelude-ls.lib"/>
		<testcase name="Num.js" classname="- .usr.home.iojs.build.workspace.node-test-linter.tools.node_modules.eslint.node_modules.prelude-ls.lib"/>
		<testcase name="Obj.js" classname="- .usr.home.iojs.build.workspace.node-test-linter.tools.node_modules.eslint.node_modules.prelude-ls.lib"/>
		<testcase name="Str.js" classname="- .usr.home.iojs.build.workspace.node-test-linter.tools.node_modules.eslint.node_modules.prelude-ls.lib"/>
		<testcase name="README.md" classname="- .usr.home.iojs.build.workspace.node-test-linter.tools.node_modules.eslint.node_modules.prelude-ls"/>
		<testcase name="index.js" classname="- .usr.home.iojs.build.workspace.node-test-linter.tools.node_modules.eslint.node_modules.progress"/>
		<testcase name="node-progress.js" classname="- .usr.home.iojs.build.workspace.node-test-linter.tools.node_modules.eslint.node_modules.progress.lib"/>
		<testcase name="README.md" classname="- .usr.home.iojs.build.workspace.node-test-linter.tools.node_modules.eslint.node_modules.progress"/>
		<testcase name="punycode.es6.js" classname="- .usr.home.iojs.build.workspace.node-test-linter.tools.node_modules.eslint.node_modules.punycode"/>
		<testcase name="punycode.js" classname="- .usr.home.iojs.build.workspace.node-test-linter.tools.node_modules.eslint.node_modules.punycode"/>
		<testcase name="README.md" classname="- .usr.home.iojs.build.workspace.node-test-linter.tools.node_modules.eslint.node_modules.punycode"/>
		<testcase name="index.js" classname="- .usr.home.iojs.build.workspace.node-test-linter.tools.node_modules.eslint.node_modules.regexpp"/>
		<testcase name="README.md" classname="- .usr.home.iojs.build.workspace.node-test-linter.tools.node_modules.eslint.node_modules.regexpp"/>
		<testcase name="index.js" classname="- .usr.home.iojs.build.workspace.node-test-linter.tools.node_modules.eslint.node_modules.remark-parse"/>
		<testcase name="decode.js" classname="- .usr.home.iojs.build.workspace.node-test-linter.tools.node_modules.eslint.node_modules.remark-parse.lib"/>
		<testcase name="defaults.js" classname="- .usr.home.iojs.build.workspace.node-test-linter.tools.node_modules.eslint.node_modules.remark-parse.lib"/>
		<testcase name="break.js" classname="- .usr.home.iojs.build.workspace.node-test-linter.tools.node_modules.eslint.node_modules.remark-parse.lib.locate"/>
		<testcase name="code-inline.js" classname="- .usr.home.iojs.build.workspace.node-test-linter.tools.node_modules.eslint.node_modules.remark-parse.lib.locate"/>
		<testcase name="delete.js" classname="- .usr.home.iojs.build.workspace.node-test-linter.tools.node_modules.eslint.node_modules.remark-parse.lib.locate"/>
		<testcase name="emphasis.js" classname="- .usr.home.iojs.build.workspace.node-test-linter.tools.node_modules.eslint.node_modules.remark-parse.lib.locate"/>
		<testcase name="escape.js" classname="- .usr.home.iojs.build.workspace.node-test-linter.tools.node_modules.eslint.node_modules.remark-parse.lib.locate"/>
		<testcase name="link.js" classname="- .usr.home.iojs.build.workspace.node-test-linter.tools.node_modules.eslint.node_modules.remark-parse.lib.locate"/>
		<testcase name="strong.js" classname="- .usr.home.iojs.build.workspace.node-test-linter.tools.node_modules.eslint.node_modules.remark-parse.lib.locate"/>
		<testcase name="tag.js" classname="- .usr.home.iojs.build.workspace.node-test-linter.tools.node_modules.eslint.node_modules.remark-parse.lib.locate"/>
		<testcase name="url.js" classname="- .usr.home.iojs.build.workspace.node-test-linter.tools.node_modules.eslint.node_modules.remark-parse.lib.locate"/>
		<testcase name="parse.js" classname="- .usr.home.iojs.build.workspace.node-test-linter.tools.node_modules.eslint.node_modules.remark-parse.lib"/>
		<testcase name="parser.js" classname="- .usr.home.iojs.build.workspace.node-test-linter.tools.node_modules.eslint.node_modules.remark-parse.lib"/>
		<testcase name="set-options.js" classname="- .usr.home.iojs.build.workspace.node-test-linter.tools.node_modules.eslint.node_modules.remark-parse.lib"/>
		<testcase name="auto-link.js" classname="- .usr.home.iojs.build.workspace.node-test-linter.tools.node_modules.eslint.node_modules.remark-parse.lib.tokenize"/>
		<testcase name="blockquote.js" classname="- .usr.home.iojs.build.workspace.node-test-linter.tools.node_modules.eslint.node_modules.remark-parse.lib.tokenize"/>
		<testcase name="break.js" classname="- .usr.home.iojs.build.workspace.node-test-linter.tools.node_modules.eslint.node_modules.remark-parse.lib.tokenize"/>
		<testcase name="code-fenced.js" classname="- .usr.home.iojs.build.workspace.node-test-linter.tools.node_modules.eslint.node_modules.remark-parse.lib.tokenize"/>
		<testcase name="code-indented.js" classname="- .usr.home.iojs.build.workspace.node-test-linter.tools.node_modules.eslint.node_modules.remark-parse.lib.tokenize"/>
		<testcase name="code-inline.js" classname="- .usr.home.iojs.build.workspace.node-test-linter.tools.node_modules.eslint.node_modules.remark-parse.lib.tokenize"/>
		<testcase name="definition.js" classname="- .usr.home.iojs.build.workspace.node-test-linter.tools.node_modules.eslint.node_modules.remark-parse.lib.tokenize"/>
		<testcase name="delete.js" classname="- .usr.home.iojs.build.workspace.node-test-linter.tools.node_modules.eslint.node_modules.remark-parse.lib.tokenize"/>
		<testcase name="emphasis.js" classname="- .usr.home.iojs.build.workspace.node-test-linter.tools.node_modules.eslint.node_modules.remark-parse.lib.tokenize"/>
		<testcase name="escape.js" classname="- .usr.home.iojs.build.workspace.node-test-linter.tools.node_modules.eslint.node_modules.remark-parse.lib.tokenize"/>
		<testcase name="footnote-definition.js" classname="- .usr.home.iojs.build.workspace.node-test-linter.tools.node_modules.eslint.node_modules.remark-parse.lib.tokenize"/>
		<testcase name="heading-atx.js" classname="- .usr.home.iojs.build.workspace.node-test-linter.tools.node_modules.eslint.node_modules.remark-parse.lib.tokenize"/>
		<testcase name="heading-setext.js" classname="- .usr.home.iojs.build.workspace.node-test-linter.tools.node_modules.eslint.node_modules.remark-parse.lib.tokenize"/>
		<testcase name="html-block.js" classname="- .usr.home.iojs.build.workspace.node-test-linter.tools.node_modules.eslint.node_modules.remark-parse.lib.tokenize"/>
		<testcase name="html-inline.js" classname="- .usr.home.iojs.build.workspace.node-test-linter.tools.node_modules.eslint.node_modules.remark-parse.lib.tokenize"/>
		<testcase name="link.js" classname="- .usr.home.iojs.build.workspace.node-test-linter.tools.node_modules.eslint.node_modules.remark-parse.lib.tokenize"/>
		<testcase name="list.js" classname="- .usr.home.iojs.build.workspace.node-test-linter.tools.node_modules.eslint.node_modules.remark-parse.lib.tokenize"/>
		<testcase name="newline.js" classname="- .usr.home.iojs.build.workspace.node-test-linter.tools.node_modules.eslint.node_modules.remark-parse.lib.tokenize"/>
		<testcase name="paragraph.js" classname="- .usr.home.iojs.build.workspace.node-test-linter.tools.node_modules.eslint.node_modules.remark-parse.lib.tokenize"/>
		<testcase name="reference.js" classname="- .usr.home.iojs.build.workspace.node-test-linter.tools.node_modules.eslint.node_modules.remark-parse.lib.tokenize"/>
		<testcase name="strong.js" classname="- .usr.home.iojs.build.workspace.node-test-linter.tools.node_modules.eslint.node_modules.remark-parse.lib.tokenize"/>
		<testcase name="table.js" classname="- .usr.home.iojs.build.workspace.node-test-linter.tools.node_modules.eslint.node_modules.remark-parse.lib.tokenize"/>
		<testcase name="text.js" classname="- .usr.home.iojs.build.workspace.node-test-linter.tools.node_modules.eslint.node_modules.remark-parse.lib.tokenize"/>
		<testcase name="thematic-break.js" classname="- .usr.home.iojs.build.workspace.node-test-linter.tools.node_modules.eslint.node_modules.remark-parse.lib.tokenize"/>
		<testcase name="url.js" classname="- .usr.home.iojs.build.workspace.node-test-linter.tools.node_modules.eslint.node_modules.remark-parse.lib.tokenize"/>
		<testcase name="yaml.js" classname="- .usr.home.iojs.build.workspace.node-test-linter.tools.node_modules.eslint.node_modules.remark-parse.lib.tokenize"/>
		<testcase name="tokenizer.js" classname="- .usr.home.iojs.build.workspace.node-test-linter.tools.node_modules.eslint.node_modules.remark-parse.lib"/>
		<testcase name="unescape.js" classname="- .usr.home.iojs.build.workspace.node-test-linter.tools.node_modules.eslint.node_modules.remark-parse.lib"/>
		<testcase name="get-indentation.js" classname="- .usr.home.iojs.build.workspace.node-test-linter.tools.node_modules.eslint.node_modules.remark-parse.lib.util"/>
		<testcase name="html.js" classname="- .usr.home.iojs.build.workspace.node-test-linter.tools.node_modules.eslint.node_modules.remark-parse.lib.util"/>
		<testcase name="interrupt.js" classname="- .usr.home.iojs.build.workspace.node-test-linter.tools.node_modules.eslint.node_modules.remark-parse.lib.util"/>
		<testcase name="normalize.js" classname="- .usr.home.iojs.build.workspace.node-test-linter.tools.node_modules.eslint.node_modules.remark-parse.lib.util"/>
		<testcase name="remove-indentation.js" classname="- .usr.home.iojs.build.workspace.node-test-linter.tools.node_modules.eslint.node_modules.remark-parse.lib.util"/>
		<testcase name="readme.md" classname="- .usr.home.iojs.build.workspace.node-test-linter.tools.node_modules.eslint.node_modules.remark-parse"/>
		<testcase name="index.js" classname="- .usr.home.iojs.build.workspace.node-test-linter.tools.node_modules.eslint.node_modules.repeat-string"/>
		<testcase name="README.md" classname="- .usr.home.iojs.build.workspace.node-test-linter.tools.node_modules.eslint.node_modules.repeat-string"/>
		<testcase name="index.js" classname="- .usr.home.iojs.build.workspace.node-test-linter.tools.node_modules.eslint.node_modules.replace-ext"/>
		<testcase name="README.md" classname="- .usr.home.iojs.build.workspace.node-test-linter.tools.node_modules.eslint.node_modules.replace-ext"/>
		<testcase name="index.js" classname="- .usr.home.iojs.build.workspace.node-test-linter.tools.node_modules.eslint.node_modules.require-uncached"/>
		<testcase name="readme.md" classname="- .usr.home.iojs.build.workspace.node-test-linter.tools.node_modules.eslint.node_modules.require-uncached"/>
		<testcase name="index.js" classname="- .usr.home.iojs.build.workspace.node-test-linter.tools.node_modules.eslint.node_modules.resolve-from"/>
		<testcase name="readme.md" classname="- .usr.home.iojs.build.workspace.node-test-linter.tools.node_modules.eslint.node_modules.resolve-from"/>
		<testcase name="index.js" classname="- .usr.home.iojs.build.workspace.node-test-linter.tools.node_modules.eslint.node_modules.restore-cursor"/>
		<testcase name="readme.md" classname="- .usr.home.iojs.build.workspace.node-test-linter.tools.node_modules.eslint.node_modules.restore-cursor"/>
		<testcase name="bin.js" classname="- .usr.home.iojs.build.workspace.node-test-linter.tools.node_modules.eslint.node_modules.rimraf"/>
		<testcase name="README.md" classname="- .usr.home.iojs.build.workspace.node-test-linter.tools.node_modules.eslint.node_modules.rimraf"/>
		<testcase name="rimraf.js" classname="- .usr.home.iojs.build.workspace.node-test-linter.tools.node_modules.eslint.node_modules.rimraf"/>
		<testcase name="index.js" classname="- .usr.home.iojs.build.workspace.node-test-linter.tools.node_modules.eslint.node_modules.run-async"/>
		<testcase name="README.md" classname="- .usr.home.iojs.build.workspace.node-test-linter.tools.node_modules.eslint.node_modules.run-async"/>
		<testcase name="index.js" classname="- .usr.home.iojs.build.workspace.node-test-linter.tools.node_modules.eslint.node_modules.rxjs._esm2015.ajax"/>
		<testcase name="index.js" classname="- .usr.home.iojs.build.workspace.node-test-linter.tools.node_modules.eslint.node_modules.rxjs._esm2015"/>
		<testcase name="index.js" classname="- .usr.home.iojs.build.workspace.node-test-linter.tools.node_modules.eslint.node_modules.rxjs._esm2015.internal-compatibility"/>
		<testcase name="AsyncSubject.js" classname="- .usr.home.iojs.build.workspace.node-test-linter.tools.node_modules.eslint.node_modules.rxjs._esm2015.internal"/>
		<testcase name="BehaviorSubject.js" classname="- .usr.home.iojs.build.workspace.node-test-linter.tools.node_modules.eslint.node_modules.rxjs._esm2015.internal"/>
		<testcase name="config.js" classname="- .usr.home.iojs.build.workspace.node-test-linter.tools.node_modules.eslint.node_modules.rxjs._esm2015.internal"/>
		<testcase name="InnerSubscriber.js" classname="- .usr.home.iojs.build.workspace.node-test-linter.tools.node_modules.eslint.node_modules.rxjs._esm2015.internal"/>
		<testcase name="Notification.js" classname="- .usr.home.iojs.build.workspace.node-test-linter.tools.node_modules.eslint.node_modules.rxjs._esm2015.internal"/>
		<testcase name="Observable.js" classname="- .usr.home.iojs.build.workspace.node-test-linter.tools.node_modules.eslint.node_modules.rxjs._esm2015.internal"/>
		<testcase name="bindCallback.js" classname="- .usr.home.iojs.build.workspace.node-test-linter.tools.node_modules.eslint.node_modules.rxjs._esm2015.internal.observable"/>
		<testcase name="bindNodeCallback.js" classname="- .usr.home.iojs.build.workspace.node-test-linter.tools.node_modules.eslint.node_modules.rxjs._esm2015.internal.observable"/>
		<testcase name="combineLatest.js" classname="- .usr.home.iojs.build.workspace.node-test-linter.tools.node_modules.eslint.node_modules.rxjs._esm2015.internal.observable"/>
		<testcase name="concat.js" classname="- .usr.home.iojs.build.workspace.node-test-linter.tools.node_modules.eslint.node_modules.rxjs._esm2015.internal.observable"/>
		<testcase name="ConnectableObservable.js" classname="- .usr.home.iojs.build.workspace.node-test-linter.tools.node_modules.eslint.node_modules.rxjs._esm2015.internal.observable"/>
		<testcase name="defer.js" classname="- .usr.home.iojs.build.workspace.node-test-linter.tools.node_modules.eslint.node_modules.rxjs._esm2015.internal.observable"/>
		<testcase name="ajax.js" classname="- .usr.home.iojs.build.workspace.node-test-linter.tools.node_modules.eslint.node_modules.rxjs._esm2015.internal.observable.dom"/>
		<testcase name="AjaxObservable.js" classname="- .usr.home.iojs.build.workspace.node-test-linter.tools.node_modules.eslint.node_modules.rxjs._esm2015.internal.observable.dom"/>
		<testcase name="webSocket.js" classname="- .usr.home.iojs.build.workspace.node-test-linter.tools.node_modules.eslint.node_modules.rxjs._esm2015.internal.observable.dom"/>
		<testcase name="WebSocketSubject.js" classname="- .usr.home.iojs.build.workspace.node-test-linter.tools.node_modules.eslint.node_modules.rxjs._esm2015.internal.observable.dom"/>
		<testcase name="empty.js" classname="- .usr.home.iojs.build.workspace.node-test-linter.tools.node_modules.eslint.node_modules.rxjs._esm2015.internal.observable"/>
		<testcase name="forkJoin.js" classname="- .usr.home.iojs.build.workspace.node-test-linter.tools.node_modules.eslint.node_modules.rxjs._esm2015.internal.observable"/>
		<testcase name="from.js" classname="- .usr.home.iojs.build.workspace.node-test-linter.tools.node_modules.eslint.node_modules.rxjs._esm2015.internal.observable"/>
		<testcase name="fromArray.js" classname="- .usr.home.iojs.build.workspace.node-test-linter.tools.node_modules.eslint.node_modules.rxjs._esm2015.internal.observable"/>
		<testcase name="fromEvent.js" classname="- .usr.home.iojs.build.workspace.node-test-linter.tools.node_modules.eslint.node_modules.rxjs._esm2015.internal.observable"/>
		<testcase name="fromEventPattern.js" classname="- .usr.home.iojs.build.workspace.node-test-linter.tools.node_modules.eslint.node_modules.rxjs._esm2015.internal.observable"/>
		<testcase name="fromIterable.js" classname="- .usr.home.iojs.build.workspace.node-test-linter.tools.node_modules.eslint.node_modules.rxjs._esm2015.internal.observable"/>
		<testcase name="fromObservable.js" classname="- .usr.home.iojs.build.workspace.node-test-linter.tools.node_modules.eslint.node_modules.rxjs._esm2015.internal.observable"/>
		<testcase name="fromPromise.js" classname="- .usr.home.iojs.build.workspace.node-test-linter.tools.node_modules.eslint.node_modules.rxjs._esm2015.internal.observable"/>
		<testcase name="generate.js" classname="- .usr.home.iojs.build.workspace.node-test-linter.tools.node_modules.eslint.node_modules.rxjs._esm2015.internal.observable"/>
		<testcase name="iif.js" classname="- .usr.home.iojs.build.workspace.node-test-linter.tools.node_modules.eslint.node_modules.rxjs._esm2015.internal.observable"/>
		<testcase name="interval.js" classname="- .usr.home.iojs.build.workspace.node-test-linter.tools.node_modules.eslint.node_modules.rxjs._esm2015.internal.observable"/>
		<testcase name="merge.js" classname="- .usr.home.iojs.build.workspace.node-test-linter.tools.node_modules.eslint.node_modules.rxjs._esm2015.internal.observable"/>
		<testcase name="never.js" classname="- .usr.home.iojs.build.workspace.node-test-linter.tools.node_modules.eslint.node_modules.rxjs._esm2015.internal.observable"/>
		<testcase name="of.js" classname="- .usr.home.iojs.build.workspace.node-test-linter.tools.node_modules.eslint.node_modules.rxjs._esm2015.internal.observable"/>
		<testcase name="onErrorResumeNext.js" classname="- .usr.home.iojs.build.workspace.node-test-linter.tools.node_modules.eslint.node_modules.rxjs._esm2015.internal.observable"/>
		<testcase name="pairs.js" classname="- .usr.home.iojs.build.workspace.node-test-linter.tools.node_modules.eslint.node_modules.rxjs._esm2015.internal.observable"/>
		<testcase name="race.js" classname="- .usr.home.iojs.build.workspace.node-test-linter.tools.node_modules.eslint.node_modules.rxjs._esm2015.internal.observable"/>
		<testcase name="range.js" classname="- .usr.home.iojs.build.workspace.node-test-linter.tools.node_modules.eslint.node_modules.rxjs._esm2015.internal.observable"/>
		<testcase name="scalar.js" classname="- .usr.home.iojs.build.workspace.node-test-linter.tools.node_modules.eslint.node_modules.rxjs._esm2015.internal.observable"/>
		<testcase name="SubscribeOnObservable.js" classname="- .usr.home.iojs.build.workspace.node-test-linter.tools.node_modules.eslint.node_modules.rxjs._esm2015.internal.observable"/>
		<testcase name="throwError.js" classname="- .usr.home.iojs.build.workspace.node-test-linter.tools.node_modules.eslint.node_modules.rxjs._esm2015.internal.observable"/>
		<testcase name="timer.js" classname="- .usr.home.iojs.build.workspace.node-test-linter.tools.node_modules.eslint.node_modules.rxjs._esm2015.internal.observable"/>
		<testcase name="using.js" classname="- .usr.home.iojs.build.workspace.node-test-linter.tools.node_modules.eslint.node_modules.rxjs._esm2015.internal.observable"/>
		<testcase name="zip.js" classname="- .usr.home.iojs.build.workspace.node-test-linter.tools.node_modules.eslint.node_modules.rxjs._esm2015.internal.observable"/>
		<testcase name="Observer.js" classname="- .usr.home.iojs.build.workspace.node-test-linter.tools.node_modules.eslint.node_modules.rxjs._esm2015.internal"/>
		<testcase name="Operator.js" classname="- .usr.home.iojs.build.workspace.node-test-linter.tools.node_modules.eslint.node_modules.rxjs._esm2015.internal"/>
		<testcase name="audit.js" classname="- .usr.home.iojs.build.workspace.node-test-linter.tools.node_modules.eslint.node_modules.rxjs._esm2015.internal.operators"/>
		<testcase name="auditTime.js" classname="- .usr.home.iojs.build.workspace.node-test-linter.tools.node_modules.eslint.node_modules.rxjs._esm2015.internal.operators"/>
		<testcase name="buffer.js" classname="- .usr.home.iojs.build.workspace.node-test-linter.tools.node_modules.eslint.node_modules.rxjs._esm2015.internal.operators"/>
		<testcase name="bufferCount.js" classname="- .usr.home.iojs.build.workspace.node-test-linter.tools.node_modules.eslint.node_modules.rxjs._esm2015.internal.operators"/>
		<testcase name="bufferTime.js" classname="- .usr.home.iojs.build.workspace.node-test-linter.tools.node_modules.eslint.node_modules.rxjs._esm2015.internal.operators"/>
		<testcase name="bufferToggle.js" classname="- .usr.home.iojs.build.workspace.node-test-linter.tools.node_modules.eslint.node_modules.rxjs._esm2015.internal.operators"/>
		<testcase name="bufferWhen.js" classname="- .usr.home.iojs.build.workspace.node-test-linter.tools.node_modules.eslint.node_modules.rxjs._esm2015.internal.operators"/>
		<testcase name="catchError.js" classname="- .usr.home.iojs.build.workspace.node-test-linter.tools.node_modules.eslint.node_modules.rxjs._esm2015.internal.operators"/>
		<testcase name="combineAll.js" classname="- .usr.home.iojs.build.workspace.node-test-linter.tools.node_modules.eslint.node_modules.rxjs._esm2015.internal.operators"/>
		<testcase name="combineLatest.js" classname="- .usr.home.iojs.build.workspace.node-test-linter.tools.node_modules.eslint.node_modules.rxjs._esm2015.internal.operators"/>
		<testcase name="concat.js" classname="- .usr.home.iojs.build.workspace.node-test-linter.tools.node_modules.eslint.node_modules.rxjs._esm2015.internal.operators"/>
		<testcase name="concatAll.js" classname="- .usr.home.iojs.build.workspace.node-test-linter.tools.node_modules.eslint.node_modules.rxjs._esm2015.internal.operators"/>
		<testcase name="concatMap.js" classname="- .usr.home.iojs.build.workspace.node-test-linter.tools.node_modules.eslint.node_modules.rxjs._esm2015.internal.operators"/>
		<testcase name="concatMapTo.js" classname="- .usr.home.iojs.build.workspace.node-test-linter.tools.node_modules.eslint.node_modules.rxjs._esm2015.internal.operators"/>
		<testcase name="count.js" classname="- .usr.home.iojs.build.workspace.node-test-linter.tools.node_modules.eslint.node_modules.rxjs._esm2015.internal.operators"/>
		<testcase name="debounce.js" classname="- .usr.home.iojs.build.workspace.node-test-linter.tools.node_modules.eslint.node_modules.rxjs._esm2015.internal.operators"/>
		<testcase name="debounceTime.js" classname="- .usr.home.iojs.build.workspace.node-test-linter.tools.node_modules.eslint.node_modules.rxjs._esm2015.internal.operators"/>
		<testcase name="defaultIfEmpty.js" classname="- .usr.home.iojs.build.workspace.node-test-linter.tools.node_modules.eslint.node_modules.rxjs._esm2015.internal.operators"/>
		<testcase name="delay.js" classname="- .usr.home.iojs.build.workspace.node-test-linter.tools.node_modules.eslint.node_modules.rxjs._esm2015.internal.operators"/>
		<testcase name="delayWhen.js" classname="- .usr.home.iojs.build.workspace.node-test-linter.tools.node_modules.eslint.node_modules.rxjs._esm2015.internal.operators"/>
		<testcase name="dematerialize.js" classname="- .usr.home.iojs.build.workspace.node-test-linter.tools.node_modules.eslint.node_modules.rxjs._esm2015.internal.operators"/>
		<testcase name="distinct.js" classname="- .usr.home.iojs.build.workspace.node-test-linter.tools.node_modules.eslint.node_modules.rxjs._esm2015.internal.operators"/>
		<testcase name="distinctUntilChanged.js" classname="- .usr.home.iojs.build.workspace.node-test-linter.tools.node_modules.eslint.node_modules.rxjs._esm2015.internal.operators"/>
		<testcase name="distinctUntilKeyChanged.js" classname="- .usr.home.iojs.build.workspace.node-test-linter.tools.node_modules.eslint.node_modules.rxjs._esm2015.internal.operators"/>
		<testcase name="elementAt.js" classname="- .usr.home.iojs.build.workspace.node-test-linter.tools.node_modules.eslint.node_modules.rxjs._esm2015.internal.operators"/>
		<testcase name="endWith.js" classname="- .usr.home.iojs.build.workspace.node-test-linter.tools.node_modules.eslint.node_modules.rxjs._esm2015.internal.operators"/>
		<testcase name="every.js" classname="- .usr.home.iojs.build.workspace.node-test-linter.tools.node_modules.eslint.node_modules.rxjs._esm2015.internal.operators"/>
		<testcase name="exhaust.js" classname="- .usr.home.iojs.build.workspace.node-test-linter.tools.node_modules.eslint.node_modules.rxjs._esm2015.internal.operators"/>
		<testcase name="exhaustMap.js" classname="- .usr.home.iojs.build.workspace.node-test-linter.tools.node_modules.eslint.node_modules.rxjs._esm2015.internal.operators"/>
		<testcase name="expand.js" classname="- .usr.home.iojs.build.workspace.node-test-linter.tools.node_modules.eslint.node_modules.rxjs._esm2015.internal.operators"/>
		<testcase name="filter.js" classname="- .usr.home.iojs.build.workspace.node-test-linter.tools.node_modules.eslint.node_modules.rxjs._esm2015.internal.operators"/>
		<testcase name="finalize.js" classname="- .usr.home.iojs.build.workspace.node-test-linter.tools.node_modules.eslint.node_modules.rxjs._esm2015.internal.operators"/>
		<testcase name="find.js" classname="- .usr.home.iojs.build.workspace.node-test-linter.tools.node_modules.eslint.node_modules.rxjs._esm2015.internal.operators"/>
		<testcase name="findIndex.js" classname="- .usr.home.iojs.build.workspace.node-test-linter.tools.node_modules.eslint.node_modules.rxjs._esm2015.internal.operators"/>
		<testcase name="first.js" classname="- .usr.home.iojs.build.workspace.node-test-linter.tools.node_modules.eslint.node_modules.rxjs._esm2015.internal.operators"/>
		<testcase name="groupBy.js" classname="- .usr.home.iojs.build.workspace.node-test-linter.tools.node_modules.eslint.node_modules.rxjs._esm2015.internal.operators"/>
		<testcase name="ignoreElements.js" classname="- .usr.home.iojs.build.workspace.node-test-linter.tools.node_modules.eslint.node_modules.rxjs._esm2015.internal.operators"/>
		<testcase name="index.js" classname="- .usr.home.iojs.build.workspace.node-test-linter.tools.node_modules.eslint.node_modules.rxjs._esm2015.internal.operators"/>
		<testcase name="isEmpty.js" classname="- .usr.home.iojs.build.workspace.node-test-linter.tools.node_modules.eslint.node_modules.rxjs._esm2015.internal.operators"/>
		<testcase name="last.js" classname="- .usr.home.iojs.build.workspace.node-test-linter.tools.node_modules.eslint.node_modules.rxjs._esm2015.internal.operators"/>
		<testcase name="map.js" classname="- .usr.home.iojs.build.workspace.node-test-linter.tools.node_modules.eslint.node_modules.rxjs._esm2015.internal.operators"/>
		<testcase name="mapTo.js" classname="- .usr.home.iojs.build.workspace.node-test-linter.tools.node_modules.eslint.node_modules.rxjs._esm2015.internal.operators"/>
		<testcase name="materialize.js" classname="- .usr.home.iojs.build.workspace.node-test-linter.tools.node_modules.eslint.node_modules.rxjs._esm2015.internal.operators"/>
		<testcase name="max.js" classname="- .usr.home.iojs.build.workspace.node-test-linter.tools.node_modules.eslint.node_modules.rxjs._esm2015.internal.operators"/>
		<testcase name="merge.js" classname="- .usr.home.iojs.build.workspace.node-test-linter.tools.node_modules.eslint.node_modules.rxjs._esm2015.internal.operators"/>
		<testcase name="mergeAll.js" classname="- .usr.home.iojs.build.workspace.node-test-linter.tools.node_modules.eslint.node_modules.rxjs._esm2015.internal.operators"/>
		<testcase name="mergeMap.js" classname="- .usr.home.iojs.build.workspace.node-test-linter.tools.node_modules.eslint.node_modules.rxjs._esm2015.internal.operators"/>
		<testcase name="mergeMapTo.js" classname="- .usr.home.iojs.build.workspace.node-test-linter.tools.node_modules.eslint.node_modules.rxjs._esm2015.internal.operators"/>
		<testcase name="mergeScan.js" classname="- .usr.home.iojs.build.workspace.node-test-linter.tools.node_modules.eslint.node_modules.rxjs._esm2015.internal.operators"/>
		<testcase name="min.js" classname="- .usr.home.iojs.build.workspace.node-test-linter.tools.node_modules.eslint.node_modules.rxjs._esm2015.internal.operators"/>
		<testcase name="multicast.js" classname="- .usr.home.iojs.build.workspace.node-test-linter.tools.node_modules.eslint.node_modules.rxjs._esm2015.internal.operators"/>
		<testcase name="observeOn.js" classname="- .usr.home.iojs.build.workspace.node-test-linter.tools.node_modules.eslint.node_modules.rxjs._esm2015.internal.operators"/>
		<testcase name="onErrorResumeNext.js" classname="- .usr.home.iojs.build.workspace.node-test-linter.tools.node_modules.eslint.node_modules.rxjs._esm2015.internal.operators"/>
		<testcase name="pairwise.js" classname="- .usr.home.iojs.build.workspace.node-test-linter.tools.node_modules.eslint.node_modules.rxjs._esm2015.internal.operators"/>
		<testcase name="partition.js" classname="- .usr.home.iojs.build.workspace.node-test-linter.tools.node_modules.eslint.node_modules.rxjs._esm2015.internal.operators"/>
		<testcase name="pluck.js" classname="- .usr.home.iojs.build.workspace.node-test-linter.tools.node_modules.eslint.node_modules.rxjs._esm2015.internal.operators"/>
		<testcase name="publish.js" classname="- .usr.home.iojs.build.workspace.node-test-linter.tools.node_modules.eslint.node_modules.rxjs._esm2015.internal.operators"/>
		<testcase name="publishBehavior.js" classname="- .usr.home.iojs.build.workspace.node-test-linter.tools.node_modules.eslint.node_modules.rxjs._esm2015.internal.operators"/>
		<testcase name="publishLast.js" classname="- .usr.home.iojs.build.workspace.node-test-linter.tools.node_modules.eslint.node_modules.rxjs._esm2015.internal.operators"/>
		<testcase name="publishReplay.js" classname="- .usr.home.iojs.build.workspace.node-test-linter.tools.node_modules.eslint.node_modules.rxjs._esm2015.internal.operators"/>
		<testcase name="race.js" classname="- .usr.home.iojs.build.workspace.node-test-linter.tools.node_modules.eslint.node_modules.rxjs._esm2015.internal.operators"/>
		<testcase name="reduce.js" classname="- .usr.home.iojs.build.workspace.node-test-linter.tools.node_modules.eslint.node_modules.rxjs._esm2015.internal.operators"/>
		<testcase name="refCount.js" classname="- .usr.home.iojs.build.workspace.node-test-linter.tools.node_modules.eslint.node_modules.rxjs._esm2015.internal.operators"/>
		<testcase name="repeat.js" classname="- .usr.home.iojs.build.workspace.node-test-linter.tools.node_modules.eslint.node_modules.rxjs._esm2015.internal.operators"/>
		<testcase name="repeatWhen.js" classname="- .usr.home.iojs.build.workspace.node-test-linter.tools.node_modules.eslint.node_modules.rxjs._esm2015.internal.operators"/>
		<testcase name="retry.js" classname="- .usr.home.iojs.build.workspace.node-test-linter.tools.node_modules.eslint.node_modules.rxjs._esm2015.internal.operators"/>
		<testcase name="retryWhen.js" classname="- .usr.home.iojs.build.workspace.node-test-linter.tools.node_modules.eslint.node_modules.rxjs._esm2015.internal.operators"/>
		<testcase name="sample.js" classname="- .usr.home.iojs.build.workspace.node-test-linter.tools.node_modules.eslint.node_modules.rxjs._esm2015.internal.operators"/>
		<testcase name="sampleTime.js" classname="- .usr.home.iojs.build.workspace.node-test-linter.tools.node_modules.eslint.node_modules.rxjs._esm2015.internal.operators"/>
		<testcase name="scan.js" classname="- .usr.home.iojs.build.workspace.node-test-linter.tools.node_modules.eslint.node_modules.rxjs._esm2015.internal.operators"/>
		<testcase name="sequenceEqual.js" classname="- .usr.home.iojs.build.workspace.node-test-linter.tools.node_modules.eslint.node_modules.rxjs._esm2015.internal.operators"/>
		<testcase name="share.js" classname="- .usr.home.iojs.build.workspace.node-test-linter.tools.node_modules.eslint.node_modules.rxjs._esm2015.internal.operators"/>
		<testcase name="shareReplay.js" classname="- .usr.home.iojs.build.workspace.node-test-linter.tools.node_modules.eslint.node_modules.rxjs._esm2015.internal.operators"/>
		<testcase name="single.js" classname="- .usr.home.iojs.build.workspace.node-test-linter.tools.node_modules.eslint.node_modules.rxjs._esm2015.internal.operators"/>
		<testcase name="skip.js" classname="- .usr.home.iojs.build.workspace.node-test-linter.tools.node_modules.eslint.node_modules.rxjs._esm2015.internal.operators"/>
		<testcase name="skipLast.js" classname="- .usr.home.iojs.build.workspace.node-test-linter.tools.node_modules.eslint.node_modules.rxjs._esm2015.internal.operators"/>
		<testcase name="skipUntil.js" classname="- .usr.home.iojs.build.workspace.node-test-linter.tools.node_modules.eslint.node_modules.rxjs._esm2015.internal.operators"/>
		<testcase name="skipWhile.js" classname="- .usr.home.iojs.build.workspace.node-test-linter.tools.node_modules.eslint.node_modules.rxjs._esm2015.internal.operators"/>
		<testcase name="startWith.js" classname="- .usr.home.iojs.build.workspace.node-test-linter.tools.node_modules.eslint.node_modules.rxjs._esm2015.internal.operators"/>
		<testcase name="subscribeOn.js" classname="- .usr.home.iojs.build.workspace.node-test-linter.tools.node_modules.eslint.node_modules.rxjs._esm2015.internal.operators"/>
		<testcase name="switchAll.js" classname="- .usr.home.iojs.build.workspace.node-test-linter.tools.node_modules.eslint.node_modules.rxjs._esm2015.internal.operators"/>
		<testcase name="switchMap.js" classname="- .usr.home.iojs.build.workspace.node-test-linter.tools.node_modules.eslint.node_modules.rxjs._esm2015.internal.operators"/>
		<testcase name="switchMapTo.js" classname="- .usr.home.iojs.build.workspace.node-test-linter.tools.node_modules.eslint.node_modules.rxjs._esm2015.internal.operators"/>
		<testcase name="take.js" classname="- .usr.home.iojs.build.workspace.node-test-linter.tools.node_modules.eslint.node_modules.rxjs._esm2015.internal.operators"/>
		<testcase name="takeLast.js" classname="- .usr.home.iojs.build.workspace.node-test-linter.tools.node_modules.eslint.node_modules.rxjs._esm2015.internal.operators"/>
		<testcase name="takeUntil.js" classname="- .usr.home.iojs.build.workspace.node-test-linter.tools.node_modules.eslint.node_modules.rxjs._esm2015.internal.operators"/>
		<testcase name="takeWhile.js" classname="- .usr.home.iojs.build.workspace.node-test-linter.tools.node_modules.eslint.node_modules.rxjs._esm2015.internal.operators"/>
		<testcase name="tap.js" classname="- .usr.home.iojs.build.workspace.node-test-linter.tools.node_modules.eslint.node_modules.rxjs._esm2015.internal.operators"/>
		<testcase name="throttle.js" classname="- .usr.home.iojs.build.workspace.node-test-linter.tools.node_modules.eslint.node_modules.rxjs._esm2015.internal.operators"/>
		<testcase name="throttleTime.js" classname="- .usr.home.iojs.build.workspace.node-test-linter.tools.node_modules.eslint.node_modules.rxjs._esm2015.internal.operators"/>
		<testcase name="throwIfEmpty.js" classname="- .usr.home.iojs.build.workspace.node-test-linter.tools.node_modules.eslint.node_modules.rxjs._esm2015.internal.operators"/>
		<testcase name="timeInterval.js" classname="- .usr.home.iojs.build.workspace.node-test-linter.tools.node_modules.eslint.node_modules.rxjs._esm2015.internal.operators"/>
		<testcase name="timeout.js" classname="- .usr.home.iojs.build.workspace.node-test-linter.tools.node_modules.eslint.node_modules.rxjs._esm2015.internal.operators"/>
		<testcase name="timeoutWith.js" classname="- .usr.home.iojs.build.workspace.node-test-linter.tools.node_modules.eslint.node_modules.rxjs._esm2015.internal.operators"/>
		<testcase name="timestamp.js" classname="- .usr.home.iojs.build.workspace.node-test-linter.tools.node_modules.eslint.node_modules.rxjs._esm2015.internal.operators"/>
		<testcase name="toArray.js" classname="- .usr.home.iojs.build.workspace.node-test-linter.tools.node_modules.eslint.node_modules.rxjs._esm2015.internal.operators"/>
		<testcase name="window.js" classname="- .usr.home.iojs.build.workspace.node-test-linter.tools.node_modules.eslint.node_modules.rxjs._esm2015.internal.operators"/>
		<testcase name="windowCount.js" classname="- .usr.home.iojs.build.workspace.node-test-linter.tools.node_modules.eslint.node_modules.rxjs._esm2015.internal.operators"/>
		<testcase name="windowTime.js" classname="- .usr.home.iojs.build.workspace.node-test-linter.tools.node_modules.eslint.node_modules.rxjs._esm2015.internal.operators"/>
		<testcase name="windowToggle.js" classname="- .usr.home.iojs.build.workspace.node-test-linter.tools.node_modules.eslint.node_modules.rxjs._esm2015.internal.operators"/>
		<testcase name="windowWhen.js" classname="- .usr.home.iojs.build.workspace.node-test-linter.tools.node_modules.eslint.node_modules.rxjs._esm2015.internal.operators"/>
		<testcase name="withLatestFrom.js" classname="- .usr.home.iojs.build.workspace.node-test-linter.tools.node_modules.eslint.node_modules.rxjs._esm2015.internal.operators"/>
		<testcase name="zip.js" classname="- .usr.home.iojs.build.workspace.node-test-linter.tools.node_modules.eslint.node_modules.rxjs._esm2015.internal.operators"/>
		<testcase name="zipAll.js" classname="- .usr.home.iojs.build.workspace.node-test-linter.tools.node_modules.eslint.node_modules.rxjs._esm2015.internal.operators"/>
		<testcase name="OuterSubscriber.js" classname="- .usr.home.iojs.build.workspace.node-test-linter.tools.node_modules.eslint.node_modules.rxjs._esm2015.internal"/>
		<testcase name="ReplaySubject.js" classname="- .usr.home.iojs.build.workspace.node-test-linter.tools.node_modules.eslint.node_modules.rxjs._esm2015.internal"/>
		<testcase name="Rx.js" classname="- .usr.home.iojs.build.workspace.node-test-linter.tools.node_modules.eslint.node_modules.rxjs._esm2015.internal"/>
		<testcase name="Scheduler.js" classname="- .usr.home.iojs.build.workspace.node-test-linter.tools.node_modules.eslint.node_modules.rxjs._esm2015.internal"/>
		<testcase name="Action.js" classname="- .usr.home.iojs.build.workspace.node-test-linter.tools.node_modules.eslint.node_modules.rxjs._esm2015.internal.scheduler"/>
		<testcase name="animationFrame.js" classname="- .usr.home.iojs.build.workspace.node-test-linter.tools.node_modules.eslint.node_modules.rxjs._esm2015.internal.scheduler"/>
		<testcase name="AnimationFrameAction.js" classname="- .usr.home.iojs.build.workspace.node-test-linter.tools.node_modules.eslint.node_modules.rxjs._esm2015.internal.scheduler"/>
		<testcase name="AnimationFrameScheduler.js" classname="- .usr.home.iojs.build.workspace.node-test-linter.tools.node_modules.eslint.node_modules.rxjs._esm2015.internal.scheduler"/>
		<testcase name="asap.js" classname="- .usr.home.iojs.build.workspace.node-test-linter.tools.node_modules.eslint.node_modules.rxjs._esm2015.internal.scheduler"/>
		<testcase name="AsapAction.js" classname="- .usr.home.iojs.build.workspace.node-test-linter.tools.node_modules.eslint.node_modules.rxjs._esm2015.internal.scheduler"/>
		<testcase name="AsapScheduler.js" classname="- .usr.home.iojs.build.workspace.node-test-linter.tools.node_modules.eslint.node_modules.rxjs._esm2015.internal.scheduler"/>
		<testcase name="async.js" classname="- .usr.home.iojs.build.workspace.node-test-linter.tools.node_modules.eslint.node_modules.rxjs._esm2015.internal.scheduler"/>
		<testcase name="AsyncAction.js" classname="- .usr.home.iojs.build.workspace.node-test-linter.tools.node_modules.eslint.node_modules.rxjs._esm2015.internal.scheduler"/>
		<testcase name="AsyncScheduler.js" classname="- .usr.home.iojs.build.workspace.node-test-linter.tools.node_modules.eslint.node_modules.rxjs._esm2015.internal.scheduler"/>
		<testcase name="queue.js" classname="- .usr.home.iojs.build.workspace.node-test-linter.tools.node_modules.eslint.node_modules.rxjs._esm2015.internal.scheduler"/>
		<testcase name="QueueAction.js" classname="- .usr.home.iojs.build.workspace.node-test-linter.tools.node_modules.eslint.node_modules.rxjs._esm2015.internal.scheduler"/>
		<testcase name="QueueScheduler.js" classname="- .usr.home.iojs.build.workspace.node-test-linter.tools.node_modules.eslint.node_modules.rxjs._esm2015.internal.scheduler"/>
		<testcase name="VirtualTimeScheduler.js" classname="- .usr.home.iojs.build.workspace.node-test-linter.tools.node_modules.eslint.node_modules.rxjs._esm2015.internal.scheduler"/>
		<testcase name="Subject.js" classname="- .usr.home.iojs.build.workspace.node-test-linter.tools.node_modules.eslint.node_modules.rxjs._esm2015.internal"/>
		<testcase name="SubjectSubscription.js" classname="- .usr.home.iojs.build.workspace.node-test-linter.tools.node_modules.eslint.node_modules.rxjs._esm2015.internal"/>
		<testcase name="Subscriber.js" classname="- .usr.home.iojs.build.workspace.node-test-linter.tools.node_modules.eslint.node_modules.rxjs._esm2015.internal"/>
		<testcase name="Subscription.js" classname="- .usr.home.iojs.build.workspace.node-test-linter.tools.node_modules.eslint.node_modules.rxjs._esm2015.internal"/>
		<testcase name="iterator.js" classname="- .usr.home.iojs.build.workspace.node-test-linter.tools.node_modules.eslint.node_modules.rxjs._esm2015.internal.symbol"/>
		<testcase name="observable.js" classname="- .usr.home.iojs.build.workspace.node-test-linter.tools.node_modules.eslint.node_modules.rxjs._esm2015.internal.symbol"/>
		<testcase name="rxSubscriber.js" classname="- .usr.home.iojs.build.workspace.node-test-linter.tools.node_modules.eslint.node_modules.rxjs._esm2015.internal.symbol"/>
		<testcase name="ColdObservable.js" classname="- .usr.home.iojs.build.workspace.node-test-linter.tools.node_modules.eslint.node_modules.rxjs._esm2015.internal.testing"/>
		<testcase name="HotObservable.js" classname="- .usr.home.iojs.build.workspace.node-test-linter.tools.node_modules.eslint.node_modules.rxjs._esm2015.internal.testing"/>
		<testcase name="SubscriptionLog.js" classname="- .usr.home.iojs.build.workspace.node-test-linter.tools.node_modules.eslint.node_modules.rxjs._esm2015.internal.testing"/>
		<testcase name="SubscriptionLoggable.js" classname="- .usr.home.iojs.build.workspace.node-test-linter.tools.node_modules.eslint.node_modules.rxjs._esm2015.internal.testing"/>
		<testcase name="TestMessage.js" classname="- .usr.home.iojs.build.workspace.node-test-linter.tools.node_modules.eslint.node_modules.rxjs._esm2015.internal.testing"/>
		<testcase name="TestScheduler.js" classname="- .usr.home.iojs.build.workspace.node-test-linter.tools.node_modules.eslint.node_modules.rxjs._esm2015.internal.testing"/>
		<testcase name="types.js" classname="- .usr.home.iojs.build.workspace.node-test-linter.tools.node_modules.eslint.node_modules.rxjs._esm2015.internal"/>
		<testcase name="applyMixins.js" classname="- .usr.home.iojs.build.workspace.node-test-linter.tools.node_modules.eslint.node_modules.rxjs._esm2015.internal.util"/>
		<testcase name="ArgumentOutOfRangeError.js" classname="- .usr.home.iojs.build.workspace.node-test-linter.tools.node_modules.eslint.node_modules.rxjs._esm2015.internal.util"/>
		<testcase name="EmptyError.js" classname="- .usr.home.iojs.build.workspace.node-test-linter.tools.node_modules.eslint.node_modules.rxjs._esm2015.internal.util"/>
		<testcase name="errorObject.js" classname="- .usr.home.iojs.build.workspace.node-test-linter.tools.node_modules.eslint.node_modules.rxjs._esm2015.internal.util"/>
		<testcase name="hostReportError.js" classname="- .usr.home.iojs.build.workspace.node-test-linter.tools.node_modules.eslint.node_modules.rxjs._esm2015.internal.util"/>
		<testcase name="identity.js" classname="- .usr.home.iojs.build.workspace.node-test-linter.tools.node_modules.eslint.node_modules.rxjs._esm2015.internal.util"/>
		<testcase name="Immediate.js" classname="- .usr.home.iojs.build.workspace.node-test-linter.tools.node_modules.eslint.node_modules.rxjs._esm2015.internal.util"/>
		<testcase name="isArray.js" classname="- .usr.home.iojs.build.workspace.node-test-linter.tools.node_modules.eslint.node_modules.rxjs._esm2015.internal.util"/>
		<testcase name="isArrayLike.js" classname="- .usr.home.iojs.build.workspace.node-test-linter.tools.node_modules.eslint.node_modules.rxjs._esm2015.internal.util"/>
		<testcase name="isDate.js" classname="- .usr.home.iojs.build.workspace.node-test-linter.tools.node_modules.eslint.node_modules.rxjs._esm2015.internal.util"/>
		<testcase name="isFunction.js" classname="- .usr.home.iojs.build.workspace.node-test-linter.tools.node_modules.eslint.node_modules.rxjs._esm2015.internal.util"/>
		<testcase name="isInteropObservable.js" classname="- .usr.home.iojs.build.workspace.node-test-linter.tools.node_modules.eslint.node_modules.rxjs._esm2015.internal.util"/>
		<testcase name="isIterable.js" classname="- .usr.home.iojs.build.workspace.node-test-linter.tools.node_modules.eslint.node_modules.rxjs._esm2015.internal.util"/>
		<testcase name="isNumeric.js" classname="- .usr.home.iojs.build.workspace.node-test-linter.tools.node_modules.eslint.node_modules.rxjs._esm2015.internal.util"/>
		<testcase name="isObject.js" classname="- .usr.home.iojs.build.workspace.node-test-linter.tools.node_modules.eslint.node_modules.rxjs._esm2015.internal.util"/>
		<testcase name="isObservable.js" classname="- .usr.home.iojs.build.workspace.node-test-linter.tools.node_modules.eslint.node_modules.rxjs._esm2015.internal.util"/>
		<testcase name="isPromise.js" classname="- .usr.home.iojs.build.workspace.node-test-linter.tools.node_modules.eslint.node_modules.rxjs._esm2015.internal.util"/>
		<testcase name="isScheduler.js" classname="- .usr.home.iojs.build.workspace.node-test-linter.tools.node_modules.eslint.node_modules.rxjs._esm2015.internal.util"/>
		<testcase name="noop.js" classname="- .usr.home.iojs.build.workspace.node-test-linter.tools.node_modules.eslint.node_modules.rxjs._esm2015.internal.util"/>
		<testcase name="not.js" classname="- .usr.home.iojs.build.workspace.node-test-linter.tools.node_modules.eslint.node_modules.rxjs._esm2015.internal.util"/>
		<testcase name="ObjectUnsubscribedError.js" classname="- .usr.home.iojs.build.workspace.node-test-linter.tools.node_modules.eslint.node_modules.rxjs._esm2015.internal.util"/>
		<testcase name="pipe.js" classname="- .usr.home.iojs.build.workspace.node-test-linter.tools.node_modules.eslint.node_modules.rxjs._esm2015.internal.util"/>
		<testcase name="root.js" classname="- .usr.home.iojs.build.workspace.node-test-linter.tools.node_modules.eslint.node_modules.rxjs._esm2015.internal.util"/>
		<testcase name="subscribeTo.js" classname="- .usr.home.iojs.build.workspace.node-test-linter.tools.node_modules.eslint.node_modules.rxjs._esm2015.internal.util"/>
		<testcase name="subscribeToArray.js" classname="- .usr.home.iojs.build.workspace.node-test-linter.tools.node_modules.eslint.node_modules.rxjs._esm2015.internal.util"/>
		<testcase name="subscribeToIterable.js" classname="- .usr.home.iojs.build.workspace.node-test-linter.tools.node_modules.eslint.node_modules.rxjs._esm2015.internal.util"/>
		<testcase name="subscribeToObservable.js" classname="- .usr.home.iojs.build.workspace.node-test-linter.tools.node_modules.eslint.node_modules.rxjs._esm2015.internal.util"/>
		<testcase name="subscribeToPromise.js" classname="- .usr.home.iojs.build.workspace.node-test-linter.tools.node_modules.eslint.node_modules.rxjs._esm2015.internal.util"/>
		<testcase name="subscribeToResult.js" classname="- .usr.home.iojs.build.workspace.node-test-linter.tools.node_modules.eslint.node_modules.rxjs._esm2015.internal.util"/>
		<testcase name="TimeoutError.js" classname="- .usr.home.iojs.build.workspace.node-test-linter.tools.node_modules.eslint.node_modules.rxjs._esm2015.internal.util"/>
		<testcase name="toSubscriber.js" classname="- .usr.home.iojs.build.workspace.node-test-linter.tools.node_modules.eslint.node_modules.rxjs._esm2015.internal.util"/>
		<testcase name="tryCatch.js" classname="- .usr.home.iojs.build.workspace.node-test-linter.tools.node_modules.eslint.node_modules.rxjs._esm2015.internal.util"/>
		<testcase name="UnsubscriptionError.js" classname="- .usr.home.iojs.build.workspace.node-test-linter.tools.node_modules.eslint.node_modules.rxjs._esm2015.internal.util"/>
		<testcase name="index.js" classname="- .usr.home.iojs.build.workspace.node-test-linter.tools.node_modules.eslint.node_modules.rxjs._esm2015.operators"/>
		<testcase name="path-mapping.js" classname="- .usr.home.iojs.build.workspace.node-test-linter.tools.node_modules.eslint.node_modules.rxjs._esm2015"/>
		<testcase name="README.md" classname="- .usr.home.iojs.build.workspace.node-test-linter.tools.node_modules.eslint.node_modules.rxjs._esm2015"/>
		<testcase name="index.js" classname="- .usr.home.iojs.build.workspace.node-test-linter.tools.node_modules.eslint.node_modules.rxjs._esm2015.testing"/>
		<testcase name="index.js" classname="- .usr.home.iojs.build.workspace.node-test-linter.tools.node_modules.eslint.node_modules.rxjs._esm2015.webSocket"/>
		<testcase name="index.js" classname="- .usr.home.iojs.build.workspace.node-test-linter.tools.node_modules.eslint.node_modules.rxjs._esm5.ajax"/>
		<testcase name="index.js" classname="- .usr.home.iojs.build.workspace.node-test-linter.tools.node_modules.eslint.node_modules.rxjs._esm5"/>
		<testcase name="index.js" classname="- .usr.home.iojs.build.workspace.node-test-linter.tools.node_modules.eslint.node_modules.rxjs._esm5.internal-compatibility"/>
		<testcase name="AsyncSubject.js" classname="- .usr.home.iojs.build.workspace.node-test-linter.tools.node_modules.eslint.node_modules.rxjs._esm5.internal"/>
		<testcase name="BehaviorSubject.js" classname="- .usr.home.iojs.build.workspace.node-test-linter.tools.node_modules.eslint.node_modules.rxjs._esm5.internal"/>
		<testcase name="config.js" classname="- .usr.home.iojs.build.workspace.node-test-linter.tools.node_modules.eslint.node_modules.rxjs._esm5.internal"/>
		<testcase name="InnerSubscriber.js" classname="- .usr.home.iojs.build.workspace.node-test-linter.tools.node_modules.eslint.node_modules.rxjs._esm5.internal"/>
		<testcase name="Notification.js" classname="- .usr.home.iojs.build.workspace.node-test-linter.tools.node_modules.eslint.node_modules.rxjs._esm5.internal"/>
		<testcase name="Observable.js" classname="- .usr.home.iojs.build.workspace.node-test-linter.tools.node_modules.eslint.node_modules.rxjs._esm5.internal"/>
		<testcase name="bindCallback.js" classname="- .usr.home.iojs.build.workspace.node-test-linter.tools.node_modules.eslint.node_modules.rxjs._esm5.internal.observable"/>
		<testcase name="bindNodeCallback.js" classname="- .usr.home.iojs.build.workspace.node-test-linter.tools.node_modules.eslint.node_modules.rxjs._esm5.internal.observable"/>
		<testcase name="combineLatest.js" classname="- .usr.home.iojs.build.workspace.node-test-linter.tools.node_modules.eslint.node_modules.rxjs._esm5.internal.observable"/>
		<testcase name="concat.js" classname="- .usr.home.iojs.build.workspace.node-test-linter.tools.node_modules.eslint.node_modules.rxjs._esm5.internal.observable"/>
		<testcase name="ConnectableObservable.js" classname="- .usr.home.iojs.build.workspace.node-test-linter.tools.node_modules.eslint.node_modules.rxjs._esm5.internal.observable"/>
		<testcase name="defer.js" classname="- .usr.home.iojs.build.workspace.node-test-linter.tools.node_modules.eslint.node_modules.rxjs._esm5.internal.observable"/>
		<testcase name="ajax.js" classname="- .usr.home.iojs.build.workspace.node-test-linter.tools.node_modules.eslint.node_modules.rxjs._esm5.internal.observable.dom"/>
		<testcase name="AjaxObservable.js" classname="- .usr.home.iojs.build.workspace.node-test-linter.tools.node_modules.eslint.node_modules.rxjs._esm5.internal.observable.dom"/>
		<testcase name="webSocket.js" classname="- .usr.home.iojs.build.workspace.node-test-linter.tools.node_modules.eslint.node_modules.rxjs._esm5.internal.observable.dom"/>
		<testcase name="WebSocketSubject.js" classname="- .usr.home.iojs.build.workspace.node-test-linter.tools.node_modules.eslint.node_modules.rxjs._esm5.internal.observable.dom"/>
		<testcase name="empty.js" classname="- .usr.home.iojs.build.workspace.node-test-linter.tools.node_modules.eslint.node_modules.rxjs._esm5.internal.observable"/>
		<testcase name="forkJoin.js" classname="- .usr.home.iojs.build.workspace.node-test-linter.tools.node_modules.eslint.node_modules.rxjs._esm5.internal.observable"/>
		<testcase name="from.js" classname="- .usr.home.iojs.build.workspace.node-test-linter.tools.node_modules.eslint.node_modules.rxjs._esm5.internal.observable"/>
		<testcase name="fromArray.js" classname="- .usr.home.iojs.build.workspace.node-test-linter.tools.node_modules.eslint.node_modules.rxjs._esm5.internal.observable"/>
		<testcase name="fromEvent.js" classname="- .usr.home.iojs.build.workspace.node-test-linter.tools.node_modules.eslint.node_modules.rxjs._esm5.internal.observable"/>
		<testcase name="fromEventPattern.js" classname="- .usr.home.iojs.build.workspace.node-test-linter.tools.node_modules.eslint.node_modules.rxjs._esm5.internal.observable"/>
		<testcase name="fromIterable.js" classname="- .usr.home.iojs.build.workspace.node-test-linter.tools.node_modules.eslint.node_modules.rxjs._esm5.internal.observable"/>
		<testcase name="fromObservable.js" classname="- .usr.home.iojs.build.workspace.node-test-linter.tools.node_modules.eslint.node_modules.rxjs._esm5.internal.observable"/>
		<testcase name="fromPromise.js" classname="- .usr.home.iojs.build.workspace.node-test-linter.tools.node_modules.eslint.node_modules.rxjs._esm5.internal.observable"/>
		<testcase name="generate.js" classname="- .usr.home.iojs.build.workspace.node-test-linter.tools.node_modules.eslint.node_modules.rxjs._esm5.internal.observable"/>
		<testcase name="iif.js" classname="- .usr.home.iojs.build.workspace.node-test-linter.tools.node_modules.eslint.node_modules.rxjs._esm5.internal.observable"/>
		<testcase name="interval.js" classname="- .usr.home.iojs.build.workspace.node-test-linter.tools.node_modules.eslint.node_modules.rxjs._esm5.internal.observable"/>
		<testcase name="merge.js" classname="- .usr.home.iojs.build.workspace.node-test-linter.tools.node_modules.eslint.node_modules.rxjs._esm5.internal.observable"/>
		<testcase name="never.js" classname="- .usr.home.iojs.build.workspace.node-test-linter.tools.node_modules.eslint.node_modules.rxjs._esm5.internal.observable"/>
		<testcase name="of.js" classname="- .usr.home.iojs.build.workspace.node-test-linter.tools.node_modules.eslint.node_modules.rxjs._esm5.internal.observable"/>
		<testcase name="onErrorResumeNext.js" classname="- .usr.home.iojs.build.workspace.node-test-linter.tools.node_modules.eslint.node_modules.rxjs._esm5.internal.observable"/>
		<testcase name="pairs.js" classname="- .usr.home.iojs.build.workspace.node-test-linter.tools.node_modules.eslint.node_modules.rxjs._esm5.internal.observable"/>
		<testcase name="race.js" classname="- .usr.home.iojs.build.workspace.node-test-linter.tools.node_modules.eslint.node_modules.rxjs._esm5.internal.observable"/>
		<testcase name="range.js" classname="- .usr.home.iojs.build.workspace.node-test-linter.tools.node_modules.eslint.node_modules.rxjs._esm5.internal.observable"/>
		<testcase name="scalar.js" classname="- .usr.home.iojs.build.workspace.node-test-linter.tools.node_modules.eslint.node_modules.rxjs._esm5.internal.observable"/>
		<testcase name="SubscribeOnObservable.js" classname="- .usr.home.iojs.build.workspace.node-test-linter.tools.node_modules.eslint.node_modules.rxjs._esm5.internal.observable"/>
		<testcase name="throwError.js" classname="- .usr.home.iojs.build.workspace.node-test-linter.tools.node_modules.eslint.node_modules.rxjs._esm5.internal.observable"/>
		<testcase name="timer.js" classname="- .usr.home.iojs.build.workspace.node-test-linter.tools.node_modules.eslint.node_modules.rxjs._esm5.internal.observable"/>
		<testcase name="using.js" classname="- .usr.home.iojs.build.workspace.node-test-linter.tools.node_modules.eslint.node_modules.rxjs._esm5.internal.observable"/>
		<testcase name="zip.js" classname="- .usr.home.iojs.build.workspace.node-test-linter.tools.node_modules.eslint.node_modules.rxjs._esm5.internal.observable"/>
		<testcase name="Observer.js" classname="- .usr.home.iojs.build.workspace.node-test-linter.tools.node_modules.eslint.node_modules.rxjs._esm5.internal"/>
		<testcase name="Operator.js" classname="- .usr.home.iojs.build.workspace.node-test-linter.tools.node_modules.eslint.node_modules.rxjs._esm5.internal"/>
		<testcase name="audit.js" classname="- .usr.home.iojs.build.workspace.node-test-linter.tools.node_modules.eslint.node_modules.rxjs._esm5.internal.operators"/>
		<testcase name="auditTime.js" classname="- .usr.home.iojs.build.workspace.node-test-linter.tools.node_modules.eslint.node_modules.rxjs._esm5.internal.operators"/>
		<testcase name="buffer.js" classname="- .usr.home.iojs.build.workspace.node-test-linter.tools.node_modules.eslint.node_modules.rxjs._esm5.internal.operators"/>
		<testcase name="bufferCount.js" classname="- .usr.home.iojs.build.workspace.node-test-linter.tools.node_modules.eslint.node_modules.rxjs._esm5.internal.operators"/>
		<testcase name="bufferTime.js" classname="- .usr.home.iojs.build.workspace.node-test-linter.tools.node_modules.eslint.node_modules.rxjs._esm5.internal.operators"/>
		<testcase name="bufferToggle.js" classname="- .usr.home.iojs.build.workspace.node-test-linter.tools.node_modules.eslint.node_modules.rxjs._esm5.internal.operators"/>
		<testcase name="bufferWhen.js" classname="- .usr.home.iojs.build.workspace.node-test-linter.tools.node_modules.eslint.node_modules.rxjs._esm5.internal.operators"/>
		<testcase name="catchError.js" classname="- .usr.home.iojs.build.workspace.node-test-linter.tools.node_modules.eslint.node_modules.rxjs._esm5.internal.operators"/>
		<testcase name="combineAll.js" classname="- .usr.home.iojs.build.workspace.node-test-linter.tools.node_modules.eslint.node_modules.rxjs._esm5.internal.operators"/>
		<testcase name="combineLatest.js" classname="- .usr.home.iojs.build.workspace.node-test-linter.tools.node_modules.eslint.node_modules.rxjs._esm5.internal.operators"/>
		<testcase name="concat.js" classname="- .usr.home.iojs.build.workspace.node-test-linter.tools.node_modules.eslint.node_modules.rxjs._esm5.internal.operators"/>
		<testcase name="concatAll.js" classname="- .usr.home.iojs.build.workspace.node-test-linter.tools.node_modules.eslint.node_modules.rxjs._esm5.internal.operators"/>
		<testcase name="concatMap.js" classname="- .usr.home.iojs.build.workspace.node-test-linter.tools.node_modules.eslint.node_modules.rxjs._esm5.internal.operators"/>
		<testcase name="concatMapTo.js" classname="- .usr.home.iojs.build.workspace.node-test-linter.tools.node_modules.eslint.node_modules.rxjs._esm5.internal.operators"/>
		<testcase name="count.js" classname="- .usr.home.iojs.build.workspace.node-test-linter.tools.node_modules.eslint.node_modules.rxjs._esm5.internal.operators"/>
		<testcase name="debounce.js" classname="- .usr.home.iojs.build.workspace.node-test-linter.tools.node_modules.eslint.node_modules.rxjs._esm5.internal.operators"/>
		<testcase name="debounceTime.js" classname="- .usr.home.iojs.build.workspace.node-test-linter.tools.node_modules.eslint.node_modules.rxjs._esm5.internal.operators"/>
		<testcase name="defaultIfEmpty.js" classname="- .usr.home.iojs.build.workspace.node-test-linter.tools.node_modules.eslint.node_modules.rxjs._esm5.internal.operators"/>
		<testcase name="delay.js" classname="- .usr.home.iojs.build.workspace.node-test-linter.tools.node_modules.eslint.node_modules.rxjs._esm5.internal.operators"/>
		<testcase name="delayWhen.js" classname="- .usr.home.iojs.build.workspace.node-test-linter.tools.node_modules.eslint.node_modules.rxjs._esm5.internal.operators"/>
		<testcase name="dematerialize.js" classname="- .usr.home.iojs.build.workspace.node-test-linter.tools.node_modules.eslint.node_modules.rxjs._esm5.internal.operators"/>
		<testcase name="distinct.js" classname="- .usr.home.iojs.build.workspace.node-test-linter.tools.node_modules.eslint.node_modules.rxjs._esm5.internal.operators"/>
		<testcase name="distinctUntilChanged.js" classname="- .usr.home.iojs.build.workspace.node-test-linter.tools.node_modules.eslint.node_modules.rxjs._esm5.internal.operators"/>
		<testcase name="distinctUntilKeyChanged.js" classname="- .usr.home.iojs.build.workspace.node-test-linter.tools.node_modules.eslint.node_modules.rxjs._esm5.internal.operators"/>
		<testcase name="elementAt.js" classname="- .usr.home.iojs.build.workspace.node-test-linter.tools.node_modules.eslint.node_modules.rxjs._esm5.internal.operators"/>
		<testcase name="endWith.js" classname="- .usr.home.iojs.build.workspace.node-test-linter.tools.node_modules.eslint.node_modules.rxjs._esm5.internal.operators"/>
		<testcase name="every.js" classname="- .usr.home.iojs.build.workspace.node-test-linter.tools.node_modules.eslint.node_modules.rxjs._esm5.internal.operators"/>
		<testcase name="exhaust.js" classname="- .usr.home.iojs.build.workspace.node-test-linter.tools.node_modules.eslint.node_modules.rxjs._esm5.internal.operators"/>
		<testcase name="exhaustMap.js" classname="- .usr.home.iojs.build.workspace.node-test-linter.tools.node_modules.eslint.node_modules.rxjs._esm5.internal.operators"/>
		<testcase name="expand.js" classname="- .usr.home.iojs.build.workspace.node-test-linter.tools.node_modules.eslint.node_modules.rxjs._esm5.internal.operators"/>
		<testcase name="filter.js" classname="- .usr.home.iojs.build.workspace.node-test-linter.tools.node_modules.eslint.node_modules.rxjs._esm5.internal.operators"/>
		<testcase name="finalize.js" classname="- .usr.home.iojs.build.workspace.node-test-linter.tools.node_modules.eslint.node_modules.rxjs._esm5.internal.operators"/>
		<testcase name="find.js" classname="- .usr.home.iojs.build.workspace.node-test-linter.tools.node_modules.eslint.node_modules.rxjs._esm5.internal.operators"/>
		<testcase name="findIndex.js" classname="- .usr.home.iojs.build.workspace.node-test-linter.tools.node_modules.eslint.node_modules.rxjs._esm5.internal.operators"/>
		<testcase name="first.js" classname="- .usr.home.iojs.build.workspace.node-test-linter.tools.node_modules.eslint.node_modules.rxjs._esm5.internal.operators"/>
		<testcase name="groupBy.js" classname="- .usr.home.iojs.build.workspace.node-test-linter.tools.node_modules.eslint.node_modules.rxjs._esm5.internal.operators"/>
		<testcase name="ignoreElements.js" classname="- .usr.home.iojs.build.workspace.node-test-linter.tools.node_modules.eslint.node_modules.rxjs._esm5.internal.operators"/>
		<testcase name="index.js" classname="- .usr.home.iojs.build.workspace.node-test-linter.tools.node_modules.eslint.node_modules.rxjs._esm5.internal.operators"/>
		<testcase name="isEmpty.js" classname="- .usr.home.iojs.build.workspace.node-test-linter.tools.node_modules.eslint.node_modules.rxjs._esm5.internal.operators"/>
		<testcase name="last.js" classname="- .usr.home.iojs.build.workspace.node-test-linter.tools.node_modules.eslint.node_modules.rxjs._esm5.internal.operators"/>
		<testcase name="map.js" classname="- .usr.home.iojs.build.workspace.node-test-linter.tools.node_modules.eslint.node_modules.rxjs._esm5.internal.operators"/>
		<testcase name="mapTo.js" classname="- .usr.home.iojs.build.workspace.node-test-linter.tools.node_modules.eslint.node_modules.rxjs._esm5.internal.operators"/>
		<testcase name="materialize.js" classname="- .usr.home.iojs.build.workspace.node-test-linter.tools.node_modules.eslint.node_modules.rxjs._esm5.internal.operators"/>
		<testcase name="max.js" classname="- .usr.home.iojs.build.workspace.node-test-linter.tools.node_modules.eslint.node_modules.rxjs._esm5.internal.operators"/>
		<testcase name="merge.js" classname="- .usr.home.iojs.build.workspace.node-test-linter.tools.node_modules.eslint.node_modules.rxjs._esm5.internal.operators"/>
		<testcase name="mergeAll.js" classname="- .usr.home.iojs.build.workspace.node-test-linter.tools.node_modules.eslint.node_modules.rxjs._esm5.internal.operators"/>
		<testcase name="mergeMap.js" classname="- .usr.home.iojs.build.workspace.node-test-linter.tools.node_modules.eslint.node_modules.rxjs._esm5.internal.operators"/>
		<testcase name="mergeMapTo.js" classname="- .usr.home.iojs.build.workspace.node-test-linter.tools.node_modules.eslint.node_modules.rxjs._esm5.internal.operators"/>
		<testcase name="mergeScan.js" classname="- .usr.home.iojs.build.workspace.node-test-linter.tools.node_modules.eslint.node_modules.rxjs._esm5.internal.operators"/>
		<testcase name="min.js" classname="- .usr.home.iojs.build.workspace.node-test-linter.tools.node_modules.eslint.node_modules.rxjs._esm5.internal.operators"/>
		<testcase name="multicast.js" classname="- .usr.home.iojs.build.workspace.node-test-linter.tools.node_modules.eslint.node_modules.rxjs._esm5.internal.operators"/>
		<testcase name="observeOn.js" classname="- .usr.home.iojs.build.workspace.node-test-linter.tools.node_modules.eslint.node_modules.rxjs._esm5.internal.operators"/>
		<testcase name="onErrorResumeNext.js" classname="- .usr.home.iojs.build.workspace.node-test-linter.tools.node_modules.eslint.node_modules.rxjs._esm5.internal.operators"/>
		<testcase name="pairwise.js" classname="- .usr.home.iojs.build.workspace.node-test-linter.tools.node_modules.eslint.node_modules.rxjs._esm5.internal.operators"/>
		<testcase name="partition.js" classname="- .usr.home.iojs.build.workspace.node-test-linter.tools.node_modules.eslint.node_modules.rxjs._esm5.internal.operators"/>
		<testcase name="pluck.js" classname="- .usr.home.iojs.build.workspace.node-test-linter.tools.node_modules.eslint.node_modules.rxjs._esm5.internal.operators"/>
		<testcase name="publish.js" classname="- .usr.home.iojs.build.workspace.node-test-linter.tools.node_modules.eslint.node_modules.rxjs._esm5.internal.operators"/>
		<testcase name="publishBehavior.js" classname="- .usr.home.iojs.build.workspace.node-test-linter.tools.node_modules.eslint.node_modules.rxjs._esm5.internal.operators"/>
		<testcase name="publishLast.js" classname="- .usr.home.iojs.build.workspace.node-test-linter.tools.node_modules.eslint.node_modules.rxjs._esm5.internal.operators"/>
		<testcase name="publishReplay.js" classname="- .usr.home.iojs.build.workspace.node-test-linter.tools.node_modules.eslint.node_modules.rxjs._esm5.internal.operators"/>
		<testcase name="race.js" classname="- .usr.home.iojs.build.workspace.node-test-linter.tools.node_modules.eslint.node_modules.rxjs._esm5.internal.operators"/>
		<testcase name="reduce.js" classname="- .usr.home.iojs.build.workspace.node-test-linter.tools.node_modules.eslint.node_modules.rxjs._esm5.internal.operators"/>
		<testcase name="refCount.js" classname="- .usr.home.iojs.build.workspace.node-test-linter.tools.node_modules.eslint.node_modules.rxjs._esm5.internal.operators"/>
		<testcase name="repeat.js" classname="- .usr.home.iojs.build.workspace.node-test-linter.tools.node_modules.eslint.node_modules.rxjs._esm5.internal.operators"/>
		<testcase name="repeatWhen.js" classname="- .usr.home.iojs.build.workspace.node-test-linter.tools.node_modules.eslint.node_modules.rxjs._esm5.internal.operators"/>
		<testcase name="retry.js" classname="- .usr.home.iojs.build.workspace.node-test-linter.tools.node_modules.eslint.node_modules.rxjs._esm5.internal.operators"/>
		<testcase name="retryWhen.js" classname="- .usr.home.iojs.build.workspace.node-test-linter.tools.node_modules.eslint.node_modules.rxjs._esm5.internal.operators"/>
		<testcase name="sample.js" classname="- .usr.home.iojs.build.workspace.node-test-linter.tools.node_modules.eslint.node_modules.rxjs._esm5.internal.operators"/>
		<testcase name="sampleTime.js" classname="- .usr.home.iojs.build.workspace.node-test-linter.tools.node_modules.eslint.node_modules.rxjs._esm5.internal.operators"/>
		<testcase name="scan.js" classname="- .usr.home.iojs.build.workspace.node-test-linter.tools.node_modules.eslint.node_modules.rxjs._esm5.internal.operators"/>
		<testcase name="sequenceEqual.js" classname="- .usr.home.iojs.build.workspace.node-test-linter.tools.node_modules.eslint.node_modules.rxjs._esm5.internal.operators"/>
		<testcase name="share.js" classname="- .usr.home.iojs.build.workspace.node-test-linter.tools.node_modules.eslint.node_modules.rxjs._esm5.internal.operators"/>
		<testcase name="shareReplay.js" classname="- .usr.home.iojs.build.workspace.node-test-linter.tools.node_modules.eslint.node_modules.rxjs._esm5.internal.operators"/>
		<testcase name="single.js" classname="- .usr.home.iojs.build.workspace.node-test-linter.tools.node_modules.eslint.node_modules.rxjs._esm5.internal.operators"/>
		<testcase name="skip.js" classname="- .usr.home.iojs.build.workspace.node-test-linter.tools.node_modules.eslint.node_modules.rxjs._esm5.internal.operators"/>
		<testcase name="skipLast.js" classname="- .usr.home.iojs.build.workspace.node-test-linter.tools.node_modules.eslint.node_modules.rxjs._esm5.internal.operators"/>
		<testcase name="skipUntil.js" classname="- .usr.home.iojs.build.workspace.node-test-linter.tools.node_modules.eslint.node_modules.rxjs._esm5.internal.operators"/>
		<testcase name="skipWhile.js" classname="- .usr.home.iojs.build.workspace.node-test-linter.tools.node_modules.eslint.node_modules.rxjs._esm5.internal.operators"/>
		<testcase name="startWith.js" classname="- .usr.home.iojs.build.workspace.node-test-linter.tools.node_modules.eslint.node_modules.rxjs._esm5.internal.operators"/>
		<testcase name="subscribeOn.js" classname="- .usr.home.iojs.build.workspace.node-test-linter.tools.node_modules.eslint.node_modules.rxjs._esm5.internal.operators"/>
		<testcase name="switchAll.js" classname="- .usr.home.iojs.build.workspace.node-test-linter.tools.node_modules.eslint.node_modules.rxjs._esm5.internal.operators"/>
		<testcase name="switchMap.js" classname="- .usr.home.iojs.build.workspace.node-test-linter.tools.node_modules.eslint.node_modules.rxjs._esm5.internal.operators"/>
		<testcase name="switchMapTo.js" classname="- .usr.home.iojs.build.workspace.node-test-linter.tools.node_modules.eslint.node_modules.rxjs._esm5.internal.operators"/>
		<testcase name="take.js" classname="- .usr.home.iojs.build.workspace.node-test-linter.tools.node_modules.eslint.node_modules.rxjs._esm5.internal.operators"/>
		<testcase name="takeLast.js" classname="- .usr.home.iojs.build.workspace.node-test-linter.tools.node_modules.eslint.node_modules.rxjs._esm5.internal.operators"/>
		<testcase name="takeUntil.js" classname="- .usr.home.iojs.build.workspace.node-test-linter.tools.node_modules.eslint.node_modules.rxjs._esm5.internal.operators"/>
		<testcase name="takeWhile.js" classname="- .usr.home.iojs.build.workspace.node-test-linter.tools.node_modules.eslint.node_modules.rxjs._esm5.internal.operators"/>
		<testcase name="tap.js" classname="- .usr.home.iojs.build.workspace.node-test-linter.tools.node_modules.eslint.node_modules.rxjs._esm5.internal.operators"/>
		<testcase name="throttle.js" classname="- .usr.home.iojs.build.workspace.node-test-linter.tools.node_modules.eslint.node_modules.rxjs._esm5.internal.operators"/>
		<testcase name="throttleTime.js" classname="- .usr.home.iojs.build.workspace.node-test-linter.tools.node_modules.eslint.node_modules.rxjs._esm5.internal.operators"/>
		<testcase name="throwIfEmpty.js" classname="- .usr.home.iojs.build.workspace.node-test-linter.tools.node_modules.eslint.node_modules.rxjs._esm5.internal.operators"/>
		<testcase name="timeInterval.js" classname="- .usr.home.iojs.build.workspace.node-test-linter.tools.node_modules.eslint.node_modules.rxjs._esm5.internal.operators"/>
		<testcase name="timeout.js" classname="- .usr.home.iojs.build.workspace.node-test-linter.tools.node_modules.eslint.node_modules.rxjs._esm5.internal.operators"/>
		<testcase name="timeoutWith.js" classname="- .usr.home.iojs.build.workspace.node-test-linter.tools.node_modules.eslint.node_modules.rxjs._esm5.internal.operators"/>
		<testcase name="timestamp.js" classname="- .usr.home.iojs.build.workspace.node-test-linter.tools.node_modules.eslint.node_modules.rxjs._esm5.internal.operators"/>
		<testcase name="toArray.js" classname="- .usr.home.iojs.build.workspace.node-test-linter.tools.node_modules.eslint.node_modules.rxjs._esm5.internal.operators"/>
		<testcase name="window.js" classname="- .usr.home.iojs.build.workspace.node-test-linter.tools.node_modules.eslint.node_modules.rxjs._esm5.internal.operators"/>
		<testcase name="windowCount.js" classname="- .usr.home.iojs.build.workspace.node-test-linter.tools.node_modules.eslint.node_modules.rxjs._esm5.internal.operators"/>
		<testcase name="windowTime.js" classname="- .usr.home.iojs.build.workspace.node-test-linter.tools.node_modules.eslint.node_modules.rxjs._esm5.internal.operators"/>
		<testcase name="windowToggle.js" classname="- .usr.home.iojs.build.workspace.node-test-linter.tools.node_modules.eslint.node_modules.rxjs._esm5.internal.operators"/>
		<testcase name="windowWhen.js" classname="- .usr.home.iojs.build.workspace.node-test-linter.tools.node_modules.eslint.node_modules.rxjs._esm5.internal.operators"/>
		<testcase name="withLatestFrom.js" classname="- .usr.home.iojs.build.workspace.node-test-linter.tools.node_modules.eslint.node_modules.rxjs._esm5.internal.operators"/>
		<testcase name="zip.js" classname="- .usr.home.iojs.build.workspace.node-test-linter.tools.node_modules.eslint.node_modules.rxjs._esm5.internal.operators"/>
		<testcase name="zipAll.js" classname="- .usr.home.iojs.build.workspace.node-test-linter.tools.node_modules.eslint.node_modules.rxjs._esm5.internal.operators"/>
		<testcase name="OuterSubscriber.js" classname="- .usr.home.iojs.build.workspace.node-test-linter.tools.node_modules.eslint.node_modules.rxjs._esm5.internal"/>
		<testcase name="ReplaySubject.js" classname="- .usr.home.iojs.build.workspace.node-test-linter.tools.node_modules.eslint.node_modules.rxjs._esm5.internal"/>
		<testcase name="Rx.js" classname="- .usr.home.iojs.build.workspace.node-test-linter.tools.node_modules.eslint.node_modules.rxjs._esm5.internal"/>
		<testcase name="Scheduler.js" classname="- .usr.home.iojs.build.workspace.node-test-linter.tools.node_modules.eslint.node_modules.rxjs._esm5.internal"/>
		<testcase name="Action.js" classname="- .usr.home.iojs.build.workspace.node-test-linter.tools.node_modules.eslint.node_modules.rxjs._esm5.internal.scheduler"/>
		<testcase name="animationFrame.js" classname="- .usr.home.iojs.build.workspace.node-test-linter.tools.node_modules.eslint.node_modules.rxjs._esm5.internal.scheduler"/>
		<testcase name="AnimationFrameAction.js" classname="- .usr.home.iojs.build.workspace.node-test-linter.tools.node_modules.eslint.node_modules.rxjs._esm5.internal.scheduler"/>
		<testcase name="AnimationFrameScheduler.js" classname="- .usr.home.iojs.build.workspace.node-test-linter.tools.node_modules.eslint.node_modules.rxjs._esm5.internal.scheduler"/>
		<testcase name="asap.js" classname="- .usr.home.iojs.build.workspace.node-test-linter.tools.node_modules.eslint.node_modules.rxjs._esm5.internal.scheduler"/>
		<testcase name="AsapAction.js" classname="- .usr.home.iojs.build.workspace.node-test-linter.tools.node_modules.eslint.node_modules.rxjs._esm5.internal.scheduler"/>
		<testcase name="AsapScheduler.js" classname="- .usr.home.iojs.build.workspace.node-test-linter.tools.node_modules.eslint.node_modules.rxjs._esm5.internal.scheduler"/>
		<testcase name="async.js" classname="- .usr.home.iojs.build.workspace.node-test-linter.tools.node_modules.eslint.node_modules.rxjs._esm5.internal.scheduler"/>
		<testcase name="AsyncAction.js" classname="- .usr.home.iojs.build.workspace.node-test-linter.tools.node_modules.eslint.node_modules.rxjs._esm5.internal.scheduler"/>
		<testcase name="AsyncScheduler.js" classname="- .usr.home.iojs.build.workspace.node-test-linter.tools.node_modules.eslint.node_modules.rxjs._esm5.internal.scheduler"/>
		<testcase name="queue.js" classname="- .usr.home.iojs.build.workspace.node-test-linter.tools.node_modules.eslint.node_modules.rxjs._esm5.internal.scheduler"/>
		<testcase name="QueueAction.js" classname="- .usr.home.iojs.build.workspace.node-test-linter.tools.node_modules.eslint.node_modules.rxjs._esm5.internal.scheduler"/>
		<testcase name="QueueScheduler.js" classname="- .usr.home.iojs.build.workspace.node-test-linter.tools.node_modules.eslint.node_modules.rxjs._esm5.internal.scheduler"/>
		<testcase name="VirtualTimeScheduler.js" classname="- .usr.home.iojs.build.workspace.node-test-linter.tools.node_modules.eslint.node_modules.rxjs._esm5.internal.scheduler"/>
		<testcase name="Subject.js" classname="- .usr.home.iojs.build.workspace.node-test-linter.tools.node_modules.eslint.node_modules.rxjs._esm5.internal"/>
		<testcase name="SubjectSubscription.js" classname="- .usr.home.iojs.build.workspace.node-test-linter.tools.node_modules.eslint.node_modules.rxjs._esm5.internal"/>
		<testcase name="Subscriber.js" classname="- .usr.home.iojs.build.workspace.node-test-linter.tools.node_modules.eslint.node_modules.rxjs._esm5.internal"/>
		<testcase name="Subscription.js" classname="- .usr.home.iojs.build.workspace.node-test-linter.tools.node_modules.eslint.node_modules.rxjs._esm5.internal"/>
		<testcase name="iterator.js" classname="- .usr.home.iojs.build.workspace.node-test-linter.tools.node_modules.eslint.node_modules.rxjs._esm5.internal.symbol"/>
		<testcase name="observable.js" classname="- .usr.home.iojs.build.workspace.node-test-linter.tools.node_modules.eslint.node_modules.rxjs._esm5.internal.symbol"/>
		<testcase name="rxSubscriber.js" classname="- .usr.home.iojs.build.workspace.node-test-linter.tools.node_modules.eslint.node_modules.rxjs._esm5.internal.symbol"/>
		<testcase name="ColdObservable.js" classname="- .usr.home.iojs.build.workspace.node-test-linter.tools.node_modules.eslint.node_modules.rxjs._esm5.internal.testing"/>
		<testcase name="HotObservable.js" classname="- .usr.home.iojs.build.workspace.node-test-linter.tools.node_modules.eslint.node_modules.rxjs._esm5.internal.testing"/>
		<testcase name="SubscriptionLog.js" classname="- .usr.home.iojs.build.workspace.node-test-linter.tools.node_modules.eslint.node_modules.rxjs._esm5.internal.testing"/>
		<testcase name="SubscriptionLoggable.js" classname="- .usr.home.iojs.build.workspace.node-test-linter.tools.node_modules.eslint.node_modules.rxjs._esm5.internal.testing"/>
		<testcase name="TestMessage.js" classname="- .usr.home.iojs.build.workspace.node-test-linter.tools.node_modules.eslint.node_modules.rxjs._esm5.internal.testing"/>
		<testcase name="TestScheduler.js" classname="- .usr.home.iojs.build.workspace.node-test-linter.tools.node_modules.eslint.node_modules.rxjs._esm5.internal.testing"/>
		<testcase name="types.js" classname="- .usr.home.iojs.build.workspace.node-test-linter.tools.node_modules.eslint.node_modules.rxjs._esm5.internal"/>
		<testcase name="applyMixins.js" classname="- .usr.home.iojs.build.workspace.node-test-linter.tools.node_modules.eslint.node_modules.rxjs._esm5.internal.util"/>
		<testcase name="ArgumentOutOfRangeError.js" classname="- .usr.home.iojs.build.workspace.node-test-linter.tools.node_modules.eslint.node_modules.rxjs._esm5.internal.util"/>
		<testcase name="EmptyError.js" classname="- .usr.home.iojs.build.workspace.node-test-linter.tools.node_modules.eslint.node_modules.rxjs._esm5.internal.util"/>
		<testcase name="errorObject.js" classname="- .usr.home.iojs.build.workspace.node-test-linter.tools.node_modules.eslint.node_modules.rxjs._esm5.internal.util"/>
		<testcase name="hostReportError.js" classname="- .usr.home.iojs.build.workspace.node-test-linter.tools.node_modules.eslint.node_modules.rxjs._esm5.internal.util"/>
		<testcase name="identity.js" classname="- .usr.home.iojs.build.workspace.node-test-linter.tools.node_modules.eslint.node_modules.rxjs._esm5.internal.util"/>
		<testcase name="Immediate.js" classname="- .usr.home.iojs.build.workspace.node-test-linter.tools.node_modules.eslint.node_modules.rxjs._esm5.internal.util"/>
		<testcase name="isArray.js" classname="- .usr.home.iojs.build.workspace.node-test-linter.tools.node_modules.eslint.node_modules.rxjs._esm5.internal.util"/>
		<testcase name="isArrayLike.js" classname="- .usr.home.iojs.build.workspace.node-test-linter.tools.node_modules.eslint.node_modules.rxjs._esm5.internal.util"/>
		<testcase name="isDate.js" classname="- .usr.home.iojs.build.workspace.node-test-linter.tools.node_modules.eslint.node_modules.rxjs._esm5.internal.util"/>
		<testcase name="isFunction.js" classname="- .usr.home.iojs.build.workspace.node-test-linter.tools.node_modules.eslint.node_modules.rxjs._esm5.internal.util"/>
		<testcase name="isInteropObservable.js" classname="- .usr.home.iojs.build.workspace.node-test-linter.tools.node_modules.eslint.node_modules.rxjs._esm5.internal.util"/>
		<testcase name="isIterable.js" classname="- .usr.home.iojs.build.workspace.node-test-linter.tools.node_modules.eslint.node_modules.rxjs._esm5.internal.util"/>
		<testcase name="isNumeric.js" classname="- .usr.home.iojs.build.workspace.node-test-linter.tools.node_modules.eslint.node_modules.rxjs._esm5.internal.util"/>
		<testcase name="isObject.js" classname="- .usr.home.iojs.build.workspace.node-test-linter.tools.node_modules.eslint.node_modules.rxjs._esm5.internal.util"/>
		<testcase name="isObservable.js" classname="- .usr.home.iojs.build.workspace.node-test-linter.tools.node_modules.eslint.node_modules.rxjs._esm5.internal.util"/>
		<testcase name="isPromise.js" classname="- .usr.home.iojs.build.workspace.node-test-linter.tools.node_modules.eslint.node_modules.rxjs._esm5.internal.util"/>
		<testcase name="isScheduler.js" classname="- .usr.home.iojs.build.workspace.node-test-linter.tools.node_modules.eslint.node_modules.rxjs._esm5.internal.util"/>
		<testcase name="noop.js" classname="- .usr.home.iojs.build.workspace.node-test-linter.tools.node_modules.eslint.node_modules.rxjs._esm5.internal.util"/>
		<testcase name="not.js" classname="- .usr.home.iojs.build.workspace.node-test-linter.tools.node_modules.eslint.node_modules.rxjs._esm5.internal.util"/>
		<testcase name="ObjectUnsubscribedError.js" classname="- .usr.home.iojs.build.workspace.node-test-linter.tools.node_modules.eslint.node_modules.rxjs._esm5.internal.util"/>
		<testcase name="pipe.js" classname="- .usr.home.iojs.build.workspace.node-test-linter.tools.node_modules.eslint.node_modules.rxjs._esm5.internal.util"/>
		<testcase name="root.js" classname="- .usr.home.iojs.build.workspace.node-test-linter.tools.node_modules.eslint.node_modules.rxjs._esm5.internal.util"/>
		<testcase name="subscribeTo.js" classname="- .usr.home.iojs.build.workspace.node-test-linter.tools.node_modules.eslint.node_modules.rxjs._esm5.internal.util"/>
		<testcase name="subscribeToArray.js" classname="- .usr.home.iojs.build.workspace.node-test-linter.tools.node_modules.eslint.node_modules.rxjs._esm5.internal.util"/>
		<testcase name="subscribeToIterable.js" classname="- .usr.home.iojs.build.workspace.node-test-linter.tools.node_modules.eslint.node_modules.rxjs._esm5.internal.util"/>
		<testcase name="subscribeToObservable.js" classname="- .usr.home.iojs.build.workspace.node-test-linter.tools.node_modules.eslint.node_modules.rxjs._esm5.internal.util"/>
		<testcase name="subscribeToPromise.js" classname="- .usr.home.iojs.build.workspace.node-test-linter.tools.node_modules.eslint.node_modules.rxjs._esm5.internal.util"/>
		<testcase name="subscribeToResult.js" classname="- .usr.home.iojs.build.workspace.node-test-linter.tools.node_modules.eslint.node_modules.rxjs._esm5.internal.util"/>
		<testcase name="TimeoutError.js" classname="- .usr.home.iojs.build.workspace.node-test-linter.tools.node_modules.eslint.node_modules.rxjs._esm5.internal.util"/>
		<testcase name="toSubscriber.js" classname="- .usr.home.iojs.build.workspace.node-test-linter.tools.node_modules.eslint.node_modules.rxjs._esm5.internal.util"/>
		<testcase name="tryCatch.js" classname="- .usr.home.iojs.build.workspace.node-test-linter.tools.node_modules.eslint.node_modules.rxjs._esm5.internal.util"/>
		<testcase name="UnsubscriptionError.js" classname="- .usr.home.iojs.build.workspace.node-test-linter.tools.node_modules.eslint.node_modules.rxjs._esm5.internal.util"/>
		<testcase name="index.js" classname="- .usr.home.iojs.build.workspace.node-test-linter.tools.node_modules.eslint.node_modules.rxjs._esm5.operators"/>
		<testcase name="path-mapping.js" classname="- .usr.home.iojs.build.workspace.node-test-linter.tools.node_modules.eslint.node_modules.rxjs._esm5"/>
		<testcase name="README.md" classname="- .usr.home.iojs.build.workspace.node-test-linter.tools.node_modules.eslint.node_modules.rxjs._esm5"/>
		<testcase name="index.js" classname="- .usr.home.iojs.build.workspace.node-test-linter.tools.node_modules.eslint.node_modules.rxjs._esm5.testing"/>
		<testcase name="index.js" classname="- .usr.home.iojs.build.workspace.node-test-linter.tools.node_modules.eslint.node_modules.rxjs._esm5.webSocket"/>
		<testcase name="bindCallback.js" classname="- .usr.home.iojs.build.workspace.node-test-linter.tools.node_modules.eslint.node_modules.rxjs.add.observable"/>
		<testcase name="bindNodeCallback.js" classname="- .usr.home.iojs.build.workspace.node-test-linter.tools.node_modules.eslint.node_modules.rxjs.add.observable"/>
		<testcase name="combineLatest.js" classname="- .usr.home.iojs.build.workspace.node-test-linter.tools.node_modules.eslint.node_modules.rxjs.add.observable"/>
		<testcase name="concat.js" classname="- .usr.home.iojs.build.workspace.node-test-linter.tools.node_modules.eslint.node_modules.rxjs.add.observable"/>
		<testcase name="defer.js" classname="- .usr.home.iojs.build.workspace.node-test-linter.tools.node_modules.eslint.node_modules.rxjs.add.observable"/>
		<testcase name="ajax.js" classname="- .usr.home.iojs.build.workspace.node-test-linter.tools.node_modules.eslint.node_modules.rxjs.add.observable.dom"/>
		<testcase name="webSocket.js" classname="- .usr.home.iojs.build.workspace.node-test-linter.tools.node_modules.eslint.node_modules.rxjs.add.observable.dom"/>
		<testcase name="empty.js" classname="- .usr.home.iojs.build.workspace.node-test-linter.tools.node_modules.eslint.node_modules.rxjs.add.observable"/>
		<testcase name="forkJoin.js" classname="- .usr.home.iojs.build.workspace.node-test-linter.tools.node_modules.eslint.node_modules.rxjs.add.observable"/>
		<testcase name="from.js" classname="- .usr.home.iojs.build.workspace.node-test-linter.tools.node_modules.eslint.node_modules.rxjs.add.observable"/>
		<testcase name="fromEvent.js" classname="- .usr.home.iojs.build.workspace.node-test-linter.tools.node_modules.eslint.node_modules.rxjs.add.observable"/>
		<testcase name="fromEventPattern.js" classname="- .usr.home.iojs.build.workspace.node-test-linter.tools.node_modules.eslint.node_modules.rxjs.add.observable"/>
		<testcase name="fromPromise.js" classname="- .usr.home.iojs.build.workspace.node-test-linter.tools.node_modules.eslint.node_modules.rxjs.add.observable"/>
		<testcase name="generate.js" classname="- .usr.home.iojs.build.workspace.node-test-linter.tools.node_modules.eslint.node_modules.rxjs.add.observable"/>
		<testcase name="if.js" classname="- .usr.home.iojs.build.workspace.node-test-linter.tools.node_modules.eslint.node_modules.rxjs.add.observable"/>
		<testcase name="interval.js" classname="- .usr.home.iojs.build.workspace.node-test-linter.tools.node_modules.eslint.node_modules.rxjs.add.observable"/>
		<testcase name="merge.js" classname="- .usr.home.iojs.build.workspace.node-test-linter.tools.node_modules.eslint.node_modules.rxjs.add.observable"/>
		<testcase name="never.js" classname="- .usr.home.iojs.build.workspace.node-test-linter.tools.node_modules.eslint.node_modules.rxjs.add.observable"/>
		<testcase name="of.js" classname="- .usr.home.iojs.build.workspace.node-test-linter.tools.node_modules.eslint.node_modules.rxjs.add.observable"/>
		<testcase name="onErrorResumeNext.js" classname="- .usr.home.iojs.build.workspace.node-test-linter.tools.node_modules.eslint.node_modules.rxjs.add.observable"/>
		<testcase name="pairs.js" classname="- .usr.home.iojs.build.workspace.node-test-linter.tools.node_modules.eslint.node_modules.rxjs.add.observable"/>
		<testcase name="race.js" classname="- .usr.home.iojs.build.workspace.node-test-linter.tools.node_modules.eslint.node_modules.rxjs.add.observable"/>
		<testcase name="range.js" classname="- .usr.home.iojs.build.workspace.node-test-linter.tools.node_modules.eslint.node_modules.rxjs.add.observable"/>
		<testcase name="throw.js" classname="- .usr.home.iojs.build.workspace.node-test-linter.tools.node_modules.eslint.node_modules.rxjs.add.observable"/>
		<testcase name="timer.js" classname="- .usr.home.iojs.build.workspace.node-test-linter.tools.node_modules.eslint.node_modules.rxjs.add.observable"/>
		<testcase name="using.js" classname="- .usr.home.iojs.build.workspace.node-test-linter.tools.node_modules.eslint.node_modules.rxjs.add.observable"/>
		<testcase name="zip.js" classname="- .usr.home.iojs.build.workspace.node-test-linter.tools.node_modules.eslint.node_modules.rxjs.add.observable"/>
		<testcase name="audit.js" classname="- .usr.home.iojs.build.workspace.node-test-linter.tools.node_modules.eslint.node_modules.rxjs.add.operator"/>
		<testcase name="auditTime.js" classname="- .usr.home.iojs.build.workspace.node-test-linter.tools.node_modules.eslint.node_modules.rxjs.add.operator"/>
		<testcase name="buffer.js" classname="- .usr.home.iojs.build.workspace.node-test-linter.tools.node_modules.eslint.node_modules.rxjs.add.operator"/>
		<testcase name="bufferCount.js" classname="- .usr.home.iojs.build.workspace.node-test-linter.tools.node_modules.eslint.node_modules.rxjs.add.operator"/>
		<testcase name="bufferTime.js" classname="- .usr.home.iojs.build.workspace.node-test-linter.tools.node_modules.eslint.node_modules.rxjs.add.operator"/>
		<testcase name="bufferToggle.js" classname="- .usr.home.iojs.build.workspace.node-test-linter.tools.node_modules.eslint.node_modules.rxjs.add.operator"/>
		<testcase name="bufferWhen.js" classname="- .usr.home.iojs.build.workspace.node-test-linter.tools.node_modules.eslint.node_modules.rxjs.add.operator"/>
		<testcase name="catch.js" classname="- .usr.home.iojs.build.workspace.node-test-linter.tools.node_modules.eslint.node_modules.rxjs.add.operator"/>
		<testcase name="combineAll.js" classname="- .usr.home.iojs.build.workspace.node-test-linter.tools.node_modules.eslint.node_modules.rxjs.add.operator"/>
		<testcase name="combineLatest.js" classname="- .usr.home.iojs.build.workspace.node-test-linter.tools.node_modules.eslint.node_modules.rxjs.add.operator"/>
		<testcase name="concat.js" classname="- .usr.home.iojs.build.workspace.node-test-linter.tools.node_modules.eslint.node_modules.rxjs.add.operator"/>
		<testcase name="concatAll.js" classname="- .usr.home.iojs.build.workspace.node-test-linter.tools.node_modules.eslint.node_modules.rxjs.add.operator"/>
		<testcase name="concatMap.js" classname="- .usr.home.iojs.build.workspace.node-test-linter.tools.node_modules.eslint.node_modules.rxjs.add.operator"/>
		<testcase name="concatMapTo.js" classname="- .usr.home.iojs.build.workspace.node-test-linter.tools.node_modules.eslint.node_modules.rxjs.add.operator"/>
		<testcase name="count.js" classname="- .usr.home.iojs.build.workspace.node-test-linter.tools.node_modules.eslint.node_modules.rxjs.add.operator"/>
		<testcase name="debounce.js" classname="- .usr.home.iojs.build.workspace.node-test-linter.tools.node_modules.eslint.node_modules.rxjs.add.operator"/>
		<testcase name="debounceTime.js" classname="- .usr.home.iojs.build.workspace.node-test-linter.tools.node_modules.eslint.node_modules.rxjs.add.operator"/>
		<testcase name="defaultIfEmpty.js" classname="- .usr.home.iojs.build.workspace.node-test-linter.tools.node_modules.eslint.node_modules.rxjs.add.operator"/>
		<testcase name="delay.js" classname="- .usr.home.iojs.build.workspace.node-test-linter.tools.node_modules.eslint.node_modules.rxjs.add.operator"/>
		<testcase name="delayWhen.js" classname="- .usr.home.iojs.build.workspace.node-test-linter.tools.node_modules.eslint.node_modules.rxjs.add.operator"/>
		<testcase name="dematerialize.js" classname="- .usr.home.iojs.build.workspace.node-test-linter.tools.node_modules.eslint.node_modules.rxjs.add.operator"/>
		<testcase name="distinct.js" classname="- .usr.home.iojs.build.workspace.node-test-linter.tools.node_modules.eslint.node_modules.rxjs.add.operator"/>
		<testcase name="distinctUntilChanged.js" classname="- .usr.home.iojs.build.workspace.node-test-linter.tools.node_modules.eslint.node_modules.rxjs.add.operator"/>
		<testcase name="distinctUntilKeyChanged.js" classname="- .usr.home.iojs.build.workspace.node-test-linter.tools.node_modules.eslint.node_modules.rxjs.add.operator"/>
		<testcase name="do.js" classname="- .usr.home.iojs.build.workspace.node-test-linter.tools.node_modules.eslint.node_modules.rxjs.add.operator"/>
		<testcase name="elementAt.js" classname="- .usr.home.iojs.build.workspace.node-test-linter.tools.node_modules.eslint.node_modules.rxjs.add.operator"/>
		<testcase name="every.js" classname="- .usr.home.iojs.build.workspace.node-test-linter.tools.node_modules.eslint.node_modules.rxjs.add.operator"/>
		<testcase name="exhaust.js" classname="- .usr.home.iojs.build.workspace.node-test-linter.tools.node_modules.eslint.node_modules.rxjs.add.operator"/>
		<testcase name="exhaustMap.js" classname="- .usr.home.iojs.build.workspace.node-test-linter.tools.node_modules.eslint.node_modules.rxjs.add.operator"/>
		<testcase name="expand.js" classname="- .usr.home.iojs.build.workspace.node-test-linter.tools.node_modules.eslint.node_modules.rxjs.add.operator"/>
		<testcase name="filter.js" classname="- .usr.home.iojs.build.workspace.node-test-linter.tools.node_modules.eslint.node_modules.rxjs.add.operator"/>
		<testcase name="finally.js" classname="- .usr.home.iojs.build.workspace.node-test-linter.tools.node_modules.eslint.node_modules.rxjs.add.operator"/>
		<testcase name="find.js" classname="- .usr.home.iojs.build.workspace.node-test-linter.tools.node_modules.eslint.node_modules.rxjs.add.operator"/>
		<testcase name="findIndex.js" classname="- .usr.home.iojs.build.workspace.node-test-linter.tools.node_modules.eslint.node_modules.rxjs.add.operator"/>
		<testcase name="first.js" classname="- .usr.home.iojs.build.workspace.node-test-linter.tools.node_modules.eslint.node_modules.rxjs.add.operator"/>
		<testcase name="groupBy.js" classname="- .usr.home.iojs.build.workspace.node-test-linter.tools.node_modules.eslint.node_modules.rxjs.add.operator"/>
		<testcase name="ignoreElements.js" classname="- .usr.home.iojs.build.workspace.node-test-linter.tools.node_modules.eslint.node_modules.rxjs.add.operator"/>
		<testcase name="isEmpty.js" classname="- .usr.home.iojs.build.workspace.node-test-linter.tools.node_modules.eslint.node_modules.rxjs.add.operator"/>
		<testcase name="last.js" classname="- .usr.home.iojs.build.workspace.node-test-linter.tools.node_modules.eslint.node_modules.rxjs.add.operator"/>
		<testcase name="let.js" classname="- .usr.home.iojs.build.workspace.node-test-linter.tools.node_modules.eslint.node_modules.rxjs.add.operator"/>
		<testcase name="map.js" classname="- .usr.home.iojs.build.workspace.node-test-linter.tools.node_modules.eslint.node_modules.rxjs.add.operator"/>
		<testcase name="mapTo.js" classname="- .usr.home.iojs.build.workspace.node-test-linter.tools.node_modules.eslint.node_modules.rxjs.add.operator"/>
		<testcase name="materialize.js" classname="- .usr.home.iojs.build.workspace.node-test-linter.tools.node_modules.eslint.node_modules.rxjs.add.operator"/>
		<testcase name="max.js" classname="- .usr.home.iojs.build.workspace.node-test-linter.tools.node_modules.eslint.node_modules.rxjs.add.operator"/>
		<testcase name="merge.js" classname="- .usr.home.iojs.build.workspace.node-test-linter.tools.node_modules.eslint.node_modules.rxjs.add.operator"/>
		<testcase name="mergeAll.js" classname="- .usr.home.iojs.build.workspace.node-test-linter.tools.node_modules.eslint.node_modules.rxjs.add.operator"/>
		<testcase name="mergeMap.js" classname="- .usr.home.iojs.build.workspace.node-test-linter.tools.node_modules.eslint.node_modules.rxjs.add.operator"/>
		<testcase name="mergeMapTo.js" classname="- .usr.home.iojs.build.workspace.node-test-linter.tools.node_modules.eslint.node_modules.rxjs.add.operator"/>
		<testcase name="mergeScan.js" classname="- .usr.home.iojs.build.workspace.node-test-linter.tools.node_modules.eslint.node_modules.rxjs.add.operator"/>
		<testcase name="min.js" classname="- .usr.home.iojs.build.workspace.node-test-linter.tools.node_modules.eslint.node_modules.rxjs.add.operator"/>
		<testcase name="multicast.js" classname="- .usr.home.iojs.build.workspace.node-test-linter.tools.node_modules.eslint.node_modules.rxjs.add.operator"/>
		<testcase name="observeOn.js" classname="- .usr.home.iojs.build.workspace.node-test-linter.tools.node_modules.eslint.node_modules.rxjs.add.operator"/>
		<testcase name="onErrorResumeNext.js" classname="- .usr.home.iojs.build.workspace.node-test-linter.tools.node_modules.eslint.node_modules.rxjs.add.operator"/>
		<testcase name="pairwise.js" classname="- .usr.home.iojs.build.workspace.node-test-linter.tools.node_modules.eslint.node_modules.rxjs.add.operator"/>
		<testcase name="partition.js" classname="- .usr.home.iojs.build.workspace.node-test-linter.tools.node_modules.eslint.node_modules.rxjs.add.operator"/>
		<testcase name="pluck.js" classname="- .usr.home.iojs.build.workspace.node-test-linter.tools.node_modules.eslint.node_modules.rxjs.add.operator"/>
		<testcase name="publish.js" classname="- .usr.home.iojs.build.workspace.node-test-linter.tools.node_modules.eslint.node_modules.rxjs.add.operator"/>
		<testcase name="publishBehavior.js" classname="- .usr.home.iojs.build.workspace.node-test-linter.tools.node_modules.eslint.node_modules.rxjs.add.operator"/>
		<testcase name="publishLast.js" classname="- .usr.home.iojs.build.workspace.node-test-linter.tools.node_modules.eslint.node_modules.rxjs.add.operator"/>
		<testcase name="publishReplay.js" classname="- .usr.home.iojs.build.workspace.node-test-linter.tools.node_modules.eslint.node_modules.rxjs.add.operator"/>
		<testcase name="race.js" classname="- .usr.home.iojs.build.workspace.node-test-linter.tools.node_modules.eslint.node_modules.rxjs.add.operator"/>
		<testcase name="reduce.js" classname="- .usr.home.iojs.build.workspace.node-test-linter.tools.node_modules.eslint.node_modules.rxjs.add.operator"/>
		<testcase name="repeat.js" classname="- .usr.home.iojs.build.workspace.node-test-linter.tools.node_modules.eslint.node_modules.rxjs.add.operator"/>
		<testcase name="repeatWhen.js" classname="- .usr.home.iojs.build.workspace.node-test-linter.tools.node_modules.eslint.node_modules.rxjs.add.operator"/>
		<testcase name="retry.js" classname="- .usr.home.iojs.build.workspace.node-test-linter.tools.node_modules.eslint.node_modules.rxjs.add.operator"/>
		<testcase name="retryWhen.js" classname="- .usr.home.iojs.build.workspace.node-test-linter.tools.node_modules.eslint.node_modules.rxjs.add.operator"/>
		<testcase name="sample.js" classname="- .usr.home.iojs.build.workspace.node-test-linter.tools.node_modules.eslint.node_modules.rxjs.add.operator"/>
		<testcase name="sampleTime.js" classname="- .usr.home.iojs.build.workspace.node-test-linter.tools.node_modules.eslint.node_modules.rxjs.add.operator"/>
		<testcase name="scan.js" classname="- .usr.home.iojs.build.workspace.node-test-linter.tools.node_modules.eslint.node_modules.rxjs.add.operator"/>
		<testcase name="sequenceEqual.js" classname="- .usr.home.iojs.build.workspace.node-test-linter.tools.node_modules.eslint.node_modules.rxjs.add.operator"/>
		<testcase name="share.js" classname="- .usr.home.iojs.build.workspace.node-test-linter.tools.node_modules.eslint.node_modules.rxjs.add.operator"/>
		<testcase name="shareReplay.js" classname="- .usr.home.iojs.build.workspace.node-test-linter.tools.node_modules.eslint.node_modules.rxjs.add.operator"/>
		<testcase name="single.js" classname="- .usr.home.iojs.build.workspace.node-test-linter.tools.node_modules.eslint.node_modules.rxjs.add.operator"/>
		<testcase name="skip.js" classname="- .usr.home.iojs.build.workspace.node-test-linter.tools.node_modules.eslint.node_modules.rxjs.add.operator"/>
		<testcase name="skipLast.js" classname="- .usr.home.iojs.build.workspace.node-test-linter.tools.node_modules.eslint.node_modules.rxjs.add.operator"/>
		<testcase name="skipUntil.js" classname="- .usr.home.iojs.build.workspace.node-test-linter.tools.node_modules.eslint.node_modules.rxjs.add.operator"/>
		<testcase name="skipWhile.js" classname="- .usr.home.iojs.build.workspace.node-test-linter.tools.node_modules.eslint.node_modules.rxjs.add.operator"/>
		<testcase name="startWith.js" classname="- .usr.home.iojs.build.workspace.node-test-linter.tools.node_modules.eslint.node_modules.rxjs.add.operator"/>
		<testcase name="subscribeOn.js" classname="- .usr.home.iojs.build.workspace.node-test-linter.tools.node_modules.eslint.node_modules.rxjs.add.operator"/>
		<testcase name="switch.js" classname="- .usr.home.iojs.build.workspace.node-test-linter.tools.node_modules.eslint.node_modules.rxjs.add.operator"/>
		<testcase name="switchMap.js" classname="- .usr.home.iojs.build.workspace.node-test-linter.tools.node_modules.eslint.node_modules.rxjs.add.operator"/>
		<testcase name="switchMapTo.js" classname="- .usr.home.iojs.build.workspace.node-test-linter.tools.node_modules.eslint.node_modules.rxjs.add.operator"/>
		<testcase name="take.js" classname="- .usr.home.iojs.build.workspace.node-test-linter.tools.node_modules.eslint.node_modules.rxjs.add.operator"/>
		<testcase name="takeLast.js" classname="- .usr.home.iojs.build.workspace.node-test-linter.tools.node_modules.eslint.node_modules.rxjs.add.operator"/>
		<testcase name="takeUntil.js" classname="- .usr.home.iojs.build.workspace.node-test-linter.tools.node_modules.eslint.node_modules.rxjs.add.operator"/>
		<testcase name="takeWhile.js" classname="- .usr.home.iojs.build.workspace.node-test-linter.tools.node_modules.eslint.node_modules.rxjs.add.operator"/>
		<testcase name="throttle.js" classname="- .usr.home.iojs.build.workspace.node-test-linter.tools.node_modules.eslint.node_modules.rxjs.add.operator"/>
		<testcase name="throttleTime.js" classname="- .usr.home.iojs.build.workspace.node-test-linter.tools.node_modules.eslint.node_modules.rxjs.add.operator"/>
		<testcase name="timeInterval.js" classname="- .usr.home.iojs.build.workspace.node-test-linter.tools.node_modules.eslint.node_modules.rxjs.add.operator"/>
		<testcase name="timeout.js" classname="- .usr.home.iojs.build.workspace.node-test-linter.tools.node_modules.eslint.node_modules.rxjs.add.operator"/>
		<testcase name="timeoutWith.js" classname="- .usr.home.iojs.build.workspace.node-test-linter.tools.node_modules.eslint.node_modules.rxjs.add.operator"/>
		<testcase name="timestamp.js" classname="- .usr.home.iojs.build.workspace.node-test-linter.tools.node_modules.eslint.node_modules.rxjs.add.operator"/>
		<testcase name="toArray.js" classname="- .usr.home.iojs.build.workspace.node-test-linter.tools.node_modules.eslint.node_modules.rxjs.add.operator"/>
		<testcase name="toPromise.js" classname="- .usr.home.iojs.build.workspace.node-test-linter.tools.node_modules.eslint.node_modules.rxjs.add.operator"/>
		<testcase name="window.js" classname="- .usr.home.iojs.build.workspace.node-test-linter.tools.node_modules.eslint.node_modules.rxjs.add.operator"/>
		<testcase name="windowCount.js" classname="- .usr.home.iojs.build.workspace.node-test-linter.tools.node_modules.eslint.node_modules.rxjs.add.operator"/>
		<testcase name="windowTime.js" classname="- .usr.home.iojs.build.workspace.node-test-linter.tools.node_modules.eslint.node_modules.rxjs.add.operator"/>
		<testcase name="windowToggle.js" classname="- .usr.home.iojs.build.workspace.node-test-linter.tools.node_modules.eslint.node_modules.rxjs.add.operator"/>
		<testcase name="windowWhen.js" classname="- .usr.home.iojs.build.workspace.node-test-linter.tools.node_modules.eslint.node_modules.rxjs.add.operator"/>
		<testcase name="withLatestFrom.js" classname="- .usr.home.iojs.build.workspace.node-test-linter.tools.node_modules.eslint.node_modules.rxjs.add.operator"/>
		<testcase name="zip.js" classname="- .usr.home.iojs.build.workspace.node-test-linter.tools.node_modules.eslint.node_modules.rxjs.add.operator"/>
		<testcase name="zipAll.js" classname="- .usr.home.iojs.build.workspace.node-test-linter.tools.node_modules.eslint.node_modules.rxjs.add.operator"/>
		<testcase name="index.js" classname="- .usr.home.iojs.build.workspace.node-test-linter.tools.node_modules.eslint.node_modules.rxjs.ajax"/>
		<testcase name="AsyncSubject.js" classname="- .usr.home.iojs.build.workspace.node-test-linter.tools.node_modules.eslint.node_modules.rxjs"/>
		<testcase name="BehaviorSubject.js" classname="- .usr.home.iojs.build.workspace.node-test-linter.tools.node_modules.eslint.node_modules.rxjs"/>
		<testcase name="rxjs.umd.js" classname="- .usr.home.iojs.build.workspace.node-test-linter.tools.node_modules.eslint.node_modules.rxjs.bundles"/>
		<testcase name="rxjs.umd.min.js" classname="- .usr.home.iojs.build.workspace.node-test-linter.tools.node_modules.eslint.node_modules.rxjs.bundles"/>
		<testcase name="index.js" classname="- .usr.home.iojs.build.workspace.node-test-linter.tools.node_modules.eslint.node_modules.rxjs"/>
		<testcase name="InnerSubscriber.js" classname="- .usr.home.iojs.build.workspace.node-test-linter.tools.node_modules.eslint.node_modules.rxjs"/>
		<testcase name="interfaces.js" classname="- .usr.home.iojs.build.workspace.node-test-linter.tools.node_modules.eslint.node_modules.rxjs"/>
		<testcase name="index.js" classname="- .usr.home.iojs.build.workspace.node-test-linter.tools.node_modules.eslint.node_modules.rxjs.internal-compatibility"/>
		<testcase name="AsyncSubject.js" classname="- .usr.home.iojs.build.workspace.node-test-linter.tools.node_modules.eslint.node_modules.rxjs.internal"/>
		<testcase name="BehaviorSubject.js" classname="- .usr.home.iojs.build.workspace.node-test-linter.tools.node_modules.eslint.node_modules.rxjs.internal"/>
		<testcase name="config.js" classname="- .usr.home.iojs.build.workspace.node-test-linter.tools.node_modules.eslint.node_modules.rxjs.internal"/>
		<testcase name="InnerSubscriber.js" classname="- .usr.home.iojs.build.workspace.node-test-linter.tools.node_modules.eslint.node_modules.rxjs.internal"/>
		<testcase name="Notification.js" classname="- .usr.home.iojs.build.workspace.node-test-linter.tools.node_modules.eslint.node_modules.rxjs.internal"/>
		<testcase name="Observable.js" classname="- .usr.home.iojs.build.workspace.node-test-linter.tools.node_modules.eslint.node_modules.rxjs.internal"/>
		<testcase name="bindCallback.js" classname="- .usr.home.iojs.build.workspace.node-test-linter.tools.node_modules.eslint.node_modules.rxjs.internal.observable"/>
		<testcase name="bindNodeCallback.js" classname="- .usr.home.iojs.build.workspace.node-test-linter.tools.node_modules.eslint.node_modules.rxjs.internal.observable"/>
		<testcase name="combineLatest.js" classname="- .usr.home.iojs.build.workspace.node-test-linter.tools.node_modules.eslint.node_modules.rxjs.internal.observable"/>
		<testcase name="concat.js" classname="- .usr.home.iojs.build.workspace.node-test-linter.tools.node_modules.eslint.node_modules.rxjs.internal.observable"/>
		<testcase name="ConnectableObservable.js" classname="- .usr.home.iojs.build.workspace.node-test-linter.tools.node_modules.eslint.node_modules.rxjs.internal.observable"/>
		<testcase name="defer.js" classname="- .usr.home.iojs.build.workspace.node-test-linter.tools.node_modules.eslint.node_modules.rxjs.internal.observable"/>
		<testcase name="ajax.js" classname="- .usr.home.iojs.build.workspace.node-test-linter.tools.node_modules.eslint.node_modules.rxjs.internal.observable.dom"/>
		<testcase name="AjaxObservable.js" classname="- .usr.home.iojs.build.workspace.node-test-linter.tools.node_modules.eslint.node_modules.rxjs.internal.observable.dom"/>
		<testcase name="webSocket.js" classname="- .usr.home.iojs.build.workspace.node-test-linter.tools.node_modules.eslint.node_modules.rxjs.internal.observable.dom"/>
		<testcase name="WebSocketSubject.js" classname="- .usr.home.iojs.build.workspace.node-test-linter.tools.node_modules.eslint.node_modules.rxjs.internal.observable.dom"/>
		<testcase name="empty.js" classname="- .usr.home.iojs.build.workspace.node-test-linter.tools.node_modules.eslint.node_modules.rxjs.internal.observable"/>
		<testcase name="forkJoin.js" classname="- .usr.home.iojs.build.workspace.node-test-linter.tools.node_modules.eslint.node_modules.rxjs.internal.observable"/>
		<testcase name="from.js" classname="- .usr.home.iojs.build.workspace.node-test-linter.tools.node_modules.eslint.node_modules.rxjs.internal.observable"/>
		<testcase name="fromArray.js" classname="- .usr.home.iojs.build.workspace.node-test-linter.tools.node_modules.eslint.node_modules.rxjs.internal.observable"/>
		<testcase name="fromEvent.js" classname="- .usr.home.iojs.build.workspace.node-test-linter.tools.node_modules.eslint.node_modules.rxjs.internal.observable"/>
		<testcase name="fromEventPattern.js" classname="- .usr.home.iojs.build.workspace.node-test-linter.tools.node_modules.eslint.node_modules.rxjs.internal.observable"/>
		<testcase name="fromIterable.js" classname="- .usr.home.iojs.build.workspace.node-test-linter.tools.node_modules.eslint.node_modules.rxjs.internal.observable"/>
		<testcase name="fromObservable.js" classname="- .usr.home.iojs.build.workspace.node-test-linter.tools.node_modules.eslint.node_modules.rxjs.internal.observable"/>
		<testcase name="fromPromise.js" classname="- .usr.home.iojs.build.workspace.node-test-linter.tools.node_modules.eslint.node_modules.rxjs.internal.observable"/>
		<testcase name="generate.js" classname="- .usr.home.iojs.build.workspace.node-test-linter.tools.node_modules.eslint.node_modules.rxjs.internal.observable"/>
		<testcase name="iif.js" classname="- .usr.home.iojs.build.workspace.node-test-linter.tools.node_modules.eslint.node_modules.rxjs.internal.observable"/>
		<testcase name="interval.js" classname="- .usr.home.iojs.build.workspace.node-test-linter.tools.node_modules.eslint.node_modules.rxjs.internal.observable"/>
		<testcase name="merge.js" classname="- .usr.home.iojs.build.workspace.node-test-linter.tools.node_modules.eslint.node_modules.rxjs.internal.observable"/>
		<testcase name="never.js" classname="- .usr.home.iojs.build.workspace.node-test-linter.tools.node_modules.eslint.node_modules.rxjs.internal.observable"/>
		<testcase name="of.js" classname="- .usr.home.iojs.build.workspace.node-test-linter.tools.node_modules.eslint.node_modules.rxjs.internal.observable"/>
		<testcase name="onErrorResumeNext.js" classname="- .usr.home.iojs.build.workspace.node-test-linter.tools.node_modules.eslint.node_modules.rxjs.internal.observable"/>
		<testcase name="pairs.js" classname="- .usr.home.iojs.build.workspace.node-test-linter.tools.node_modules.eslint.node_modules.rxjs.internal.observable"/>
		<testcase name="race.js" classname="- .usr.home.iojs.build.workspace.node-test-linter.tools.node_modules.eslint.node_modules.rxjs.internal.observable"/>
		<testcase name="range.js" classname="- .usr.home.iojs.build.workspace.node-test-linter.tools.node_modules.eslint.node_modules.rxjs.internal.observable"/>
		<testcase name="scalar.js" classname="- .usr.home.iojs.build.workspace.node-test-linter.tools.node_modules.eslint.node_modules.rxjs.internal.observable"/>
		<testcase name="SubscribeOnObservable.js" classname="- .usr.home.iojs.build.workspace.node-test-linter.tools.node_modules.eslint.node_modules.rxjs.internal.observable"/>
		<testcase name="throwError.js" classname="- .usr.home.iojs.build.workspace.node-test-linter.tools.node_modules.eslint.node_modules.rxjs.internal.observable"/>
		<testcase name="timer.js" classname="- .usr.home.iojs.build.workspace.node-test-linter.tools.node_modules.eslint.node_modules.rxjs.internal.observable"/>
		<testcase name="using.js" classname="- .usr.home.iojs.build.workspace.node-test-linter.tools.node_modules.eslint.node_modules.rxjs.internal.observable"/>
		<testcase name="zip.js" classname="- .usr.home.iojs.build.workspace.node-test-linter.tools.node_modules.eslint.node_modules.rxjs.internal.observable"/>
		<testcase name="Observer.js" classname="- .usr.home.iojs.build.workspace.node-test-linter.tools.node_modules.eslint.node_modules.rxjs.internal"/>
		<testcase name="Operator.js" classname="- .usr.home.iojs.build.workspace.node-test-linter.tools.node_modules.eslint.node_modules.rxjs.internal"/>
		<testcase name="audit.js" classname="- .usr.home.iojs.build.workspace.node-test-linter.tools.node_modules.eslint.node_modules.rxjs.internal.operators"/>
		<testcase name="auditTime.js" classname="- .usr.home.iojs.build.workspace.node-test-linter.tools.node_modules.eslint.node_modules.rxjs.internal.operators"/>
		<testcase name="buffer.js" classname="- .usr.home.iojs.build.workspace.node-test-linter.tools.node_modules.eslint.node_modules.rxjs.internal.operators"/>
		<testcase name="bufferCount.js" classname="- .usr.home.iojs.build.workspace.node-test-linter.tools.node_modules.eslint.node_modules.rxjs.internal.operators"/>
		<testcase name="bufferTime.js" classname="- .usr.home.iojs.build.workspace.node-test-linter.tools.node_modules.eslint.node_modules.rxjs.internal.operators"/>
		<testcase name="bufferToggle.js" classname="- .usr.home.iojs.build.workspace.node-test-linter.tools.node_modules.eslint.node_modules.rxjs.internal.operators"/>
		<testcase name="bufferWhen.js" classname="- .usr.home.iojs.build.workspace.node-test-linter.tools.node_modules.eslint.node_modules.rxjs.internal.operators"/>
		<testcase name="catchError.js" classname="- .usr.home.iojs.build.workspace.node-test-linter.tools.node_modules.eslint.node_modules.rxjs.internal.operators"/>
		<testcase name="combineAll.js" classname="- .usr.home.iojs.build.workspace.node-test-linter.tools.node_modules.eslint.node_modules.rxjs.internal.operators"/>
		<testcase name="combineLatest.js" classname="- .usr.home.iojs.build.workspace.node-test-linter.tools.node_modules.eslint.node_modules.rxjs.internal.operators"/>
		<testcase name="concat.js" classname="- .usr.home.iojs.build.workspace.node-test-linter.tools.node_modules.eslint.node_modules.rxjs.internal.operators"/>
		<testcase name="concatAll.js" classname="- .usr.home.iojs.build.workspace.node-test-linter.tools.node_modules.eslint.node_modules.rxjs.internal.operators"/>
		<testcase name="concatMap.js" classname="- .usr.home.iojs.build.workspace.node-test-linter.tools.node_modules.eslint.node_modules.rxjs.internal.operators"/>
		<testcase name="concatMapTo.js" classname="- .usr.home.iojs.build.workspace.node-test-linter.tools.node_modules.eslint.node_modules.rxjs.internal.operators"/>
		<testcase name="count.js" classname="- .usr.home.iojs.build.workspace.node-test-linter.tools.node_modules.eslint.node_modules.rxjs.internal.operators"/>
		<testcase name="debounce.js" classname="- .usr.home.iojs.build.workspace.node-test-linter.tools.node_modules.eslint.node_modules.rxjs.internal.operators"/>
		<testcase name="debounceTime.js" classname="- .usr.home.iojs.build.workspace.node-test-linter.tools.node_modules.eslint.node_modules.rxjs.internal.operators"/>
		<testcase name="defaultIfEmpty.js" classname="- .usr.home.iojs.build.workspace.node-test-linter.tools.node_modules.eslint.node_modules.rxjs.internal.operators"/>
		<testcase name="delay.js" classname="- .usr.home.iojs.build.workspace.node-test-linter.tools.node_modules.eslint.node_modules.rxjs.internal.operators"/>
		<testcase name="delayWhen.js" classname="- .usr.home.iojs.build.workspace.node-test-linter.tools.node_modules.eslint.node_modules.rxjs.internal.operators"/>
		<testcase name="dematerialize.js" classname="- .usr.home.iojs.build.workspace.node-test-linter.tools.node_modules.eslint.node_modules.rxjs.internal.operators"/>
		<testcase name="distinct.js" classname="- .usr.home.iojs.build.workspace.node-test-linter.tools.node_modules.eslint.node_modules.rxjs.internal.operators"/>
		<testcase name="distinctUntilChanged.js" classname="- .usr.home.iojs.build.workspace.node-test-linter.tools.node_modules.eslint.node_modules.rxjs.internal.operators"/>
		<testcase name="distinctUntilKeyChanged.js" classname="- .usr.home.iojs.build.workspace.node-test-linter.tools.node_modules.eslint.node_modules.rxjs.internal.operators"/>
		<testcase name="elementAt.js" classname="- .usr.home.iojs.build.workspace.node-test-linter.tools.node_modules.eslint.node_modules.rxjs.internal.operators"/>
		<testcase name="endWith.js" classname="- .usr.home.iojs.build.workspace.node-test-linter.tools.node_modules.eslint.node_modules.rxjs.internal.operators"/>
		<testcase name="every.js" classname="- .usr.home.iojs.build.workspace.node-test-linter.tools.node_modules.eslint.node_modules.rxjs.internal.operators"/>
		<testcase name="exhaust.js" classname="- .usr.home.iojs.build.workspace.node-test-linter.tools.node_modules.eslint.node_modules.rxjs.internal.operators"/>
		<testcase name="exhaustMap.js" classname="- .usr.home.iojs.build.workspace.node-test-linter.tools.node_modules.eslint.node_modules.rxjs.internal.operators"/>
		<testcase name="expand.js" classname="- .usr.home.iojs.build.workspace.node-test-linter.tools.node_modules.eslint.node_modules.rxjs.internal.operators"/>
		<testcase name="filter.js" classname="- .usr.home.iojs.build.workspace.node-test-linter.tools.node_modules.eslint.node_modules.rxjs.internal.operators"/>
		<testcase name="finalize.js" classname="- .usr.home.iojs.build.workspace.node-test-linter.tools.node_modules.eslint.node_modules.rxjs.internal.operators"/>
		<testcase name="find.js" classname="- .usr.home.iojs.build.workspace.node-test-linter.tools.node_modules.eslint.node_modules.rxjs.internal.operators"/>
		<testcase name="findIndex.js" classname="- .usr.home.iojs.build.workspace.node-test-linter.tools.node_modules.eslint.node_modules.rxjs.internal.operators"/>
		<testcase name="first.js" classname="- .usr.home.iojs.build.workspace.node-test-linter.tools.node_modules.eslint.node_modules.rxjs.internal.operators"/>
		<testcase name="groupBy.js" classname="- .usr.home.iojs.build.workspace.node-test-linter.tools.node_modules.eslint.node_modules.rxjs.internal.operators"/>
		<testcase name="ignoreElements.js" classname="- .usr.home.iojs.build.workspace.node-test-linter.tools.node_modules.eslint.node_modules.rxjs.internal.operators"/>
		<testcase name="index.js" classname="- .usr.home.iojs.build.workspace.node-test-linter.tools.node_modules.eslint.node_modules.rxjs.internal.operators"/>
		<testcase name="isEmpty.js" classname="- .usr.home.iojs.build.workspace.node-test-linter.tools.node_modules.eslint.node_modules.rxjs.internal.operators"/>
		<testcase name="last.js" classname="- .usr.home.iojs.build.workspace.node-test-linter.tools.node_modules.eslint.node_modules.rxjs.internal.operators"/>
		<testcase name="map.js" classname="- .usr.home.iojs.build.workspace.node-test-linter.tools.node_modules.eslint.node_modules.rxjs.internal.operators"/>
		<testcase name="mapTo.js" classname="- .usr.home.iojs.build.workspace.node-test-linter.tools.node_modules.eslint.node_modules.rxjs.internal.operators"/>
		<testcase name="materialize.js" classname="- .usr.home.iojs.build.workspace.node-test-linter.tools.node_modules.eslint.node_modules.rxjs.internal.operators"/>
		<testcase name="max.js" classname="- .usr.home.iojs.build.workspace.node-test-linter.tools.node_modules.eslint.node_modules.rxjs.internal.operators"/>
		<testcase name="merge.js" classname="- .usr.home.iojs.build.workspace.node-test-linter.tools.node_modules.eslint.node_modules.rxjs.internal.operators"/>
		<testcase name="mergeAll.js" classname="- .usr.home.iojs.build.workspace.node-test-linter.tools.node_modules.eslint.node_modules.rxjs.internal.operators"/>
		<testcase name="mergeMap.js" classname="- .usr.home.iojs.build.workspace.node-test-linter.tools.node_modules.eslint.node_modules.rxjs.internal.operators"/>
		<testcase name="mergeMapTo.js" classname="- .usr.home.iojs.build.workspace.node-test-linter.tools.node_modules.eslint.node_modules.rxjs.internal.operators"/>
		<testcase name="mergeScan.js" classname="- .usr.home.iojs.build.workspace.node-test-linter.tools.node_modules.eslint.node_modules.rxjs.internal.operators"/>
		<testcase name="min.js" classname="- .usr.home.iojs.build.workspace.node-test-linter.tools.node_modules.eslint.node_modules.rxjs.internal.operators"/>
		<testcase name="multicast.js" classname="- .usr.home.iojs.build.workspace.node-test-linter.tools.node_modules.eslint.node_modules.rxjs.internal.operators"/>
		<testcase name="observeOn.js" classname="- .usr.home.iojs.build.workspace.node-test-linter.tools.node_modules.eslint.node_modules.rxjs.internal.operators"/>
		<testcase name="onErrorResumeNext.js" classname="- .usr.home.iojs.build.workspace.node-test-linter.tools.node_modules.eslint.node_modules.rxjs.internal.operators"/>
		<testcase name="pairwise.js" classname="- .usr.home.iojs.build.workspace.node-test-linter.tools.node_modules.eslint.node_modules.rxjs.internal.operators"/>
		<testcase name="partition.js" classname="- .usr.home.iojs.build.workspace.node-test-linter.tools.node_modules.eslint.node_modules.rxjs.internal.operators"/>
		<testcase name="pluck.js" classname="- .usr.home.iojs.build.workspace.node-test-linter.tools.node_modules.eslint.node_modules.rxjs.internal.operators"/>
		<testcase name="publish.js" classname="- .usr.home.iojs.build.workspace.node-test-linter.tools.node_modules.eslint.node_modules.rxjs.internal.operators"/>
		<testcase name="publishBehavior.js" classname="- .usr.home.iojs.build.workspace.node-test-linter.tools.node_modules.eslint.node_modules.rxjs.internal.operators"/>
		<testcase name="publishLast.js" classname="- .usr.home.iojs.build.workspace.node-test-linter.tools.node_modules.eslint.node_modules.rxjs.internal.operators"/>
		<testcase name="publishReplay.js" classname="- .usr.home.iojs.build.workspace.node-test-linter.tools.node_modules.eslint.node_modules.rxjs.internal.operators"/>
		<testcase name="race.js" classname="- .usr.home.iojs.build.workspace.node-test-linter.tools.node_modules.eslint.node_modules.rxjs.internal.operators"/>
		<testcase name="reduce.js" classname="- .usr.home.iojs.build.workspace.node-test-linter.tools.node_modules.eslint.node_modules.rxjs.internal.operators"/>
		<testcase name="refCount.js" classname="- .usr.home.iojs.build.workspace.node-test-linter.tools.node_modules.eslint.node_modules.rxjs.internal.operators"/>
		<testcase name="repeat.js" classname="- .usr.home.iojs.build.workspace.node-test-linter.tools.node_modules.eslint.node_modules.rxjs.internal.operators"/>
		<testcase name="repeatWhen.js" classname="- .usr.home.iojs.build.workspace.node-test-linter.tools.node_modules.eslint.node_modules.rxjs.internal.operators"/>
		<testcase name="retry.js" classname="- .usr.home.iojs.build.workspace.node-test-linter.tools.node_modules.eslint.node_modules.rxjs.internal.operators"/>
		<testcase name="retryWhen.js" classname="- .usr.home.iojs.build.workspace.node-test-linter.tools.node_modules.eslint.node_modules.rxjs.internal.operators"/>
		<testcase name="sample.js" classname="- .usr.home.iojs.build.workspace.node-test-linter.tools.node_modules.eslint.node_modules.rxjs.internal.operators"/>
		<testcase name="sampleTime.js" classname="- .usr.home.iojs.build.workspace.node-test-linter.tools.node_modules.eslint.node_modules.rxjs.internal.operators"/>
		<testcase name="scan.js" classname="- .usr.home.iojs.build.workspace.node-test-linter.tools.node_modules.eslint.node_modules.rxjs.internal.operators"/>
		<testcase name="sequenceEqual.js" classname="- .usr.home.iojs.build.workspace.node-test-linter.tools.node_modules.eslint.node_modules.rxjs.internal.operators"/>
		<testcase name="share.js" classname="- .usr.home.iojs.build.workspace.node-test-linter.tools.node_modules.eslint.node_modules.rxjs.internal.operators"/>
		<testcase name="shareReplay.js" classname="- .usr.home.iojs.build.workspace.node-test-linter.tools.node_modules.eslint.node_modules.rxjs.internal.operators"/>
		<testcase name="single.js" classname="- .usr.home.iojs.build.workspace.node-test-linter.tools.node_modules.eslint.node_modules.rxjs.internal.operators"/>
		<testcase name="skip.js" classname="- .usr.home.iojs.build.workspace.node-test-linter.tools.node_modules.eslint.node_modules.rxjs.internal.operators"/>
		<testcase name="skipLast.js" classname="- .usr.home.iojs.build.workspace.node-test-linter.tools.node_modules.eslint.node_modules.rxjs.internal.operators"/>
		<testcase name="skipUntil.js" classname="- .usr.home.iojs.build.workspace.node-test-linter.tools.node_modules.eslint.node_modules.rxjs.internal.operators"/>
		<testcase name="skipWhile.js" classname="- .usr.home.iojs.build.workspace.node-test-linter.tools.node_modules.eslint.node_modules.rxjs.internal.operators"/>
		<testcase name="startWith.js" classname="- .usr.home.iojs.build.workspace.node-test-linter.tools.node_modules.eslint.node_modules.rxjs.internal.operators"/>
		<testcase name="subscribeOn.js" classname="- .usr.home.iojs.build.workspace.node-test-linter.tools.node_modules.eslint.node_modules.rxjs.internal.operators"/>
		<testcase name="switchAll.js" classname="- .usr.home.iojs.build.workspace.node-test-linter.tools.node_modules.eslint.node_modules.rxjs.internal.operators"/>
		<testcase name="switchMap.js" classname="- .usr.home.iojs.build.workspace.node-test-linter.tools.node_modules.eslint.node_modules.rxjs.internal.operators"/>
		<testcase name="switchMapTo.js" classname="- .usr.home.iojs.build.workspace.node-test-linter.tools.node_modules.eslint.node_modules.rxjs.internal.operators"/>
		<testcase name="take.js" classname="- .usr.home.iojs.build.workspace.node-test-linter.tools.node_modules.eslint.node_modules.rxjs.internal.operators"/>
		<testcase name="takeLast.js" classname="- .usr.home.iojs.build.workspace.node-test-linter.tools.node_modules.eslint.node_modules.rxjs.internal.operators"/>
		<testcase name="takeUntil.js" classname="- .usr.home.iojs.build.workspace.node-test-linter.tools.node_modules.eslint.node_modules.rxjs.internal.operators"/>
		<testcase name="takeWhile.js" classname="- .usr.home.iojs.build.workspace.node-test-linter.tools.node_modules.eslint.node_modules.rxjs.internal.operators"/>
		<testcase name="tap.js" classname="- .usr.home.iojs.build.workspace.node-test-linter.tools.node_modules.eslint.node_modules.rxjs.internal.operators"/>
		<testcase name="throttle.js" classname="- .usr.home.iojs.build.workspace.node-test-linter.tools.node_modules.eslint.node_modules.rxjs.internal.operators"/>
		<testcase name="throttleTime.js" classname="- .usr.home.iojs.build.workspace.node-test-linter.tools.node_modules.eslint.node_modules.rxjs.internal.operators"/>
		<testcase name="throwIfEmpty.js" classname="- .usr.home.iojs.build.workspace.node-test-linter.tools.node_modules.eslint.node_modules.rxjs.internal.operators"/>
		<testcase name="timeInterval.js" classname="- .usr.home.iojs.build.workspace.node-test-linter.tools.node_modules.eslint.node_modules.rxjs.internal.operators"/>
		<testcase name="timeout.js" classname="- .usr.home.iojs.build.workspace.node-test-linter.tools.node_modules.eslint.node_modules.rxjs.internal.operators"/>
		<testcase name="timeoutWith.js" classname="- .usr.home.iojs.build.workspace.node-test-linter.tools.node_modules.eslint.node_modules.rxjs.internal.operators"/>
		<testcase name="timestamp.js" classname="- .usr.home.iojs.build.workspace.node-test-linter.tools.node_modules.eslint.node_modules.rxjs.internal.operators"/>
		<testcase name="toArray.js" classname="- .usr.home.iojs.build.workspace.node-test-linter.tools.node_modules.eslint.node_modules.rxjs.internal.operators"/>
		<testcase name="window.js" classname="- .usr.home.iojs.build.workspace.node-test-linter.tools.node_modules.eslint.node_modules.rxjs.internal.operators"/>
		<testcase name="windowCount.js" classname="- .usr.home.iojs.build.workspace.node-test-linter.tools.node_modules.eslint.node_modules.rxjs.internal.operators"/>
		<testcase name="windowTime.js" classname="- .usr.home.iojs.build.workspace.node-test-linter.tools.node_modules.eslint.node_modules.rxjs.internal.operators"/>
		<testcase name="windowToggle.js" classname="- .usr.home.iojs.build.workspace.node-test-linter.tools.node_modules.eslint.node_modules.rxjs.internal.operators"/>
		<testcase name="windowWhen.js" classname="- .usr.home.iojs.build.workspace.node-test-linter.tools.node_modules.eslint.node_modules.rxjs.internal.operators"/>
		<testcase name="withLatestFrom.js" classname="- .usr.home.iojs.build.workspace.node-test-linter.tools.node_modules.eslint.node_modules.rxjs.internal.operators"/>
		<testcase name="zip.js" classname="- .usr.home.iojs.build.workspace.node-test-linter.tools.node_modules.eslint.node_modules.rxjs.internal.operators"/>
		<testcase name="zipAll.js" classname="- .usr.home.iojs.build.workspace.node-test-linter.tools.node_modules.eslint.node_modules.rxjs.internal.operators"/>
		<testcase name="OuterSubscriber.js" classname="- .usr.home.iojs.build.workspace.node-test-linter.tools.node_modules.eslint.node_modules.rxjs.internal"/>
		<testcase name="ReplaySubject.js" classname="- .usr.home.iojs.build.workspace.node-test-linter.tools.node_modules.eslint.node_modules.rxjs.internal"/>
		<testcase name="Rx.js" classname="- .usr.home.iojs.build.workspace.node-test-linter.tools.node_modules.eslint.node_modules.rxjs.internal"/>
		<testcase name="Scheduler.js" classname="- .usr.home.iojs.build.workspace.node-test-linter.tools.node_modules.eslint.node_modules.rxjs.internal"/>
		<testcase name="Action.js" classname="- .usr.home.iojs.build.workspace.node-test-linter.tools.node_modules.eslint.node_modules.rxjs.internal.scheduler"/>
		<testcase name="animationFrame.js" classname="- .usr.home.iojs.build.workspace.node-test-linter.tools.node_modules.eslint.node_modules.rxjs.internal.scheduler"/>
		<testcase name="AnimationFrameAction.js" classname="- .usr.home.iojs.build.workspace.node-test-linter.tools.node_modules.eslint.node_modules.rxjs.internal.scheduler"/>
		<testcase name="AnimationFrameScheduler.js" classname="- .usr.home.iojs.build.workspace.node-test-linter.tools.node_modules.eslint.node_modules.rxjs.internal.scheduler"/>
		<testcase name="asap.js" classname="- .usr.home.iojs.build.workspace.node-test-linter.tools.node_modules.eslint.node_modules.rxjs.internal.scheduler"/>
		<testcase name="AsapAction.js" classname="- .usr.home.iojs.build.workspace.node-test-linter.tools.node_modules.eslint.node_modules.rxjs.internal.scheduler"/>
		<testcase name="AsapScheduler.js" classname="- .usr.home.iojs.build.workspace.node-test-linter.tools.node_modules.eslint.node_modules.rxjs.internal.scheduler"/>
		<testcase name="async.js" classname="- .usr.home.iojs.build.workspace.node-test-linter.tools.node_modules.eslint.node_modules.rxjs.internal.scheduler"/>
		<testcase name="AsyncAction.js" classname="- .usr.home.iojs.build.workspace.node-test-linter.tools.node_modules.eslint.node_modules.rxjs.internal.scheduler"/>
		<testcase name="AsyncScheduler.js" classname="- .usr.home.iojs.build.workspace.node-test-linter.tools.node_modules.eslint.node_modules.rxjs.internal.scheduler"/>
		<testcase name="queue.js" classname="- .usr.home.iojs.build.workspace.node-test-linter.tools.node_modules.eslint.node_modules.rxjs.internal.scheduler"/>
		<testcase name="QueueAction.js" classname="- .usr.home.iojs.build.workspace.node-test-linter.tools.node_modules.eslint.node_modules.rxjs.internal.scheduler"/>
		<testcase name="QueueScheduler.js" classname="- .usr.home.iojs.build.workspace.node-test-linter.tools.node_modules.eslint.node_modules.rxjs.internal.scheduler"/>
		<testcase name="VirtualTimeScheduler.js" classname="- .usr.home.iojs.build.workspace.node-test-linter.tools.node_modules.eslint.node_modules.rxjs.internal.scheduler"/>
		<testcase name="Subject.js" classname="- .usr.home.iojs.build.workspace.node-test-linter.tools.node_modules.eslint.node_modules.rxjs.internal"/>
		<testcase name="SubjectSubscription.js" classname="- .usr.home.iojs.build.workspace.node-test-linter.tools.node_modules.eslint.node_modules.rxjs.internal"/>
		<testcase name="Subscriber.js" classname="- .usr.home.iojs.build.workspace.node-test-linter.tools.node_modules.eslint.node_modules.rxjs.internal"/>
		<testcase name="Subscription.js" classname="- .usr.home.iojs.build.workspace.node-test-linter.tools.node_modules.eslint.node_modules.rxjs.internal"/>
		<testcase name="iterator.js" classname="- .usr.home.iojs.build.workspace.node-test-linter.tools.node_modules.eslint.node_modules.rxjs.internal.symbol"/>
		<testcase name="observable.js" classname="- .usr.home.iojs.build.workspace.node-test-linter.tools.node_modules.eslint.node_modules.rxjs.internal.symbol"/>
		<testcase name="rxSubscriber.js" classname="- .usr.home.iojs.build.workspace.node-test-linter.tools.node_modules.eslint.node_modules.rxjs.internal.symbol"/>
		<testcase name="ColdObservable.js" classname="- .usr.home.iojs.build.workspace.node-test-linter.tools.node_modules.eslint.node_modules.rxjs.internal.testing"/>
		<testcase name="HotObservable.js" classname="- .usr.home.iojs.build.workspace.node-test-linter.tools.node_modules.eslint.node_modules.rxjs.internal.testing"/>
		<testcase name="SubscriptionLog.js" classname="- .usr.home.iojs.build.workspace.node-test-linter.tools.node_modules.eslint.node_modules.rxjs.internal.testing"/>
		<testcase name="SubscriptionLoggable.js" classname="- .usr.home.iojs.build.workspace.node-test-linter.tools.node_modules.eslint.node_modules.rxjs.internal.testing"/>
		<testcase name="TestMessage.js" classname="- .usr.home.iojs.build.workspace.node-test-linter.tools.node_modules.eslint.node_modules.rxjs.internal.testing"/>
		<testcase name="TestScheduler.js" classname="- .usr.home.iojs.build.workspace.node-test-linter.tools.node_modules.eslint.node_modules.rxjs.internal.testing"/>
		<testcase name="types.js" classname="- .usr.home.iojs.build.workspace.node-test-linter.tools.node_modules.eslint.node_modules.rxjs.internal"/>
		<testcase name="applyMixins.js" classname="- .usr.home.iojs.build.workspace.node-test-linter.tools.node_modules.eslint.node_modules.rxjs.internal.util"/>
		<testcase name="ArgumentOutOfRangeError.js" classname="- .usr.home.iojs.build.workspace.node-test-linter.tools.node_modules.eslint.node_modules.rxjs.internal.util"/>
		<testcase name="EmptyError.js" classname="- .usr.home.iojs.build.workspace.node-test-linter.tools.node_modules.eslint.node_modules.rxjs.internal.util"/>
		<testcase name="errorObject.js" classname="- .usr.home.iojs.build.workspace.node-test-linter.tools.node_modules.eslint.node_modules.rxjs.internal.util"/>
		<testcase name="hostReportError.js" classname="- .usr.home.iojs.build.workspace.node-test-linter.tools.node_modules.eslint.node_modules.rxjs.internal.util"/>
		<testcase name="identity.js" classname="- .usr.home.iojs.build.workspace.node-test-linter.tools.node_modules.eslint.node_modules.rxjs.internal.util"/>
		<testcase name="Immediate.js" classname="- .usr.home.iojs.build.workspace.node-test-linter.tools.node_modules.eslint.node_modules.rxjs.internal.util"/>
		<testcase name="isArray.js" classname="- .usr.home.iojs.build.workspace.node-test-linter.tools.node_modules.eslint.node_modules.rxjs.internal.util"/>
		<testcase name="isArrayLike.js" classname="- .usr.home.iojs.build.workspace.node-test-linter.tools.node_modules.eslint.node_modules.rxjs.internal.util"/>
		<testcase name="isDate.js" classname="- .usr.home.iojs.build.workspace.node-test-linter.tools.node_modules.eslint.node_modules.rxjs.internal.util"/>
		<testcase name="isFunction.js" classname="- .usr.home.iojs.build.workspace.node-test-linter.tools.node_modules.eslint.node_modules.rxjs.internal.util"/>
		<testcase name="isInteropObservable.js" classname="- .usr.home.iojs.build.workspace.node-test-linter.tools.node_modules.eslint.node_modules.rxjs.internal.util"/>
		<testcase name="isIterable.js" classname="- .usr.home.iojs.build.workspace.node-test-linter.tools.node_modules.eslint.node_modules.rxjs.internal.util"/>
		<testcase name="isNumeric.js" classname="- .usr.home.iojs.build.workspace.node-test-linter.tools.node_modules.eslint.node_modules.rxjs.internal.util"/>
		<testcase name="isObject.js" classname="- .usr.home.iojs.build.workspace.node-test-linter.tools.node_modules.eslint.node_modules.rxjs.internal.util"/>
		<testcase name="isObservable.js" classname="- .usr.home.iojs.build.workspace.node-test-linter.tools.node_modules.eslint.node_modules.rxjs.internal.util"/>
		<testcase name="isPromise.js" classname="- .usr.home.iojs.build.workspace.node-test-linter.tools.node_modules.eslint.node_modules.rxjs.internal.util"/>
		<testcase name="isScheduler.js" classname="- .usr.home.iojs.build.workspace.node-test-linter.tools.node_modules.eslint.node_modules.rxjs.internal.util"/>
		<testcase name="noop.js" classname="- .usr.home.iojs.build.workspace.node-test-linter.tools.node_modules.eslint.node_modules.rxjs.internal.util"/>
		<testcase name="not.js" classname="- .usr.home.iojs.build.workspace.node-test-linter.tools.node_modules.eslint.node_modules.rxjs.internal.util"/>
		<testcase name="ObjectUnsubscribedError.js" classname="- .usr.home.iojs.build.workspace.node-test-linter.tools.node_modules.eslint.node_modules.rxjs.internal.util"/>
		<testcase name="pipe.js" classname="- .usr.home.iojs.build.workspace.node-test-linter.tools.node_modules.eslint.node_modules.rxjs.internal.util"/>
		<testcase name="root.js" classname="- .usr.home.iojs.build.workspace.node-test-linter.tools.node_modules.eslint.node_modules.rxjs.internal.util"/>
		<testcase name="subscribeTo.js" classname="- .usr.home.iojs.build.workspace.node-test-linter.tools.node_modules.eslint.node_modules.rxjs.internal.util"/>
		<testcase name="subscribeToArray.js" classname="- .usr.home.iojs.build.workspace.node-test-linter.tools.node_modules.eslint.node_modules.rxjs.internal.util"/>
		<testcase name="subscribeToIterable.js" classname="- .usr.home.iojs.build.workspace.node-test-linter.tools.node_modules.eslint.node_modules.rxjs.internal.util"/>
		<testcase name="subscribeToObservable.js" classname="- .usr.home.iojs.build.workspace.node-test-linter.tools.node_modules.eslint.node_modules.rxjs.internal.util"/>
		<testcase name="subscribeToPromise.js" classname="- .usr.home.iojs.build.workspace.node-test-linter.tools.node_modules.eslint.node_modules.rxjs.internal.util"/>
		<testcase name="subscribeToResult.js" classname="- .usr.home.iojs.build.workspace.node-test-linter.tools.node_modules.eslint.node_modules.rxjs.internal.util"/>
		<testcase name="TimeoutError.js" classname="- .usr.home.iojs.build.workspace.node-test-linter.tools.node_modules.eslint.node_modules.rxjs.internal.util"/>
		<testcase name="toSubscriber.js" classname="- .usr.home.iojs.build.workspace.node-test-linter.tools.node_modules.eslint.node_modules.rxjs.internal.util"/>
		<testcase name="tryCatch.js" classname="- .usr.home.iojs.build.workspace.node-test-linter.tools.node_modules.eslint.node_modules.rxjs.internal.util"/>
		<testcase name="UnsubscriptionError.js" classname="- .usr.home.iojs.build.workspace.node-test-linter.tools.node_modules.eslint.node_modules.rxjs.internal.util"/>
		<testcase name="index.js" classname="- .usr.home.iojs.build.workspace.node-test-linter.tools.node_modules.eslint.node_modules.rxjs.migrations.update-6_0_0"/>
		<testcase name="Notification.js" classname="- .usr.home.iojs.build.workspace.node-test-linter.tools.node_modules.eslint.node_modules.rxjs"/>
		<testcase name="Observable.js" classname="- .usr.home.iojs.build.workspace.node-test-linter.tools.node_modules.eslint.node_modules.rxjs"/>
		<testcase name="ArrayLikeObservable.js" classname="- .usr.home.iojs.build.workspace.node-test-linter.tools.node_modules.eslint.node_modules.rxjs.observable"/>
		<testcase name="ArrayObservable.js" classname="- .usr.home.iojs.build.workspace.node-test-linter.tools.node_modules.eslint.node_modules.rxjs.observable"/>
		<testcase name="bindCallback.js" classname="- .usr.home.iojs.build.workspace.node-test-linter.tools.node_modules.eslint.node_modules.rxjs.observable"/>
		<testcase name="bindNodeCallback.js" classname="- .usr.home.iojs.build.workspace.node-test-linter.tools.node_modules.eslint.node_modules.rxjs.observable"/>
		<testcase name="BoundCallbackObservable.js" classname="- .usr.home.iojs.build.workspace.node-test-linter.tools.node_modules.eslint.node_modules.rxjs.observable"/>
		<testcase name="BoundNodeCallbackObservable.js" classname="- .usr.home.iojs.build.workspace.node-test-linter.tools.node_modules.eslint.node_modules.rxjs.observable"/>
		<testcase name="combineLatest.js" classname="- .usr.home.iojs.build.workspace.node-test-linter.tools.node_modules.eslint.node_modules.rxjs.observable"/>
		<testcase name="concat.js" classname="- .usr.home.iojs.build.workspace.node-test-linter.tools.node_modules.eslint.node_modules.rxjs.observable"/>
		<testcase name="ConnectableObservable.js" classname="- .usr.home.iojs.build.workspace.node-test-linter.tools.node_modules.eslint.node_modules.rxjs.observable"/>
		<testcase name="defer.js" classname="- .usr.home.iojs.build.workspace.node-test-linter.tools.node_modules.eslint.node_modules.rxjs.observable"/>
		<testcase name="DeferObservable.js" classname="- .usr.home.iojs.build.workspace.node-test-linter.tools.node_modules.eslint.node_modules.rxjs.observable"/>
		<testcase name="ajax.js" classname="- .usr.home.iojs.build.workspace.node-test-linter.tools.node_modules.eslint.node_modules.rxjs.observable.dom"/>
		<testcase name="AjaxObservable.js" classname="- .usr.home.iojs.build.workspace.node-test-linter.tools.node_modules.eslint.node_modules.rxjs.observable.dom"/>
		<testcase name="webSocket.js" classname="- .usr.home.iojs.build.workspace.node-test-linter.tools.node_modules.eslint.node_modules.rxjs.observable.dom"/>
		<testcase name="WebSocketSubject.js" classname="- .usr.home.iojs.build.workspace.node-test-linter.tools.node_modules.eslint.node_modules.rxjs.observable.dom"/>
		<testcase name="empty.js" classname="- .usr.home.iojs.build.workspace.node-test-linter.tools.node_modules.eslint.node_modules.rxjs.observable"/>
		<testcase name="EmptyObservable.js" classname="- .usr.home.iojs.build.workspace.node-test-linter.tools.node_modules.eslint.node_modules.rxjs.observable"/>
		<testcase name="ErrorObservable.js" classname="- .usr.home.iojs.build.workspace.node-test-linter.tools.node_modules.eslint.node_modules.rxjs.observable"/>
		<testcase name="forkJoin.js" classname="- .usr.home.iojs.build.workspace.node-test-linter.tools.node_modules.eslint.node_modules.rxjs.observable"/>
		<testcase name="ForkJoinObservable.js" classname="- .usr.home.iojs.build.workspace.node-test-linter.tools.node_modules.eslint.node_modules.rxjs.observable"/>
		<testcase name="from.js" classname="- .usr.home.iojs.build.workspace.node-test-linter.tools.node_modules.eslint.node_modules.rxjs.observable"/>
		<testcase name="fromArray.js" classname="- .usr.home.iojs.build.workspace.node-test-linter.tools.node_modules.eslint.node_modules.rxjs.observable"/>
		<testcase name="fromEvent.js" classname="- .usr.home.iojs.build.workspace.node-test-linter.tools.node_modules.eslint.node_modules.rxjs.observable"/>
		<testcase name="FromEventObservable.js" classname="- .usr.home.iojs.build.workspace.node-test-linter.tools.node_modules.eslint.node_modules.rxjs.observable"/>
		<testcase name="fromEventPattern.js" classname="- .usr.home.iojs.build.workspace.node-test-linter.tools.node_modules.eslint.node_modules.rxjs.observable"/>
		<testcase name="FromEventPatternObservable.js" classname="- .usr.home.iojs.build.workspace.node-test-linter.tools.node_modules.eslint.node_modules.rxjs.observable"/>
		<testcase name="fromIterable.js" classname="- .usr.home.iojs.build.workspace.node-test-linter.tools.node_modules.eslint.node_modules.rxjs.observable"/>
		<testcase name="FromObservable.js" classname="- .usr.home.iojs.build.workspace.node-test-linter.tools.node_modules.eslint.node_modules.rxjs.observable"/>
		<testcase name="fromPromise.js" classname="- .usr.home.iojs.build.workspace.node-test-linter.tools.node_modules.eslint.node_modules.rxjs.observable"/>
		<testcase name="generate.js" classname="- .usr.home.iojs.build.workspace.node-test-linter.tools.node_modules.eslint.node_modules.rxjs.observable"/>
		<testcase name="GenerateObservable.js" classname="- .usr.home.iojs.build.workspace.node-test-linter.tools.node_modules.eslint.node_modules.rxjs.observable"/>
		<testcase name="if.js" classname="- .usr.home.iojs.build.workspace.node-test-linter.tools.node_modules.eslint.node_modules.rxjs.observable"/>
		<testcase name="IfObservable.js" classname="- .usr.home.iojs.build.workspace.node-test-linter.tools.node_modules.eslint.node_modules.rxjs.observable"/>
		<testcase name="interval.js" classname="- .usr.home.iojs.build.workspace.node-test-linter.tools.node_modules.eslint.node_modules.rxjs.observable"/>
		<testcase name="IntervalObservable.js" classname="- .usr.home.iojs.build.workspace.node-test-linter.tools.node_modules.eslint.node_modules.rxjs.observable"/>
		<testcase name="IteratorObservable.js" classname="- .usr.home.iojs.build.workspace.node-test-linter.tools.node_modules.eslint.node_modules.rxjs.observable"/>
		<testcase name="merge.js" classname="- .usr.home.iojs.build.workspace.node-test-linter.tools.node_modules.eslint.node_modules.rxjs.observable"/>
		<testcase name="never.js" classname="- .usr.home.iojs.build.workspace.node-test-linter.tools.node_modules.eslint.node_modules.rxjs.observable"/>
		<testcase name="NeverObservable.js" classname="- .usr.home.iojs.build.workspace.node-test-linter.tools.node_modules.eslint.node_modules.rxjs.observable"/>
		<testcase name="of.js" classname="- .usr.home.iojs.build.workspace.node-test-linter.tools.node_modules.eslint.node_modules.rxjs.observable"/>
		<testcase name="onErrorResumeNext.js" classname="- .usr.home.iojs.build.workspace.node-test-linter.tools.node_modules.eslint.node_modules.rxjs.observable"/>
		<testcase name="pairs.js" classname="- .usr.home.iojs.build.workspace.node-test-linter.tools.node_modules.eslint.node_modules.rxjs.observable"/>
		<testcase name="PairsObservable.js" classname="- .usr.home.iojs.build.workspace.node-test-linter.tools.node_modules.eslint.node_modules.rxjs.observable"/>
		<testcase name="PromiseObservable.js" classname="- .usr.home.iojs.build.workspace.node-test-linter.tools.node_modules.eslint.node_modules.rxjs.observable"/>
		<testcase name="race.js" classname="- .usr.home.iojs.build.workspace.node-test-linter.tools.node_modules.eslint.node_modules.rxjs.observable"/>
		<testcase name="range.js" classname="- .usr.home.iojs.build.workspace.node-test-linter.tools.node_modules.eslint.node_modules.rxjs.observable"/>
		<testcase name="RangeObservable.js" classname="- .usr.home.iojs.build.workspace.node-test-linter.tools.node_modules.eslint.node_modules.rxjs.observable"/>
		<testcase name="ScalarObservable.js" classname="- .usr.home.iojs.build.workspace.node-test-linter.tools.node_modules.eslint.node_modules.rxjs.observable"/>
		<testcase name="SubscribeOnObservable.js" classname="- .usr.home.iojs.build.workspace.node-test-linter.tools.node_modules.eslint.node_modules.rxjs.observable"/>
		<testcase name="throw.js" classname="- .usr.home.iojs.build.workspace.node-test-linter.tools.node_modules.eslint.node_modules.rxjs.observable"/>
		<testcase name="timer.js" classname="- .usr.home.iojs.build.workspace.node-test-linter.tools.node_modules.eslint.node_modules.rxjs.observable"/>
		<testcase name="TimerObservable.js" classname="- .usr.home.iojs.build.workspace.node-test-linter.tools.node_modules.eslint.node_modules.rxjs.observable"/>
		<testcase name="using.js" classname="- .usr.home.iojs.build.workspace.node-test-linter.tools.node_modules.eslint.node_modules.rxjs.observable"/>
		<testcase name="UsingObservable.js" classname="- .usr.home.iojs.build.workspace.node-test-linter.tools.node_modules.eslint.node_modules.rxjs.observable"/>
		<testcase name="zip.js" classname="- .usr.home.iojs.build.workspace.node-test-linter.tools.node_modules.eslint.node_modules.rxjs.observable"/>
		<testcase name="Observer.js" classname="- .usr.home.iojs.build.workspace.node-test-linter.tools.node_modules.eslint.node_modules.rxjs"/>
		<testcase name="Operator.js" classname="- .usr.home.iojs.build.workspace.node-test-linter.tools.node_modules.eslint.node_modules.rxjs"/>
		<testcase name="audit.js" classname="- .usr.home.iojs.build.workspace.node-test-linter.tools.node_modules.eslint.node_modules.rxjs.operator"/>
		<testcase name="auditTime.js" classname="- .usr.home.iojs.build.workspace.node-test-linter.tools.node_modules.eslint.node_modules.rxjs.operator"/>
		<testcase name="buffer.js" classname="- .usr.home.iojs.build.workspace.node-test-linter.tools.node_modules.eslint.node_modules.rxjs.operator"/>
		<testcase name="bufferCount.js" classname="- .usr.home.iojs.build.workspace.node-test-linter.tools.node_modules.eslint.node_modules.rxjs.operator"/>
		<testcase name="bufferTime.js" classname="- .usr.home.iojs.build.workspace.node-test-linter.tools.node_modules.eslint.node_modules.rxjs.operator"/>
		<testcase name="bufferToggle.js" classname="- .usr.home.iojs.build.workspace.node-test-linter.tools.node_modules.eslint.node_modules.rxjs.operator"/>
		<testcase name="bufferWhen.js" classname="- .usr.home.iojs.build.workspace.node-test-linter.tools.node_modules.eslint.node_modules.rxjs.operator"/>
		<testcase name="catch.js" classname="- .usr.home.iojs.build.workspace.node-test-linter.tools.node_modules.eslint.node_modules.rxjs.operator"/>
		<testcase name="combineAll.js" classname="- .usr.home.iojs.build.workspace.node-test-linter.tools.node_modules.eslint.node_modules.rxjs.operator"/>
		<testcase name="combineLatest.js" classname="- .usr.home.iojs.build.workspace.node-test-linter.tools.node_modules.eslint.node_modules.rxjs.operator"/>
		<testcase name="concat.js" classname="- .usr.home.iojs.build.workspace.node-test-linter.tools.node_modules.eslint.node_modules.rxjs.operator"/>
		<testcase name="concatAll.js" classname="- .usr.home.iojs.build.workspace.node-test-linter.tools.node_modules.eslint.node_modules.rxjs.operator"/>
		<testcase name="concatMap.js" classname="- .usr.home.iojs.build.workspace.node-test-linter.tools.node_modules.eslint.node_modules.rxjs.operator"/>
		<testcase name="concatMapTo.js" classname="- .usr.home.iojs.build.workspace.node-test-linter.tools.node_modules.eslint.node_modules.rxjs.operator"/>
		<testcase name="count.js" classname="- .usr.home.iojs.build.workspace.node-test-linter.tools.node_modules.eslint.node_modules.rxjs.operator"/>
		<testcase name="debounce.js" classname="- .usr.home.iojs.build.workspace.node-test-linter.tools.node_modules.eslint.node_modules.rxjs.operator"/>
		<testcase name="debounceTime.js" classname="- .usr.home.iojs.build.workspace.node-test-linter.tools.node_modules.eslint.node_modules.rxjs.operator"/>
		<testcase name="defaultIfEmpty.js" classname="- .usr.home.iojs.build.workspace.node-test-linter.tools.node_modules.eslint.node_modules.rxjs.operator"/>
		<testcase name="delay.js" classname="- .usr.home.iojs.build.workspace.node-test-linter.tools.node_modules.eslint.node_modules.rxjs.operator"/>
		<testcase name="delayWhen.js" classname="- .usr.home.iojs.build.workspace.node-test-linter.tools.node_modules.eslint.node_modules.rxjs.operator"/>
		<testcase name="dematerialize.js" classname="- .usr.home.iojs.build.workspace.node-test-linter.tools.node_modules.eslint.node_modules.rxjs.operator"/>
		<testcase name="distinct.js" classname="- .usr.home.iojs.build.workspace.node-test-linter.tools.node_modules.eslint.node_modules.rxjs.operator"/>
		<testcase name="distinctUntilChanged.js" classname="- .usr.home.iojs.build.workspace.node-test-linter.tools.node_modules.eslint.node_modules.rxjs.operator"/>
		<testcase name="distinctUntilKeyChanged.js" classname="- .usr.home.iojs.build.workspace.node-test-linter.tools.node_modules.eslint.node_modules.rxjs.operator"/>
		<testcase name="do.js" classname="- .usr.home.iojs.build.workspace.node-test-linter.tools.node_modules.eslint.node_modules.rxjs.operator"/>
		<testcase name="elementAt.js" classname="- .usr.home.iojs.build.workspace.node-test-linter.tools.node_modules.eslint.node_modules.rxjs.operator"/>
		<testcase name="every.js" classname="- .usr.home.iojs.build.workspace.node-test-linter.tools.node_modules.eslint.node_modules.rxjs.operator"/>
		<testcase name="exhaust.js" classname="- .usr.home.iojs.build.workspace.node-test-linter.tools.node_modules.eslint.node_modules.rxjs.operator"/>
		<testcase name="exhaustMap.js" classname="- .usr.home.iojs.build.workspace.node-test-linter.tools.node_modules.eslint.node_modules.rxjs.operator"/>
		<testcase name="expand.js" classname="- .usr.home.iojs.build.workspace.node-test-linter.tools.node_modules.eslint.node_modules.rxjs.operator"/>
		<testcase name="filter.js" classname="- .usr.home.iojs.build.workspace.node-test-linter.tools.node_modules.eslint.node_modules.rxjs.operator"/>
		<testcase name="finally.js" classname="- .usr.home.iojs.build.workspace.node-test-linter.tools.node_modules.eslint.node_modules.rxjs.operator"/>
		<testcase name="find.js" classname="- .usr.home.iojs.build.workspace.node-test-linter.tools.node_modules.eslint.node_modules.rxjs.operator"/>
		<testcase name="findIndex.js" classname="- .usr.home.iojs.build.workspace.node-test-linter.tools.node_modules.eslint.node_modules.rxjs.operator"/>
		<testcase name="first.js" classname="- .usr.home.iojs.build.workspace.node-test-linter.tools.node_modules.eslint.node_modules.rxjs.operator"/>
		<testcase name="groupBy.js" classname="- .usr.home.iojs.build.workspace.node-test-linter.tools.node_modules.eslint.node_modules.rxjs.operator"/>
		<testcase name="ignoreElements.js" classname="- .usr.home.iojs.build.workspace.node-test-linter.tools.node_modules.eslint.node_modules.rxjs.operator"/>
		<testcase name="isEmpty.js" classname="- .usr.home.iojs.build.workspace.node-test-linter.tools.node_modules.eslint.node_modules.rxjs.operator"/>
		<testcase name="last.js" classname="- .usr.home.iojs.build.workspace.node-test-linter.tools.node_modules.eslint.node_modules.rxjs.operator"/>
		<testcase name="let.js" classname="- .usr.home.iojs.build.workspace.node-test-linter.tools.node_modules.eslint.node_modules.rxjs.operator"/>
		<testcase name="map.js" classname="- .usr.home.iojs.build.workspace.node-test-linter.tools.node_modules.eslint.node_modules.rxjs.operator"/>
		<testcase name="mapTo.js" classname="- .usr.home.iojs.build.workspace.node-test-linter.tools.node_modules.eslint.node_modules.rxjs.operator"/>
		<testcase name="materialize.js" classname="- .usr.home.iojs.build.workspace.node-test-linter.tools.node_modules.eslint.node_modules.rxjs.operator"/>
		<testcase name="max.js" classname="- .usr.home.iojs.build.workspace.node-test-linter.tools.node_modules.eslint.node_modules.rxjs.operator"/>
		<testcase name="merge.js" classname="- .usr.home.iojs.build.workspace.node-test-linter.tools.node_modules.eslint.node_modules.rxjs.operator"/>
		<testcase name="mergeAll.js" classname="- .usr.home.iojs.build.workspace.node-test-linter.tools.node_modules.eslint.node_modules.rxjs.operator"/>
		<testcase name="mergeMap.js" classname="- .usr.home.iojs.build.workspace.node-test-linter.tools.node_modules.eslint.node_modules.rxjs.operator"/>
		<testcase name="mergeMapTo.js" classname="- .usr.home.iojs.build.workspace.node-test-linter.tools.node_modules.eslint.node_modules.rxjs.operator"/>
		<testcase name="mergeScan.js" classname="- .usr.home.iojs.build.workspace.node-test-linter.tools.node_modules.eslint.node_modules.rxjs.operator"/>
		<testcase name="min.js" classname="- .usr.home.iojs.build.workspace.node-test-linter.tools.node_modules.eslint.node_modules.rxjs.operator"/>
		<testcase name="multicast.js" classname="- .usr.home.iojs.build.workspace.node-test-linter.tools.node_modules.eslint.node_modules.rxjs.operator"/>
		<testcase name="observeOn.js" classname="- .usr.home.iojs.build.workspace.node-test-linter.tools.node_modules.eslint.node_modules.rxjs.operator"/>
		<testcase name="onErrorResumeNext.js" classname="- .usr.home.iojs.build.workspace.node-test-linter.tools.node_modules.eslint.node_modules.rxjs.operator"/>
		<testcase name="pairwise.js" classname="- .usr.home.iojs.build.workspace.node-test-linter.tools.node_modules.eslint.node_modules.rxjs.operator"/>
		<testcase name="partition.js" classname="- .usr.home.iojs.build.workspace.node-test-linter.tools.node_modules.eslint.node_modules.rxjs.operator"/>
		<testcase name="pluck.js" classname="- .usr.home.iojs.build.workspace.node-test-linter.tools.node_modules.eslint.node_modules.rxjs.operator"/>
		<testcase name="publish.js" classname="- .usr.home.iojs.build.workspace.node-test-linter.tools.node_modules.eslint.node_modules.rxjs.operator"/>
		<testcase name="publishBehavior.js" classname="- .usr.home.iojs.build.workspace.node-test-linter.tools.node_modules.eslint.node_modules.rxjs.operator"/>
		<testcase name="publishLast.js" classname="- .usr.home.iojs.build.workspace.node-test-linter.tools.node_modules.eslint.node_modules.rxjs.operator"/>
		<testcase name="publishReplay.js" classname="- .usr.home.iojs.build.workspace.node-test-linter.tools.node_modules.eslint.node_modules.rxjs.operator"/>
		<testcase name="race.js" classname="- .usr.home.iojs.build.workspace.node-test-linter.tools.node_modules.eslint.node_modules.rxjs.operator"/>
		<testcase name="reduce.js" classname="- .usr.home.iojs.build.workspace.node-test-linter.tools.node_modules.eslint.node_modules.rxjs.operator"/>
		<testcase name="repeat.js" classname="- .usr.home.iojs.build.workspace.node-test-linter.tools.node_modules.eslint.node_modules.rxjs.operator"/>
		<testcase name="repeatWhen.js" classname="- .usr.home.iojs.build.workspace.node-test-linter.tools.node_modules.eslint.node_modules.rxjs.operator"/>
		<testcase name="retry.js" classname="- .usr.home.iojs.build.workspace.node-test-linter.tools.node_modules.eslint.node_modules.rxjs.operator"/>
		<testcase name="retryWhen.js" classname="- .usr.home.iojs.build.workspace.node-test-linter.tools.node_modules.eslint.node_modules.rxjs.operator"/>
		<testcase name="sample.js" classname="- .usr.home.iojs.build.workspace.node-test-linter.tools.node_modules.eslint.node_modules.rxjs.operator"/>
		<testcase name="sampleTime.js" classname="- .usr.home.iojs.build.workspace.node-test-linter.tools.node_modules.eslint.node_modules.rxjs.operator"/>
		<testcase name="scan.js" classname="- .usr.home.iojs.build.workspace.node-test-linter.tools.node_modules.eslint.node_modules.rxjs.operator"/>
		<testcase name="sequenceEqual.js" classname="- .usr.home.iojs.build.workspace.node-test-linter.tools.node_modules.eslint.node_modules.rxjs.operator"/>
		<testcase name="share.js" classname="- .usr.home.iojs.build.workspace.node-test-linter.tools.node_modules.eslint.node_modules.rxjs.operator"/>
		<testcase name="shareReplay.js" classname="- .usr.home.iojs.build.workspace.node-test-linter.tools.node_modules.eslint.node_modules.rxjs.operator"/>
		<testcase name="single.js" classname="- .usr.home.iojs.build.workspace.node-test-linter.tools.node_modules.eslint.node_modules.rxjs.operator"/>
		<testcase name="skip.js" classname="- .usr.home.iojs.build.workspace.node-test-linter.tools.node_modules.eslint.node_modules.rxjs.operator"/>
		<testcase name="skipLast.js" classname="- .usr.home.iojs.build.workspace.node-test-linter.tools.node_modules.eslint.node_modules.rxjs.operator"/>
		<testcase name="skipUntil.js" classname="- .usr.home.iojs.build.workspace.node-test-linter.tools.node_modules.eslint.node_modules.rxjs.operator"/>
		<testcase name="skipWhile.js" classname="- .usr.home.iojs.build.workspace.node-test-linter.tools.node_modules.eslint.node_modules.rxjs.operator"/>
		<testcase name="startWith.js" classname="- .usr.home.iojs.build.workspace.node-test-linter.tools.node_modules.eslint.node_modules.rxjs.operator"/>
		<testcase name="subscribeOn.js" classname="- .usr.home.iojs.build.workspace.node-test-linter.tools.node_modules.eslint.node_modules.rxjs.operator"/>
		<testcase name="switch.js" classname="- .usr.home.iojs.build.workspace.node-test-linter.tools.node_modules.eslint.node_modules.rxjs.operator"/>
		<testcase name="switchMap.js" classname="- .usr.home.iojs.build.workspace.node-test-linter.tools.node_modules.eslint.node_modules.rxjs.operator"/>
		<testcase name="switchMapTo.js" classname="- .usr.home.iojs.build.workspace.node-test-linter.tools.node_modules.eslint.node_modules.rxjs.operator"/>
		<testcase name="take.js" classname="- .usr.home.iojs.build.workspace.node-test-linter.tools.node_modules.eslint.node_modules.rxjs.operator"/>
		<testcase name="takeLast.js" classname="- .usr.home.iojs.build.workspace.node-test-linter.tools.node_modules.eslint.node_modules.rxjs.operator"/>
		<testcase name="takeUntil.js" classname="- .usr.home.iojs.build.workspace.node-test-linter.tools.node_modules.eslint.node_modules.rxjs.operator"/>
		<testcase name="takeWhile.js" classname="- .usr.home.iojs.build.workspace.node-test-linter.tools.node_modules.eslint.node_modules.rxjs.operator"/>
		<testcase name="throttle.js" classname="- .usr.home.iojs.build.workspace.node-test-linter.tools.node_modules.eslint.node_modules.rxjs.operator"/>
		<testcase name="throttleTime.js" classname="- .usr.home.iojs.build.workspace.node-test-linter.tools.node_modules.eslint.node_modules.rxjs.operator"/>
		<testcase name="timeInterval.js" classname="- .usr.home.iojs.build.workspace.node-test-linter.tools.node_modules.eslint.node_modules.rxjs.operator"/>
		<testcase name="timeout.js" classname="- .usr.home.iojs.build.workspace.node-test-linter.tools.node_modules.eslint.node_modules.rxjs.operator"/>
		<testcase name="timeoutWith.js" classname="- .usr.home.iojs.build.workspace.node-test-linter.tools.node_modules.eslint.node_modules.rxjs.operator"/>
		<testcase name="timestamp.js" classname="- .usr.home.iojs.build.workspace.node-test-linter.tools.node_modules.eslint.node_modules.rxjs.operator"/>
		<testcase name="toArray.js" classname="- .usr.home.iojs.build.workspace.node-test-linter.tools.node_modules.eslint.node_modules.rxjs.operator"/>
		<testcase name="toPromise.js" classname="- .usr.home.iojs.build.workspace.node-test-linter.tools.node_modules.eslint.node_modules.rxjs.operator"/>
		<testcase name="window.js" classname="- .usr.home.iojs.build.workspace.node-test-linter.tools.node_modules.eslint.node_modules.rxjs.operator"/>
		<testcase name="windowCount.js" classname="- .usr.home.iojs.build.workspace.node-test-linter.tools.node_modules.eslint.node_modules.rxjs.operator"/>
		<testcase name="windowTime.js" classname="- .usr.home.iojs.build.workspace.node-test-linter.tools.node_modules.eslint.node_modules.rxjs.operator"/>
		<testcase name="windowToggle.js" classname="- .usr.home.iojs.build.workspace.node-test-linter.tools.node_modules.eslint.node_modules.rxjs.operator"/>
		<testcase name="windowWhen.js" classname="- .usr.home.iojs.build.workspace.node-test-linter.tools.node_modules.eslint.node_modules.rxjs.operator"/>
		<testcase name="withLatestFrom.js" classname="- .usr.home.iojs.build.workspace.node-test-linter.tools.node_modules.eslint.node_modules.rxjs.operator"/>
		<testcase name="zip.js" classname="- .usr.home.iojs.build.workspace.node-test-linter.tools.node_modules.eslint.node_modules.rxjs.operator"/>
		<testcase name="zipAll.js" classname="- .usr.home.iojs.build.workspace.node-test-linter.tools.node_modules.eslint.node_modules.rxjs.operator"/>
		<testcase name="audit.js" classname="- .usr.home.iojs.build.workspace.node-test-linter.tools.node_modules.eslint.node_modules.rxjs.operators"/>
		<testcase name="auditTime.js" classname="- .usr.home.iojs.build.workspace.node-test-linter.tools.node_modules.eslint.node_modules.rxjs.operators"/>
		<testcase name="buffer.js" classname="- .usr.home.iojs.build.workspace.node-test-linter.tools.node_modules.eslint.node_modules.rxjs.operators"/>
		<testcase name="bufferCount.js" classname="- .usr.home.iojs.build.workspace.node-test-linter.tools.node_modules.eslint.node_modules.rxjs.operators"/>
		<testcase name="bufferTime.js" classname="- .usr.home.iojs.build.workspace.node-test-linter.tools.node_modules.eslint.node_modules.rxjs.operators"/>
		<testcase name="bufferToggle.js" classname="- .usr.home.iojs.build.workspace.node-test-linter.tools.node_modules.eslint.node_modules.rxjs.operators"/>
		<testcase name="bufferWhen.js" classname="- .usr.home.iojs.build.workspace.node-test-linter.tools.node_modules.eslint.node_modules.rxjs.operators"/>
		<testcase name="catchError.js" classname="- .usr.home.iojs.build.workspace.node-test-linter.tools.node_modules.eslint.node_modules.rxjs.operators"/>
		<testcase name="combineAll.js" classname="- .usr.home.iojs.build.workspace.node-test-linter.tools.node_modules.eslint.node_modules.rxjs.operators"/>
		<testcase name="combineLatest.js" classname="- .usr.home.iojs.build.workspace.node-test-linter.tools.node_modules.eslint.node_modules.rxjs.operators"/>
		<testcase name="concat.js" classname="- .usr.home.iojs.build.workspace.node-test-linter.tools.node_modules.eslint.node_modules.rxjs.operators"/>
		<testcase name="concatAll.js" classname="- .usr.home.iojs.build.workspace.node-test-linter.tools.node_modules.eslint.node_modules.rxjs.operators"/>
		<testcase name="concatMap.js" classname="- .usr.home.iojs.build.workspace.node-test-linter.tools.node_modules.eslint.node_modules.rxjs.operators"/>
		<testcase name="concatMapTo.js" classname="- .usr.home.iojs.build.workspace.node-test-linter.tools.node_modules.eslint.node_modules.rxjs.operators"/>
		<testcase name="count.js" classname="- .usr.home.iojs.build.workspace.node-test-linter.tools.node_modules.eslint.node_modules.rxjs.operators"/>
		<testcase name="debounce.js" classname="- .usr.home.iojs.build.workspace.node-test-linter.tools.node_modules.eslint.node_modules.rxjs.operators"/>
		<testcase name="debounceTime.js" classname="- .usr.home.iojs.build.workspace.node-test-linter.tools.node_modules.eslint.node_modules.rxjs.operators"/>
		<testcase name="defaultIfEmpty.js" classname="- .usr.home.iojs.build.workspace.node-test-linter.tools.node_modules.eslint.node_modules.rxjs.operators"/>
		<testcase name="delay.js" classname="- .usr.home.iojs.build.workspace.node-test-linter.tools.node_modules.eslint.node_modules.rxjs.operators"/>
		<testcase name="delayWhen.js" classname="- .usr.home.iojs.build.workspace.node-test-linter.tools.node_modules.eslint.node_modules.rxjs.operators"/>
		<testcase name="dematerialize.js" classname="- .usr.home.iojs.build.workspace.node-test-linter.tools.node_modules.eslint.node_modules.rxjs.operators"/>
		<testcase name="distinct.js" classname="- .usr.home.iojs.build.workspace.node-test-linter.tools.node_modules.eslint.node_modules.rxjs.operators"/>
		<testcase name="distinctUntilChanged.js" classname="- .usr.home.iojs.build.workspace.node-test-linter.tools.node_modules.eslint.node_modules.rxjs.operators"/>
		<testcase name="distinctUntilKeyChanged.js" classname="- .usr.home.iojs.build.workspace.node-test-linter.tools.node_modules.eslint.node_modules.rxjs.operators"/>
		<testcase name="elementAt.js" classname="- .usr.home.iojs.build.workspace.node-test-linter.tools.node_modules.eslint.node_modules.rxjs.operators"/>
		<testcase name="every.js" classname="- .usr.home.iojs.build.workspace.node-test-linter.tools.node_modules.eslint.node_modules.rxjs.operators"/>
		<testcase name="exhaust.js" classname="- .usr.home.iojs.build.workspace.node-test-linter.tools.node_modules.eslint.node_modules.rxjs.operators"/>
		<testcase name="exhaustMap.js" classname="- .usr.home.iojs.build.workspace.node-test-linter.tools.node_modules.eslint.node_modules.rxjs.operators"/>
		<testcase name="expand.js" classname="- .usr.home.iojs.build.workspace.node-test-linter.tools.node_modules.eslint.node_modules.rxjs.operators"/>
		<testcase name="filter.js" classname="- .usr.home.iojs.build.workspace.node-test-linter.tools.node_modules.eslint.node_modules.rxjs.operators"/>
		<testcase name="finalize.js" classname="- .usr.home.iojs.build.workspace.node-test-linter.tools.node_modules.eslint.node_modules.rxjs.operators"/>
		<testcase name="find.js" classname="- .usr.home.iojs.build.workspace.node-test-linter.tools.node_modules.eslint.node_modules.rxjs.operators"/>
		<testcase name="findIndex.js" classname="- .usr.home.iojs.build.workspace.node-test-linter.tools.node_modules.eslint.node_modules.rxjs.operators"/>
		<testcase name="first.js" classname="- .usr.home.iojs.build.workspace.node-test-linter.tools.node_modules.eslint.node_modules.rxjs.operators"/>
		<testcase name="groupBy.js" classname="- .usr.home.iojs.build.workspace.node-test-linter.tools.node_modules.eslint.node_modules.rxjs.operators"/>
		<testcase name="ignoreElements.js" classname="- .usr.home.iojs.build.workspace.node-test-linter.tools.node_modules.eslint.node_modules.rxjs.operators"/>
		<testcase name="index.js" classname="- .usr.home.iojs.build.workspace.node-test-linter.tools.node_modules.eslint.node_modules.rxjs.operators"/>
		<testcase name="isEmpty.js" classname="- .usr.home.iojs.build.workspace.node-test-linter.tools.node_modules.eslint.node_modules.rxjs.operators"/>
		<testcase name="last.js" classname="- .usr.home.iojs.build.workspace.node-test-linter.tools.node_modules.eslint.node_modules.rxjs.operators"/>
		<testcase name="map.js" classname="- .usr.home.iojs.build.workspace.node-test-linter.tools.node_modules.eslint.node_modules.rxjs.operators"/>
		<testcase name="mapTo.js" classname="- .usr.home.iojs.build.workspace.node-test-linter.tools.node_modules.eslint.node_modules.rxjs.operators"/>
		<testcase name="materialize.js" classname="- .usr.home.iojs.build.workspace.node-test-linter.tools.node_modules.eslint.node_modules.rxjs.operators"/>
		<testcase name="max.js" classname="- .usr.home.iojs.build.workspace.node-test-linter.tools.node_modules.eslint.node_modules.rxjs.operators"/>
		<testcase name="merge.js" classname="- .usr.home.iojs.build.workspace.node-test-linter.tools.node_modules.eslint.node_modules.rxjs.operators"/>
		<testcase name="mergeAll.js" classname="- .usr.home.iojs.build.workspace.node-test-linter.tools.node_modules.eslint.node_modules.rxjs.operators"/>
		<testcase name="mergeMap.js" classname="- .usr.home.iojs.build.workspace.node-test-linter.tools.node_modules.eslint.node_modules.rxjs.operators"/>
		<testcase name="mergeMapTo.js" classname="- .usr.home.iojs.build.workspace.node-test-linter.tools.node_modules.eslint.node_modules.rxjs.operators"/>
		<testcase name="mergeScan.js" classname="- .usr.home.iojs.build.workspace.node-test-linter.tools.node_modules.eslint.node_modules.rxjs.operators"/>
		<testcase name="min.js" classname="- .usr.home.iojs.build.workspace.node-test-linter.tools.node_modules.eslint.node_modules.rxjs.operators"/>
		<testcase name="multicast.js" classname="- .usr.home.iojs.build.workspace.node-test-linter.tools.node_modules.eslint.node_modules.rxjs.operators"/>
		<testcase name="observeOn.js" classname="- .usr.home.iojs.build.workspace.node-test-linter.tools.node_modules.eslint.node_modules.rxjs.operators"/>
		<testcase name="onErrorResumeNext.js" classname="- .usr.home.iojs.build.workspace.node-test-linter.tools.node_modules.eslint.node_modules.rxjs.operators"/>
		<testcase name="pairwise.js" classname="- .usr.home.iojs.build.workspace.node-test-linter.tools.node_modules.eslint.node_modules.rxjs.operators"/>
		<testcase name="partition.js" classname="- .usr.home.iojs.build.workspace.node-test-linter.tools.node_modules.eslint.node_modules.rxjs.operators"/>
		<testcase name="pluck.js" classname="- .usr.home.iojs.build.workspace.node-test-linter.tools.node_modules.eslint.node_modules.rxjs.operators"/>
		<testcase name="publish.js" classname="- .usr.home.iojs.build.workspace.node-test-linter.tools.node_modules.eslint.node_modules.rxjs.operators"/>
		<testcase name="publishBehavior.js" classname="- .usr.home.iojs.build.workspace.node-test-linter.tools.node_modules.eslint.node_modules.rxjs.operators"/>
		<testcase name="publishLast.js" classname="- .usr.home.iojs.build.workspace.node-test-linter.tools.node_modules.eslint.node_modules.rxjs.operators"/>
		<testcase name="publishReplay.js" classname="- .usr.home.iojs.build.workspace.node-test-linter.tools.node_modules.eslint.node_modules.rxjs.operators"/>
		<testcase name="race.js" classname="- .usr.home.iojs.build.workspace.node-test-linter.tools.node_modules.eslint.node_modules.rxjs.operators"/>
		<testcase name="reduce.js" classname="- .usr.home.iojs.build.workspace.node-test-linter.tools.node_modules.eslint.node_modules.rxjs.operators"/>
		<testcase name="refCount.js" classname="- .usr.home.iojs.build.workspace.node-test-linter.tools.node_modules.eslint.node_modules.rxjs.operators"/>
		<testcase name="repeat.js" classname="- .usr.home.iojs.build.workspace.node-test-linter.tools.node_modules.eslint.node_modules.rxjs.operators"/>
		<testcase name="repeatWhen.js" classname="- .usr.home.iojs.build.workspace.node-test-linter.tools.node_modules.eslint.node_modules.rxjs.operators"/>
		<testcase name="retry.js" classname="- .usr.home.iojs.build.workspace.node-test-linter.tools.node_modules.eslint.node_modules.rxjs.operators"/>
		<testcase name="retryWhen.js" classname="- .usr.home.iojs.build.workspace.node-test-linter.tools.node_modules.eslint.node_modules.rxjs.operators"/>
		<testcase name="README.md" classname="- .usr.home.iojs.build.workspace.node-test-linter.tools.bootstrap"/>
		<testcase name="build-addons.js" classname="- .usr.home.iojs.build.workspace.node-test-linter.tools"/>
		<testcase name="addon-verify.js" classname="- .usr.home.iojs.build.workspace.node-test-linter.tools.doc"/>
		<testcase name="allhtml.js" classname="- .usr.home.iojs.build.workspace.node-test-linter.tools.doc"/>
		<testcase name="alljson.js" classname="- .usr.home.iojs.build.workspace.node-test-linter.tools.doc"/>
		<testcase name="apilinks.js" classname="- .usr.home.iojs.build.workspace.node-test-linter.tools.doc"/>
		<testcase name="common.js" classname="- .usr.home.iojs.build.workspace.node-test-linter.tools.doc"/>
		<testcase name="generate.js" classname="- .usr.home.iojs.build.workspace.node-test-linter.tools.doc"/>
		<testcase name="html.js" classname="- .usr.home.iojs.build.workspace.node-test-linter.tools.doc"/>
		<testcase name="json.js" classname="- .usr.home.iojs.build.workspace.node-test-linter.tools.doc"/>
		<testcase name="README.md" classname="- .usr.home.iojs.build.workspace.node-test-linter.tools.doc"/>
		<testcase name="type-parser.js" classname="- .usr.home.iojs.build.workspace.node-test-linter.tools.doc"/>
		<testcase name="alphabetize-errors.js" classname="- .usr.home.iojs.build.workspace.node-test-linter.tools.eslint-rules"/>
		<testcase name="buffer-constructor.js" classname="- .usr.home.iojs.build.workspace.node-test-linter.tools.eslint-rules"/>
		<testcase name="crypto-check.js" classname="- .usr.home.iojs.build.workspace.node-test-linter.tools.eslint-rules"/>
		<testcase name="documented-errors.js" classname="- .usr.home.iojs.build.workspace.node-test-linter.tools.eslint-rules"/>
		<testcase name="eslint-check.js" classname="- .usr.home.iojs.build.workspace.node-test-linter.tools.eslint-rules"/>
		<testcase name="inspector-check.js" classname="- .usr.home.iojs.build.workspace.node-test-linter.tools.eslint-rules"/>
		<testcase name="lowercase-name-for-primitive.js" classname="- .usr.home.iojs.build.workspace.node-test-linter.tools.eslint-rules"/>
		<testcase name="no-duplicate-requires.js" classname="- .usr.home.iojs.build.workspace.node-test-linter.tools.eslint-rules"/>
		<testcase name="no-let-in-for-declaration.js" classname="- .usr.home.iojs.build.workspace.node-test-linter.tools.eslint-rules"/>
		<testcase name="no-unescaped-regexp-dot.js" classname="- .usr.home.iojs.build.workspace.node-test-linter.tools.eslint-rules"/>
		<testcase name="non-ascii-character.js" classname="- .usr.home.iojs.build.workspace.node-test-linter.tools.eslint-rules"/>
		<testcase name="number-isnan.js" classname="- .usr.home.iojs.build.workspace.node-test-linter.tools.eslint-rules"/>
		<testcase name="prefer-assert-iferror.js" classname="- .usr.home.iojs.build.workspace.node-test-linter.tools.eslint-rules"/>
		<testcase name="prefer-assert-methods.js" classname="- .usr.home.iojs.build.workspace.node-test-linter.tools.eslint-rules"/>
		<testcase name="prefer-common-expectserror.js" classname="- .usr.home.iojs.build.workspace.node-test-linter.tools.eslint-rules"/>
		<testcase name="prefer-common-mustnotcall.js" classname="- .usr.home.iojs.build.workspace.node-test-linter.tools.eslint-rules"/>
		<testcase name="prefer-util-format-errors.js" classname="- .usr.home.iojs.build.workspace.node-test-linter.tools.eslint-rules"/>
		<testcase name="require-globals.js" classname="- .usr.home.iojs.build.workspace.node-test-linter.tools.eslint-rules"/>
		<testcase name="required-modules.js" classname="- .usr.home.iojs.build.workspace.node-test-linter.tools.eslint-rules"/>
		<testcase name="rules-utils.js" classname="- .usr.home.iojs.build.workspace.node-test-linter.tools.eslint-rules"/>
		<testcase name="generate_code_cache.js" classname="- .usr.home.iojs.build.workspace.node-test-linter.tools"/>
		<testcase name="README.md" classname="- .usr.home.iojs.build.workspace.node-test-linter.tools.gyp"/>
		<testcase name="README.md" classname="- .usr.home.iojs.build.workspace.node-test-linter.tools.icu"/>
		<testcase name="license2rtf.js" classname="- .usr.home.iojs.build.workspace.node-test-linter.tools"/>
		<testcase name="lint-js.js" classname="- .usr.home.iojs.build.workspace.node-test-linter.tools"/>
		<testcase name="lint-md.js" classname="- .usr.home.iojs.build.workspace.node-test-linter.tools"/>
		<testcase name="analyze-scope.js" classname="- .usr.home.iojs.build.workspace.node-test-linter.tools.node_modules.babel-eslint.lib"/>
		<testcase name="attachComments.js" classname="- .usr.home.iojs.build.workspace.node-test-linter.tools.node_modules.babel-eslint.lib.babylon-to-espree"/>
		<testcase name="sample.js" classname="- .usr.home.iojs.build.workspace.node-test-linter.tools.node_modules.eslint.node_modules.rxjs.operators"/>
		<testcase name="sampleTime.js" classname="- .usr.home.iojs.build.workspace.node-test-linter.tools.node_modules.eslint.node_modules.rxjs.operators"/>
		<testcase name="scan.js" classname="- .usr.home.iojs.build.workspace.node-test-linter.tools.node_modules.eslint.node_modules.rxjs.operators"/>
		<testcase name="sequenceEqual.js" classname="- .usr.home.iojs.build.workspace.node-test-linter.tools.node_modules.eslint.node_modules.rxjs.operators"/>
		<testcase name="share.js" classname="- .usr.home.iojs.build.workspace.node-test-linter.tools.node_modules.eslint.node_modules.rxjs.operators"/>
		<testcase name="shareReplay.js" classname="- .usr.home.iojs.build.workspace.node-test-linter.tools.node_modules.eslint.node_modules.rxjs.operators"/>
		<testcase name="single.js" classname="- .usr.home.iojs.build.workspace.node-test-linter.tools.node_modules.eslint.node_modules.rxjs.operators"/>
		<testcase name="skip.js" classname="- .usr.home.iojs.build.workspace.node-test-linter.tools.node_modules.eslint.node_modules.rxjs.operators"/>
		<testcase name="skipLast.js" classname="- .usr.home.iojs.build.workspace.node-test-linter.tools.node_modules.eslint.node_modules.rxjs.operators"/>
		<testcase name="skipUntil.js" classname="- .usr.home.iojs.build.workspace.node-test-linter.tools.node_modules.eslint.node_modules.rxjs.operators"/>
		<testcase name="skipWhile.js" classname="- .usr.home.iojs.build.workspace.node-test-linter.tools.node_modules.eslint.node_modules.rxjs.operators"/>
		<testcase name="startWith.js" classname="- .usr.home.iojs.build.workspace.node-test-linter.tools.node_modules.eslint.node_modules.rxjs.operators"/>
		<testcase name="subscribeOn.js" classname="- .usr.home.iojs.build.workspace.node-test-linter.tools.node_modules.eslint.node_modules.rxjs.operators"/>
		<testcase name="switchAll.js" classname="- .usr.home.iojs.build.workspace.node-test-linter.tools.node_modules.eslint.node_modules.rxjs.operators"/>
		<testcase name="switchMap.js" classname="- .usr.home.iojs.build.workspace.node-test-linter.tools.node_modules.eslint.node_modules.rxjs.operators"/>
		<testcase name="switchMapTo.js" classname="- .usr.home.iojs.build.workspace.node-test-linter.tools.node_modules.eslint.node_modules.rxjs.operators"/>
		<testcase name="take.js" classname="- .usr.home.iojs.build.workspace.node-test-linter.tools.node_modules.eslint.node_modules.rxjs.operators"/>
		<testcase name="takeLast.js" classname="- .usr.home.iojs.build.workspace.node-test-linter.tools.node_modules.eslint.node_modules.rxjs.operators"/>
		<testcase name="takeUntil.js" classname="- .usr.home.iojs.build.workspace.node-test-linter.tools.node_modules.eslint.node_modules.rxjs.operators"/>
		<testcase name="takeWhile.js" classname="- .usr.home.iojs.build.workspace.node-test-linter.tools.node_modules.eslint.node_modules.rxjs.operators"/>
		<testcase name="tap.js" classname="- .usr.home.iojs.build.workspace.node-test-linter.tools.node_modules.eslint.node_modules.rxjs.operators"/>
		<testcase name="throttle.js" classname="- .usr.home.iojs.build.workspace.node-test-linter.tools.node_modules.eslint.node_modules.rxjs.operators"/>
		<testcase name="throttleTime.js" classname="- .usr.home.iojs.build.workspace.node-test-linter.tools.node_modules.eslint.node_modules.rxjs.operators"/>
		<testcase name="throwIfEmpty.js" classname="- .usr.home.iojs.build.workspace.node-test-linter.tools.node_modules.eslint.node_modules.rxjs.operators"/>
		<testcase name="timeInterval.js" classname="- .usr.home.iojs.build.workspace.node-test-linter.tools.node_modules.eslint.node_modules.rxjs.operators"/>
		<testcase name="timeout.js" classname="- .usr.home.iojs.build.workspace.node-test-linter.tools.node_modules.eslint.node_modules.rxjs.operators"/>
		<testcase name="timeoutWith.js" classname="- .usr.home.iojs.build.workspace.node-test-linter.tools.node_modules.eslint.node_modules.rxjs.operators"/>
		<testcase name="timestamp.js" classname="- .usr.home.iojs.build.workspace.node-test-linter.tools.node_modules.eslint.node_modules.rxjs.operators"/>
		<testcase name="toArray.js" classname="- .usr.home.iojs.build.workspace.node-test-linter.tools.node_modules.eslint.node_modules.rxjs.operators"/>
		<testcase name="window.js" classname="- .usr.home.iojs.build.workspace.node-test-linter.tools.node_modules.eslint.node_modules.rxjs.operators"/>
		<testcase name="windowCount.js" classname="- .usr.home.iojs.build.workspace.node-test-linter.tools.node_modules.eslint.node_modules.rxjs.operators"/>
		<testcase name="windowTime.js" classname="- .usr.home.iojs.build.workspace.node-test-linter.tools.node_modules.eslint.node_modules.rxjs.operators"/>
		<testcase name="windowToggle.js" classname="- .usr.home.iojs.build.workspace.node-test-linter.tools.node_modules.eslint.node_modules.rxjs.operators"/>
		<testcase name="windowWhen.js" classname="- .usr.home.iojs.build.workspace.node-test-linter.tools.node_modules.eslint.node_modules.rxjs.operators"/>
		<testcase name="withLatestFrom.js" classname="- .usr.home.iojs.build.workspace.node-test-linter.tools.node_modules.eslint.node_modules.rxjs.operators"/>
		<testcase name="zip.js" classname="- .usr.home.iojs.build.workspace.node-test-linter.tools.node_modules.eslint.node_modules.rxjs.operators"/>
		<testcase name="zipAll.js" classname="- .usr.home.iojs.build.workspace.node-test-linter.tools.node_modules.eslint.node_modules.rxjs.operators"/>
		<testcase name="OuterSubscriber.js" classname="- .usr.home.iojs.build.workspace.node-test-linter.tools.node_modules.eslint.node_modules.rxjs"/>
		<testcase name="README.md" classname="- .usr.home.iojs.build.workspace.node-test-linter.tools.node_modules.eslint.node_modules.rxjs"/>
		<testcase name="ReplaySubject.js" classname="- .usr.home.iojs.build.workspace.node-test-linter.tools.node_modules.eslint.node_modules.rxjs"/>
		<testcase name="Rx.js" classname="- .usr.home.iojs.build.workspace.node-test-linter.tools.node_modules.eslint.node_modules.rxjs"/>
		<testcase name="Scheduler.js" classname="- .usr.home.iojs.build.workspace.node-test-linter.tools.node_modules.eslint.node_modules.rxjs"/>
		<testcase name="animationFrame.js" classname="- .usr.home.iojs.build.workspace.node-test-linter.tools.node_modules.eslint.node_modules.rxjs.scheduler"/>
		<testcase name="asap.js" classname="- .usr.home.iojs.build.workspace.node-test-linter.tools.node_modules.eslint.node_modules.rxjs.scheduler"/>
		<testcase name="async.js" classname="- .usr.home.iojs.build.workspace.node-test-linter.tools.node_modules.eslint.node_modules.rxjs.scheduler"/>
		<testcase name="queue.js" classname="- .usr.home.iojs.build.workspace.node-test-linter.tools.node_modules.eslint.node_modules.rxjs.scheduler"/>
		<testcase name="README.md" classname="- .usr.home.iojs.build.workspace.node-test-linter.tools.node_modules.eslint.node_modules.rxjs.src"/>
		<testcase name="Rx.global.js" classname="- .usr.home.iojs.build.workspace.node-test-linter.tools.node_modules.eslint.node_modules.rxjs.src"/>
		<testcase name="Subject.js" classname="- .usr.home.iojs.build.workspace.node-test-linter.tools.node_modules.eslint.node_modules.rxjs"/>
		<testcase name="SubjectSubscription.js" classname="- .usr.home.iojs.build.workspace.node-test-linter.tools.node_modules.eslint.node_modules.rxjs"/>
		<testcase name="Subscriber.js" classname="- .usr.home.iojs.build.workspace.node-test-linter.tools.node_modules.eslint.node_modules.rxjs"/>
		<testcase name="Subscription.js" classname="- .usr.home.iojs.build.workspace.node-test-linter.tools.node_modules.eslint.node_modules.rxjs"/>
		<testcase name="iterator.js" classname="- .usr.home.iojs.build.workspace.node-test-linter.tools.node_modules.eslint.node_modules.rxjs.symbol"/>
		<testcase name="observable.js" classname="- .usr.home.iojs.build.workspace.node-test-linter.tools.node_modules.eslint.node_modules.rxjs.symbol"/>
		<testcase name="rxSubscriber.js" classname="- .usr.home.iojs.build.workspace.node-test-linter.tools.node_modules.eslint.node_modules.rxjs.symbol"/>
		<testcase name="applyMixins.js" classname="- .usr.home.iojs.build.workspace.node-test-linter.tools.node_modules.eslint.node_modules.rxjs.util"/>
		<testcase name="ArgumentOutOfRangeError.js" classname="- .usr.home.iojs.build.workspace.node-test-linter.tools.node_modules.eslint.node_modules.rxjs.util"/>
		<testcase name="EmptyError.js" classname="- .usr.home.iojs.build.workspace.node-test-linter.tools.node_modules.eslint.node_modules.rxjs.util"/>
		<testcase name="errorObject.js" classname="- .usr.home.iojs.build.workspace.node-test-linter.tools.node_modules.eslint.node_modules.rxjs.util"/>
		<testcase name="hostReportError.js" classname="- .usr.home.iojs.build.workspace.node-test-linter.tools.node_modules.eslint.node_modules.rxjs.util"/>
		<testcase name="identity.js" classname="- .usr.home.iojs.build.workspace.node-test-linter.tools.node_modules.eslint.node_modules.rxjs.util"/>
		<testcase name="Immediate.js" classname="- .usr.home.iojs.build.workspace.node-test-linter.tools.node_modules.eslint.node_modules.rxjs.util"/>
		<testcase name="isArray.js" classname="- .usr.home.iojs.build.workspace.node-test-linter.tools.node_modules.eslint.node_modules.rxjs.util"/>
		<testcase name="isArrayLike.js" classname="- .usr.home.iojs.build.workspace.node-test-linter.tools.node_modules.eslint.node_modules.rxjs.util"/>
		<testcase name="isDate.js" classname="- .usr.home.iojs.build.workspace.node-test-linter.tools.node_modules.eslint.node_modules.rxjs.util"/>
		<testcase name="isFunction.js" classname="- .usr.home.iojs.build.workspace.node-test-linter.tools.node_modules.eslint.node_modules.rxjs.util"/>
		<testcase name="isIterable.js" classname="- .usr.home.iojs.build.workspace.node-test-linter.tools.node_modules.eslint.node_modules.rxjs.util"/>
		<testcase name="isNumeric.js" classname="- .usr.home.iojs.build.workspace.node-test-linter.tools.node_modules.eslint.node_modules.rxjs.util"/>
		<testcase name="isObject.js" classname="- .usr.home.iojs.build.workspace.node-test-linter.tools.node_modules.eslint.node_modules.rxjs.util"/>
		<testcase name="isObservable.js" classname="- .usr.home.iojs.build.workspace.node-test-linter.tools.node_modules.eslint.node_modules.rxjs.util"/>
		<testcase name="isPromise.js" classname="- .usr.home.iojs.build.workspace.node-test-linter.tools.node_modules.eslint.node_modules.rxjs.util"/>
		<testcase name="isScheduler.js" classname="- .usr.home.iojs.build.workspace.node-test-linter.tools.node_modules.eslint.node_modules.rxjs.util"/>
		<testcase name="noop.js" classname="- .usr.home.iojs.build.workspace.node-test-linter.tools.node_modules.eslint.node_modules.rxjs.util"/>
		<testcase name="not.js" classname="- .usr.home.iojs.build.workspace.node-test-linter.tools.node_modules.eslint.node_modules.rxjs.util"/>
		<testcase name="ObjectUnsubscribedError.js" classname="- .usr.home.iojs.build.workspace.node-test-linter.tools.node_modules.eslint.node_modules.rxjs.util"/>
		<testcase name="pipe.js" classname="- .usr.home.iojs.build.workspace.node-test-linter.tools.node_modules.eslint.node_modules.rxjs.util"/>
		<testcase name="root.js" classname="- .usr.home.iojs.build.workspace.node-test-linter.tools.node_modules.eslint.node_modules.rxjs.util"/>
		<testcase name="subscribeTo.js" classname="- .usr.home.iojs.build.workspace.node-test-linter.tools.node_modules.eslint.node_modules.rxjs.util"/>
		<testcase name="subscribeToArray.js" classname="- .usr.home.iojs.build.workspace.node-test-linter.tools.node_modules.eslint.node_modules.rxjs.util"/>
		<testcase name="subscribeToIterable.js" classname="- .usr.home.iojs.build.workspace.node-test-linter.tools.node_modules.eslint.node_modules.rxjs.util"/>
		<testcase name="subscribeToObservable.js" classname="- .usr.home.iojs.build.workspace.node-test-linter.tools.node_modules.eslint.node_modules.rxjs.util"/>
		<testcase name="subscribeToPromise.js" classname="- .usr.home.iojs.build.workspace.node-test-linter.tools.node_modules.eslint.node_modules.rxjs.util"/>
		<testcase name="subscribeToResult.js" classname="- .usr.home.iojs.build.workspace.node-test-linter.tools.node_modules.eslint.node_modules.rxjs.util"/>
		<testcase name="TimeoutError.js" classname="- .usr.home.iojs.build.workspace.node-test-linter.tools.node_modules.eslint.node_modules.rxjs.util"/>
		<testcase name="toSubscriber.js" classname="- .usr.home.iojs.build.workspace.node-test-linter.tools.node_modules.eslint.node_modules.rxjs.util"/>
		<testcase name="tryCatch.js" classname="- .usr.home.iojs.build.workspace.node-test-linter.tools.node_modules.eslint.node_modules.rxjs.util"/>
		<testcase name="UnsubscriptionError.js" classname="- .usr.home.iojs.build.workspace.node-test-linter.tools.node_modules.eslint.node_modules.rxjs.util"/>
		<testcase name="index.js" classname="- .usr.home.iojs.build.workspace.node-test-linter.tools.node_modules.eslint.node_modules.rxjs.webSocket"/>
		<testcase name="dangerous.js" classname="- .usr.home.iojs.build.workspace.node-test-linter.tools.node_modules.eslint.node_modules.safer-buffer"/>
		<testcase name="Porting-Buffer.md" classname="- .usr.home.iojs.build.workspace.node-test-linter.tools.node_modules.eslint.node_modules.safer-buffer"/>
		<testcase name="Readme.md" classname="- .usr.home.iojs.build.workspace.node-test-linter.tools.node_modules.eslint.node_modules.safer-buffer"/>
		<testcase name="safer.js" classname="- .usr.home.iojs.build.workspace.node-test-linter.tools.node_modules.eslint.node_modules.safer-buffer"/>
		<testcase name="tests.js" classname="- .usr.home.iojs.build.workspace.node-test-linter.tools.node_modules.eslint.node_modules.safer-buffer"/>
		<testcase name="README.md" classname="- .usr.home.iojs.build.workspace.node-test-linter.tools.node_modules.eslint.node_modules.semver"/>
		<testcase name="semver.js" classname="- .usr.home.iojs.build.workspace.node-test-linter.tools.node_modules.eslint.node_modules.semver"/>
		<testcase name="index.js" classname="- .usr.home.iojs.build.workspace.node-test-linter.tools.node_modules.eslint.node_modules.shebang-command"/>
		<testcase name="readme.md" classname="- .usr.home.iojs.build.workspace.node-test-linter.tools.node_modules.eslint.node_modules.shebang-command"/>
		<testcase name="index.js" classname="- .usr.home.iojs.build.workspace.node-test-linter.tools.node_modules.eslint.node_modules.shebang-regex"/>
		<testcase name="readme.md" classname="- .usr.home.iojs.build.workspace.node-test-linter.tools.node_modules.eslint.node_modules.shebang-regex"/>
		<testcase name="index.js" classname="- .usr.home.iojs.build.workspace.node-test-linter.tools.node_modules.eslint.node_modules.signal-exit"/>
		<testcase name="README.md" classname="- .usr.home.iojs.build.workspace.node-test-linter.tools.node_modules.eslint.node_modules.signal-exit"/>
		<testcase name="signals.js" classname="- .usr.home.iojs.build.workspace.node-test-linter.tools.node_modules.eslint.node_modules.signal-exit"/>
		<testcase name="index.js" classname="- .usr.home.iojs.build.workspace.node-test-linter.tools.node_modules.eslint.node_modules.slice-ansi"/>
		<testcase name="readme.md" classname="- .usr.home.iojs.build.workspace.node-test-linter.tools.node_modules.eslint.node_modules.slice-ansi"/>
		<testcase name="angular-sprintf.min.js" classname="- .usr.home.iojs.build.workspace.node-test-linter.tools.node_modules.eslint.node_modules.sprintf-js.dist"/>
		<testcase name="sprintf.min.js" classname="- .usr.home.iojs.build.workspace.node-test-linter.tools.node_modules.eslint.node_modules.sprintf-js.dist"/>
		<testcase name="README.md" classname="- .usr.home.iojs.build.workspace.node-test-linter.tools.node_modules.eslint.node_modules.sprintf-js"/>
		<testcase name="angular-sprintf.js" classname="- .usr.home.iojs.build.workspace.node-test-linter.tools.node_modules.eslint.node_modules.sprintf-js.src"/>
		<testcase name="sprintf.js" classname="- .usr.home.iojs.build.workspace.node-test-linter.tools.node_modules.eslint.node_modules.sprintf-js.src"/>
		<testcase name="index.js" classname="- .usr.home.iojs.build.workspace.node-test-linter.tools.node_modules.eslint.node_modules.state-toggle"/>
		<testcase name="readme.md" classname="- .usr.home.iojs.build.workspace.node-test-linter.tools.node_modules.eslint.node_modules.state-toggle"/>
		<testcase name="index.js" classname="- .usr.home.iojs.build.workspace.node-test-linter.tools.node_modules.eslint.node_modules.string-width"/>
		<testcase name="readme.md" classname="- .usr.home.iojs.build.workspace.node-test-linter.tools.node_modules.eslint.node_modules.string-width"/>
		<testcase name="index.js" classname="- .usr.home.iojs.build.workspace.node-test-linter.tools.node_modules.eslint.node_modules.strip-ansi"/>
		<testcase name="readme.md" classname="- .usr.home.iojs.build.workspace.node-test-linter.tools.node_modules.eslint.node_modules.strip-ansi"/>
		<testcase name="index.js" classname="- .usr.home.iojs.build.workspace.node-test-linter.tools.node_modules.eslint.node_modules.strip-json-comments"/>
		<testcase name="readme.md" classname="- .usr.home.iojs.build.workspace.node-test-linter.tools.node_modules.eslint.node_modules.strip-json-comments"/>
		<testcase name="browser.js" classname="- .usr.home.iojs.build.workspace.node-test-linter.tools.node_modules.eslint.node_modules.supports-color"/>
		<testcase name="index.js" classname="- .usr.home.iojs.build.workspace.node-test-linter.tools.node_modules.eslint.node_modules.supports-color"/>
		<testcase name="readme.md" classname="- .usr.home.iojs.build.workspace.node-test-linter.tools.node_modules.eslint.node_modules.supports-color"/>
		<testcase name="alignString.js" classname="- .usr.home.iojs.build.workspace.node-test-linter.tools.node_modules.eslint.node_modules.table.dist"/>
		<testcase name="alignTableData.js" classname="- .usr.home.iojs.build.workspace.node-test-linter.tools.node_modules.eslint.node_modules.table.dist"/>
		<testcase name="calculateCellHeight.js" classname="- .usr.home.iojs.build.workspace.node-test-linter.tools.node_modules.eslint.node_modules.table.dist"/>
		<testcase name="calculateCellWidthIndex.js" classname="- .usr.home.iojs.build.workspace.node-test-linter.tools.node_modules.eslint.node_modules.table.dist"/>
		<testcase name="calculateMaximumColumnWidthIndex.js" classname="- .usr.home.iojs.build.workspace.node-test-linter.tools.node_modules.eslint.node_modules.table.dist"/>
		<testcase name="calculateRowHeightIndex.js" classname="- .usr.home.iojs.build.workspace.node-test-linter.tools.node_modules.eslint.node_modules.table.dist"/>
		<testcase name="createStream.js" classname="- .usr.home.iojs.build.workspace.node-test-linter.tools.node_modules.eslint.node_modules.table.dist"/>
		<testcase name="drawBorder.js" classname="- .usr.home.iojs.build.workspace.node-test-linter.tools.node_modules.eslint.node_modules.table.dist"/>
		<testcase name="drawRow.js" classname="- .usr.home.iojs.build.workspace.node-test-linter.tools.node_modules.eslint.node_modules.table.dist"/>
		<testcase name="drawTable.js" classname="- .usr.home.iojs.build.workspace.node-test-linter.tools.node_modules.eslint.node_modules.table.dist"/>
		<testcase name="getBorderCharacters.js" classname="- .usr.home.iojs.build.workspace.node-test-linter.tools.node_modules.eslint.node_modules.table.dist"/>
		<testcase name="index.js" classname="- .usr.home.iojs.build.workspace.node-test-linter.tools.node_modules.eslint.node_modules.table.dist"/>
		<testcase name="makeConfig.js" classname="- .usr.home.iojs.build.workspace.node-test-linter.tools.node_modules.eslint.node_modules.table.dist"/>
		<testcase name="makeStreamConfig.js" classname="- .usr.home.iojs.build.workspace.node-test-linter.tools.node_modules.eslint.node_modules.table.dist"/>
		<testcase name="mapDataUsingRowHeightIndex.js" classname="- .usr.home.iojs.build.workspace.node-test-linter.tools.node_modules.eslint.node_modules.table.dist"/>
		<testcase name="padTableData.js" classname="- .usr.home.iojs.build.workspace.node-test-linter.tools.node_modules.eslint.node_modules.table.dist"/>
		<testcase name="stringifyTableData.js" classname="- .usr.home.iojs.build.workspace.node-test-linter.tools.node_modules.eslint.node_modules.table.dist"/>
		<testcase name="table.js" classname="- .usr.home.iojs.build.workspace.node-test-linter.tools.node_modules.eslint.node_modules.table.dist"/>
		<testcase name="truncateTableData.js" classname="- .usr.home.iojs.build.workspace.node-test-linter.tools.node_modules.eslint.node_modules.table.dist"/>
		<testcase name="validateConfig.js" classname="- .usr.home.iojs.build.workspace.node-test-linter.tools.node_modules.eslint.node_modules.table.dist"/>
		<testcase name="validateStreamConfig.js" classname="- .usr.home.iojs.build.workspace.node-test-linter.tools.node_modules.eslint.node_modules.table.dist"/>
		<testcase name="validateTableData.js" classname="- .usr.home.iojs.build.workspace.node-test-linter.tools.node_modules.eslint.node_modules.table.dist"/>
		<testcase name="wrapString.js" classname="- .usr.home.iojs.build.workspace.node-test-linter.tools.node_modules.eslint.node_modules.table.dist"/>
		<testcase name="wrapWord.js" classname="- .usr.home.iojs.build.workspace.node-test-linter.tools.node_modules.eslint.node_modules.table.dist"/>
		<testcase name="README.md" classname="- .usr.home.iojs.build.workspace.node-test-linter.tools.node_modules.eslint.node_modules.table"/>
		<testcase name="index.js" classname="- .usr.home.iojs.build.workspace.node-test-linter.tools.node_modules.eslint.node_modules.text-table"/>
		<testcase name="index.js" classname="- .usr.home.iojs.build.workspace.node-test-linter.tools.node_modules.eslint.node_modules.through"/>
		<testcase name="index.js" classname="- .usr.home.iojs.build.workspace.node-test-linter.tools.node_modules.eslint.node_modules.trim-trailing-lines"/>
		<testcase name="readme.md" classname="- .usr.home.iojs.build.workspace.node-test-linter.tools.node_modules.eslint.node_modules.trim-trailing-lines"/>
		<testcase name="index.js" classname="- .usr.home.iojs.build.workspace.node-test-linter.tools.node_modules.eslint.node_modules.trim"/>
		<testcase name="Readme.md" classname="- .usr.home.iojs.build.workspace.node-test-linter.tools.node_modules.eslint.node_modules.trim"/>
		<testcase name="index.js" classname="- .usr.home.iojs.build.workspace.node-test-linter.tools.node_modules.eslint.node_modules.trough"/>
		<testcase name="readme.md" classname="- .usr.home.iojs.build.workspace.node-test-linter.tools.node_modules.eslint.node_modules.trough"/>
		<testcase name="wrap.js" classname="- .usr.home.iojs.build.workspace.node-test-linter.tools.node_modules.eslint.node_modules.trough"/>
		<testcase name="README.md" classname="- .usr.home.iojs.build.workspace.node-test-linter.tools.node_modules.eslint.node_modules.tslib"/>
		<testcase name="tslib.es6.js" classname="- .usr.home.iojs.build.workspace.node-test-linter.tools.node_modules.eslint.node_modules.tslib"/>
		<testcase name="tslib.js" classname="- .usr.home.iojs.build.workspace.node-test-linter.tools.node_modules.eslint.node_modules.tslib"/>
		<testcase name="check.js" classname="- .usr.home.iojs.build.workspace.node-test-linter.tools.node_modules.eslint.node_modules.type-check.lib"/>
		<testcase name="index.js" classname="- .usr.home.iojs.build.workspace.node-test-linter.tools.node_modules.eslint.node_modules.type-check.lib"/>
		<testcase name="parse-type.js" classname="- .usr.home.iojs.build.workspace.node-test-linter.tools.node_modules.eslint.node_modules.type-check.lib"/>
		<testcase name="README.md" classname="- .usr.home.iojs.build.workspace.node-test-linter.tools.node_modules.eslint.node_modules.type-check"/>
		<testcase name="index.js" classname="- .usr.home.iojs.build.workspace.node-test-linter.tools.node_modules.eslint.node_modules.unherit"/>
		<testcase name="readme.md" classname="- .usr.home.iojs.build.workspace.node-test-linter.tools.node_modules.eslint.node_modules.unherit"/>
		<testcase name="index.js" classname="- .usr.home.iojs.build.workspace.node-test-linter.tools.node_modules.eslint.node_modules.unified"/>
		<testcase name="readme.md" classname="- .usr.home.iojs.build.workspace.node-test-linter.tools.node_modules.eslint.node_modules.unified"/>
		<testcase name="index.js" classname="- .usr.home.iojs.build.workspace.node-test-linter.tools.node_modules.eslint.node_modules.unist-util-is"/>
		<testcase name="readme.md" classname="- .usr.home.iojs.build.workspace.node-test-linter.tools.node_modules.eslint.node_modules.unist-util-is"/>
		<testcase name="index.js" classname="- .usr.home.iojs.build.workspace.node-test-linter.tools.node_modules.eslint.node_modules.unist-util-remove-position"/>
		<testcase name="readme.md" classname="- .usr.home.iojs.build.workspace.node-test-linter.tools.node_modules.eslint.node_modules.unist-util-remove-position"/>
		<testcase name="index.js" classname="- .usr.home.iojs.build.workspace.node-test-linter.tools.node_modules.eslint.node_modules.unist-util-stringify-position"/>
		<testcase name="readme.md" classname="- .usr.home.iojs.build.workspace.node-test-linter.tools.node_modules.eslint.node_modules.unist-util-stringify-position"/>
		<testcase name="index.js" classname="- .usr.home.iojs.build.workspace.node-test-linter.tools.node_modules.eslint.node_modules.unist-util-visit-parents"/>
		<testcase name="readme.md" classname="- .usr.home.iojs.build.workspace.node-test-linter.tools.node_modules.eslint.node_modules.unist-util-visit-parents"/>
		<testcase name="index.js" classname="- .usr.home.iojs.build.workspace.node-test-linter.tools.node_modules.eslint.node_modules.unist-util-visit"/>
		<testcase name="readme.md" classname="- .usr.home.iojs.build.workspace.node-test-linter.tools.node_modules.eslint.node_modules.unist-util-visit"/>
		<testcase name="uri.all.js" classname="- .usr.home.iojs.build.workspace.node-test-linter.tools.node_modules.eslint.node_modules.uri-js.dist.es5"/>
		<testcase name="uri.all.min.js" classname="- .usr.home.iojs.build.workspace.node-test-linter.tools.node_modules.eslint.node_modules.uri-js.dist.es5"/>
		<testcase name="index.js" classname="- .usr.home.iojs.build.workspace.node-test-linter.tools.node_modules.eslint.node_modules.uri-js.dist.esnext"/>
		<testcase name="regexps-iri.js" classname="- .usr.home.iojs.build.workspace.node-test-linter.tools.node_modules.eslint.node_modules.uri-js.dist.esnext"/>
		<testcase name="regexps-uri.js" classname="- .usr.home.iojs.build.workspace.node-test-linter.tools.node_modules.eslint.node_modules.uri-js.dist.esnext"/>
		<testcase name="http.js" classname="- .usr.home.iojs.build.workspace.node-test-linter.tools.node_modules.eslint.node_modules.uri-js.dist.esnext.schemes"/>
		<testcase name="https.js" classname="- .usr.home.iojs.build.workspace.node-test-linter.tools.node_modules.eslint.node_modules.uri-js.dist.esnext.schemes"/>
		<testcase name="mailto.js" classname="- .usr.home.iojs.build.workspace.node-test-linter.tools.node_modules.eslint.node_modules.uri-js.dist.esnext.schemes"/>
		<testcase name="urn-uuid.js" classname="- .usr.home.iojs.build.workspace.node-test-linter.tools.node_modules.eslint.node_modules.uri-js.dist.esnext.schemes"/>
		<testcase name="urn.js" classname="- .usr.home.iojs.build.workspace.node-test-linter.tools.node_modules.eslint.node_modules.uri-js.dist.esnext.schemes"/>
		<testcase name="uri.js" classname="- .usr.home.iojs.build.workspace.node-test-linter.tools.node_modules.eslint.node_modules.uri-js.dist.esnext"/>
		<testcase name="util.js" classname="- .usr.home.iojs.build.workspace.node-test-linter.tools.node_modules.eslint.node_modules.uri-js.dist.esnext"/>
		<testcase name="README.md" classname="- .usr.home.iojs.build.workspace.node-test-linter.tools.node_modules.eslint.node_modules.uri-js"/>
		<testcase name="rollup.config.js" classname="- .usr.home.iojs.build.workspace.node-test-linter.tools.node_modules.eslint.node_modules.uri-js"/>
		<testcase name="index.js" classname="- .usr.home.iojs.build.workspace.node-test-linter.tools.node_modules.eslint.node_modules.vfile-location"/>
		<testcase name="readme.md" classname="- .usr.home.iojs.build.workspace.node-test-linter.tools.node_modules.eslint.node_modules.vfile-location"/>
		<testcase name="index.js" classname="- .usr.home.iojs.build.workspace.node-test-linter.tools.node_modules.eslint.node_modules.vfile-message"/>
		<testcase name="readme.md" classname="- .usr.home.iojs.build.workspace.node-test-linter.tools.node_modules.eslint.node_modules.vfile-message"/>
		<testcase name="core.js" classname="- .usr.home.iojs.build.workspace.node-test-linter.tools.node_modules.eslint.node_modules.vfile"/>
		<testcase name="index.js" classname="- .usr.home.iojs.build.workspace.node-test-linter.tools.node_modules.eslint.node_modules.vfile"/>
		<testcase name="readme.md" classname="- .usr.home.iojs.build.workspace.node-test-linter.tools.node_modules.eslint.node_modules.vfile"/>
		<testcase name="README.md" classname="- .usr.home.iojs.build.workspace.node-test-linter.tools.node_modules.eslint.node_modules.which"/>
		<testcase name="which.js" classname="- .usr.home.iojs.build.workspace.node-test-linter.tools.node_modules.eslint.node_modules.which"/>
		<testcase name="index.js" classname="- .usr.home.iojs.build.workspace.node-test-linter.tools.node_modules.eslint.node_modules.wordwrap"/>
		<testcase name="README.md" classname="- .usr.home.iojs.build.workspace.node-test-linter.tools.node_modules.eslint.node_modules.wrappy"/>
		<testcase name="wrappy.js" classname="- .usr.home.iojs.build.workspace.node-test-linter.tools.node_modules.eslint.node_modules.wrappy"/>
		<testcase name="index.js" classname="- .usr.home.iojs.build.workspace.node-test-linter.tools.node_modules.eslint.node_modules.write"/>
		<testcase name="README.md" classname="- .usr.home.iojs.build.workspace.node-test-linter.tools.node_modules.eslint.node_modules.write"/>
		<testcase name="index.js" classname="- .usr.home.iojs.build.workspace.node-test-linter.tools.node_modules.eslint.node_modules.x-is-string"/>
		<testcase name="README.md" classname="- .usr.home.iojs.build.workspace.node-test-linter.tools.node_modules.eslint.node_modules.x-is-string"/>
		<testcase name="immutable.js" classname="- .usr.home.iojs.build.workspace.node-test-linter.tools.node_modules.eslint.node_modules.xtend"/>
		<testcase name="mutable.js" classname="- .usr.home.iojs.build.workspace.node-test-linter.tools.node_modules.eslint.node_modules.xtend"/>
		<testcase name="README.md" classname="- .usr.home.iojs.build.workspace.node-test-linter.tools.node_modules.eslint.node_modules.xtend"/>
		<testcase name="README.md" classname="- .usr.home.iojs.build.workspace.node-test-linter.tools.node_modules.eslint"/>
		<testcase name="index.js" classname="- .usr.home.iojs.build.workspace.node-test-linter.tools.node-lint-md-cli-rollup.remark-preset-lint-node"/>
		<testcase name="README.md" classname="- .usr.home.iojs.build.workspace.node-test-linter.tools.node-lint-md-cli-rollup.remark-preset-lint-node"/>
		<testcase name="rollup.config.js" classname="- .usr.home.iojs.build.workspace.node-test-linter.tools.node-lint-md-cli-rollup"/>
		<testcase name="cli-entry.js" classname="- .usr.home.iojs.build.workspace.node-test-linter.tools.node-lint-md-cli-rollup.src"/>
		<testcase name="run-worker.js" classname="- .usr.home.iojs.build.workspace.node-test-linter.tools"/>
		<testcase name="test-npm-package.js" classname="- .usr.home.iojs.build.workspace.node-test-linter.tools"/>
	</testsuite>
</testsuites>
