<?xml version="1.0" encoding="utf-8"?>
<testsuites disabled="0" errors="0" failures="2" tests="7" time="0.010541631081999998">
	<testsuite disabled="0" errors="0" failures="2" name="test/fixtures/test-nested" skipped="0" tests="7" time="0.010541631081999998" hostname="{HOSTNAME}">
		<testcase name="- top level 1" time="0.000341"/>
		<testcase name="- top level 2" time="0.000303"/>
		<testcase name="- nested 1" time="0.002368"/>
		<testcase name="- nested 2" time="0.002332">
			<failure type="failure" message=" (0)">process.emit (node:events:513:28)
&lt;anonymous&gt; (node:events:51:28)
&lt;anonymous&gt; (node:events:512:28)</failure>
		</testcase>
		<testcase name="- nested" time="0.002368">
			<failure type="failure" message=" (0)">process.emit (node:events:513:28)</failure>
			<system-err>['# Subtest: top level 4']</system-err>
		</testcase>
		<testcase name="- top level 4" time="0.000341"/>
		<testcase name="- parent" time="0.002490"/>
	</testsuite>
</testsuites>
